{"/Users/mriu/zombie-browser-game/game/gameConstants.js": {"path":"/Users/mriu/zombie-browser-game/game/gameConstants.js","statementMap":{"0":{"start":{"line":9,"column":25},"end":{"line":22,"column":1}},"1":{"start":{"line":27,"column":26},"end":{"line":34,"column":1}},"2":{"start":{"line":39,"column":29},"end":{"line":55,"column":1}},"3":{"start":{"line":60,"column":25},"end":{"line":73,"column":1}},"4":{"start":{"line":78,"column":27},"end":{"line":92,"column":1}},"5":{"start":{"line":97,"column":26},"end":{"line":106,"column":1}},"6":{"start":{"line":111,"column":30},"end":{"line":125,"column":1}},"7":{"start":{"line":127,"column":0},"end":{"line":135,"column":2}}},"fnMap":{},"branchMap":{},"s":{"0":0,"1":0,"2":0,"3":0,"4":0,"5":0,"6":0,"7":0},"f":{},"b":{}}
,"/Users/mriu/zombie-browser-game/game/gameLoop.js": {"path":"/Users/mriu/zombie-browser-game/game/gameLoop.js","statementMap":{"0":{"start":{"line":9,"column":22},"end":{"line":9,"column":60}},"1":{"start":{"line":10,"column":18},"end":{"line":10,"column":45}},"2":{"start":{"line":11,"column":40},"end":{"line":11,"column":66}},"3":{"start":{"line":13,"column":39},"end":{"line":13,"column":52}},"4":{"start":{"line":16,"column":26},"end":{"line":16,"column":67}},"5":{"start":{"line":17,"column":81},"end":{"line":17,"column":122}},"6":{"start":{"line":18,"column":26},"end":{"line":18,"column":67}},"7":{"start":{"line":19,"column":27},"end":{"line":19,"column":67}},"8":{"start":{"line":20,"column":23},"end":{"line":20,"column":60}},"9":{"start":{"line":21,"column":22},"end":{"line":21,"column":64}},"10":{"start":{"line":24,"column":22},"end":{"line":24,"column":27}},"11":{"start":{"line":25,"column":25},"end":{"line":25,"column":29}},"12":{"start":{"line":28,"column":19},"end":{"line":28,"column":20}},"13":{"start":{"line":29,"column":26},"end":{"line":29,"column":35}},"14":{"start":{"line":65,"column":2},"end":{"line":70,"column":3}},"15":{"start":{"line":66,"column":4},"end":{"line":68,"column":5}},"16":{"start":{"line":67,"column":6},"end":{"line":67,"column":92}},"17":{"start":{"line":69,"column":4},"end":{"line":69,"column":17}},"18":{"start":{"line":72,"column":2},"end":{"line":77,"column":3}},"19":{"start":{"line":73,"column":4},"end":{"line":75,"column":5}},"20":{"start":{"line":74,"column":6},"end":{"line":74,"column":94}},"21":{"start":{"line":76,"column":4},"end":{"line":76,"column":22}},"22":{"start":{"line":79,"column":2},"end":{"line":81,"column":3}},"23":{"start":{"line":80,"column":4},"end":{"line":80,"column":17}},"24":{"start":{"line":83,"column":2},"end":{"line":83,"column":20}},"25":{"start":{"line":84,"column":18},"end":{"line":84,"column":77}},"26":{"start":{"line":86,"column":2},"end":{"line":151,"column":3}},"27":{"start":{"line":87,"column":4},"end":{"line":87,"column":25}},"28":{"start":{"line":89,"column":4},"end":{"line":150,"column":5}},"29":{"start":{"line":90,"column":6},"end":{"line":90,"column":35}},"30":{"start":{"line":91,"column":6},"end":{"line":91,"column":65}},"31":{"start":{"line":92,"column":6},"end":{"line":92,"column":114}},"32":{"start":{"line":93,"column":6},"end":{"line":93,"column":40}},"33":{"start":{"line":95,"column":27},"end":{"line":102,"column":7}},"34":{"start":{"line":105,"column":6},"end":{"line":149,"column":11}},"35":{"start":{"line":107,"column":10},"end":{"line":117,"column":11}},"36":{"start":{"line":108,"column":12},"end":{"line":114,"column":15}},"37":{"start":{"line":116,"column":12},"end":{"line":116,"column":77}},"38":{"start":{"line":120,"column":10},"end":{"line":122,"column":11}},"39":{"start":{"line":121,"column":12},"end":{"line":121,"column":44}},"40":{"start":{"line":125,"column":10},"end":{"line":148,"column":11}},"41":{"start":{"line":126,"column":12},"end":{"line":136,"column":15}},"42":{"start":{"line":138,"column":12},"end":{"line":143,"column":13}},"43":{"start":{"line":139,"column":14},"end":{"line":142,"column":17}},"44":{"start":{"line":144,"column":17},"end":{"line":148,"column":11}},"45":{"start":{"line":145,"column":12},"end":{"line":147,"column":15}},"46":{"start":{"line":153,"column":2},"end":{"line":153,"column":17}},"47":{"start":{"line":198,"column":2},"end":{"line":198,"column":34}},"48":{"start":{"line":199,"column":14},"end":{"line":199,"column":24}},"49":{"start":{"line":202,"column":2},"end":{"line":204,"column":3}},"50":{"start":{"line":203,"column":4},"end":{"line":203,"column":23}},"51":{"start":{"line":205,"column":26},"end":{"line":205,"column":44}},"52":{"start":{"line":207,"column":20},"end":{"line":207,"column":68}},"53":{"start":{"line":209,"column":26},"end":{"line":209,"column":55}},"54":{"start":{"line":210,"column":2},"end":{"line":210,"column":21}},"55":{"start":{"line":213,"column":2},"end":{"line":245,"column":3}},"56":{"start":{"line":214,"column":4},"end":{"line":216,"column":5}},"57":{"start":{"line":215,"column":6},"end":{"line":215,"column":31}},"58":{"start":{"line":218,"column":26},"end":{"line":218,"column":50}},"59":{"start":{"line":220,"column":4},"end":{"line":244,"column":5}},"60":{"start":{"line":221,"column":6},"end":{"line":229,"column":9}},"61":{"start":{"line":232,"column":6},"end":{"line":232,"column":30}},"62":{"start":{"line":233,"column":6},"end":{"line":233,"column":32}},"63":{"start":{"line":236,"column":6},"end":{"line":238,"column":7}},"64":{"start":{"line":237,"column":8},"end":{"line":237,"column":65}},"65":{"start":{"line":240,"column":6},"end":{"line":242,"column":9}},"66":{"start":{"line":243,"column":6},"end":{"line":243,"column":13}},"67":{"start":{"line":248,"column":2},"end":{"line":248,"column":28}},"68":{"start":{"line":251,"column":2},"end":{"line":268,"column":3}},"69":{"start":{"line":252,"column":4},"end":{"line":255,"column":5}},"70":{"start":{"line":253,"column":6},"end":{"line":253,"column":93}},"71":{"start":{"line":254,"column":6},"end":{"line":254,"column":81}},"72":{"start":{"line":257,"column":4},"end":{"line":267,"column":5}},"73":{"start":{"line":258,"column":6},"end":{"line":258,"column":76}},"74":{"start":{"line":259,"column":6},"end":{"line":259,"column":43}},"75":{"start":{"line":260,"column":6},"end":{"line":260,"column":62}},"76":{"start":{"line":262,"column":6},"end":{"line":265,"column":9}},"77":{"start":{"line":266,"column":6},"end":{"line":266,"column":16}},"78":{"start":{"line":270,"column":2},"end":{"line":270,"column":25}},"79":{"start":{"line":271,"column":21},"end":{"line":271,"column":31}},"80":{"start":{"line":273,"column":2},"end":{"line":335,"column":3}},"81":{"start":{"line":274,"column":16},"end":{"line":274,"column":26}},"82":{"start":{"line":276,"column":4},"end":{"line":276,"column":49}},"83":{"start":{"line":277,"column":4},"end":{"line":277,"column":37}},"84":{"start":{"line":279,"column":4},"end":{"line":279,"column":47}},"85":{"start":{"line":287,"column":4},"end":{"line":287,"column":103}},"86":{"start":{"line":288,"column":4},"end":{"line":288,"column":103}},"87":{"start":{"line":291,"column":4},"end":{"line":291,"column":39}},"88":{"start":{"line":294,"column":4},"end":{"line":294,"column":40}},"89":{"start":{"line":295,"column":4},"end":{"line":295,"column":72}},"90":{"start":{"line":296,"column":4},"end":{"line":296,"column":76}},"91":{"start":{"line":297,"column":4},"end":{"line":297,"column":46}},"92":{"start":{"line":298,"column":4},"end":{"line":298,"column":103}},"93":{"start":{"line":299,"column":4},"end":{"line":299,"column":48}},"94":{"start":{"line":301,"column":4},"end":{"line":301,"column":46}},"95":{"start":{"line":304,"column":4},"end":{"line":304,"column":48}},"96":{"start":{"line":306,"column":4},"end":{"line":306,"column":50}},"97":{"start":{"line":307,"column":4},"end":{"line":307,"column":50}},"98":{"start":{"line":308,"column":4},"end":{"line":311,"column":5}},"99":{"start":{"line":309,"column":6},"end":{"line":309,"column":45}},"100":{"start":{"line":310,"column":6},"end":{"line":310,"column":49}},"101":{"start":{"line":314,"column":4},"end":{"line":318,"column":7}},"102":{"start":{"line":320,"column":4},"end":{"line":322,"column":5}},"103":{"start":{"line":321,"column":6},"end":{"line":321,"column":61}},"104":{"start":{"line":324,"column":22},"end":{"line":324,"column":45}},"105":{"start":{"line":325,"column":4},"end":{"line":325,"column":48}},"106":{"start":{"line":326,"column":4},"end":{"line":326,"column":28}},"107":{"start":{"line":329,"column":4},"end":{"line":334,"column":5}},"108":{"start":{"line":330,"column":6},"end":{"line":333,"column":9}},"109":{"start":{"line":342,"column":2},"end":{"line":342,"column":44}},"110":{"start":{"line":343,"column":2},"end":{"line":343,"column":44}},"111":{"start":{"line":344,"column":2},"end":{"line":344,"column":45}},"112":{"start":{"line":345,"column":2},"end":{"line":345,"column":44}},"113":{"start":{"line":346,"column":2},"end":{"line":346,"column":41}},"114":{"start":{"line":355,"column":2},"end":{"line":365,"column":3}},"115":{"start":{"line":356,"column":19},"end":{"line":356,"column":46}},"116":{"start":{"line":357,"column":4},"end":{"line":359,"column":5}},"117":{"start":{"line":358,"column":6},"end":{"line":358,"column":15}},"118":{"start":{"line":361,"column":4},"end":{"line":361,"column":50}},"119":{"start":{"line":362,"column":4},"end":{"line":362,"column":59}},"120":{"start":{"line":363,"column":4},"end":{"line":363,"column":89}},"121":{"start":{"line":364,"column":4},"end":{"line":364,"column":106}},"122":{"start":{"line":372,"column":2},"end":{"line":374,"column":3}},"123":{"start":{"line":373,"column":4},"end":{"line":373,"column":35}},"124":{"start":{"line":376,"column":2},"end":{"line":378,"column":3}},"125":{"start":{"line":377,"column":4},"end":{"line":377,"column":29}},"126":{"start":{"line":380,"column":2},"end":{"line":383,"column":3}},"127":{"start":{"line":381,"column":4},"end":{"line":381,"column":29}},"128":{"start":{"line":382,"column":4},"end":{"line":382,"column":30}},"129":{"start":{"line":385,"column":2},"end":{"line":387,"column":3}},"130":{"start":{"line":386,"column":4},"end":{"line":386,"column":29}},"131":{"start":{"line":390,"column":2},"end":{"line":410,"column":3}},"132":{"start":{"line":392,"column":4},"end":{"line":409,"column":5}},"133":{"start":{"line":393,"column":6},"end":{"line":393,"column":30}},"134":{"start":{"line":394,"column":11},"end":{"line":409,"column":5}},"135":{"start":{"line":396,"column":23},"end":{"line":396,"column":35}},"136":{"start":{"line":397,"column":6},"end":{"line":397,"column":23}},"137":{"start":{"line":398,"column":6},"end":{"line":398,"column":28}},"138":{"start":{"line":401,"column":6},"end":{"line":403,"column":7}},"139":{"start":{"line":402,"column":8},"end":{"line":402,"column":39}},"140":{"start":{"line":405,"column":6},"end":{"line":408,"column":9}},"141":{"start":{"line":417,"column":2},"end":{"line":433,"column":3}},"142":{"start":{"line":418,"column":4},"end":{"line":420,"column":5}},"143":{"start":{"line":419,"column":6},"end":{"line":419,"column":33}},"144":{"start":{"line":422,"column":31},"end":{"line":422,"column":57}},"145":{"start":{"line":423,"column":4},"end":{"line":432,"column":5}},"146":{"start":{"line":425,"column":26},"end":{"line":425,"column":104}},"147":{"start":{"line":427,"column":27},"end":{"line":427,"column":51}},"148":{"start":{"line":428,"column":25},"end":{"line":428,"column":59}},"149":{"start":{"line":430,"column":6},"end":{"line":430,"column":77}},"150":{"start":{"line":431,"column":6},"end":{"line":431,"column":33}},"151":{"start":{"line":440,"column":2},"end":{"line":450,"column":3}},"152":{"start":{"line":441,"column":29},"end":{"line":441,"column":94}},"153":{"start":{"line":443,"column":4},"end":{"line":449,"column":5}},"154":{"start":{"line":444,"column":28},"end":{"line":444,"column":120}},"155":{"start":{"line":446,"column":6},"end":{"line":448,"column":7}},"156":{"start":{"line":447,"column":8},"end":{"line":447,"column":76}},"157":{"start":{"line":457,"column":16},"end":{"line":457,"column":82}},"158":{"start":{"line":458,"column":21},"end":{"line":458,"column":47}},"159":{"start":{"line":459,"column":17},"end":{"line":459,"column":60}},"160":{"start":{"line":461,"column":2},"end":{"line":474,"column":5}},"161":{"start":{"line":476,"column":2},"end":{"line":476,"column":28}},"162":{"start":{"line":477,"column":2},"end":{"line":477,"column":67}},"163":{"start":{"line":485,"column":2},"end":{"line":487,"column":3}},"164":{"start":{"line":486,"column":4},"end":{"line":486,"column":11}},"165":{"start":{"line":489,"column":2},"end":{"line":491,"column":3}},"166":{"start":{"line":490,"column":4},"end":{"line":490,"column":29}},"167":{"start":{"line":493,"column":22},"end":{"line":493,"column":53}},"168":{"start":{"line":494,"column":24},"end":{"line":494,"column":79}},"169":{"start":{"line":496,"column":2},"end":{"line":498,"column":3}},"170":{"start":{"line":497,"column":4},"end":{"line":497,"column":107}},"171":{"start":{"line":506,"column":25},"end":{"line":506,"column":105}},"172":{"start":{"line":507,"column":18},"end":{"line":507,"column":70}},"173":{"start":{"line":509,"column":2},"end":{"line":517,"column":3}},"174":{"start":{"line":510,"column":19},"end":{"line":510,"column":70}},"175":{"start":{"line":512,"column":4},"end":{"line":514,"column":5}},"176":{"start":{"line":513,"column":6},"end":{"line":513,"column":110}},"177":{"start":{"line":516,"column":4},"end":{"line":516,"column":31}},"178":{"start":{"line":527,"column":2},"end":{"line":529,"column":3}},"179":{"start":{"line":528,"column":4},"end":{"line":528,"column":11}},"180":{"start":{"line":531,"column":2},"end":{"line":533,"column":3}},"181":{"start":{"line":532,"column":4},"end":{"line":532,"column":11}},"182":{"start":{"line":536,"column":2},"end":{"line":538,"column":3}},"183":{"start":{"line":537,"column":4},"end":{"line":537,"column":11}},"184":{"start":{"line":541,"column":2},"end":{"line":543,"column":3}},"185":{"start":{"line":542,"column":4},"end":{"line":542,"column":11}},"186":{"start":{"line":546,"column":2},"end":{"line":546,"column":26}},"187":{"start":{"line":549,"column":2},"end":{"line":558,"column":3}},"188":{"start":{"line":550,"column":23},"end":{"line":550,"column":48}},"189":{"start":{"line":552,"column":4},"end":{"line":557,"column":5}},"190":{"start":{"line":553,"column":6},"end":{"line":556,"column":8}},"191":{"start":{"line":560,"column":2},"end":{"line":560,"column":65}},"192":{"start":{"line":562,"column":2},"end":{"line":564,"column":3}},"193":{"start":{"line":563,"column":4},"end":{"line":563,"column":86}},"194":{"start":{"line":571,"column":16},"end":{"line":571,"column":17}},"195":{"start":{"line":572,"column":2},"end":{"line":577,"column":3}},"196":{"start":{"line":572,"column":15},"end":{"line":572,"column":16}},"197":{"start":{"line":573,"column":18},"end":{"line":573,"column":27}},"198":{"start":{"line":574,"column":17},"end":{"line":574,"column":57}},"199":{"start":{"line":575,"column":17},"end":{"line":575,"column":57}},"200":{"start":{"line":576,"column":4},"end":{"line":576,"column":69}},"201":{"start":{"line":579,"column":2},"end":{"line":579,"column":75}},"202":{"start":{"line":588,"column":2},"end":{"line":588,"column":71}},"203":{"start":{"line":590,"column":2},"end":{"line":595,"column":3}},"204":{"start":{"line":591,"column":4},"end":{"line":591,"column":43}},"205":{"start":{"line":592,"column":4},"end":{"line":592,"column":28}},"206":{"start":{"line":593,"column":4},"end":{"line":593,"column":43}},"207":{"start":{"line":594,"column":4},"end":{"line":594,"column":59}},"208":{"start":{"line":597,"column":2},"end":{"line":597,"column":76}},"209":{"start":{"line":598,"column":2},"end":{"line":598,"column":38}},"210":{"start":{"line":599,"column":2},"end":{"line":599,"column":36}},"211":{"start":{"line":602,"column":2},"end":{"line":605,"column":3}},"212":{"start":{"line":603,"column":30},"end":{"line":603,"column":67}},"213":{"start":{"line":604,"column":4},"end":{"line":604,"column":48}},"214":{"start":{"line":614,"column":20},"end":{"line":614,"column":39}},"215":{"start":{"line":615,"column":22},"end":{"line":615,"column":44}},"216":{"start":{"line":617,"column":2},"end":{"line":627,"column":3}},"217":{"start":{"line":617,"column":15},"end":{"line":617,"column":16}},"218":{"start":{"line":618,"column":21},"end":{"line":618,"column":46}},"219":{"start":{"line":619,"column":4},"end":{"line":621,"column":5}},"220":{"start":{"line":620,"column":6},"end":{"line":620,"column":15}},"221":{"start":{"line":624,"column":4},"end":{"line":624,"column":48}},"222":{"start":{"line":625,"column":4},"end":{"line":625,"column":48}},"223":{"start":{"line":626,"column":4},"end":{"line":626,"column":41}},"224":{"start":{"line":638,"column":2},"end":{"line":640,"column":3}},"225":{"start":{"line":639,"column":4},"end":{"line":639,"column":41}},"226":{"start":{"line":642,"column":2},"end":{"line":644,"column":3}},"227":{"start":{"line":643,"column":4},"end":{"line":643,"column":11}},"228":{"start":{"line":645,"column":2},"end":{"line":645,"column":39}},"229":{"start":{"line":647,"column":26},"end":{"line":647,"column":65}},"230":{"start":{"line":648,"column":31},"end":{"line":648,"column":81}},"231":{"start":{"line":650,"column":2},"end":{"line":679,"column":3}},"232":{"start":{"line":651,"column":19},"end":{"line":651,"column":46}},"233":{"start":{"line":654,"column":4},"end":{"line":660,"column":5}},"234":{"start":{"line":655,"column":6},"end":{"line":659,"column":7}},"235":{"start":{"line":656,"column":8},"end":{"line":658,"column":9}},"236":{"start":{"line":657,"column":10},"end":{"line":657,"column":49}},"237":{"start":{"line":663,"column":4},"end":{"line":669,"column":5}},"238":{"start":{"line":664,"column":6},"end":{"line":668,"column":7}},"239":{"start":{"line":665,"column":8},"end":{"line":667,"column":9}},"240":{"start":{"line":666,"column":10},"end":{"line":666,"column":50}},"241":{"start":{"line":672,"column":4},"end":{"line":678,"column":5}},"242":{"start":{"line":673,"column":6},"end":{"line":677,"column":7}},"243":{"start":{"line":674,"column":8},"end":{"line":676,"column":9}},"244":{"start":{"line":675,"column":10},"end":{"line":675,"column":57}},"245":{"start":{"line":687,"column":2},"end":{"line":689,"column":3}},"246":{"start":{"line":688,"column":4},"end":{"line":688,"column":11}},"247":{"start":{"line":691,"column":14},"end":{"line":691,"column":24}},"248":{"start":{"line":692,"column":24},"end":{"line":692,"column":29}},"249":{"start":{"line":693,"column":21},"end":{"line":693,"column":22}},"250":{"start":{"line":695,"column":2},"end":{"line":748,"column":3}},"251":{"start":{"line":695,"column":15},"end":{"line":695,"column":52}},"252":{"start":{"line":696,"column":18},"end":{"line":696,"column":47}},"253":{"start":{"line":699,"column":4},"end":{"line":701,"column":5}},"254":{"start":{"line":700,"column":6},"end":{"line":700,"column":15}},"255":{"start":{"line":704,"column":4},"end":{"line":714,"column":5}},"256":{"start":{"line":705,"column":6},"end":{"line":711,"column":7}},"257":{"start":{"line":706,"column":8},"end":{"line":710,"column":11}},"258":{"start":{"line":712,"column":6},"end":{"line":712,"column":46}},"259":{"start":{"line":713,"column":6},"end":{"line":713,"column":15}},"260":{"start":{"line":717,"column":4},"end":{"line":747,"column":5}},"261":{"start":{"line":718,"column":6},"end":{"line":726,"column":7}},"262":{"start":{"line":719,"column":8},"end":{"line":723,"column":9}},"263":{"start":{"line":720,"column":10},"end":{"line":722,"column":13}},"264":{"start":{"line":724,"column":8},"end":{"line":724,"column":48}},"265":{"start":{"line":725,"column":8},"end":{"line":725,"column":17}},"266":{"start":{"line":727,"column":6},"end":{"line":727,"column":25}},"267":{"start":{"line":728,"column":6},"end":{"line":728,"column":28}},"268":{"start":{"line":730,"column":6},"end":{"line":746,"column":11}},"269":{"start":{"line":733,"column":22},"end":{"line":733,"column":63}},"270":{"start":{"line":734,"column":10},"end":{"line":736,"column":11}},"271":{"start":{"line":735,"column":12},"end":{"line":735,"column":54}},"272":{"start":{"line":737,"column":10},"end":{"line":742,"column":11}},"273":{"start":{"line":738,"column":12},"end":{"line":741,"column":15}},"274":{"start":{"line":751,"column":0},"end":{"line":754,"column":2}}},"fnMap":{"0":{"name":"handlePlayerDeathProgression","decl":{"start":{"line":63,"column":9},"end":{"line":63,"column":37}},"loc":{"start":{"line":63,"column":96},"end":{"line":154,"column":1}},"line":63},"1":{"name":"(anonymous_1)","decl":{"start":{"line":106,"column":15},"end":{"line":106,"column":16}},"loc":{"start":{"line":106,"column":22},"end":{"line":149,"column":9}},"line":106},"2":{"name":"gameLoop","decl":{"start":{"line":197,"column":9},"end":{"line":197,"column":17}},"loc":{"start":{"line":197,"column":124},"end":{"line":336,"column":1}},"line":197},"3":{"name":"updateMetrics","decl":{"start":{"line":341,"column":9},"end":{"line":341,"column":22}},"loc":{"start":{"line":341,"column":52},"end":{"line":347,"column":1}},"line":341},"4":{"name":"updatePlayers","decl":{"start":{"line":354,"column":9},"end":{"line":354,"column":22}},"loc":{"start":{"line":354,"column":119},"end":{"line":366,"column":1}},"line":354},"5":{"name":"updatePlayerTimers","decl":{"start":{"line":371,"column":9},"end":{"line":371,"column":27}},"loc":{"start":{"line":371,"column":55},"end":{"line":411,"column":1}},"line":371},"6":{"name":"updatePlayerRegeneration","decl":{"start":{"line":416,"column":9},"end":{"line":416,"column":33}},"loc":{"start":{"line":416,"column":69},"end":{"line":434,"column":1}},"line":416},"7":{"name":"updateAutoTurrets","decl":{"start":{"line":439,"column":9},"end":{"line":439,"column":26}},"loc":{"start":{"line":439,"column":95},"end":{"line":451,"column":1}},"line":439},"8":{"name":"fireAutoTurret","decl":{"start":{"line":456,"column":9},"end":{"line":456,"column":23}},"loc":{"start":{"line":456,"column":77},"end":{"line":478,"column":1}},"line":456},"9":{"name":"updateTeslaCoil","decl":{"start":{"line":484,"column":9},"end":{"line":484,"column":24}},"loc":{"start":{"line":484,"column":125},"end":{"line":499,"column":1}},"line":484},"10":{"name":"fireTeslaCoil","decl":{"start":{"line":505,"column":9},"end":{"line":505,"column":22}},"loc":{"start":{"line":505,"column":126},"end":{"line":518,"column":1}},"line":505},"11":{"name":"applyTeslaDamage","decl":{"start":{"line":525,"column":9},"end":{"line":525,"column":25}},"loc":{"start":{"line":525,"column":127},"end":{"line":565,"column":1}},"line":525},"12":{"name":"createTeslaVisuals","decl":{"start":{"line":570,"column":9},"end":{"line":570,"column":27}},"loc":{"start":{"line":570,"column":72},"end":{"line":580,"column":1}},"line":570},"13":{"name":"handleTeslaKill","decl":{"start":{"line":587,"column":9},"end":{"line":587,"column":24}},"loc":{"start":{"line":587,"column":105},"end":{"line":606,"column":1}},"line":587},"14":{"name":"updateParticles","decl":{"start":{"line":613,"column":9},"end":{"line":613,"column":24}},"loc":{"start":{"line":613,"column":57},"end":{"line":628,"column":1}},"line":613},"15":{"name":"cleanupOrphanedTrackingData","decl":{"start":{"line":636,"column":9},"end":{"line":636,"column":36}},"loc":{"start":{"line":636,"column":53},"end":{"line":680,"column":1}},"line":636},"16":{"name":"processFailedDeathQueue","decl":{"start":{"line":686,"column":9},"end":{"line":686,"column":32}},"loc":{"start":{"line":686,"column":52},"end":{"line":749,"column":1}},"line":686},"17":{"name":"(anonymous_17)","decl":{"start":{"line":731,"column":14},"end":{"line":731,"column":15}},"loc":{"start":{"line":731,"column":20},"end":{"line":743,"column":9}},"line":731},"18":{"name":"(anonymous_18)","decl":{"start":{"line":744,"column":15},"end":{"line":744,"column":16}},"loc":{"start":{"line":744,"column":21},"end":{"line":746,"column":9}},"line":744}},"branchMap":{"0":{"loc":{"start":{"line":63,"column":72},"end":{"line":63,"column":86}},"type":"default-arg","locations":[{"start":{"line":63,"column":81},"end":{"line":63,"column":86}}],"line":63},"1":{"loc":{"start":{"line":65,"column":2},"end":{"line":70,"column":3}},"type":"if","locations":[{"start":{"line":65,"column":2},"end":{"line":70,"column":3}},{"start":{},"end":{}}],"line":65},"2":{"loc":{"start":{"line":65,"column":6},"end":{"line":65,"column":43}},"type":"binary-expr","locations":[{"start":{"line":65,"column":6},"end":{"line":65,"column":13}},{"start":{"line":65,"column":17},"end":{"line":65,"column":43}}],"line":65},"3":{"loc":{"start":{"line":66,"column":4},"end":{"line":68,"column":5}},"type":"if","locations":[{"start":{"line":66,"column":4},"end":{"line":68,"column":5}},{"start":{},"end":{}}],"line":66},"4":{"loc":{"start":{"line":72,"column":2},"end":{"line":77,"column":3}},"type":"if","locations":[{"start":{"line":72,"column":2},"end":{"line":77,"column":3}},{"start":{},"end":{}}],"line":72},"5":{"loc":{"start":{"line":73,"column":4},"end":{"line":75,"column":5}},"type":"if","locations":[{"start":{"line":73,"column":4},"end":{"line":75,"column":5}},{"start":{},"end":{}}],"line":73},"6":{"loc":{"start":{"line":79,"column":2},"end":{"line":81,"column":3}},"type":"if","locations":[{"start":{"line":79,"column":2},"end":{"line":81,"column":3}},{"start":{},"end":{}}],"line":79},"7":{"loc":{"start":{"line":86,"column":2},"end":{"line":151,"column":3}},"type":"if","locations":[{"start":{"line":86,"column":2},"end":{"line":151,"column":3}},{"start":{},"end":{}}],"line":86},"8":{"loc":{"start":{"line":89,"column":4},"end":{"line":150,"column":5}},"type":"if","locations":[{"start":{"line":89,"column":4},"end":{"line":150,"column":5}},{"start":{},"end":{}}],"line":89},"9":{"loc":{"start":{"line":89,"column":8},"end":{"line":89,"column":60}},"type":"binary-expr","locations":[{"start":{"line":89,"column":8},"end":{"line":89,"column":40}},{"start":{"line":89,"column":44},"end":{"line":89,"column":60}}],"line":89},"10":{"loc":{"start":{"line":91,"column":24},"end":{"line":91,"column":64}},"type":"binary-expr","locations":[{"start":{"line":91,"column":24},"end":{"line":91,"column":43}},{"start":{"line":91,"column":47},"end":{"line":91,"column":59}},{"start":{"line":91,"column":63},"end":{"line":91,"column":64}}],"line":91},"11":{"loc":{"start":{"line":93,"column":25},"end":{"line":93,"column":39}},"type":"cond-expr","locations":[{"start":{"line":93,"column":34},"end":{"line":93,"column":35}},{"start":{"line":93,"column":38},"end":{"line":93,"column":39}}],"line":93},"12":{"loc":{"start":{"line":96,"column":14},"end":{"line":96,"column":33}},"type":"binary-expr","locations":[{"start":{"line":96,"column":14},"end":{"line":96,"column":28}},{"start":{"line":96,"column":32},"end":{"line":96,"column":33}}],"line":96},"13":{"loc":{"start":{"line":97,"column":15},"end":{"line":97,"column":32}},"type":"binary-expr","locations":[{"start":{"line":97,"column":15},"end":{"line":97,"column":27}},{"start":{"line":97,"column":31},"end":{"line":97,"column":32}}],"line":97},"14":{"loc":{"start":{"line":98,"column":15},"end":{"line":98,"column":56}},"type":"binary-expr","locations":[{"start":{"line":98,"column":15},"end":{"line":98,"column":35}},{"start":{"line":98,"column":39},"end":{"line":98,"column":51}},{"start":{"line":98,"column":55},"end":{"line":98,"column":56}}],"line":98},"15":{"loc":{"start":{"line":99,"column":29},"end":{"line":99,"column":94}},"type":"cond-expr","locations":[{"start":{"line":99,"column":71},"end":{"line":99,"column":90}},{"start":{"line":99,"column":93},"end":{"line":99,"column":94}}],"line":99},"16":{"loc":{"start":{"line":107,"column":10},"end":{"line":117,"column":11}},"type":"if","locations":[{"start":{"line":107,"column":10},"end":{"line":117,"column":11}},{"start":{"line":115,"column":17},"end":{"line":117,"column":11}}],"line":107},"17":{"loc":{"start":{"line":111,"column":24},"end":{"line":111,"column":45}},"type":"binary-expr","locations":[{"start":{"line":111,"column":24},"end":{"line":111,"column":33}},{"start":{"line":111,"column":37},"end":{"line":111,"column":45}}],"line":111},"18":{"loc":{"start":{"line":120,"column":10},"end":{"line":122,"column":11}},"type":"if","locations":[{"start":{"line":120,"column":10},"end":{"line":122,"column":11}},{"start":{},"end":{}}],"line":120},"19":{"loc":{"start":{"line":125,"column":10},"end":{"line":148,"column":11}},"type":"if","locations":[{"start":{"line":125,"column":10},"end":{"line":148,"column":11}},{"start":{"line":144,"column":17},"end":{"line":148,"column":11}}],"line":125},"20":{"loc":{"start":{"line":138,"column":12},"end":{"line":143,"column":13}},"type":"if","locations":[{"start":{"line":138,"column":12},"end":{"line":143,"column":13}},{"start":{},"end":{}}],"line":138},"21":{"loc":{"start":{"line":141,"column":26},"end":{"line":141,"column":47}},"type":"binary-expr","locations":[{"start":{"line":141,"column":26},"end":{"line":141,"column":35}},{"start":{"line":141,"column":39},"end":{"line":141,"column":47}}],"line":141},"22":{"loc":{"start":{"line":144,"column":17},"end":{"line":148,"column":11}},"type":"if","locations":[{"start":{"line":144,"column":17},"end":{"line":148,"column":11}},{"start":{},"end":{}}],"line":144},"23":{"loc":{"start":{"line":146,"column":24},"end":{"line":146,"column":45}},"type":"binary-expr","locations":[{"start":{"line":146,"column":24},"end":{"line":146,"column":33}},{"start":{"line":146,"column":37},"end":{"line":146,"column":45}}],"line":146},"24":{"loc":{"start":{"line":202,"column":2},"end":{"line":204,"column":3}},"type":"if","locations":[{"start":{"line":202,"column":2},"end":{"line":204,"column":3}},{"start":{},"end":{}}],"line":202},"25":{"loc":{"start":{"line":213,"column":2},"end":{"line":245,"column":3}},"type":"if","locations":[{"start":{"line":213,"column":2},"end":{"line":245,"column":3}},{"start":{},"end":{}}],"line":213},"26":{"loc":{"start":{"line":214,"column":4},"end":{"line":216,"column":5}},"type":"if","locations":[{"start":{"line":214,"column":4},"end":{"line":216,"column":5}},{"start":{},"end":{}}],"line":214},"27":{"loc":{"start":{"line":220,"column":4},"end":{"line":244,"column":5}},"type":"if","locations":[{"start":{"line":220,"column":4},"end":{"line":244,"column":5}},{"start":{"line":239,"column":11},"end":{"line":244,"column":5}}],"line":220},"28":{"loc":{"start":{"line":236,"column":6},"end":{"line":238,"column":7}},"type":"if","locations":[{"start":{"line":236,"column":6},"end":{"line":238,"column":7}},{"start":{},"end":{}}],"line":236},"29":{"loc":{"start":{"line":251,"column":2},"end":{"line":268,"column":3}},"type":"if","locations":[{"start":{"line":251,"column":2},"end":{"line":268,"column":3}},{"start":{},"end":{}}],"line":251},"30":{"loc":{"start":{"line":252,"column":4},"end":{"line":255,"column":5}},"type":"if","locations":[{"start":{"line":252,"column":4},"end":{"line":255,"column":5}},{"start":{},"end":{}}],"line":252},"31":{"loc":{"start":{"line":308,"column":4},"end":{"line":311,"column":5}},"type":"if","locations":[{"start":{"line":308,"column":4},"end":{"line":311,"column":5}},{"start":{},"end":{}}],"line":308},"32":{"loc":{"start":{"line":308,"column":8},"end":{"line":308,"column":90}},"type":"binary-expr","locations":[{"start":{"line":308,"column":8},"end":{"line":308,"column":41}},{"start":{"line":308,"column":45},"end":{"line":308,"column":90}}],"line":308},"33":{"loc":{"start":{"line":320,"column":4},"end":{"line":322,"column":5}},"type":"if","locations":[{"start":{"line":320,"column":4},"end":{"line":322,"column":5}},{"start":{},"end":{}}],"line":320},"34":{"loc":{"start":{"line":329,"column":4},"end":{"line":334,"column":5}},"type":"if","locations":[{"start":{"line":329,"column":4},"end":{"line":334,"column":5}},{"start":{},"end":{}}],"line":329},"35":{"loc":{"start":{"line":354,"column":76},"end":{"line":354,"column":95}},"type":"default-arg","locations":[{"start":{"line":354,"column":94},"end":{"line":354,"column":95}}],"line":354},"36":{"loc":{"start":{"line":354,"column":97},"end":{"line":354,"column":117}},"type":"default-arg","locations":[{"start":{"line":354,"column":113},"end":{"line":354,"column":117}}],"line":354},"37":{"loc":{"start":{"line":357,"column":4},"end":{"line":359,"column":5}},"type":"if","locations":[{"start":{"line":357,"column":4},"end":{"line":359,"column":5}},{"start":{},"end":{}}],"line":357},"38":{"loc":{"start":{"line":372,"column":2},"end":{"line":374,"column":3}},"type":"if","locations":[{"start":{"line":372,"column":2},"end":{"line":374,"column":3}},{"start":{},"end":{}}],"line":372},"39":{"loc":{"start":{"line":372,"column":6},"end":{"line":372,"column":67}},"type":"binary-expr","locations":[{"start":{"line":372,"column":6},"end":{"line":372,"column":28}},{"start":{"line":372,"column":32},"end":{"line":372,"column":67}}],"line":372},"40":{"loc":{"start":{"line":376,"column":2},"end":{"line":378,"column":3}},"type":"if","locations":[{"start":{"line":376,"column":2},"end":{"line":378,"column":3}},{"start":{},"end":{}}],"line":376},"41":{"loc":{"start":{"line":376,"column":6},"end":{"line":376,"column":55}},"type":"binary-expr","locations":[{"start":{"line":376,"column":6},"end":{"line":376,"column":22}},{"start":{"line":376,"column":26},"end":{"line":376,"column":55}}],"line":376},"42":{"loc":{"start":{"line":380,"column":2},"end":{"line":383,"column":3}},"type":"if","locations":[{"start":{"line":380,"column":2},"end":{"line":383,"column":3}},{"start":{},"end":{}}],"line":380},"43":{"loc":{"start":{"line":380,"column":6},"end":{"line":380,"column":52}},"type":"binary-expr","locations":[{"start":{"line":380,"column":6},"end":{"line":380,"column":24}},{"start":{"line":380,"column":28},"end":{"line":380,"column":52}}],"line":380},"44":{"loc":{"start":{"line":385,"column":2},"end":{"line":387,"column":3}},"type":"if","locations":[{"start":{"line":385,"column":2},"end":{"line":387,"column":3}},{"start":{},"end":{}}],"line":385},"45":{"loc":{"start":{"line":385,"column":6},"end":{"line":385,"column":50}},"type":"binary-expr","locations":[{"start":{"line":385,"column":6},"end":{"line":385,"column":23}},{"start":{"line":385,"column":27},"end":{"line":385,"column":50}}],"line":385},"46":{"loc":{"start":{"line":390,"column":2},"end":{"line":410,"column":3}},"type":"if","locations":[{"start":{"line":390,"column":2},"end":{"line":410,"column":3}},{"start":{},"end":{}}],"line":390},"47":{"loc":{"start":{"line":392,"column":4},"end":{"line":409,"column":5}},"type":"if","locations":[{"start":{"line":392,"column":4},"end":{"line":409,"column":5}},{"start":{"line":394,"column":11},"end":{"line":409,"column":5}}],"line":392},"48":{"loc":{"start":{"line":392,"column":8},"end":{"line":392,"column":67}},"type":"binary-expr","locations":[{"start":{"line":392,"column":8},"end":{"line":392,"column":26}},{"start":{"line":392,"column":30},"end":{"line":392,"column":67}}],"line":392},"49":{"loc":{"start":{"line":394,"column":11},"end":{"line":409,"column":5}},"type":"if","locations":[{"start":{"line":394,"column":11},"end":{"line":409,"column":5}},{"start":{},"end":{}}],"line":394},"50":{"loc":{"start":{"line":401,"column":6},"end":{"line":403,"column":7}},"type":"if","locations":[{"start":{"line":401,"column":6},"end":{"line":403,"column":7}},{"start":{},"end":{}}],"line":401},"51":{"loc":{"start":{"line":401,"column":22},"end":{"line":401,"column":46}},"type":"binary-expr","locations":[{"start":{"line":401,"column":22},"end":{"line":401,"column":41}},{"start":{"line":401,"column":45},"end":{"line":401,"column":46}}],"line":401},"52":{"loc":{"start":{"line":416,"column":47},"end":{"line":416,"column":67}},"type":"default-arg","locations":[{"start":{"line":416,"column":66},"end":{"line":416,"column":67}}],"line":416},"53":{"loc":{"start":{"line":417,"column":2},"end":{"line":433,"column":3}},"type":"if","locations":[{"start":{"line":417,"column":2},"end":{"line":433,"column":3}},{"start":{},"end":{}}],"line":417},"54":{"loc":{"start":{"line":418,"column":4},"end":{"line":420,"column":5}},"type":"if","locations":[{"start":{"line":418,"column":4},"end":{"line":420,"column":5}},{"start":{},"end":{}}],"line":418},"55":{"loc":{"start":{"line":423,"column":4},"end":{"line":432,"column":5}},"type":"if","locations":[{"start":{"line":423,"column":4},"end":{"line":432,"column":5}},{"start":{},"end":{}}],"line":423},"56":{"loc":{"start":{"line":440,"column":2},"end":{"line":450,"column":3}},"type":"if","locations":[{"start":{"line":440,"column":2},"end":{"line":450,"column":3}},{"start":{},"end":{}}],"line":440},"57":{"loc":{"start":{"line":440,"column":6},"end":{"line":440,"column":77}},"type":"binary-expr","locations":[{"start":{"line":440,"column":6},"end":{"line":440,"column":28}},{"start":{"line":440,"column":32},"end":{"line":440,"column":50}},{"start":{"line":440,"column":54},"end":{"line":440,"column":77}}],"line":440},"58":{"loc":{"start":{"line":443,"column":4},"end":{"line":449,"column":5}},"type":"if","locations":[{"start":{"line":443,"column":4},"end":{"line":449,"column":5}},{"start":{},"end":{}}],"line":443},"59":{"loc":{"start":{"line":446,"column":6},"end":{"line":448,"column":7}},"type":"if","locations":[{"start":{"line":446,"column":6},"end":{"line":448,"column":7}},{"start":{},"end":{}}],"line":446},"60":{"loc":{"start":{"line":459,"column":31},"end":{"line":459,"column":59}},"type":"binary-expr","locations":[{"start":{"line":459,"column":31},"end":{"line":459,"column":54}},{"start":{"line":459,"column":58},"end":{"line":459,"column":59}}],"line":459},"61":{"loc":{"start":{"line":484,"column":92},"end":{"line":484,"column":101}},"type":"default-arg","locations":[{"start":{"line":484,"column":97},"end":{"line":484,"column":101}}],"line":484},"62":{"loc":{"start":{"line":484,"column":103},"end":{"line":484,"column":123}},"type":"default-arg","locations":[{"start":{"line":484,"column":119},"end":{"line":484,"column":123}}],"line":484},"63":{"loc":{"start":{"line":485,"column":2},"end":{"line":487,"column":3}},"type":"if","locations":[{"start":{"line":485,"column":2},"end":{"line":487,"column":3}},{"start":{},"end":{}}],"line":485},"64":{"loc":{"start":{"line":485,"column":6},"end":{"line":485,"column":84}},"type":"binary-expr","locations":[{"start":{"line":485,"column":6},"end":{"line":485,"column":35}},{"start":{"line":485,"column":39},"end":{"line":485,"column":58}},{"start":{"line":485,"column":62},"end":{"line":485,"column":84}}],"line":485},"65":{"loc":{"start":{"line":489,"column":2},"end":{"line":491,"column":3}},"type":"if","locations":[{"start":{"line":489,"column":2},"end":{"line":491,"column":3}},{"start":{},"end":{}}],"line":489},"66":{"loc":{"start":{"line":494,"column":48},"end":{"line":494,"column":78}},"type":"binary-expr","locations":[{"start":{"line":494,"column":48},"end":{"line":494,"column":73}},{"start":{"line":494,"column":77},"end":{"line":494,"column":78}}],"line":494},"67":{"loc":{"start":{"line":496,"column":2},"end":{"line":498,"column":3}},"type":"if","locations":[{"start":{"line":496,"column":2},"end":{"line":498,"column":3}},{"start":{},"end":{}}],"line":496},"68":{"loc":{"start":{"line":505,"column":93},"end":{"line":505,"column":102}},"type":"default-arg","locations":[{"start":{"line":505,"column":98},"end":{"line":505,"column":102}}],"line":505},"69":{"loc":{"start":{"line":505,"column":104},"end":{"line":505,"column":124}},"type":"default-arg","locations":[{"start":{"line":505,"column":120},"end":{"line":505,"column":124}}],"line":505},"70":{"loc":{"start":{"line":509,"column":2},"end":{"line":517,"column":3}},"type":"if","locations":[{"start":{"line":509,"column":2},"end":{"line":517,"column":3}},{"start":{},"end":{}}],"line":509},"71":{"loc":{"start":{"line":510,"column":41},"end":{"line":510,"column":69}},"type":"binary-expr","locations":[{"start":{"line":510,"column":41},"end":{"line":510,"column":64}},{"start":{"line":510,"column":68},"end":{"line":510,"column":69}}],"line":510},"72":{"loc":{"start":{"line":525,"column":94},"end":{"line":525,"column":103}},"type":"default-arg","locations":[{"start":{"line":525,"column":99},"end":{"line":525,"column":103}}],"line":525},"73":{"loc":{"start":{"line":525,"column":105},"end":{"line":525,"column":125}},"type":"default-arg","locations":[{"start":{"line":525,"column":121},"end":{"line":525,"column":125}}],"line":525},"74":{"loc":{"start":{"line":527,"column":2},"end":{"line":529,"column":3}},"type":"if","locations":[{"start":{"line":527,"column":2},"end":{"line":529,"column":3}},{"start":{},"end":{}}],"line":527},"75":{"loc":{"start":{"line":527,"column":6},"end":{"line":527,"column":43}},"type":"binary-expr","locations":[{"start":{"line":527,"column":6},"end":{"line":527,"column":13}},{"start":{"line":527,"column":17},"end":{"line":527,"column":43}}],"line":527},"76":{"loc":{"start":{"line":531,"column":2},"end":{"line":533,"column":3}},"type":"if","locations":[{"start":{"line":531,"column":2},"end":{"line":533,"column":3}},{"start":{},"end":{}}],"line":531},"77":{"loc":{"start":{"line":531,"column":6},"end":{"line":531,"column":67}},"type":"binary-expr","locations":[{"start":{"line":531,"column":6},"end":{"line":531,"column":39}},{"start":{"line":531,"column":43},"end":{"line":531,"column":67}}],"line":531},"78":{"loc":{"start":{"line":536,"column":2},"end":{"line":538,"column":3}},"type":"if","locations":[{"start":{"line":536,"column":2},"end":{"line":538,"column":3}},{"start":{},"end":{}}],"line":536},"79":{"loc":{"start":{"line":536,"column":6},"end":{"line":536,"column":37}},"type":"binary-expr","locations":[{"start":{"line":536,"column":6},"end":{"line":536,"column":23}},{"start":{"line":536,"column":27},"end":{"line":536,"column":37}}],"line":536},"80":{"loc":{"start":{"line":541,"column":2},"end":{"line":543,"column":3}},"type":"if","locations":[{"start":{"line":541,"column":2},"end":{"line":543,"column":3}},{"start":{},"end":{}}],"line":541},"81":{"loc":{"start":{"line":549,"column":2},"end":{"line":558,"column":3}},"type":"if","locations":[{"start":{"line":549,"column":2},"end":{"line":558,"column":3}},{"start":{},"end":{}}],"line":549},"82":{"loc":{"start":{"line":549,"column":6},"end":{"line":549,"column":66}},"type":"binary-expr","locations":[{"start":{"line":549,"column":6},"end":{"line":549,"column":12}},{"start":{"line":549,"column":16},"end":{"line":549,"column":36}},{"start":{"line":549,"column":40},"end":{"line":549,"column":66}}],"line":549},"83":{"loc":{"start":{"line":552,"column":4},"end":{"line":557,"column":5}},"type":"if","locations":[{"start":{"line":552,"column":4},"end":{"line":557,"column":5}},{"start":{},"end":{}}],"line":552},"84":{"loc":{"start":{"line":552,"column":8},"end":{"line":552,"column":46}},"type":"binary-expr","locations":[{"start":{"line":552,"column":8},"end":{"line":552,"column":28}},{"start":{"line":552,"column":32},"end":{"line":552,"column":46}}],"line":552},"85":{"loc":{"start":{"line":555,"column":8},"end":{"line":555,"column":54}},"type":"binary-expr","locations":[{"start":{"line":555,"column":8},"end":{"line":555,"column":24}},{"start":{"line":555,"column":28},"end":{"line":555,"column":54}}],"line":555},"86":{"loc":{"start":{"line":562,"column":2},"end":{"line":564,"column":3}},"type":"if","locations":[{"start":{"line":562,"column":2},"end":{"line":564,"column":3}},{"start":{},"end":{}}],"line":562},"87":{"loc":{"start":{"line":587,"column":72},"end":{"line":587,"column":81}},"type":"default-arg","locations":[{"start":{"line":587,"column":77},"end":{"line":587,"column":81}}],"line":587},"88":{"loc":{"start":{"line":587,"column":83},"end":{"line":587,"column":103}},"type":"default-arg","locations":[{"start":{"line":587,"column":99},"end":{"line":587,"column":103}}],"line":587},"89":{"loc":{"start":{"line":590,"column":2},"end":{"line":595,"column":3}},"type":"if","locations":[{"start":{"line":590,"column":2},"end":{"line":595,"column":3}},{"start":{},"end":{}}],"line":590},"90":{"loc":{"start":{"line":591,"column":20},"end":{"line":591,"column":37}},"type":"binary-expr","locations":[{"start":{"line":591,"column":20},"end":{"line":591,"column":32}},{"start":{"line":591,"column":36},"end":{"line":591,"column":37}}],"line":591},"91":{"loc":{"start":{"line":593,"column":20},"end":{"line":593,"column":37}},"type":"binary-expr","locations":[{"start":{"line":593,"column":20},"end":{"line":593,"column":32}},{"start":{"line":593,"column":36},"end":{"line":593,"column":37}}],"line":593},"92":{"loc":{"start":{"line":594,"column":28},"end":{"line":594,"column":53}},"type":"binary-expr","locations":[{"start":{"line":594,"column":28},"end":{"line":594,"column":48}},{"start":{"line":594,"column":52},"end":{"line":594,"column":53}}],"line":594},"93":{"loc":{"start":{"line":602,"column":2},"end":{"line":605,"column":3}},"type":"if","locations":[{"start":{"line":602,"column":2},"end":{"line":605,"column":3}},{"start":{},"end":{}}],"line":602},"94":{"loc":{"start":{"line":602,"column":6},"end":{"line":602,"column":42}},"type":"binary-expr","locations":[{"start":{"line":602,"column":6},"end":{"line":602,"column":19}},{"start":{"line":602,"column":23},"end":{"line":602,"column":25}},{"start":{"line":602,"column":29},"end":{"line":602,"column":42}}],"line":602},"95":{"loc":{"start":{"line":613,"column":36},"end":{"line":613,"column":55}},"type":"default-arg","locations":[{"start":{"line":613,"column":54},"end":{"line":613,"column":55}}],"line":613},"96":{"loc":{"start":{"line":619,"column":4},"end":{"line":621,"column":5}},"type":"if","locations":[{"start":{"line":619,"column":4},"end":{"line":621,"column":5}},{"start":{},"end":{}}],"line":619},"97":{"loc":{"start":{"line":638,"column":2},"end":{"line":640,"column":3}},"type":"if","locations":[{"start":{"line":638,"column":2},"end":{"line":640,"column":3}},{"start":{},"end":{}}],"line":638},"98":{"loc":{"start":{"line":642,"column":2},"end":{"line":644,"column":3}},"type":"if","locations":[{"start":{"line":642,"column":2},"end":{"line":644,"column":3}},{"start":{},"end":{}}],"line":642},"99":{"loc":{"start":{"line":648,"column":51},"end":{"line":648,"column":79}},"type":"binary-expr","locations":[{"start":{"line":648,"column":51},"end":{"line":648,"column":73}},{"start":{"line":648,"column":77},"end":{"line":648,"column":79}}],"line":648},"100":{"loc":{"start":{"line":654,"column":4},"end":{"line":660,"column":5}},"type":"if","locations":[{"start":{"line":654,"column":4},"end":{"line":660,"column":5}},{"start":{},"end":{}}],"line":654},"101":{"loc":{"start":{"line":654,"column":8},"end":{"line":654,"column":74}},"type":"binary-expr","locations":[{"start":{"line":654,"column":8},"end":{"line":654,"column":29}},{"start":{"line":654,"column":33},"end":{"line":654,"column":74}}],"line":654},"102":{"loc":{"start":{"line":656,"column":8},"end":{"line":658,"column":9}},"type":"if","locations":[{"start":{"line":656,"column":8},"end":{"line":658,"column":9}},{"start":{},"end":{}}],"line":656},"103":{"loc":{"start":{"line":663,"column":4},"end":{"line":669,"column":5}},"type":"if","locations":[{"start":{"line":663,"column":4},"end":{"line":669,"column":5}},{"start":{},"end":{}}],"line":663},"104":{"loc":{"start":{"line":663,"column":8},"end":{"line":663,"column":78}},"type":"binary-expr","locations":[{"start":{"line":663,"column":8},"end":{"line":663,"column":31}},{"start":{"line":663,"column":35},"end":{"line":663,"column":78}}],"line":663},"105":{"loc":{"start":{"line":665,"column":8},"end":{"line":667,"column":9}},"type":"if","locations":[{"start":{"line":665,"column":8},"end":{"line":667,"column":9}},{"start":{},"end":{}}],"line":665},"106":{"loc":{"start":{"line":672,"column":4},"end":{"line":678,"column":5}},"type":"if","locations":[{"start":{"line":672,"column":4},"end":{"line":678,"column":5}},{"start":{},"end":{}}],"line":672},"107":{"loc":{"start":{"line":672,"column":8},"end":{"line":672,"column":92}},"type":"binary-expr","locations":[{"start":{"line":672,"column":8},"end":{"line":672,"column":38}},{"start":{"line":672,"column":42},"end":{"line":672,"column":92}}],"line":672},"108":{"loc":{"start":{"line":674,"column":8},"end":{"line":676,"column":9}},"type":"if","locations":[{"start":{"line":674,"column":8},"end":{"line":676,"column":9}},{"start":{},"end":{}}],"line":674},"109":{"loc":{"start":{"line":687,"column":2},"end":{"line":689,"column":3}},"type":"if","locations":[{"start":{"line":687,"column":2},"end":{"line":689,"column":3}},{"start":{},"end":{}}],"line":687},"110":{"loc":{"start":{"line":687,"column":6},"end":{"line":687,"column":76}},"type":"binary-expr","locations":[{"start":{"line":687,"column":6},"end":{"line":687,"column":33}},{"start":{"line":687,"column":37},"end":{"line":687,"column":76}}],"line":687},"111":{"loc":{"start":{"line":699,"column":4},"end":{"line":701,"column":5}},"type":"if","locations":[{"start":{"line":699,"column":4},"end":{"line":701,"column":5}},{"start":{},"end":{}}],"line":699},"112":{"loc":{"start":{"line":699,"column":8},"end":{"line":699,"column":64}},"type":"binary-expr","locations":[{"start":{"line":699,"column":8},"end":{"line":699,"column":23}},{"start":{"line":699,"column":27},"end":{"line":699,"column":64}}],"line":699},"113":{"loc":{"start":{"line":704,"column":4},"end":{"line":714,"column":5}},"type":"if","locations":[{"start":{"line":704,"column":4},"end":{"line":714,"column":5}},{"start":{},"end":{}}],"line":704},"114":{"loc":{"start":{"line":705,"column":6},"end":{"line":711,"column":7}},"type":"if","locations":[{"start":{"line":705,"column":6},"end":{"line":711,"column":7}},{"start":{},"end":{}}],"line":705},"115":{"loc":{"start":{"line":717,"column":4},"end":{"line":747,"column":5}},"type":"if","locations":[{"start":{"line":717,"column":4},"end":{"line":747,"column":5}},{"start":{},"end":{}}],"line":717},"116":{"loc":{"start":{"line":718,"column":6},"end":{"line":726,"column":7}},"type":"if","locations":[{"start":{"line":718,"column":6},"end":{"line":726,"column":7}},{"start":{},"end":{}}],"line":718},"117":{"loc":{"start":{"line":719,"column":8},"end":{"line":723,"column":9}},"type":"if","locations":[{"start":{"line":719,"column":8},"end":{"line":723,"column":9}},{"start":{},"end":{}}],"line":719},"118":{"loc":{"start":{"line":734,"column":10},"end":{"line":736,"column":11}},"type":"if","locations":[{"start":{"line":734,"column":10},"end":{"line":736,"column":11}},{"start":{},"end":{}}],"line":734},"119":{"loc":{"start":{"line":737,"column":10},"end":{"line":742,"column":11}},"type":"if","locations":[{"start":{"line":737,"column":10},"end":{"line":742,"column":11}},{"start":{},"end":{}}],"line":737}},"s":{"0":1,"1":1,"2":1,"3":1,"4":1,"5":1,"6":1,"7":1,"8":1,"9":1,"10":1,"11":1,"12":1,"13":1,"14":10,"15":1,"16":1,"17":1,"18":9,"19":1,"20":1,"21":1,"22":9,"23":1,"24":8,"25":8,"26":8,"27":7,"28":7,"29":7,"30":7,"31":7,"32":7,"33":7,"34":7,"35":2,"36":2,"37":0,"38":2,"39":0,"40":2,"41":1,"42":1,"43":1,"44":1,"45":1,"46":8,"47":0,"48":0,"49":0,"50":0,"51":0,"52":0,"53":0,"54":0,"55":0,"56":0,"57":0,"58":0,"59":0,"60":0,"61":0,"62":0,"63":0,"64":0,"65":0,"66":0,"67":0,"68":0,"69":0,"70":0,"71":0,"72":0,"73":0,"74":0,"75":0,"76":0,"77":0,"78":0,"79":0,"80":0,"81":0,"82":0,"83":0,"84":0,"85":0,"86":0,"87":0,"88":0,"89":0,"90":0,"91":0,"92":0,"93":0,"94":0,"95":0,"96":0,"97":0,"98":0,"99":0,"100":0,"101":0,"102":0,"103":0,"104":0,"105":0,"106":0,"107":0,"108":0,"109":0,"110":0,"111":0,"112":0,"113":0,"114":0,"115":0,"116":0,"117":0,"118":0,"119":0,"120":0,"121":0,"122":0,"123":0,"124":0,"125":0,"126":0,"127":0,"128":0,"129":0,"130":0,"131":0,"132":0,"133":0,"134":0,"135":0,"136":0,"137":0,"138":0,"139":0,"140":0,"141":0,"142":0,"143":0,"144":0,"145":0,"146":0,"147":0,"148":0,"149":0,"150":0,"151":0,"152":0,"153":0,"154":0,"155":0,"156":0,"157":0,"158":0,"159":0,"160":0,"161":0,"162":0,"163":0,"164":0,"165":0,"166":0,"167":0,"168":0,"169":0,"170":0,"171":0,"172":0,"173":0,"174":0,"175":0,"176":0,"177":0,"178":0,"179":0,"180":0,"181":0,"182":0,"183":0,"184":0,"185":0,"186":0,"187":0,"188":0,"189":0,"190":0,"191":0,"192":0,"193":0,"194":0,"195":0,"196":0,"197":0,"198":0,"199":0,"200":0,"201":0,"202":0,"203":0,"204":0,"205":0,"206":0,"207":0,"208":0,"209":0,"210":0,"211":0,"212":0,"213":0,"214":0,"215":0,"216":0,"217":0,"218":0,"219":0,"220":0,"221":0,"222":0,"223":0,"224":0,"225":0,"226":0,"227":0,"228":0,"229":0,"230":0,"231":0,"232":0,"233":0,"234":0,"235":0,"236":0,"237":0,"238":0,"239":0,"240":0,"241":0,"242":0,"243":0,"244":0,"245":0,"246":0,"247":0,"248":0,"249":0,"250":0,"251":0,"252":0,"253":0,"254":0,"255":0,"256":0,"257":0,"258":0,"259":0,"260":0,"261":0,"262":0,"263":0,"264":0,"265":0,"266":0,"267":0,"268":0,"269":0,"270":0,"271":0,"272":0,"273":0,"274":1},"f":{"0":10,"1":2,"2":0,"3":0,"4":0,"5":0,"6":0,"7":0,"8":0,"9":0,"10":0,"11":0,"12":0,"13":0,"14":0,"15":0,"16":0,"17":0,"18":0},"b":{"0":[0],"1":[1,9],"2":[10,9],"3":[1,0],"4":[1,8],"5":[1,0],"6":[1,8],"7":[7,1],"8":[7,0],"9":[7,7],"10":[7,1,0],"11":[1,6],"12":[7,0],"13":[7,0],"14":[7,0,0],"15":[7,0],"16":[2,0],"17":[2,0],"18":[0,2],"19":[1,1],"20":[1,0],"21":[1,0],"22":[1,0],"23":[1,0],"24":[0,0],"25":[0,0],"26":[0,0],"27":[0,0],"28":[0,0],"29":[0,0],"30":[0,0],"31":[0,0],"32":[0,0],"33":[0,0],"34":[0,0],"35":[0],"36":[0],"37":[0,0],"38":[0,0],"39":[0,0],"40":[0,0],"41":[0,0],"42":[0,0],"43":[0,0],"44":[0,0],"45":[0,0],"46":[0,0],"47":[0,0],"48":[0,0],"49":[0,0],"50":[0,0],"51":[0,0],"52":[0],"53":[0,0],"54":[0,0],"55":[0,0],"56":[0,0],"57":[0,0,0],"58":[0,0],"59":[0,0],"60":[0,0],"61":[0],"62":[0],"63":[0,0],"64":[0,0,0],"65":[0,0],"66":[0,0],"67":[0,0],"68":[0],"69":[0],"70":[0,0],"71":[0,0],"72":[0],"73":[0],"74":[0,0],"75":[0,0],"76":[0,0],"77":[0,0],"78":[0,0],"79":[0,0],"80":[0,0],"81":[0,0],"82":[0,0,0],"83":[0,0],"84":[0,0],"85":[0,0],"86":[0,0],"87":[0],"88":[0],"89":[0,0],"90":[0,0],"91":[0,0],"92":[0,0],"93":[0,0],"94":[0,0,0],"95":[0],"96":[0,0],"97":[0,0],"98":[0,0],"99":[0,0],"100":[0,0],"101":[0,0],"102":[0,0],"103":[0,0],"104":[0,0],"105":[0,0],"106":[0,0],"107":[0,0],"108":[0,0],"109":[0,0],"110":[0,0],"111":[0,0],"112":[0,0],"113":[0,0],"114":[0,0],"115":[0,0],"116":[0,0],"117":[0,0],"118":[0,0],"119":[0,0]},"_coverageSchema":"1a1c01bbd47fc00a2c39e90264f33305004495a9","hash":"76d8fcbf03ea9e2afe19df53b9bd585340a90d30"}
,"/Users/mriu/zombie-browser-game/game/gameState.js": {"path":"/Users/mriu/zombie-browser-game/game/gameState.js","statementMap":{"0":{"start":{"line":12,"column":20},"end":{"line":12,"column":50}},"1":{"start":{"line":15,"column":15},"end":{"line":15,"column":54}},"2":{"start":{"line":49,"column":16},"end":{"line":100,"column":3}},"3":{"start":{"line":87,"column":6},"end":{"line":90,"column":7}},"4":{"start":{"line":88,"column":8},"end":{"line":88,"column":62}},"5":{"start":{"line":89,"column":8},"end":{"line":89,"column":30}},"6":{"start":{"line":93,"column":6},"end":{"line":96,"column":7}},"7":{"start":{"line":94,"column":8},"end":{"line":94,"column":89}},"8":{"start":{"line":95,"column":8},"end":{"line":95,"column":30}},"9":{"start":{"line":98,"column":6},"end":{"line":98,"column":33}},"10":{"start":{"line":102,"column":2},"end":{"line":102,"column":15}},"11":{"start":{"line":105,"column":0},"end":{"line":107,"column":2}}},"fnMap":{"0":{"name":"initializeGameState","decl":{"start":{"line":48,"column":9},"end":{"line":48,"column":28}},"loc":{"start":{"line":48,"column":31},"end":{"line":103,"column":1}},"line":48},"1":{"name":"(anonymous_1)","decl":{"start":{"line":85,"column":4},"end":{"line":85,"column":5}},"loc":{"start":{"line":85,"column":27},"end":{"line":99,"column":5}},"line":85}},"branchMap":{"0":{"loc":{"start":{"line":87,"column":6},"end":{"line":90,"column":7}},"type":"if","locations":[{"start":{"line":87,"column":6},"end":{"line":90,"column":7}},{"start":{},"end":{}}],"line":87},"1":{"loc":{"start":{"line":93,"column":6},"end":{"line":96,"column":7}},"type":"if","locations":[{"start":{"line":93,"column":6},"end":{"line":96,"column":7}},{"start":{},"end":{}}],"line":93}},"s":{"0":1,"1":1,"2":9,"3":1005,"4":1,"5":1,"6":1005,"7":1,"8":1,"9":1005,"10":9,"11":1},"f":{"0":9,"1":1005},"b":{"0":[1,1004],"1":[1,1004]},"_coverageSchema":"1a1c01bbd47fc00a2c39e90264f33305004495a9","hash":"5e6749c919f5a884e6d5ece42bb81945410a35be"}
,"/Users/mriu/zombie-browser-game/game/lootFunctions.js": {"path":"/Users/mriu/zombie-browser-game/game/lootFunctions.js","statementMap":{"0":{"start":{"line":10,"column":22},"end":{"line":10,"column":60}},"1":{"start":{"line":11,"column":34},"end":{"line":11,"column":47}},"2":{"start":{"line":23,"column":2},"end":{"line":26,"column":3}},"3":{"start":{"line":24,"column":4},"end":{"line":24,"column":76}},"4":{"start":{"line":25,"column":4},"end":{"line":25,"column":11}},"5":{"start":{"line":28,"column":2},"end":{"line":31,"column":3}},"6":{"start":{"line":29,"column":4},"end":{"line":29,"column":80}},"7":{"start":{"line":30,"column":4},"end":{"line":30,"column":11}},"8":{"start":{"line":34,"column":23},"end":{"line":34,"column":61}},"9":{"start":{"line":35,"column":2},"end":{"line":37,"column":3}},"10":{"start":{"line":36,"column":4},"end":{"line":36,"column":11}},"11":{"start":{"line":39,"column":16},"end":{"line":39,"column":42}},"12":{"start":{"line":40,"column":2},"end":{"line":43,"column":3}},"13":{"start":{"line":41,"column":4},"end":{"line":41,"column":56}},"14":{"start":{"line":42,"column":4},"end":{"line":42,"column":11}},"15":{"start":{"line":45,"column":15},"end":{"line":45,"column":62}},"16":{"start":{"line":48,"column":24},"end":{"line":48,"column":51}},"17":{"start":{"line":49,"column":22},"end":{"line":49,"column":47}},"18":{"start":{"line":50,"column":22},"end":{"line":50,"column":54}},"19":{"start":{"line":53,"column":17},"end":{"line":53,"column":18}},"20":{"start":{"line":54,"column":2},"end":{"line":58,"column":87}},"21":{"start":{"line":55,"column":4},"end":{"line":55,"column":76}},"22":{"start":{"line":56,"column":4},"end":{"line":56,"column":77}},"23":{"start":{"line":57,"column":4},"end":{"line":57,"column":15}},"24":{"start":{"line":60,"column":2},"end":{"line":62,"column":3}},"25":{"start":{"line":61,"column":4},"end":{"line":61,"column":11}},"26":{"start":{"line":64,"column":20},"end":{"line":64,"column":45}},"27":{"start":{"line":65,"column":2},"end":{"line":71,"column":4}},"28":{"start":{"line":74,"column":2},"end":{"line":74,"column":46}},"29":{"start":{"line":88,"column":2},"end":{"line":90,"column":3}},"30":{"start":{"line":89,"column":4},"end":{"line":89,"column":11}},"31":{"start":{"line":93,"column":15},"end":{"line":93,"column":16}},"32":{"start":{"line":94,"column":15},"end":{"line":94,"column":16}},"33":{"start":{"line":96,"column":2},"end":{"line":117,"column":3}},"34":{"start":{"line":98,"column":4},"end":{"line":116,"column":5}},"35":{"start":{"line":100,"column":22},"end":{"line":105,"column":7}},"36":{"start":{"line":107,"column":6},"end":{"line":115,"column":7}},"37":{"start":{"line":108,"column":21},"end":{"line":108,"column":34}},"38":{"start":{"line":109,"column":21},"end":{"line":109,"column":34}},"39":{"start":{"line":110,"column":8},"end":{"line":114,"column":9}},"40":{"start":{"line":111,"column":10},"end":{"line":111,"column":24}},"41":{"start":{"line":112,"column":10},"end":{"line":112,"column":24}},"42":{"start":{"line":113,"column":10},"end":{"line":113,"column":16}},"43":{"start":{"line":119,"column":17},"end":{"line":119,"column":39}},"44":{"start":{"line":120,"column":2},"end":{"line":127,"column":4}},"45":{"start":{"line":140,"column":2},"end":{"line":140,"column":52}},"46":{"start":{"line":153,"column":2},"end":{"line":157,"column":5}},"47":{"start":{"line":160,"column":0},"end":{"line":165,"column":2}}},"fnMap":{"0":{"name":"spawnPowerup","decl":{"start":{"line":21,"column":9},"end":{"line":21,"column":21}},"loc":{"start":{"line":21,"column":81},"end":{"line":75,"column":1}},"line":21},"1":{"name":"createLoot","decl":{"start":{"line":86,"column":9},"end":{"line":86,"column":19}},"loc":{"start":{"line":86,"column":59},"end":{"line":128,"column":1}},"line":86},"2":{"name":"createParticles","decl":{"start":{"line":138,"column":9},"end":{"line":138,"column":24}},"loc":{"start":{"line":138,"column":65},"end":{"line":141,"column":1}},"line":138},"3":{"name":"createExplosion","decl":{"start":{"line":151,"column":9},"end":{"line":151,"column":24}},"loc":{"start":{"line":151,"column":72},"end":{"line":158,"column":1}},"line":151}},"branchMap":{"0":{"loc":{"start":{"line":23,"column":2},"end":{"line":26,"column":3}},"type":"if","locations":[{"start":{"line":23,"column":2},"end":{"line":26,"column":3}},{"start":{},"end":{}}],"line":23},"1":{"loc":{"start":{"line":23,"column":6},"end":{"line":23,"column":73}},"type":"binary-expr","locations":[{"start":{"line":23,"column":6},"end":{"line":23,"column":16}},{"start":{"line":23,"column":20},"end":{"line":23,"column":32}},{"start":{"line":23,"column":36},"end":{"line":23,"column":52}},{"start":{"line":23,"column":56},"end":{"line":23,"column":73}}],"line":23},"2":{"loc":{"start":{"line":28,"column":2},"end":{"line":31,"column":3}},"type":"if","locations":[{"start":{"line":28,"column":2},"end":{"line":31,"column":3}},{"start":{},"end":{}}],"line":28},"3":{"loc":{"start":{"line":35,"column":2},"end":{"line":37,"column":3}},"type":"if","locations":[{"start":{"line":35,"column":2},"end":{"line":37,"column":3}},{"start":{},"end":{}}],"line":35},"4":{"loc":{"start":{"line":40,"column":2},"end":{"line":43,"column":3}},"type":"if","locations":[{"start":{"line":40,"column":2},"end":{"line":43,"column":3}},{"start":{},"end":{}}],"line":40},"5":{"loc":{"start":{"line":48,"column":24},"end":{"line":48,"column":51}},"type":"binary-expr","locations":[{"start":{"line":48,"column":24},"end":{"line":48,"column":45}},{"start":{"line":48,"column":49},"end":{"line":48,"column":51}}],"line":48},"6":{"loc":{"start":{"line":49,"column":22},"end":{"line":49,"column":47}},"type":"binary-expr","locations":[{"start":{"line":49,"column":22},"end":{"line":49,"column":41}},{"start":{"line":49,"column":45},"end":{"line":49,"column":47}}],"line":49},"7":{"loc":{"start":{"line":58,"column":11},"end":{"line":58,"column":85}},"type":"binary-expr","locations":[{"start":{"line":58,"column":11},"end":{"line":58,"column":68}},{"start":{"line":58,"column":72},"end":{"line":58,"column":85}}],"line":58},"8":{"loc":{"start":{"line":60,"column":2},"end":{"line":62,"column":3}},"type":"if","locations":[{"start":{"line":60,"column":2},"end":{"line":62,"column":3}},{"start":{},"end":{}}],"line":60},"9":{"loc":{"start":{"line":88,"column":2},"end":{"line":90,"column":3}},"type":"if","locations":[{"start":{"line":88,"column":2},"end":{"line":90,"column":3}},{"start":{},"end":{}}],"line":88},"10":{"loc":{"start":{"line":88,"column":6},"end":{"line":88,"column":90}},"type":"binary-expr","locations":[{"start":{"line":88,"column":7},"end":{"line":88,"column":22}},{"start":{"line":88,"column":26},"end":{"line":88,"column":47}},{"start":{"line":88,"column":53},"end":{"line":88,"column":66}},{"start":{"line":88,"column":70},"end":{"line":88,"column":89}}],"line":88},"11":{"loc":{"start":{"line":96,"column":2},"end":{"line":117,"column":3}},"type":"if","locations":[{"start":{"line":96,"column":2},"end":{"line":117,"column":3}},{"start":{},"end":{}}],"line":96},"12":{"loc":{"start":{"line":96,"column":6},"end":{"line":96,"column":93}},"type":"binary-expr","locations":[{"start":{"line":96,"column":6},"end":{"line":96,"column":27}},{"start":{"line":96,"column":31},"end":{"line":96,"column":93}}],"line":96},"13":{"loc":{"start":{"line":98,"column":4},"end":{"line":116,"column":5}},"type":"if","locations":[{"start":{"line":98,"column":4},"end":{"line":116,"column":5}},{"start":{},"end":{}}],"line":98},"14":{"loc":{"start":{"line":110,"column":8},"end":{"line":114,"column":9}},"type":"if","locations":[{"start":{"line":110,"column":8},"end":{"line":114,"column":9}},{"start":{},"end":{}}],"line":110},"15":{"loc":{"start":{"line":124,"column":10},"end":{"line":124,"column":25}},"type":"binary-expr","locations":[{"start":{"line":124,"column":10},"end":{"line":124,"column":20}},{"start":{"line":124,"column":24},"end":{"line":124,"column":25}}],"line":124},"16":{"loc":{"start":{"line":125,"column":8},"end":{"line":125,"column":21}},"type":"binary-expr","locations":[{"start":{"line":125,"column":8},"end":{"line":125,"column":16}},{"start":{"line":125,"column":20},"end":{"line":125,"column":21}}],"line":125},"17":{"loc":{"start":{"line":138,"column":38},"end":{"line":138,"column":48}},"type":"default-arg","locations":[{"start":{"line":138,"column":46},"end":{"line":138,"column":48}}],"line":138},"18":{"loc":{"start":{"line":151,"column":39},"end":{"line":151,"column":55}},"type":"default-arg","locations":[{"start":{"line":151,"column":50},"end":{"line":151,"column":55}}],"line":151}},"s":{"0":2,"1":2,"2":0,"3":0,"4":0,"5":0,"6":0,"7":0,"8":0,"9":0,"10":0,"11":0,"12":0,"13":0,"14":0,"15":0,"16":0,"17":0,"18":0,"19":0,"20":0,"21":0,"22":0,"23":0,"24":0,"25":0,"26":0,"27":0,"28":0,"29":0,"30":0,"31":0,"32":0,"33":0,"34":0,"35":0,"36":0,"37":0,"38":0,"39":0,"40":0,"41":0,"42":0,"43":0,"44":0,"45":26,"46":0,"47":2},"f":{"0":0,"1":0,"2":26,"3":0},"b":{"0":[0,0],"1":[0,0,0,0],"2":[0,0],"3":[0,0],"4":[0,0],"5":[0,0],"6":[0,0],"7":[0,0],"8":[0,0],"9":[0,0],"10":[0,0,0,0],"11":[0,0],"12":[0,0],"13":[0,0],"14":[0,0],"15":[0,0],"16":[0,0],"17":[0],"18":[0]},"_coverageSchema":"1a1c01bbd47fc00a2c39e90264f33305004495a9","hash":"a04362aabb005e3a1e98ff0025c83456a969f29d"}
,"/Users/mriu/zombie-browser-game/game/particleEffects.js": {"path":"/Users/mriu/zombie-browser-game/game/particleEffects.js","statementMap":{"0":{"start":{"line":6,"column":28},"end":{"line":6,"column":54}},"1":{"start":{"line":11,"column":24},"end":{"line":123,"column":1}},"2":{"start":{"line":20,"column":4},"end":{"line":20,"column":51}},"3":{"start":{"line":31,"column":4},"end":{"line":31,"column":51}},"4":{"start":{"line":41,"column":4},"end":{"line":41,"column":56}},"5":{"start":{"line":51,"column":4},"end":{"line":51,"column":56}},"6":{"start":{"line":61,"column":4},"end":{"line":61,"column":55}},"7":{"start":{"line":71,"column":4},"end":{"line":71,"column":56}},"8":{"start":{"line":81,"column":4},"end":{"line":81,"column":55}},"9":{"start":{"line":91,"column":4},"end":{"line":91,"column":55}},"10":{"start":{"line":101,"column":4},"end":{"line":101,"column":56}},"11":{"start":{"line":111,"column":4},"end":{"line":111,"column":55}},"12":{"start":{"line":121,"column":4},"end":{"line":121,"column":56}},"13":{"start":{"line":134,"column":2},"end":{"line":134,"column":53}},"14":{"start":{"line":137,"column":0},"end":{"line":140,"column":2}}},"fnMap":{"0":{"name":"(anonymous_0)","decl":{"start":{"line":19,"column":9},"end":{"line":19,"column":10}},"loc":{"start":{"line":19,"column":41},"end":{"line":21,"column":3}},"line":19},"1":{"name":"(anonymous_1)","decl":{"start":{"line":30,"column":14},"end":{"line":30,"column":15}},"loc":{"start":{"line":30,"column":46},"end":{"line":32,"column":3}},"line":30},"2":{"name":"(anonymous_2)","decl":{"start":{"line":40,"column":13},"end":{"line":40,"column":14}},"loc":{"start":{"line":40,"column":38},"end":{"line":42,"column":3}},"line":40},"3":{"name":"(anonymous_3)","decl":{"start":{"line":50,"column":19},"end":{"line":50,"column":20}},"loc":{"start":{"line":50,"column":44},"end":{"line":52,"column":3}},"line":50},"4":{"name":"(anonymous_4)","decl":{"start":{"line":60,"column":18},"end":{"line":60,"column":19}},"loc":{"start":{"line":60,"column":43},"end":{"line":62,"column":3}},"line":60},"5":{"name":"(anonymous_5)","decl":{"start":{"line":70,"column":8},"end":{"line":70,"column":9}},"loc":{"start":{"line":70,"column":33},"end":{"line":72,"column":3}},"line":70},"6":{"name":"(anonymous_6)","decl":{"start":{"line":80,"column":10},"end":{"line":80,"column":11}},"loc":{"start":{"line":80,"column":35},"end":{"line":82,"column":3}},"line":80},"7":{"name":"(anonymous_7)","decl":{"start":{"line":90,"column":7},"end":{"line":90,"column":8}},"loc":{"start":{"line":90,"column":32},"end":{"line":92,"column":3}},"line":90},"8":{"name":"(anonymous_8)","decl":{"start":{"line":100,"column":13},"end":{"line":100,"column":14}},"loc":{"start":{"line":100,"column":38},"end":{"line":102,"column":3}},"line":100},"9":{"name":"(anonymous_9)","decl":{"start":{"line":110,"column":12},"end":{"line":110,"column":13}},"loc":{"start":{"line":110,"column":37},"end":{"line":112,"column":3}},"line":110},"10":{"name":"(anonymous_10)","decl":{"start":{"line":120,"column":15},"end":{"line":120,"column":16}},"loc":{"start":{"line":120,"column":40},"end":{"line":122,"column":3}},"line":120},"11":{"name":"createCustomEffect","decl":{"start":{"line":133,"column":9},"end":{"line":133,"column":27}},"loc":{"start":{"line":133,"column":63},"end":{"line":135,"column":1}},"line":133}},"branchMap":{},"s":{"0":0,"1":0,"2":0,"3":0,"4":0,"5":0,"6":0,"7":0,"8":0,"9":0,"10":0,"11":0,"12":0,"13":0,"14":0},"f":{"0":0,"1":0,"2":0,"3":0,"4":0,"5":0,"6":0,"7":0,"8":0,"9":0,"10":0,"11":0},"b":{}}
,"/Users/mriu/zombie-browser-game/game/playerUtils.js": {"path":"/Users/mriu/zombie-browser-game/game/playerUtils.js","statementMap":{"0":{"start":{"line":12,"column":2},"end":{"line":18,"column":4}},"1":{"start":{"line":27,"column":2},"end":{"line":27,"column":54}},"2":{"start":{"line":36,"column":2},"end":{"line":36,"column":75}},"3":{"start":{"line":44,"column":2},"end":{"line":46,"column":3}},"4":{"start":{"line":45,"column":4},"end":{"line":45,"column":41}},"5":{"start":{"line":56,"column":2},"end":{"line":56,"column":51}},"6":{"start":{"line":66,"column":2},"end":{"line":66,"column":39}},"7":{"start":{"line":76,"column":2},"end":{"line":79,"column":3}},"8":{"start":{"line":77,"column":4},"end":{"line":77,"column":26}},"9":{"start":{"line":78,"column":4},"end":{"line":78,"column":16}},"10":{"start":{"line":80,"column":2},"end":{"line":80,"column":15}},"11":{"start":{"line":89,"column":2},"end":{"line":91,"column":3}},"12":{"start":{"line":90,"column":4},"end":{"line":90,"column":46}},"13":{"start":{"line":94,"column":0},"end":{"line":103,"column":2}}},"fnMap":{"0":{"name":"isPlayerVulnerable","decl":{"start":{"line":11,"column":9},"end":{"line":11,"column":27}},"loc":{"start":{"line":11,"column":36},"end":{"line":19,"column":1}},"line":11},"1":{"name":"isPlayerActive","decl":{"start":{"line":26,"column":9},"end":{"line":26,"column":23}},"loc":{"start":{"line":26,"column":32},"end":{"line":28,"column":1}},"line":26},"2":{"name":"canPlayerAct","decl":{"start":{"line":35,"column":9},"end":{"line":35,"column":21}},"loc":{"start":{"line":35,"column":30},"end":{"line":37,"column":1}},"line":35},"3":{"name":"updatePlayerActivity","decl":{"start":{"line":43,"column":9},"end":{"line":43,"column":29}},"loc":{"start":{"line":43,"column":38},"end":{"line":47,"column":1}},"line":43},"4":{"name":"getPlayerIdentifier","decl":{"start":{"line":55,"column":9},"end":{"line":55,"column":28}},"loc":{"start":{"line":55,"column":47},"end":{"line":57,"column":1}},"line":55},"5":{"name":"canAfford","decl":{"start":{"line":65,"column":9},"end":{"line":65,"column":18}},"loc":{"start":{"line":65,"column":33},"end":{"line":67,"column":1}},"line":65},"6":{"name":"deductGold","decl":{"start":{"line":75,"column":9},"end":{"line":75,"column":19}},"loc":{"start":{"line":75,"column":36},"end":{"line":81,"column":1}},"line":75},"7":{"name":"addGold","decl":{"start":{"line":88,"column":9},"end":{"line":88,"column":16}},"loc":{"start":{"line":88,"column":33},"end":{"line":92,"column":1}},"line":88}},"branchMap":{"0":{"loc":{"start":{"line":13,"column":4},"end":{"line":17,"column":21}},"type":"binary-expr","locations":[{"start":{"line":13,"column":4},"end":{"line":13,"column":10}},{"start":{"line":14,"column":4},"end":{"line":14,"column":16}},{"start":{"line":15,"column":4},"end":{"line":15,"column":22}},{"start":{"line":16,"column":4},"end":{"line":16,"column":27}},{"start":{"line":17,"column":4},"end":{"line":17,"column":21}}],"line":13},"1":{"loc":{"start":{"line":27,"column":9},"end":{"line":27,"column":53}},"type":"binary-expr","locations":[{"start":{"line":27,"column":9},"end":{"line":27,"column":15}},{"start":{"line":27,"column":19},"end":{"line":27,"column":31}},{"start":{"line":27,"column":35},"end":{"line":27,"column":53}}],"line":27},"2":{"loc":{"start":{"line":36,"column":9},"end":{"line":36,"column":74}},"type":"binary-expr","locations":[{"start":{"line":36,"column":9},"end":{"line":36,"column":15}},{"start":{"line":36,"column":19},"end":{"line":36,"column":31}},{"start":{"line":36,"column":35},"end":{"line":36,"column":53}},{"start":{"line":36,"column":57},"end":{"line":36,"column":74}}],"line":36},"3":{"loc":{"start":{"line":44,"column":2},"end":{"line":46,"column":3}},"type":"if","locations":[{"start":{"line":44,"column":2},"end":{"line":46,"column":3}},{"start":{},"end":{}}],"line":44},"4":{"loc":{"start":{"line":56,"column":9},"end":{"line":56,"column":50}},"type":"binary-expr","locations":[{"start":{"line":56,"column":9},"end":{"line":56,"column":25}},{"start":{"line":56,"column":29},"end":{"line":56,"column":37}},{"start":{"line":56,"column":41},"end":{"line":56,"column":50}}],"line":56},"5":{"loc":{"start":{"line":66,"column":9},"end":{"line":66,"column":38}},"type":"binary-expr","locations":[{"start":{"line":66,"column":9},"end":{"line":66,"column":15}},{"start":{"line":66,"column":19},"end":{"line":66,"column":38}}],"line":66},"6":{"loc":{"start":{"line":76,"column":2},"end":{"line":79,"column":3}},"type":"if","locations":[{"start":{"line":76,"column":2},"end":{"line":79,"column":3}},{"start":{},"end":{}}],"line":76},"7":{"loc":{"start":{"line":89,"column":2},"end":{"line":91,"column":3}},"type":"if","locations":[{"start":{"line":89,"column":2},"end":{"line":91,"column":3}},{"start":{},"end":{}}],"line":89},"8":{"loc":{"start":{"line":89,"column":6},"end":{"line":89,"column":26}},"type":"binary-expr","locations":[{"start":{"line":89,"column":6},"end":{"line":89,"column":12}},{"start":{"line":89,"column":16},"end":{"line":89,"column":26}}],"line":89},"9":{"loc":{"start":{"line":90,"column":19},"end":{"line":90,"column":35}},"type":"binary-expr","locations":[{"start":{"line":90,"column":19},"end":{"line":90,"column":30}},{"start":{"line":90,"column":34},"end":{"line":90,"column":35}}],"line":90}},"s":{"0":0,"1":0,"2":0,"3":0,"4":0,"5":0,"6":0,"7":0,"8":0,"9":0,"10":0,"11":0,"12":0,"13":0},"f":{"0":0,"1":0,"2":0,"3":0,"4":0,"5":0,"6":0,"7":0},"b":{"0":[0,0,0,0,0],"1":[0,0,0],"2":[0,0,0,0],"3":[0,0],"4":[0,0,0],"5":[0,0],"6":[0,0],"7":[0,0],"8":[0,0],"9":[0,0]}}
,"/Users/mriu/zombie-browser-game/game/roomFunctions.js": {"path":"/Users/mriu/zombie-browser-game/game/roomFunctions.js","statementMap":{"0":{"start":{"line":9,"column":22},"end":{"line":9,"column":60}},"1":{"start":{"line":10,"column":19},"end":{"line":10,"column":32}},"2":{"start":{"line":17,"column":15},"end":{"line":23,"column":3}},"3":{"start":{"line":25,"column":12},"end":{"line":25,"column":33}},"4":{"start":{"line":28,"column":20},"end":{"line":28,"column":37}},"5":{"start":{"line":29,"column":16},"end":{"line":29,"column":44}},"6":{"start":{"line":32,"column":2},"end":{"line":40,"column":4}},"7":{"start":{"line":43,"column":2},"end":{"line":49,"column":5}},"8":{"start":{"line":53,"column":25},"end":{"line":53,"column":31}},"9":{"start":{"line":55,"column":23},"end":{"line":55,"column":56}},"10":{"start":{"line":56,"column":2},"end":{"line":68,"column":3}},"11":{"start":{"line":56,"column":15},"end":{"line":56,"column":16}},"12":{"start":{"line":57,"column":21},"end":{"line":57,"column":44}},"13":{"start":{"line":58,"column":22},"end":{"line":58,"column":45}},"14":{"start":{"line":59,"column":17},"end":{"line":59,"column":94}},"15":{"start":{"line":60,"column":17},"end":{"line":60,"column":96}},"16":{"start":{"line":62,"column":4},"end":{"line":67,"column":7}},"17":{"start":{"line":70,"column":2},"end":{"line":70,"column":14}},"18":{"start":{"line":79,"column":2},"end":{"line":79,"column":23}},"19":{"start":{"line":80,"column":2},"end":{"line":80,"column":23}},"20":{"start":{"line":81,"column":2},"end":{"line":81,"column":28}},"21":{"start":{"line":83,"column":2},"end":{"line":86,"column":3}},"22":{"start":{"line":83,"column":15},"end":{"line":83,"column":16}},"23":{"start":{"line":84,"column":17},"end":{"line":84,"column":31}},"24":{"start":{"line":85,"column":4},"end":{"line":85,"column":31}},"25":{"start":{"line":96,"column":2},"end":{"line":100,"column":3}},"26":{"start":{"line":97,"column":4},"end":{"line":97,"column":36}},"27":{"start":{"line":99,"column":4},"end":{"line":99,"column":66}},"28":{"start":{"line":103,"column":0},"end":{"line":107,"column":2}}},"fnMap":{"0":{"name":"generateRoom","decl":{"start":{"line":16,"column":9},"end":{"line":16,"column":21}},"loc":{"start":{"line":16,"column":24},"end":{"line":71,"column":1}},"line":16},"1":{"name":"initializeRooms","decl":{"start":{"line":78,"column":9},"end":{"line":78,"column":24}},"loc":{"start":{"line":78,"column":44},"end":{"line":87,"column":1}},"line":78},"2":{"name":"loadRoom","decl":{"start":{"line":95,"column":9},"end":{"line":95,"column":17}},"loc":{"start":{"line":95,"column":42},"end":{"line":101,"column":1}},"line":95}},"branchMap":{"0":{"loc":{"start":{"line":96,"column":2},"end":{"line":100,"column":3}},"type":"if","locations":[{"start":{"line":96,"column":2},"end":{"line":100,"column":3}},{"start":{"line":98,"column":9},"end":{"line":100,"column":3}}],"line":96},"1":{"loc":{"start":{"line":96,"column":6},"end":{"line":96,"column":41}},"type":"binary-expr","locations":[{"start":{"line":96,"column":6},"end":{"line":96,"column":17}},{"start":{"line":96,"column":21},"end":{"line":96,"column":41}}],"line":96}},"s":{"0":0,"1":0,"2":0,"3":0,"4":0,"5":0,"6":0,"7":0,"8":0,"9":0,"10":0,"11":0,"12":0,"13":0,"14":0,"15":0,"16":0,"17":0,"18":0,"19":0,"20":0,"21":0,"22":0,"23":0,"24":0,"25":0,"26":0,"27":0,"28":0},"f":{"0":0,"1":0,"2":0},"b":{"0":[0,0],"1":[0,0]}}
,"/Users/mriu/zombie-browser-game/game/utilityFunctions.js": {"path":"/Users/mriu/zombie-browser-game/game/utilityFunctions.js","statementMap":{"0":{"start":{"line":10,"column":22},"end":{"line":10,"column":60}},"1":{"start":{"line":11,"column":30},"end":{"line":11,"column":43}},"2":{"start":{"line":22,"column":2},"end":{"line":22,"column":52}},"3":{"start":{"line":36,"column":13},"end":{"line":36,"column":20}},"4":{"start":{"line":37,"column":13},"end":{"line":37,"column":20}},"5":{"start":{"line":38,"column":2},"end":{"line":38,"column":27}},"6":{"start":{"line":48,"column":2},"end":{"line":53,"column":3}},"7":{"start":{"line":49,"column":19},"end":{"line":49,"column":46}},"8":{"start":{"line":50,"column":4},"end":{"line":52,"column":5}},"9":{"start":{"line":51,"column":6},"end":{"line":51,"column":44}},"10":{"start":{"line":62,"column":22},"end":{"line":62,"column":52}},"11":{"start":{"line":63,"column":18},"end":{"line":63,"column":20}},"12":{"start":{"line":64,"column":23},"end":{"line":64,"column":32}},"13":{"start":{"line":67,"column":17},"end":{"line":67,"column":18}},"14":{"start":{"line":68,"column":23},"end":{"line":68,"column":26}},"15":{"start":{"line":71,"column":2},"end":{"line":99,"column":3}},"16":{"start":{"line":72,"column":4},"end":{"line":72,"column":15}},"17":{"start":{"line":73,"column":17},"end":{"line":73,"column":30}},"18":{"start":{"line":76,"column":4},"end":{"line":82,"column":5}},"19":{"start":{"line":77,"column":6},"end":{"line":77,"column":30}},"20":{"start":{"line":78,"column":11},"end":{"line":82,"column":5}},"21":{"start":{"line":79,"column":6},"end":{"line":79,"column":28}},"22":{"start":{"line":81,"column":6},"end":{"line":81,"column":33}},"23":{"start":{"line":85,"column":30},"end":{"line":87,"column":5}},"24":{"start":{"line":86,"column":6},"end":{"line":86,"column":78}},"25":{"start":{"line":89,"column":4},"end":{"line":98,"column":5}},"26":{"start":{"line":90,"column":26},"end":{"line":90,"column":97}},"27":{"start":{"line":91,"column":6},"end":{"line":91,"column":36}},"28":{"start":{"line":92,"column":6},"end":{"line":97,"column":9}},"29":{"start":{"line":102,"column":2},"end":{"line":116,"column":3
[...]
olumn":6},"end":{"line":600,"column":42}},"139":{"start":{"line":601,"column":6},"end":{"line":601,"column":38}},"140":{"start":{"line":604,"column":4},"end":{"line":604,"column":48}},"141":{"start":{"line":605,"column":4},"end":{"line":605,"column":38}},"142":{"start":{"line":608,"column":4},"end":{"line":615,"column":5}},"143":{"start":{"line":609,"column":6},"end":{"line":614,"column":9}},"144":{"start":{"line":652,"column":25},"end":{"line":652,"column":58}},"145":{"start":{"line":653,"column":22},"end":{"line":653,"column":67}},"146":{"start":{"line":654,"column":4},"end":{"line":654,"column":51}},"147":{"start":{"line":679,"column":4},"end":{"line":681,"column":5}},"148":{"start":{"line":680,"column":6},"end":{"line":680,"column":43}},"149":{"start":{"line":682,"column":4},"end":{"line":684,"column":32}},"150":{"start":{"line":683,"column":6},"end":{"line":683,"column":25}},"151":{"start":{"line":718,"column":4},"end":{"line":720,"column":5}},"152":{"start":{"line":719,"column":6},"end":{"line":719,"column":43}},"153":{"start":{"line":722,"column":4},"end":{"line":724,"column":32}},"154":{"start":{"line":723,"column":6},"end":{"line":723,"column":25}},"155":{"start":{"line":750,"column":4},"end":{"line":753,"column":5}},"156":{"start":{"line":751,"column":6},"end":{"line":751,"column":43}},"157":{"start":{"line":752,"column":6},"end":{"line":752,"column":35}},"158":{"start":{"line":757,"column":0},"end":{"line":757,"column":31}}},"fnMap":{"0":{"name":"(anonymous_0)","decl":{"start":{"line":17,"column":2},"end":{"line":17,"column":3}},"loc":{"start":{"line":17,"column":77},"end":{"line":25,"column":3}},"line":17},"1":{"name":"(anonymous_1)","decl":{"start":{"line":51,"column":2},"end":{"line":51,"column":3}},"loc":{"start":{"line":51,"column":23},"end":{"line":63,"column":3}},"line":51},"2":{"name":"(anonymous_2)","decl":{"start":{"line":109,"column":2},"end":{"line":109,"column":3}},"loc":{"start":{"line":109,"column":22},"end":{"line":205,"column":3}},"line":109},"3":{"name":"(anonymous_3)","decl":{"start":{"line":248,"column":2},"end":{"line":248,"column":3}},"loc":{"start":{"line":248,"column":37},"end":{"line":319,"column":3}},"line":248},"4":{"name":"(anonymous_4)","decl":{"start":{"line":364,"column":2},"end":{"line":364,"column":3}},"loc":{"start":{"line":364,"column":48},"end":{"line":427,"column":3}},"line":364},"5":{"name":"(anonymous_5)","decl":{"start":{"line":468,"column":2},"end":{"line":468,"column":3}},"loc":{"start":{"line":468,"column":16},"end":{"line":499,"column":3}},"line":468},"6":{"name":"(anonymous_6)","decl":{"start":{"line":548,"column":2},"end":{"line":548,"column":3}},"loc":{"start":{"line":548,"column":14},"end":{"line":616,"column":3}},"line":548},"7":{"name":"(anonymous_7)","decl":{"start":{"line":651,"column":2},"end":{"line":651,"column":3}},"loc":{"start":{"line":651,"column":21},"end":{"line":655,"column":3}},"line":651},"8":{"name":"(anonymous_8)","decl":{"start":{"line":678,"column":2},"end":{"line":678,"column":3}},"loc":{"start":{"line":678,"column":23},"end":{"line":685,"column":3}},"line":678},"9":{"name":"(anonymous_9)","decl":{"start":{"line":682,"column":40},"end":{"line":682,"column":41}},"loc":{"start":{"line":682,"column":46},"end":{"line":684,"column":5}},"line":682},"10":{"name":"(anonymous_10)","decl":{"start":{"line":717,"column":2},"end":{"line":717,"column":3}},"loc":{"start":{"line":717,"column":25},"end":{"line":725,"column":3}},"line":717},"11":{"name":"(anonymous_11)","decl":{"start":{"line":722,"column":40},"end":{"line":722,"column":41}},"loc":{"start":{"line":722,"column":46},"end":{"line":724,"column":5}},"line":722},"12":{"name":"(anonymous_12)","decl":{"start":{"line":749,"column":2},"end":{"line":749,"column":3}},"loc":{"start":{"line":749,"column":22},"end":{"line":754,"column":3}},"line":749}},"branchMap":{"0":{"loc":{"start":{"line":17,"column":66},"end":{"line":17,"column":75}},"type":"default-arg","locations":[{"start":{"line":17,"column":71},"end":{"line":17,"column":75}}],"line":17},"1":{"loc":{"start":{"line":52,"column":4},"end":{"line":62,"column":5}},"type":"if","locations":[{"start":{"line":52,"column":4},"end":{"line":62,"column":5}},{"start":{"line":54,"column":11},"end":{"line":62,"column":5}}],"line":52},"2":{"loc":{"start":{"line":54,"column":11},"end":{"line":62,"column":5}},"type":"if","locations":[{"start":{"line":54,"column":11},"end":{"line":62,"column":5}},{"start":{"line":56,"column":11},"end":{"line":62,"column":5}}],"line":54},"3":{"loc":{"start":{"line":56,"column":11},"end":{"line":62,"column":5}},"type":"if","locations":[{"start":{"line":56,"column":11},"end":{"line":62,"column":5}},{"start":{"line":58,"column":11},"end":{"line":62,"column":5}}],"line":56},"4":{"loc":{"start":{"line":58,"column":11},"end":{"line":62,"column":5}},"type":"if","locations":[{"start":{"line":58,"column":11},"end":{"line":62,"column":5}},{"start":{"line":60,"column":11},"end":{"line":62,"column":5}}],"line":58},"5":{"loc":{"start":{"line":115,"column":4},"end":{"line":118,"column":5}},"type":"if","locations":[{"start":{"line":115,"column":4},"end":{"line":118,"column":5}},{"start":{},"end":{}}],"line":115},"6":{"loc":{"start":{"line":121,"column":23},"end":{"line":121,"column":59}},"type":"binary-expr","locations":[{"start":{"line":121,"column":23},"end":{"line":121,"column":32}},{"start":{"line":121,"column":36},"end":{"line":121,"column":59}}],"line":121},"7":{"loc":{"start":{"line":133,"column":13},"end":{"line":133,"column":80}},"type":"binary-expr","locations":[{"start":{"line":133,"column":13},"end":{"line":133,"column":54}},{"start":{"line":133,"column":58},"end":{"line":133,"column":80}}],"line":133},"8":{"loc":{"start":{"line":135,"column":4},"end":{"line":138,"column":5}},"type":"if","locations":[{"start":{"line":135,"column":4},"end":{"line":138,"column":5}},{"start":{},"end":{}}],"line":135},"9":{"loc":{"start":{"line":141,"column":20},"end":{"line":141,"column":68}},"type":"binary-expr","locations":[{"start":{"line":141,"column":20},"end":{"line":141,"column":44}},{"start":{"line":141,"column":48},"end":{"line":141,"column":68}}],"line":141},"10":{"loc":{"start":{"line":151,"column":28},"end":{"line":151,"column":47}},"type":"cond-expr","locations":[{"start":{"line":151,"column":38},"end":{"line":151,"column":41}},{"start":{"line":151,"column":44},"end":{"line":151,"column":47}}],"line":151},"11":{"loc":{"start":{"line":156,"column":64},"end":{"line":156,"column":83}},"type":"cond-expr","locations":[{"start":{"line":156,"column":74},"end":{"line":156,"column":77}},{"start":{"line":156,"column":80},"end":{"line":156,"column":83}}],"line":156},"12":{"loc":{"start":{"line":175,"column":16},"end":{"line":175,"column":56}},"type":"cond-expr","locations":[{"start":{"line":175,"column":39},"end":{"line":175,"column":49}},{"start":{"line":175,"column":52},"end":{"line":175,"column":56}}],"line":175},"13":{"loc":{"start":{"line":176,"column":16},"end":{"line":176,"column":57}},"type":"cond-expr","locations":[{"start":{"line":176,"column":40},"end":{"line":176,"column":50}},{"start":{"line":176,"column":53},"end":{"line":176,"column":57}}],"line":176},"14":{"loc":{"start":{"line":177,"column":23},"end":{"line":177,"column":63}},"type":"cond-expr","locations":[{"start":{"line":177,"column":46},"end":{"line":177,"column":56}},{"start":{"line":177,"column":59},"end":{"line":177,"column":63}}],"line":177},"15":{"loc":{"start":{"line":179,"column":20},"end":{"line":179,"column":64}},"type":"cond-expr","locations":[{"start":{"line":179,"column":47},"end":{"line":179,"column":57}},{"start":{"line":179,"column":60},"end":{"line":179,"column":64}}],"line":179},"16":{"loc":{"start":{"line":180,"column":18},"end":{"line":180,"column":60}},"type":"cond-expr","locations":[{"start":{"line":180,"column":43},"end":{"line":180,"column":53}},{"start":{"line":180,"column":56},"end":{"line":180,"column":60}}],"line":180},"17":{"loc":{"start":{"line":181,"column":19},"end":{"line":181,"column":52}},"type":"cond-expr","locations":[{"start":{"line":181,"column":44},"end":{"line":181,"column":45}},{"start":{"line":181,"column":48},"end":{"line":181,"column":52}}],"line":181},"18":{"loc":{"start":{"line":183,"column":19},"end":{"line":183,"column":52}},"type":"cond-expr","locations":[{"start":{"line":183,"column":44},"end":{"line":183,"column":45}},{"start":{"line":183,"column":48},"end":{"line":183,"column":52}}],"line":183},"19":{"loc":{"start":{"line":185,"column":15},"end":{"line":185,"column":53}},"type":"cond-expr","locations":[{"start":{"line":185,"column":41},"end":{"line":185,"column":46}},{"start":{"line":185,"column":49},"end":{"line":185,"column":53}}],"line":185},"20":{"loc":{"start":{"line":186,"column":22},"end":{"line":186,"column":60}},"type":"cond-expr","locations":[{"start":{"line":186,"column":48},"end":{"line":186,"column":53}},{"start":{"line":186,"column":56},"end":{"line":186,"column":60}}],"line":186},"21":{"loc":{"start":{"line":187,"column":16},"end":{"line":187,"column":50}},"type":"cond-expr","locations":[{"start":{"line":187,"column":42},"end":{"line":187,"column":43}},{"start":{"line":187,"column":46},"end":{"line":187,"column":50}}],"line":187},"22":{"loc":{"start":{"line":188,"column":17},"end":{"line":188,"column":55}},"type":"cond-expr","locations":[{"start":{"line":188,"column":43},"end":{"line":188,"column":48}},{"start":{"line":188,"column":51},"end":{"line":188,"column":55}}],"line":188},"23":{"loc":{"start":{"line":189,"column":19},"end":{"line":189,"column":53}},"type":"cond-expr","locations":[{"start":{"line":189,"column":45},"end":{"line":189,"column":46}},{"start":{"line":189,"column":49},"end":{"line":189,"column":53}}],"line":189},"24":{"loc":{"start":{"line":191,"column":21},"end":{"line":191,"column":66}},"type":"cond-expr","locations":[{"start":{"line":191,"column":49},"end":{"line":191,"column":59}},{"start":{"line":191,"column":62},"end":{"line":191,"column":66}}],"line":191},"25":{"loc":{"start":{"line":193,"column":18},"end":{"line":193,"column":48}},"type":"cond-expr","locations":[{"start":{"line":193,"column":40},"end":{"line":193,"column":41}},{"start":{"line":193,"column":44},"end":{"line":193,"column":48}}],"line":193},"26":{"loc":{"start":{"line":194,"column":18},"end":{"line":194,"column":52}},"type":"cond-expr","locations":[{"start":{"line":194,"column":40},"end":{"line":194,"column":45}},{"start":{"line":194,"column":48},"end":{"line":194,"column":52}}],"line":194},"27":{"loc":{"start":{"line":195,"column":21},"end":{"line":195,"column":51}},"type":"cond-expr","locations":[{"start":{"line":195,"column":43},"end":{"line":195,"column":44}},{"start":{"line":195,"column":47},"end":{"line":195,"column":51}}],"line":195},"28":{"loc":{"start":{"line":196,"column":19},"end":{"line":196,"column":49}},"type":"cond-expr","locations":[{"start":{"line":196,"column":41},"end":{"line":196,"column":42}},{"start":{"line":196,"column":45},"end":{"line":196,"column":49}}],"line":196},"29":{"loc":{"start":{"line":198,"column":18},"end":{"line":198,"column":56}},"type":"cond-expr","locations":[{"start":{"line":198,"column":40},"end":{"line":198,"column":49}},{"start":{"line":198,"column":52},"end":{"line":198,"column":56}}],"line":198},"30":{"loc":{"start":{"line":199,"column":17},"end":{"line":199,"column":55}},"type":"cond-expr","locations":[{"start":{"line":199,"column":39},"end":{"line":199,"column":48}},{"start":{"line":199,"column":51},"end":{"line":199,"column":55}}],"line":199},"31":{"loc":{"start":{"line":200,"column":19},"end":{"line":200,"column":57}},"type":"cond-expr","locations":[{"start":{"line":200,"column":41},"end":{"line":200,"column":50}},{"start":{"line":200,"column":53},"end":{"line":200,"column":57}}],"line":200},"32":{"loc":{"start":{"line":250,"column":4},"end":{"line":253,"column":5}},"type":"if","locations":[{"start":{"line":250,"column":4},"end":{"line":253,"column":5}},{"start":{},"end":{}}],"line":250},"33":{"loc":{"start":{"line":255,"column":23},"end":{"line":255,"column":59}},"type":"binary-expr","locations":[{"start":{"line":255,"column":23},"end":{"line":255,"column":32}},{"start":{"line":255,"column":36},"end":{"line":255,"column":59}}],"line":255},"34":{"loc":{"start":{"line":263,"column":4},"end":{"line":288,"column":5}},"type":"if","locations":[{"start":{"line":263,"column":4},"end":{"line":288,"column":5}},{"start":{},"end":{}}],"line":263},"35":{"loc":{"start":{"line":277,"column":8},"end":{"line":282,"column":9}},"type":"if","locations":[{"start":{"line":277,"column":8},"end":{"line":282,"column":9}},{"start":{},"end":{}}],"line":277},"36":{"loc":{"start":{"line":285,"column":6},"end":{"line":287,"column":7}},"type":"if","locations":[{"start":{"line":285,"column":6},"end":{"line":287,"column":7}},{"start":{},"end":{}}],"line":285},"37":{"loc":{"start":{"line":314,"column":15},"end":{"line":314,"column":36}},"type":"binary-expr","locations":[{"start":{"line":314,"column":15},"end":{"line":314,"column":27}},{"start":{"line":314,"column":31},"end":{"line":314,"column":36}}],"line":314},"38":{"loc":{"start":{"line":366,"column":4},"end":{"line":368,"column":5}},"type":"if","locations":[{"start":{"line":366,"column":4},"end":{"line":368,"column":5}},{"start":{},"end":{}}],"line":366},"39":{"loc":{"start":{"line":371,"column":23},"end":{"line":371,"column":59}},"type":"binary-expr","locations":[{"start":{"line":371,"column":23},"end":{"line":371,"column":32}},{"start":{"line":371,"column":36},"end":{"line":371,"column":59}}],"line":371},"40":{"loc":{"start":{"line":390,"column":13},"end":{"line":390,"column":80}},"type":"binary-expr","locations":[{"start":{"line":390,"column":13},"end":{"line":390,"column":54}},{"start":{"line":390,"column":58},"end":{"line":390,"column":80}}],"line":390},"41":{"loc":{"start":{"line":393,"column":4},"end":{"line":395,"column":5}},"type":"if","locations":[{"start":{"line":393,"column":4},"end":{"line":395,"column":5}},{"start":{},"end":{}}],"line":393},"42":{"loc":{"start":{"line":469,"column":4},"end":{"line":471,"column":5}},"type":"if","locations":[{"start":{"line":469,"column":4},"end":{"line":471,"column":5}},{"start":{},"end":{}}],"line":469},"43":{"loc":{"start":{"line":478,"column":4},"end":{"line":484,"column":5}},"type":"if","locations":[{"start":{"line":478,"column":4},"end":{"line":484,"column":5}},{"start":{},"end":{}}],"line":478},"44":{"loc":{"start":{"line":480,"column":6},"end":{"line":482,"column":7}},"type":"if","locations":[{"start":{"line":480,"column":6},"end":{"line":482,"column":7}},{"start":{},"end":{}}],"line":480},"45":{"loc":{"start":{"line":480,"column":10},"end":{"line":480,"column":89}},"type":"binary-expr","locations":[{"start":{"line":480,"column":10},"end":{"line":480,"column":37}},{"start":{"line":480,"column":41},"end":{"line":480,"column":89}}],"line":480},"46":{"loc":{"start":{"line":490,"column":6},"end":{"line":492,"column":7}},"type":"if","locations":[{"start":{"line":490,"column":6},"end":{"line":492,"column":7}},{"start":{},"end":{}}],"line":490},"47":{"loc":{"start":{"line":493,"column":6},"end":{"line":495,"column":7}},"type":"if","locations":[{"start":{"line":493,"column":6},"end":{"line":495,"column":7}},{"start":{},"end":{}}],"line":493},"48":{"loc":{"start":{"line":550,"column":21},"end":{"line":550,"column":81}},"type":"binary-expr","locations":[{"start":{"line":550,"column":21},"end":{"line":550,"column":71}},{"start":{"line":550,"column":75},"end":{"line":550,"column":81}}],"line":550},"49":{"loc":{"start":{"line":551,"column":17},"end":{"line":551,"column":68}},"type":"binary-expr","locations":[{"start":{"line":551,"column":17},"end":{"line":551,"column":43}},{"start":{"line":551,"column":47},"end":{"line":551,"column":68}}],"line":551},"50":{"loc":{"start":{"line":586,"column":4},"end":{"line":602,"column":5}},"type":"if","locations":[{"start":{"line":586,"column":4},"end":{"line":602,"column":5}},{"start":{"line":588,"column":11},"end":{"line":602,"column":5}}],"line":586},"51":{"loc":{"start":{"line":588,"column":11},"end":{"line":602,"column":5}},"type":"if","locations":[{"start":{"line":588,"column":11},"end":{"line":602,"column":5}},{"start":{"line":590,"column":11},"end":{"line":602,"column":5}}],"line":588},"52":{"loc":{"start":{"line":590,"column":11},"end":{"line":602,"column":5}},"type":"if","locations":[{"start":{"line":590,"column":11},"end":{"line":602,"column":5}},{"start":{"line":592,"column":11},"end":{"line":602,"column":5}}],"line":590},"53":{"loc":{"start":{"line":592,"column":11},"end":{"line":602,"column":5}},"type":"if","locations":[{"start":{"line":592,"column":11},"end":{"line":602,"column":5}},{"start":{"line":596,"column":11},"end":{"line":602,"column":5}}],"line":592},"54":{"loc":{"start":{"line":596,"column":11},"end":{"line":602,"column":5}},"type":"if","locations":[{"start":{"line":596,"column":11},"end":{"line":602,"column":5}},{"start":{},"end":{}}],"line":596},"55":{"loc":{"start":{"line":608,"column":4},"end":{"line":615,"column":5}},"type":"if","locations":[{"start":{"line":608,"column":4},"end":{"line":615,"column":5}},{"start":{},"end":{}}],"line":608},"56":{"loc":{"start":{"line":679,"column":4},"end":{"line":681,"column":5}},"type":"if","locations":[{"start":{"line":679,"column":4},"end":{"line":681,"column":5}},{"start":{},"end":{}}],"line":679},"57":{"loc":{"start":{"line":718,"column":4},"end":{"line":720,"column":5}},"type":"if","locations":[{"start":{"line":718,"column":4},"end":{"line":720,"column":5}},{"start":{},"end":{}}],"line":718},"58":{"loc":{"start":{"line":750,"column":4},"end":{"line":753,"column":5}},"type":"if","locations":[{"start":{"line":750,"column":4},"end":{"line":753,"column":5}},{"start":{},"end":{}}],"line":750}},"s":{"0":0,"1":0,"2":0,"3":0,"4":0,"5":0,"6":0,"7":0,"8":0,"9":0,"10":0,"11":0,"12":0,"13":0,"14":0,"15":0,"16":0,"17":0,"18":0,"19":0,"20":0,"21":0,"22":0,"23":0,"24":0,"25":0,"26":0,"27":0,"28":0,"29":0,"30":0,"31":0,"32":0,"33":0,"34":0,"35":0,"36":0,"37":0,"38":0,"39":0,"40":0,"41":0,"42":0,"43":0,"44":0,"45":0,"46":0,"47":0,"48":0,"49":0,"50":0,"51":0,"52":0,"53":0,"54":0,"55":0,"56":0,"57":0,"58":0,"59":0,"60":0,"61":0,"62":0,"63":0,"64":0,"65":0,"66":0,"67":0,"68":0,"69":0,"70":0,"71":0,"72":0,"73":0,"74":0,"75":0,"76":0,"77":0,"78":0,"79":0,"80":0,"81":0,"82":0,"83":0,"84":0,"85":0,"86":0,"87":0,"88":0,"89":0,"90":0,"91":0,"92":0,"93":0,"94":0,"95":0,"96":0,"97":0,"98":0,"99":0,"100":0,"101":0,"102":0,"103":0,"104":0,"105":0,"106":0,"107":0,"108":0,"109":0,"110":0,"111":0,"112":0,"113":0,"114":0,"115":0,"116":0,"117":0,"118":0,"119":0,"120":0,"121":0,"122":0,"123":0,"124":0,"125":0,"126":0,"127":0,"128":0,"129":0,"130":0,"131":0,"132":0,"133":0,"134":0,"135":0,"136":0,"137":0,"138":0,"139":0,"140":0,"141":0,"142":0,"143":0,"144":0,"145":0,"146":0,"147":0,"148":0,"149":0,"150":0,"151":0,"152":0,"153":0,"154":0,"155":0,"156":0,"157":0,"158":0},"f":{"0":0,"1":0,"2":0,"3":0,"4":0,"5":0,"6":0,"7":0,"8":0,"9":0,"10":0,"11":0,"12":0},"b":{"0":[0],"1":[0,0],"2":[0,0],"3":[0,0],"4":[0,0],"5":[0,0],"6":[0,0],"7":[0,0],"8":[0,0],"9":[0,0],"10":[0,0],"11":[0,0],"12":[0,0],"13":[0,0],"14":[0,0],"15":[0,0],"16":[0,0],"17":[0,0],"18":[0,0],"19":[0,0],"20":[0,0],"21":[0,0],"22":[0,0],"23":[0,0],"24":[0,0],"25":[0,0],"26":[0,0],"27":[0,0],"28":[0,0],"29":[0,0],"30":[0,0],"31":[0,0],"32":[0,0],"33":[0,0],"34":[0,0],"35":[0,0],"36":[0,0],"37":[0,0],"38":[0,0],"39":[0,0],"40":[0,0],"41":[0,0],"42":[0,0],"43":[0,0],"44":[0,0],"45":[0,0],"46":[0,0],"47":[0,0],"48":[0,0],"49":[0,0],"50":[0,0],"51":[0,0],"52":[0,0],"53":[0,0],"54":[0,0],"55":[0,0],"56":[0,0],"57":[0,0],"58":[0,0]}}
,"/Users/mriu/zombie-browser-game/lib/server/ZombieTypes Extended.js": {"path":"/Users/mriu/zombie-browser-game/lib/server/ZombieTypes Extended.js","statementMap":{"0":{"start":{"line":7,"column":30},"end":{"line":1376,"column":1}},"1":{"start":{"line":1378,"column":0},"end":{"line":1378,"column":43}}},"fnMap":{},"branchMap":{},"s":{"0":0,"1":0},"f":{},"b":{}}
}
