{"/Users/mriu/Downloads/zombie-browser-game/game/gameConstants.js": {"path":"/Users/mriu/Downloads/zombie-browser-game/game/gameConstants.js","statementMap":{"0":{"start":{"line":9,"column":25},"end":{"line":22,"column":1}},"1":{"start":{"line":27,"column":26},"end":{"line":34,"column":1}},"2":{"start":{"line":39,"column":29},"end":{"line":55,"column":1}},"3":{"start":{"line":60,"column":25},"end":{"line":73,"column":1}},"4":{"start":{"line":78,"column":27},"end":{"line":92,"column":1}},"5":{"start":{"line":97,"column":26},"end":{"line":106,"column":1}},"6":{"start":{"line":111,"column":30},"end":{"line":125,"column":1}},"7":{"start":{"line":127,"column":0},"end":{"line":135,"column":2}}},"fnMap":{},"branchMap":{},"s":{"0":0,"1":0,"2":0,"3":0,"4":0,"5":0,"6":0,"7":0},"f":{},"b":{}}
,"/Users/mriu/Downloads/zombie-browser-game/game/gameLoop.js": {"path":"/Users/mriu/Downloads/zombie-browser-game/game/gameLoop.js","statementMap":{"0":{"start":{"line":11,"column":22},"end":{"line":11,"column":60}},"1":{"start":{"line":12,"column":18},"end":{"line":12,"column":45}},"2":{"start":{"line":13,"column":60},"end":{"line":13,"column":89}},"3":{"start":{"line":14,"column":57},"end":{"line":14,"column":83}},"4":{"start":{"line":16,"column":48},"end":{"line":16,"column":61}},"5":{"start":{"line":19,"column":22},"end":{"line":19,"column":27}},"6":{"start":{"line":31,"column":2},"end":{"line":31,"column":38}},"7":{"start":{"line":31,"column":25},"end":{"line":31,"column":38}},"8":{"start":{"line":33,"column":2},"end":{"line":33,"column":20}},"9":{"start":{"line":36,"column":18},"end":{"line":36,"column":77}},"10":{"start":{"line":38,"column":2},"end":{"line":63,"column":3}},"11":{"start":{"line":39,"column":4},"end":{"line":39,"column":25}},"12":{"start":{"line":42,"column":4},"end":{"line":62,"column":5}},"13":{"start":{"line":44,"column":6},"end":{"line":44,"column":35}},"14":{"start":{"line":45,"column":6},"end":{"line":45,"column":65}},"15":{"start":{"line":46,"column":6},"end":{"line":46,"column":75}},"16":{"start":{"line":47,"column":6},"end":{"line":47,"column":40}},"17":{"start":{"line":49,"column":27},"end":{"line":56,"column":7}},"18":{"start":{"line":58,"column":6},"end":{"line":61,"column":11}},"19":{"start":{"line":60,"column":10},"end":{"line":60,"column":63}},"20":{"start":{"line":65,"column":2},"end":{"line":65,"column":17}},"21":{"start":{"line":81,"column":2},"end":{"line":81,"column":34}},"22":{"start":{"line":84,"column":2},"end":{"line":87,"column":3}},"23":{"start":{"line":85,"column":4},"end":{"line":85,"column":87}},"24":{"start":{"line":86,"column":4},"end":{"line":86,"column":11}},"25":{"start":{"line":89,"column":2},"end":{"line":89,"column":25}},"26":{"start":{"line":91,"column":19},"end":{"line":91,"column":29}},"27":{"start":{"line":93,"column":2},"end":{"line":336,"column":3}},"28":{"start":{"line":94,"column":16},"end":{"line":94,"column":26}},"29":{"start":{"line":97,"column":4},"end":{"line":97,"column":46}},"30":{"start":{"line":98,"column":4},"end":{"line":98,"column":46}},"31":{"start":{"line":99,"column":4},"end":{"line":99,"column":47}},"32":{"start":{"line":100,"column":4},"end":{"line":100,"column":46}},"33":{"start":{"line":101,"column":4},"end":{"line":101,"column":43}},"34":{"start":{"line":104,"column":4},"end":{"line":104,"column":39}},"35":{"start":{"line":107,"column":2},"end":{"line":256,"column":3}},"36":{"start":{"line":108,"column":19},"end":{"line":108,"column":46}},"37":{"start":{"line":110,"column":4},"end":{"line":110,"column":32}},"38":{"start":{"line":110,"column":23},"end":{"line":110,"column":32}},"39":{"start":{"line":113,"column":4},"end":{"line":115,"column":5}},"40":{"start":{"line":114,"column":6},"end":{"line":114,"column":37}},"41":{"start":{"line":118,"column":4},"end":{"line":120,"column":5}},"42":{"start":{"line":119,"column":6},"end":{"line":119,"column":31}},"43":{"start":{"line":123,"column":4},"end":{"line":126,"column":5}},"44":{"start":{"line":124,"column":6},"end":{"line":124,"column":31}},"45":{"start":{"line":125,"column":6},"end":{"line":125,"column":32}},"46":{"start":{"line":129,"column":4},"end":{"line":131,"column":5}},"47":{"start":{"line":130,"column":6},"end":{"line":130,"column":31}},"48":{"start":{"line":134,"column":26},"end":{"line":134,"column":30}},"49":{"start":{"line":135,"column":4},"end":{"line":140,"column":5}},"50":{"start":{"line":136,"column":6},"end":{"line":136,"column":23}},"51":{"start":{"line":137,"column":6},"end":{"line":137,"column":28}},"52":{"start":{"line":139,"column":6},"end":{"line":139,"column":41}},"53":{"start":{"line":143,"column":4},"end":{"line":148,"column":5}},"54":{"start":{"line":144,"column":6},"end":{"line":147,"column":7}},"55":{"start":{"line":145,"column":8},"end":{"line":145,"column":88}},"56":{"start":{"line":146,"column":8},"end":{"line":146,"column":35}},"57":{"start":{"line":151,"column":4},"end":{"line":190,"column":5}},"58":{"start":{"line":153,"column":31},"end":{"line":153,"column":55}},"59":{"start":{"line":155,"column":6},"end":{"line":189,"column":7}},"60":{"start":{"line":157,"column":32},"end":{"line":157,"column":35}},"61":{"start":{"line":158,"column":30},"end":{"line":158,"column":101}},"62":{"start":{"line":161,"column":8},"end":{"line":188,"column":9}},"63":{"start":{"line":162,"column":24},"end":{"line":162,"column":90}},"64":{"start":{"line":165,"column":29},"end":{"line":165,"column":55}},"65":{"start":{"line":166,"column":25},"end":{"line":166,"column":68}},"66":{"start":{"line":169,"column":10},"end":{"line":182,"column":13}},"67":{"start":{"line":184,"column":10},"end":{"line":184,"column":36}},"68":{"start":{"line":187,"column":10},"end":{"line":187,"column":75}},"69":{"start":{"line":193,"column":4},"end":{"line":255,"column":5}},"70":{"start":{"line":194,"column":6},"end":{"line":194,"column":58}},"71":{"start":{"line":194,"column":33},"end":{"line":194,"column":58}},"72":{"start":{"line":196,"column":26},"end":{"line":196,"column":57}},"73":{"start":{"line":197,"column":28},"end":{"line":197,"column":83}},"74":{"start":{"line":199,"column":6},"end":{"line":254,"column":7}},"75":{"start":{"line":201,"column":31},"end":{"line":201,"column":111}},"76":{"start":{"line":204,"column":24},"end":{"line":204,"column":76}},"77":{"start":{"line":206,"column":8},"end":{"line":253,"column":9}},"78":{"start":{"line":207,"column":25},"end":{"line":207,"column":76}},"79":{"start":{"line":210,"column":10},"end":{"line":250,"column":11}},"80":{"start":{"line":211,"column":12},"end":{"line":211,"column":36}},"81":{"start":{"line":214,"column":12},"end":{"line":217,"column":13}},"82":{"start":{"line":215,"column":33},"end":{"line":215,"column":58}},"83":{"start":{"line":216,"column":14},"end":{"line":216,"column":85}},"84":{"start":{"line":220,"column":26},"end":{"line":220,"column":27}},"85":{"start":{"line":221,"column":12},"end":{"line":226,"column":13}},"86":{"start":{"line":221,"column":25},"end":{"line":221,"column":26}},"87":{"start":{"line":222,"column":28},"end":{"line":222,"column":37}},"88":{"start":{"line":223,"column":27},"end":{"line":223,"column":67}},"89":{"start":{"line":224,"column":27},"end":{"line":224,"column":67}},"90":{"start":{"line":225,"column":14},"end":{"line":225,"column":79}},"91":{"start":{"line":229,"column":12},"end":{"line":229,"column":85}},"92":{"start":{"line":232,"column":12},"end":{"line":249,"column":13}},"93":{"start":{"line":234,"column":14},"end":{"line":234,"column":83}},"94":{"start":{"line":236,"column":32},"end":{"line":236,"column":47}},"95":{"start":{"line":237,"column":30},"end":{"line":237,"column":43}},"96":{"start":{"line":239,"column":14},"end":{"line":244,"column":15}},"97":{"start":{"line":240,"column":16},"end":{"line":240,"column":55}},"98":{"start":{"line":241,"column":16},"end":{"line":241,"column":40}},"99":{"start":{"line":242,"column":16},"end":{"line":242,"column":55}},"100":{"start":{"line":243,"column":16},"end":{"line":243,"column":71}},"101":{"start":{"line":246,"column":14},"end":{"line":246,"column":76}},"102":{"start":{"line":247,"column":14},"end":{"line":247,"column":50}},"103":{"start":{"line":248,"column":14},"end":{"line":248,"column":48}},"104":{"start":{"line":252,"column":10},"end":{"line":252,"column":37}},"105":{"start":{"line":259,"column":2},"end":{"line":259,"column":55}},"106":{"start":{"line":259,"column":29},"end":{"line":259,"column":55}},"107":{"start":{"line":262,"column":2},"end":{"line":264,"column":5}},"108":{"start":{"line":263,"column":4},"end":{"line":263,"column":50}},"109":{"start":{"line":267,"column":2},"end":{"line":294,"column":3}},"110":{"start":{"line":268,"column":4},"end":{"line":293,"column":5}},"111":{"start":{"line":269,"column":21},"end":{"line":269,"column":48}},"112":{"start":{"line":270,"column":6},"end":{"line":270,"column":34}},"113":{"start":{"line":270,"column":25},"end":{"line":270,"column":34}},"114":{"start":{"line":273,"column":19},"end":{"line":273,"column":63}},"115":{"start":{"line":274,"column":6},"end":{"line":292,"column":7}},"116":{"start":{"line":276,"column":8},"end":{"line":276,"column":51}},"117":{"start":{"line":276,"column":30},"end":{"line":276,"column":51}},"118":{"start":{"line":277,"column":8},"end":{"line":291,"column":9}},"119":{"start":{"line":278,"column":10},"end":{"line":278,"column":42}},"120":{"start":{"line":281,"column":10},"end":{"line":281,"column":39}},"121":{"start":{"line":284,"column":10},"end":{"line":284,"column":75}},"122":{"start":{"line":287,"column":10},"end":{"line":290,"column":11}},"123":{"start":{"line":288,"column":12},"end":{"line":288,"column":82}},"124":{"start":{"line":289,"column":12},"end":{"line":289,"column":78}},"125":{"start":{"line":297,"column":2},"end":{"line":297,"column":101}},"126":{"start":{"line":300,"column":2},"end":{"line":300,"column":70}},"127":{"start":{"line":303,"column":2},"end":{"line":303,"column":55}},"128":{"start":{"line":306,"column":2},"end":{"line":306,"column":44}},"129":{"start":{"line":309,"column":2},"end":{"line":309,"column":101}},"130":{"start":{"line":312,"column":2},"end":{"line":317,"column":3}},"131":{"start":{"line":313,"column":21},"end":{"line":313,"column":52}},"132":{"start":{"line":314,"column":4},"end":{"line":314,"column":30}},"133":{"start":{"line":315,"column":4},"end":{"line":315,"column":30}},"134":{"start":{"line":316,"column":4},"end":{"line":316,"column":23}},"135":{"start":{"line":320,"column":2},"end":{"line":320,"column":44}},"136":{"start":{"line":323,"column":2},"end":{"line":323,"column":48}},"137":{"start":{"line":326,"column":2},"end":{"line":326,"column":48}},"138":{"start":{"line":329,"column":4},"end":{"line":329,"column":82}},"139":{"start":{"line":332,"column":22},"end":{"line":332,"column":45}},"140":{"start":{"line":333,"column":4},"end":{"line":333,"column":48}},"141":{"start":{"line":335,"column":4},"end":{"line":335,"column":28}},"142":{"start":{"line":343,"column":2},"end":{"line":476,"column":3}},"143":{"start":{"line":344,"column":19},"end":{"line":344,"column":46}},"144":{"start":{"line":347,"column":4},"end":{"line":365,"column":5}},"145":{"start":{"line":348,"column":25},"end":{"line":348,"column":44}},"146":{"start":{"line":349,"column":6},"end":{"line":364,"column":7}},"147":{"start":{"line":350,"column":8},"end":{"line":350,"column":30}},"148":{"start":{"line":353,"column":30},"end":{"line":355,"column":9}},"149":{"start":{"line":357,"column":8},"end":{"line":363,"column":9}},"150":{"start":{"line":358,"column":10},"end":{"line":362,"column":11}},"151":{"start":{"line":359,"column":12},"end":{"line":359,"column":91}},"152":{"start":{"line":361,"column":12},"end":{"line":361,"column":75}},"153":{"start":{"line":368,"column":4},"end":{"line":381,"column":5}},"154":{"start":{"line":369,"column":25},"end":{"line":369,"column":44}},"155":{"start":{"line":372,"column":28},"end":{"line":374,"column":7}},"156":{"start":{"line":376,"column":6},"end":{"line":380,"column":7}},"157":{"start":{"line":378,"column":8},"end":{"line":378,"column":59}},"158":{"start":{"line":379,"column":8},"end":{"line":379,"column":50}},"159":{"start":{"line":384,"column":4},"end":{"line":422,"column":5}},"160":{"start":{"line":385,"column":26},"end":{"line":385,"column":46}},"161":{"start":{"line":388,"column":6},"end":{"line":421,"column":7}},"162":{"start":{"line":391,"column":29},"end":{"line":394,"column":9}},"163":{"start":{"line":397,"column":8},"end":{"line":420,"column":9}},"164":{"start":{"line":398,"column":10},"end":{"line":398,"column":32}},"165":{"start":{"line":399,"column":24},"end":{"line":399,"column":88}},"166":{"start":{"line":402,"column":10},"end":{"line":416,"column":13}},"167":{"start":{"line":419,"column":10},"end":{"line":419,"column":89}},"168":{"start":{"line":425,"column":4},"end":{"line":447,"column":5}},"169":{"start":{"line":426,"column":25},"end":{"line":426,"column":44}},"170":{"start":{"line":429,"column":6},"end":{"line":446,"column":7}},"171":{"start":{"line":430,"column":8},"end":{"line":430,"column":37}},"172":{"start":{"line":433,"column":24},"end":{"line":433,"column":53}},"173":{"start":{"line":434,"column":8},"end":{"line":442,"column":10}},"174":{"start":{"line":445,"column":8},"end":{"line":445,"column":80}},"175":{"start":{"line":450,"column":4},"end":{"line":450,"column":94}},"176":{"start":{"line":453,"column":4},"end":{"line":453,"column":89}},"177":{"start":{"line":456,"column":4},"end":{"line":456,"column":93}},"178":{"start":{"line":459,"column":4},"end":{"line":459,"column":94}},"179":{"start":{"line":460,"column":4},"end":{"line":460,"column":60}},"180":{"start":{"line":461,"column":4},"end":{"line":461,"column":64}},"181":{"start":{"line":462,"column":4},"end":{"line":462,"column":103}},"182":{"start":{"line":463,"column":4},"end":{"line":463,"column":123}},"183":{"start":{"line":468,"column":4},"end":{"line":468,"column":77}},"184":{"start":{"line":469,"column":4},"end":{"line":469,"column":89}},"185":{"start":{"line":470,"column":4},"end":{"line":470,"column":89}},"186":{"start":{"line":475,"column":4},"end":{"line":475,"column":62}},"187":{"start":{"line":483,"column":2},"end":{"line":483,"column":43}},"188":{"start":{"line":483,"column":36},"end":{"line":483,"column":43}},"189":{"start":{"line":485,"column":25},"end":{"line":485,"column":48}},"190":{"start":{"line":486,"column":2},"end":{"line":526,"column":3}},"191":{"start":{"line":488,"column":26},"end":{"line":491,"column":5}},"192":{"start":{"line":493,"column":4},"end":{"line":525,"column":5}},"193":{"start":{"line":494,"column":27},"end":{"line":494,"column":89}},"194":{"start":{"line":497,"column":6},"end":{"line":524,"column":7}},"195":{"start":{"line":498,"column":8},"end":{"line":498,"column":34}},"196":{"start":{"line":501,"column":30},"end":{"line":501,"column":96}},"197":{"start":{"line":504,"column":33},"end":{"line":505,"column":90}},"198":{"start":{"line":508,"column":21},"end":{"line":508,"column":81}},"199":{"start":{"line":509,"column":21},"end":{"line":509,"column":81}},"200":{"start":{"line":512,"column":28},"end":{"line":512,"column":49}},"201":{"start":{"line":513,"column":8},"end":{"line":523,"column":9}},"202":{"start":{"line":515,"column":10},"end":{"line":515,"column":87}},"203":{"start":{"line":518,"column":10},"end":{"line":518,"column":26}},"204":{"start":{"line":519,"column":10},"end":{"line":519,"column":26}},"205":{"start":{"line":522,"column":10},"end":{"line":522,"column":87}},"206":{"start":{"line":533,"column":2},"end":{"line":533,"column":41}},"207":{"start":{"line":533,"column":34},"end":{"line":533,"column":41}},"208":{"start":{"line":535,"column":23},"end":{"line":535,"column":44}},"209":{"start":{"line":538,"column":23},"end":{"line":538,"column":24}},"210":{"start":{"line":539,"column":2},"end":{"line":544,"column":3}},"211":{"start":{"line":540,"column":14},"end":{"line":540,"column":36}},"212":{"start":{"line":541,"column":4},"end":{"line":543,"column":5}},"213":{"start":{"line":542,"column":6},"end":{"line":542,"column":23}},"214":{"start":{"line":545,"column":2},"end":{"line":545,"column":38}},"215":{"start":{"line":548,"column":2},"end":{"line":569,"column":3}},"216":{"start":{"line":550,"column":4},"end":{"line":550,"column":28}},"217":{"start":{"line":553,"column":27},"end":{"line":556,"column":5}},"218":{"start":{"line":558,"column":4},"end":{"line":563,"column":5}},"219":{"start":{"line":558,"column":17},"end":{"line":558,"column":18}},"220":{"start":{"line":559,"column":22},"end":{"line":559,"column":77}},"221":{"start":{"line":560,"column":6},"end":{"line":562,"column":7}},"222":{"start":{"line":561,"column":8},"end":{"line":561,"column":29}},"223":{"start":{"line":566,"column":4},"end":{"line":568,"column":5}},"224":{"start":{"line":567,"column":6},"end":{"line":567,"column":81}},"225":{"start":{"line":576,"column":2},"end":{"line":576,"column":45}},"226":{"start":{"line":576,"column":38},"end":{"line":576,"column":45}},"227":{"start":{"line":578,"column":19},"end":{"line":578,"column":44}},"228":{"start":{"line":579,"column":2},"end":{"line":589,"column":3}},"229":{"start":{"line":580,"column":4},"end":{"line":580,"column":27}},"230":{"start":{"line":583,"column":4},"end":{"line":588,"column":5}},"231":{"start":{"line":583,"column":17},"end":{"line":583,"column":18}},"232":{"start":{"line":584,"column":26},"end":{"line":584,"column":63}},"233":{"start":{"line":585,"column":6},"end":{"line":587,"column":7}},"234":{"start":{"line":586,"column":8},"end":{"line":586,"column":79}},"235":{"start":{"line":596,"column":2},"end":{"line":596,"column":43}},"236":{"start":{"line":596,"column":36},"end":{"line":596,"column":43}},"237":{"start":{"line":598,"column":19},"end":{"line":598,"column":42}},"238":{"start":{"line":601,"column":2},"end":{"line":617,"column":3}},"239":{"start":{"line":602,"column":4},"end":{"line":602,"column":31}},"240":{"start":{"line":605,"column":4},"end":{"line":605,"column":54}},"241":{"start":{"line":606,"column":4},"end":{"line":614,"column":7}},"242":{"start":{"line":616,"column":4},"end":{"line":616,"column":75}},"243":{"start":{"line":620,"column":2},"end":{"line":643,"column":3}},"244":{"start":{"line":621,"column":4},"end":{"line":621,"column":32}},"245":{"start":{"line":624,"column":4},"end":{"line":639,"column":5}},"246":{"start":{"line":625,"column":21},"end":{"line":625,"column":48}},"247":{"start":{"line":626,"column":6},"end":{"line":626,"column":80}},"248":{"start":{"line":626,"column":71},"end":{"line":626,"column":80}},"249":{"start":{"line":628,"column":19},"end":{"line":628,"column":67}},"250":{"start":{"line":629,"column":6},"end":{"line":638,"column":7}},"251":{"start":{"line":630,"column":8},"end":{"line":630,"column":50}},"252":{"start":{"line":633,"column":8},"end":{"line":633,"column":73}},"253":{"start":{"line":635,"column":8},"end":{"line":637,"column":9}},"254":{"start":{"line":636,"column":10},"end":{"line":636,"column":79}},"255":{"start":{"line":642,"column":4},"end":{"line":642,"column":70}},"256":{"start":{"line":650,"column":2},"end":{"line":650,"column":44}},"257":{"start":{"line":650,"column":37},"end":{"line":650,"column":44}},"258":{"start":{"line":652,"column":19},"end":{"line":652,"column":43}},"259":{"start":{"line":653,"column":24},"end":{"line":653,"column":56}},"260":{"start":{"line":656,"column":2},"end":{"line":665,"column":3}},"261":{"start":{"line":657,"column":4},"end":{"line":657,"column":28}},"262":{"start":{"line":659,"column":4},"end":{"line":662,"column":5}},"263":{"start":{"line":660,"column":6},"end":{"line":660,"column":36}},"264":{"start":{"line":661,"column":6},"end":{"line":661,"column":82}},"265":{"start":{"line":664,"column":4},"end":{"line":664,"column":29}},"266":{"start":{"line":667,"column":2},"end":{"line":679,"column":3}},"267":{"start":{"line":668,"column":4},"end":{"line":668,"column":28}},"268":{"start":{"line":669,"column":4},"end":{"line":669,"column":29}},"269":{"start":{"line":670,"column":4},"end":{"line":670,"column":51}},"270":{"start":{"line":671,"column":4},"end":{"line":671,"column":80}},"271":{"start":{"line":674,"column":4},"end":{"line":674,"column":70}},"272":{"start":{"line":675,"column":4},"end":{"line":678,"column":7}},"273":{"start":{"line":686,"column":2},"end":{"line":686,"column":40}},"274":{"start":{"line":686,"column":33},"end":{"line":686,"column":40}},"275":{"start":{"line":688,"column":19},"end":{"line":688,"column":39}},"276":{"start":{"line":689,"column":24},"end":{"line":689,"column":56}},"277":{"start":{"line":692,"column":21},"end":{"line":692,"column":22}},"278":{"start":{"line":693,"column":2},"end":{"line":697,"column":3}},"279":{"start":{"line":694,"column":4},"end":{"line":694,"column":21}},"280":{"start":{"line":695,"column":9},"end":{"line":697,"column":3}},"281":{"start":{"line":696,"column":4},"end":{"line":696,"column":21}},"282":{"start":{"line":700,"column":2},"end":{"line":708,"column":3}},"283":{"start":{"line":701,"column":4},"end":{"line":701,"column":32}},"284":{"start":{"line":702,"column":4},"end":{"line":706,"column":7}},"285":{"start":{"line":707,"column":4},"end":{"line":707,"column":75}},"286":{"start":{"line":711,"column":2},"end":{"line":739,"column":3}},"287":{"start":{"line":712,"column":4},"end":{"line":712,"column":30}},"288":{"start":{"line":715,"column":26},"end":{"line":718,"column":5}},"289":{"start":{"line":720,"column":4},"end":{"line":738,"column":5}},"290":{"start":{"line":722,"column":28},"end":{"line":722,"column":94}},"291":{"start":{"line":725,"column":31},"end":{"line":725,"column":56}},"292":{"start":{"line":728,"column":19},"end":{"line":728,"column":79}},"293":{"start":{"line":729,"column":19},"end":{"line":729,"column":79}},"294":{"start":{"line":731,"column":26},"end":{"line":731,"column":47}},"295":{"start":{"line":732,"column":6},"end":{"line":737,"column":7}},"296":{"start":{"line":733,"column":8},"end":{"line":733,"column":79}},"297":{"start":{"line":734,"column":8},"end":{"line":734,"column":24}},"298":{"start":{"line":735,"column":8},"end":{"line":735,"column":24}},"299":{"start":{"line":736,"column":8},"end":{"line":736,"column":79}},"300":{"start":{"line":742,"column":2},"end":{"line":753,"column":3}},"301":{"start":{"line":743,"column":4},"end":{"line":743,"column":28}},"302":{"start":{"line":746,"column":4},"end":{"line":751,"column":5}},"303":{"start":{"line":746,"column":17},"end":{"line":746,"column":18}},"304":{"start":{"line":747,"column":26},"end":{"line":747,"column":63}},"305":{"start":{"line":748,"column":6},"end":{"line":750,"column":7}},"306":{"start":{"line":749,"column":8},"end":{"line":749,"column":42}},"307":{"start":{"line":752,"column":4},"end":{"line":752,"column":75}},"308":{"start":{"line":756,"column":2},"end":{"line":799,"column":3}},"309":{"start":{"line":757,"column":4},"end":{"line":757,"column":27}},"310":{"start":{"line":760,"column":4},"end":{"line":789,"column":5}},"311":{"start":{"line":760,"column":17},"end":{"line":760,"column":18}},"312":{"start":{"line":761,"column":20},"end":{"line":761,"column":59}},"313":{"start":{"line":762,"column":28},"end":{"line":762,"column":31}},"314":{"start":{"line":763,"column":21},"end":{"line":763,"column":63}},"315":{"start":{"line":764,"column":21},"end":{"line":764,"column":63}},"316":{"start":{"line":766,"column":22},"end":{"line":766,"column":46}},"317":{"start":{"line":767,"column":6},"end":{"line":785,"column":8}},"318":{"start":{"line":788,"column":6},"end":{"line":788,"column":68}},"319":{"start":{"line":792,"column":4},"end":{"line":792,"column":75}},"320":{"start":{"line":795,"column":4},"end":{"line":798,"column":7}},"321":{"start":{"line":802,"column":2},"end":{"line":805,"column":3}},"322":{"start":{"line":803,"column":4},"end":{"line":803,"column":70}},"323":{"start":{"line":804,"column":4},"end":{"line":804,"column":39}},"324":{"start":{"line":812,"column":2},"end":{"line":812,"column":42}},"325":{"start":{"line":812,"column":35},"end":{"line":812,"column":42}},"326":{"start":{"line":814,"column":19},"end":{"line":814,"column":41}},"327":{"start":{"line":815,"column":24},"end":{"line":815,"column":56}},"328":{"start":{"line":818,"column":21},"end":{"line":818,"column":22}},"329":{"start":{"line":819,"column":2},"end":{"line":825,"column":3}},"330":{"start":{"line":820,"column":4},"end":{"line":820,"column":21}},"331":{"start":{"line":821,"column":9},"end":{"line":825,"column":3}},"332":{"start":{"line":822,"column":4},"end":{"line":822,"column":21}},"333":{"start":{"line":823,"column":9},"end":{"line":825,"column":3}},"334":{"start":{"line":824,"column":4},"end":{"line":824,"column":21}},"335":{"start":{"line":828,"column":2},"end":{"line":836,"column":3}},"336":{"start":{"line":829,"column":4},"end":{"line":829,"column":32}},"337":{"start":{"line":830,"column":4},"end":{"line":834,"column":7}},"338":{"start":{"line":835,"column":4},"end":{"line":835,"column":75}},"339":{"start":{"line":839,"column":2},"end":{"line":867,"column":3}},"340":{"start":{"line":840,"column":4},"end":{"line":840,"column":30}},"341":{"start":{"line":843,"column":26},"end":{"line":846,"column":5}},"342":{"start":{"line":848,"column":4},"end":{"line":866,"column":5}},"343":{"start":{"line":850,"column":28},"end":{"line":850,"column":94}},"344":{"start":{"line":853,"column":31},"end":{"line":853,"column":56}},"345":{"start":{"line":856,"column":19},"end":{"line":856,"column":79}},"346":{"start":{"line":857,"column":19},"end":{"line":857,"column":79}},"347":{"start":{"line":859,"column":26},"end":{"line":859,"column":47}},"348":{"start":{"line":860,"column":6},"end":{"line":865,"column":7}},"349":{"start":{"line":861,"column":8},"end":{"line":861,"column":79}},"350":{"start":{"line":862,"column":8},"end":{"line":862,"column":24}},"351":{"start":{"line":863,"column":8},"end":{"line":863,"column":24}},"352":{"start":{"line":864,"column":8},"end":{"line":864,"column":79}},"353":{"start":{"line":870,"column":2},"end":{"line":883,"column":3}},"354":{"start":{"line":871,"column":4},"end":{"line":871,"column":31}},"355":{"start":{"line":872,"column":4},"end":{"line":872,"column":54}},"356":{"start":{"line":873,"column":4},"end":{"line":881,"column":7}},"357":{"start":{"line":882,"column":4},"end":{"line":882,"column":70}},"358":{"start":{"line":886,"column":2},"end":{"line":895,"column":3}},"359":{"start":{"line":887,"column":4},"end":{"line":887,"column":28}},"360":{"start":{"line":888,"column":4},"end":{"line":893,"column":5}},"361":{"start":{"line":888,"column":17},"end":{"line":888,"column":18}},"362":{"start":{"line":889,"column":26},"end":{"line":889,"column":63}},"363":{"start":{"line":890,"column":6},"end":{"line":892,"column":7}},"364":{"start":{"line":891,"column":8},"end":{"line":891,"column":42}},"365":{"start":{"line":894,"column":4},"end":{"line":894,"column":75}},"366":{"start":{"line":898,"column":2},"end":{"line":957,"column":3}},"367":{"start":{"line":899,"column":4},"end":{"line":899,"column":27}},"368":{"start":{"line":902,"column":26},"end":{"line":905,"column":5}},"369":{"start":{"line":907,"column":4},"end":{"line":956,"column":5}},"370":{"start":{"line":909,"column":20},"end":{"line":909,"column":86}},"371":{"start":{"line":912,"column":25},"end":{"line":912,"column":27}},"372":{"start":{"line":913,"column":6},"end":{"line":919,"column":7}},"373":{"start":{"line":913,"column":19},"end":{"line":913,"column":20}},"374":{"start":{"line":914,"column":23},"end":{"line":914,"column":92}},"375":{"start":{"line":915,"column":23},"end":{"line":915,"column":92}},"376":{"start":{"line":918,"column":8},"end":{"line":918,"column":79}},"377":{"start":{"line":922,"column":6},"end":{"line":942,"column":7}},"378":{"start":{"line":923,"column":23},"end":{"line":923,"column":50}},"379":{"start":{"line":924,"column":8},"end":{"line":924,"column":82}},"380":{"start":{"line":924,"column":73},"end":{"line":924,"column":82}},"381":{"start":{"line":927,"column":28},"end":{"line":927,"column":80}},"382":{"start":{"line":928,"column":26},"end":{"line":928,"column":55}},"383":{"start":{"line":929,"column":29},"end":{"line":929,"column":77}},"384":{"start":{"line":932,"column":8},"end":{"line":941,"column":9}},"385":{"start":{"line":933,"column":10},"end":{"line":933,"column":48}},"386":{"start":{"line":936,"column":10},"end":{"line":936,"column":76}},"387":{"start":{"line":938,"column":10},"end":{"line":940,"column":11}},"388":{"start":{"line":939,"column":12},"end":{"line":939,"column":81}},"389":{"start":{"line":945,"column":6},"end":{"line":945,"column":82}},"390":{"start":{"line":948,"column":6},"end":{"line":955,"column":9}},"391":{"start":{"line":966,"column":24},"end":{"line":969,"column":3}},"392":{"start":{"line":971,"column":14},"end":{"line":971,"column":24}},"393":{"start":{"line":972,"column":22},"end":{"line":972,"column":43}},"394":{"start":{"line":975,"column":2},"end":{"line":1110,"column":3}},"395":{"start":{"line":976,"column":16},"end":{"line":976,"column":82}},"396":{"start":{"line":979,"column":4},"end":{"line":981,"column":5}},"397":{"start":{"line":980,"column":6},"end":{"line":980,"column":33}},"398":{"start":{"line":984,"column":25},"end":{"line":984,"column":37}},"399":{"start":{"line":987,"column":4},"end":{"line":989,"column":5}},"400":{"start":{"line":988,"column":6},"end":{"line":988,"column":51}},"401":{"start":{"line":992,"column":4},"end":{"line":996,"column":5}},"402":{"start":{"line":993,"column":28},"end":{"line":993,"column":50}},"403":{"start":{"line":994,"column":6},"end":{"line":994,"column":47}},"404":{"start":{"line":995,"column":6},"end":{"line":995,"column":31}},"405":{"start":{"line":999,"column":4},"end":{"line":1003,"column":5}},"406":{"start":{"line":1000,"column":24},"end":{"line":1000,"column":42}},"407":{"start":{"line":1001,"column":6},"end":{"line":1001,"column":45}},"408":{"start":{"line":1002,"column":6},"end":{"line":1002,"column":33}},"409":{"start":{"line":1005,"column":17},"end":{"line":1005,"column":69}},"410":{"start":{"line":1006,"column":17},"end":{"line":1006,"column":69}},"411":{"start":{"line":1009,"column":17},"end":{"line":1009,"column":25}},"412":{"start":{"line":1010,"column":17},"end":{"line":1010,"column":25}},"413":{"start":{"line":1013,"column":4},"end":{"line":1027,"column":5}},"414":{"start":{"line":1015,"column":6},"end":{"line":1015,"column":20}},"415":{"start":{"line":1016,"column":6},"end":{"line":1016,"column":20}},"416":{"start":{"line":1020,"column":6},"end":{"line":1022,"column":7}},"417":{"start":{"line":1021,"column":8},"end":{"line":1021,"column":22}},"418":{"start":{"line":1024,"column":6},"end":{"line":1026,"column":7}},"419":{"start":{"line":1025,"column":8},"end":{"line":1025,"column":22}},"420":{"start":{"line":1030,"column":4},"end":{"line":1030,"column":22}},"421":{"start":{"line":1031,"column":4},"end":{"line":1031,"column":22}},"422":{"start":{"line":1034,"column":26},"end":{"line":1038,"column":5}},"423":{"start":{"line":1041,"column":4},"end":{"line":1081,"column":5}},"424":{"start":{"line":1043,"column":6},"end":{"line":1045,"column":7}},"425":{"start":{"line":1044,"column":8},"end":{"line":1044,"column":17}},"426":{"start":{"line":1047,"column":6},"end":{"line":1080,"column":7}},"427":{"start":{"line":1049,"column":8},"end":{"line":1051,"column":9}},"428":{"start":{"line":1050,"column":10},"end":{"line":1050,"column":19}},"429":{"start":{"line":1054,"column":8},"end":{"line":1054,"column":63}},"430":{"start":{"line":1054,"column":36},"end":{"line":1054,"column":63}},"431":{"start":{"line":1055,"column":27},"end":{"line":1055,"column":63}},"432":{"start":{"line":1056,"column":32},"end":{"line":1056,"column":35}},"433":{"start":{"line":1058,"column":8},"end":{"line":1079,"column":9}},"434":{"start":{"line":1060,"column":28},"end":{"line":1060,"column":68}},"435":{"start":{"line":1063,"column":10},"end":{"line":1065,"column":11}},"436":{"start":{"line":1064,"column":12},"end":{"line":1064,"column":55}},"437":{"start":{"line":1067,"column":10},"end":{"line":1067,"column":39}},"438":{"start":{"line":1068,"column":10},"end":{"line":1068,"column":48}},"439":{"start":{"line":1071,"column":10},"end":{"line":1074,"column":11}},"440":{"start":{"line":1072,"column":33},"end":{"line":1072,"column":60}},"441":{"start":{"line":1073,"column":12},"end":{"line":1073,"column":42}},"442":{"start":{"line":1076,"column":10},"end":{"line":1078,"column":11}},"443":{"start":{"line":1077,"column":12},"end":{"line":1077,"column":82}},"444":{"start":{"line":1085,"column":4},"end":{"line":1088,"column":5}},"445":{"start":{"line":1086,"column":6},"end":{"line":1086,"column":55}},"446":{"start":{"line":1087,"column":6},"end":{"line":1087,"column":35}},"447":{"start":{"line":1090,"column":17},"end":{"line":1090,"column":71}},"448":{"start":{"line":1091,"column":17},"end":{"line":1091,"column":71}},"449":{"start":{"line":1094,"column":17},"end":{"line":1094,"column":25}},"450":{"start":{"line":1095,"column":17},"end":{"line":1095,"column":25}},"451":{"start":{"line":1098,"column":4},"end":{"line":1105,"column":5}},"452":{"start":{"line":1100,"column":6},"end":{"line":1100,"column":20}},"453":{"start":{"line":1101,"column":6},"end":{"line":1101,"column":20}},"454":{"start":{"line":1104,"column":6},"end":{"line":1104,"column":55}},"455":{"start":{"line":1108,"column":4},"end":{"line":1108,"column":22}},"456":{"start":{"line":1109,"column":4},"end":{"line":1109,"column":22}},"457":{"start":{"line":1117,"column":2},"end":{"line":1156,"column":3}},"458":{"start":{"line":1118,"column":18},"end":{"line":1118,"column":49}},"459":{"start":{"line":1124,"column":26},"end":{"line":1126,"column":5}},"460":{"start":{"line":1129,"column":4},"end":{"line":1155,"column":5}},"461":{"start":{"line":1131,"column":6},"end":{"line":1133,"column":7}},"462":{"start":{"line":1132,"column":8},"end":{"line":1132,"column":17}},"463":{"start":{"line":1135,"column":19},"end":{"line":1135,"column":65}},"464":{"start":{"line":1136,"column":6},"end":{"line":1154,"column":7}},"465":{"start":{"line":1138,"column":8},"end":{"line":1138,"column":81}},"466":{"start":{"line":1138,"column":45},"end":{"line":1138,"column":81}},"467":{"start":{"line":1139,"column":32},"end":{"line":1139,"column":76}},"468":{"start":{"line":1142,"column":8},"end":{"line":1153,"column":9}},"469":{"start":{"line":1143,"column":10},"end":{"line":1143,"column":40}},"470":{"start":{"line":1144,"column":10},"end":{"line":1144,"column":56}},"471":{"start":{"line":1147,"column":10},"end":{"line":1147,"column":75}},"472":{"start":{"line":1150,"column":10},"end":{"line":1152,"column":11}},"473":{"start":{"line":1151,"column":12},"end":{"line":1151,"column":82}},"474":{"start":{"line":1163,"column":22},"end":{"line":1163,"column":43}},"475":{"start":{"line":1165,"column":2},"end":{"line":1211,"column":3}},"476":{"start":{"line":1166,"column":19},"end":{"line":1166,"column":46}},"477":{"start":{"line":1168,"column":4},"end":{"line":1168,"column":26}},"478":{"start":{"line":1169,"column":4},"end":{"line":1169,"column":26}},"479":{"start":{"line":1172,"column":4},"end":{"line":1174,"column":5}},"480":{"start":{"line":1173,"column":6},"end":{"line":1173,"column":34}},"481":{"start":{"line":1177,"column":4},"end":{"line":1180,"column":5}},"482":{"start":{"line":1178,"column":6},"end":{"line":1178,"column":44}},"483":{"start":{"line":1179,"column":6},"end":{"line":1179,"column":15}},"484":{"start":{"line":1184,"column":29},"end":{"line":1184,"column":49}},"485":{"start":{"line":1185,"column":4},"end":{"line":1190,"column":5}},"486":{"start":{"line":1188,"column":6},"end":{"line":1188,"column":44}},"487":{"start":{"line":1189,"column":6},"end":{"line":1189,"column":15}},"488":{"start":{"line":1193,"column":4},"end":{"line":1201,"column":5}},"489":{"start":{"line":1194,"column":33},"end":{"line":1194,"column":117}},"490":{"start":{"line":1195,"column":6},"end":{"line":1198,"column":7}},"491":{"start":{"line":1196,"column":8},"end":{"line":1196,"column":76}},"492":{"start":{"line":1197,"column":8},"end":{"line":1197,"column":64}},"493":{"start":{"line":1199,"column":11},"end":{"line":1201,"column":5}},"494":{"start":{"line":1200,"column":6},"end":{"line":1200,"column":62}},"495":{"start":{"line":1204,"column":4},"end":{"line":1207,"column":5}},"496":{"start":{"line":1205,"column":6},"end":{"line":1205,"column":79}},"497":{"start":{"line":1206,"column":6},"end":{"line":1206,"column":15}},"498":{"start":{"line":1210,"column":4},"end":{"line":1210,"column":131}},"499":{"start":{"line":1218,"column":2},"end":{"line":1246,"column":3}},"500":{"start":{"line":1219,"column":19},"end":{"line":1219,"column":46}},"501":{"start":{"line":1222,"column":4},"end":{"line":1224,"column":5}},"502":{"start":{"line":1223,"column":6},"end":{"line":1223,"column":15}},"503":{"start":{"line":1226,"column":4},"end":{"line":1245,"column":5}},"504":{"start":{"line":1228,"column":6},"end":{"line":1231,"column":7}},"505":{"start":{"line":1229,"column":8},"end":{"line":1229,"column":46}},"506":{"start":{"line":1230,"column":8},"end":{"line":1230,"column":14}},"507":{"start":{"line":1234,"column":6},"end":{"line":1234,"column":37}},"508":{"start":{"line":1236,"column":6},"end":{"line":1238,"column":7}},"509":{"start":{"line":1237,"column":8},"end":{"line":1237,"column":85}},"510":{"start":{"line":1241,"column":6},"end":{"line":1241,"column":71}},"511":{"start":{"line":1243,"column":6},"end":{"line":1243,"column":44}},"512":{"start":{"line":1244,"column":6},"end":{"line":1244,"column":12}},"513":{"start":{"line":1254,"column":21},"end":{"line":1254,"column":73}},"514":{"start":{"line":1256,"column":2},"end":{"line":1334,"column":3}},"515":{"start":{"line":1258,"column":4},"end":{"line":1260,"column":5}},"516":{"start":{"line":1259,"column":6},"end":{"line":1259,"column":15}},"517":{"start":{"line":1263,"column":22},"end":{"line":1263,"column":35}},"518":{"start":{"line":1265,"column":4},"end":{"line":1284,"column":5}},"519":{"start":{"line":1266,"column":27},"end":{"line":1266,"column":48}},"520":{"start":{"line":1269,"column":26},"end":{"line":1269,"column":58}},"521":{"start":{"line":1272,"column":22},"end":{"line":1272,"column":54}},"522":{"start":{"line":1273,"column":6},"end":{"line":1273,"column":59}},"523":{"start":{"line":1273,"column":34},"end":{"line":1273,"column":59}},"524":{"start":{"line":1274,"column":6},"end":{"line":1274,"column":60}},"525":{"start":{"line":1274,"column":35},"end":{"line":1274,"column":60}},"526":{"start":{"line":1277,"column":6},"end":{"line":1283,"column":7}},"527":{"start":{"line":1279,"column":8},"end":{"line":1279,"column":57}},"528":{"start":{"line":1282,"column":8},"end":{"line":1282,"column":74}},"529":{"start":{"line":1287,"column":4},"end":{"line":1292,"column":5}},"530":{"start":{"line":1288,"column":23},"end":{"line":1288,"column":47}},"531":{"start":{"line":1289,"column":6},"end":{"line":1289,"column":58}},"532":{"start":{"line":1291,"column":6},"end":{"line":1291,"column":83}},"533":{"start":{"line":1294,"column":4},"end":{"line":1294,"column":33}},"534":{"start":{"line":1297,"column":4},"end":{"line":1303,"column":5}},"535":{"start":{"line":1298,"column":22},"end":{"line":1298,"column":56}},"536":{"start":{"line":1299,"column":6},"end":{"line":1302,"column":7}},"537":{"start":{"line":1300,"column":27},"end":{"line":1300,"column":60}},"538":{"start":{"line":1301,"column":8},"end":{"line":1301,"column":82}},"539":{"start":{"line":1306,"column":4},"end":{"line":1313,"column":5}},"540":{"start":{"line":1307,"column":6},"end":{"line":1307,"column":43}},"541":{"start":{"line":1308,"column":6},"end":{"line":1310,"column":7}},"542":{"start":{"line":1309,"column":8},"end":{"line":1309,"column":46}},"543":{"start":{"line":1312,"column":6},"end":{"line":1312,"column":44}},"544":{"start":{"line":1316,"column":4},"end":{"line":1316,"column":78}},"545":{"start":{"line":1319,"column":4},"end":{"line":1319,"column":99}},"546":{"start":{"line":1322,"column":4},"end":{"line":1322,"column":73}},"547":{"start":{"line":1325,"column":4},"end":{"line":1325,"column":72}},"548":{"start":{"line":1328,"column":4},"end":{"line":1328,"column":72}},"549":{"start":{"line":1330,"column":4},"end":{"line":1332,"column":5}},"550":{"start":{"line":1331,"column":6},"end":{"line":1331,"column":112}},"551":{"start":{"line":1333,"column":4},"end":{"line":1333,"column":10}},"552":{"start":{"line":1341,"column":2},"end":{"line":1372,"column":3}},"553":{"start":{"line":1343,"column":4},"end":{"line":1343,"column":96}},"554":{"start":{"line":1346,"column":27},"end":{"line":1346,"column":66}},"555":{"start":{"line":1347,"column":26},"end":{"line":1347,"column":51}},"556":{"start":{"line":1348,"column":4},"end":{"line":1348,"column":86}},"557":{"start":{"line":1351,"column":4},"end":{"line":1354,"column":5}},"558":{"start":{"line":1352,"column":6},"end":{"line":1352,"column":72}},"559":{"start":{"line":1353,"column":6},"end":{"line":1353,"column":72}},"560":{"start":{"line":1357,"column":4},"end":{"line":1371,"column":5}},"561":{"start":{"line":1358,"column":6},"end":{"line":1370,"column":7}},"562":{"start":{"line":1359,"column":22},"end":{"line":1359,"column":48}},"563":{"start":{"line":1360,"column":21},"end":{"line":1360,"column":67}},"564":{"start":{"line":1361,"column":8},"end":{"line":1369,"column":9}},"565":{"start":{"line":1363,"column":31},"end":{"line":1365,"column":59}},"566":{"start":{"line":1366,"column":10},"end":{"line":1366,"column":39}},"567":{"start":{"line":1368,"column":10},"end":{"line":1368,"column":75}},"568":{"start":{"line":1380,"column":2},"end":{"line":1380,"column":71}},"569":{"start":{"line":1383,"column":2},"end":{"line":1385,"column":3}},"570":{"start":{"line":1384,"column":4},"end":{"line":1384,"column":75}},"571":{"start":{"line":1388,"column":2},"end":{"line":1394,"column":3}},"572":{"start":{"line":1389,"column":4},"end":{"line":1389,"column":68}},"573":{"start":{"line":1391,"column":4},"end":{"line":1391,"column":39}},"574":{"start":{"line":1392,"column":4},"end":{"line":1392,"column":38}},"575":{"start":{"line":1393,"column":4},"end":{"line":1393,"column":11}},"576":{"start":{"line":1397,"column":2},"end":{"line":1397,"column":57}},"577":{"start":{"line":1397,"column":30},"end":{"line":1397,"column":57}},"578":{"start":{"line":1398,"column":2},"end":{"line":1404,"column":5}},"579":{"start":{"line":1407,"column":18},"end":{"line":1407,"column":33}},"580":{"start":{"line":1408,"column":16},"end":{"line":1408,"column":29}},"581":{"start":{"line":1411,"column":2},"end":{"line":1417,"column":3}},"582":{"start":{"line":1412,"column":24},"end":{"line":1412,"column":81}},"583":{"start":{"line":1413,"column":4},"end":{"line":1416,"column":5}},"584":{"start":{"line":1414,"column":6},"end":{"line":1414,"column":40}},"585":{"start":{"line":1415,"column":6},"end":{"line":1415,"column":36}},"586":{"start":{"line":1419,"column":2},"end":{"line":1419,"column":64}},"587":{"start":{"line":1422,"column":2},"end":{"line":1427,"column":3}},"588":{"start":{"line":1423,"column":14},"end":{"line":1423,"column":41}},"589":{"start":{"line":1424,"column":4},"end":{"line":1426,"column":5}},"590":{"start":{"line":1425,"column":6},"end":{"line":1425,"column":40}},"591":{"start":{"line":1430,"column":2},"end":{"line":1430,"column":37}},"592":{"start":{"line":1432,"column":2},"end":{"line":1432,"column":36}},"593":{"start":{"line":1435,"column":2},"end":{"line":1437,"column":3}},"594":{"start":{"line":1436,"column":4},"end":{"line":1436,"column":48}},"595":{"start":{"line":1444,"column":24},"end":{"line":1444,"column":46}},"596":{"start":{"line":1446,"column":2},"end":{"line":1446,"column":68}},"597":{"start":{"line":1447,"column":2},"end":{"line":1447,"column":68}},"598":{"start":{"line":1450,"column":2},"end":{"line":1462,"column":3}},"599":{"start":{"line":1451,"column":19},"end":{"line":1451,"column":46}},"600":{"start":{"line":1453,"column":4},"end":{"line":1461,"column":5}},"601":{"start":{"line":1454,"column":19},"end":{"line":1454,"column":67}},"602":{"start":{"line":1455,"column":6},"end":{"line":1460,"column":7}},"603":{"start":{"line":1456,"column":8},"end":{"line":1456,"column":55}},"604":{"start":{"line":1457,"column":8},"end":{"line":1459,"column":9}},"605":{"start":{"line":1458,"column":10},"end":{"line":1458,"column":87}},"606":{"start":{"line":1465,"column":2},"end":{"line":1477,"column":3}},"607":{"start":{"line":1466,"column":4},"end":{"line":1476,"column":5}},"608":{"start":{"line":1467,"column":20},"end":{"line":1467,"column":46}},"609":{"start":{"line":1468,"column":19},"end":{"line":1468,"column":65}},"610":{"start":{"line":1469,"column":6},"end":{"line":1475,"column":7}},"611":{"start":{"line":1471,"column":32},"end":{"line":1471,"column":67}},"612":{"start":{"line":1472,"column":8},"end":{"line":1472,"column":40}},"613":{"start":{"line":1474,"column":8},"end":{"line":1474,"column":73}},"614":{"start":{"line":1484,"column":18},"end":{"line":1484,"column":45}},"615":{"start":{"line":1485,"column":2},"end":{"line":1485,"column":46}},"616":{"start":{"line":1485,"column":34},"end":{"line":1485,"column":46}},"617":{"start":{"line":1487,"column":14},"end":{"line":1487,"column":24}},"618":{"start":{"line":1488,"column":24},"end":{"line":1488,"column":28}},"619":{"start":{"line":1491,"column":2},"end":{"line":1495,"column":3}},"620":{"start":{"line":1492,"column":4},"end":{"line":1492,"column":20}},"621":{"start":{"line":1494,"column":4},"end":{"line":1494,"column":22}},"622":{"start":{"line":1497,"column":2},"end":{"line":1497,"column":27}},"623":{"start":{"line":1498,"column":2},"end":{"line":1498,"column":18}},"624":{"start":{"line":1499,"column":2},"end":{"line":1499,"column":26}},"625":{"start":{"line":1502,"column":2},"end":{"line":1504,"column":3}},"626":{"start":{"line":1503,"column":4},"end":{"line":1503,"column":41}},"627":{"start":{"line":1507,"column":24},"end":{"line":1507,"column":25}},"628":{"start":{"line":1508,"column":2},"end":{"line":1511,"column":51}},"629":{"start":{"line":1508,"column":27},"end":{"line":1508,"column":48}},"630":{"start":{"line":1509,"column":7},"end":{"line":1511,"column":51}},"631":{"start":{"line":1509,"column":32},"end":{"line":1509,"column":52}},"632":{"start":{"line":1510,"column":7},"end":{"line":1511,"column":51}},"633":{"start":{"line":1510,"column":32},"end":{"line":1510,"column":52}},"634":{"start":{"line":1511,"column":7},"end":{"line":1511,"column":51}},"635":{"start":{"line":1511,"column":31},"end":{"line":1511,"column":51}},"636":{"start":{"line":1514,"column":20},"end":{"line":1514,"column":65}},"637":{"start":{"line":1515,"column":18},"end":{"line":1515,"column":61}},"638":{"start":{"line":1518,"column":20},"end":{"line":1518,"column":51}},"639":{"start":{"line":1519,"column":21},"end":{"line":1519,"column":54}},"640":{"start":{"line":1520,"column":2},"end":{"line":1520,"column":47}},"641":{"start":{"line":1523,"column":2},"end":{"line":1529,"column":5}},"642":{"start":{"line":1531,"column":2},"end":{"line":1531,"column":32}},"643":{"start":{"line":1539,"column":2},"end":{"line":1539,"column":19}},"644":{"start":{"line":1540,"column":2},"end":{"line":1540,"column":32}},"645":{"start":{"line":1541,"column":2},"end":{"line":1541,"column":38}},"646":{"start":{"line":1542,"column":2},"end":{"line":1542,"column":39}},"647":{"start":{"line":1545,"column":2},"end":{"line":1545,"column":39}},"648":{"start":{"line":1549,"column":24},"end":{"line":1549,"column":53}},"649":{"start":{"line":1550,"column":2},"end":{"line":1553,"column":5}},"650":{"start":{"line":1556,"column":2},"end":{"line":1562,"column":3}},"651":{"start":{"line":1557,"column":19},"end":{"line":1557,"column":46}},"652":{"start":{"line":1558,"column":4},"end":{"line":1561,"column":5}},"653":{"start":{"line":1559,"column":6},"end":{"line":1559,"column":69}},"654":{"start":{"line":1560,"column":6},"end":{"line":1560,"column":24}},"655":{"start":{"line":1569,"column":2},"end":{"line":1592,"column":3}},"656":{"start":{"line":1570,"column":20},"end":{"line":1570,"column":49}},"657":{"start":{"line":1573,"column":4},"end":{"line":1576,"column":5}},"658":{"start":{"line":1574,"column":6},"end":{"line":1574,"column":43}},"659":{"start":{"line":1575,"column":6},"end":{"line":1575,"column":15}},"660":{"start":{"line":1579,"column":4},"end":{"line":1591,"column":5}},"661":{"start":{"line":1580,"column":21},"end":{"line":1580,"column":48}},"662":{"start":{"line":1582,"column":6},"end":{"line":1590,"column":7}},"663":{"start":{"line":1584,"column":8},"end":{"line":1584,"column":51}},"664":{"start":{"line":1585,"column":8},"end":{"line":1585,"column":45}},"665":{"start":{"line":1588,"column":8},"end":{"line":1588,"column":100}},"666":{"start":{"line":1589,"column":8},"end":{"line":1589,"column":14}},"667":{"start":{"line":1599,"column":2},"end":{"line":1629,"column":3}},"668":{"start":{"line":1600,"column":17},"end":{"line":1600,"column":39}},"669":{"start":{"line":1603,"column":4},"end":{"line":1606,"column":5}},"670":{"start":{"line":1604,"column":6},"end":{"line":1604,"column":36}},"671":{"start":{"line":1605,"column":6},"end":{"line":1605,"column":15}},"672":{"start":{"line":1609,"column":4},"end":{"line":1628,"column":5}},"673":{"start":{"line":1610,"column":21},"end":{"line":1610,"column":48}},"674":{"start":{"line":1611,"column":28},"end":{"line":1611,"column":98}},"675":{"start":{"line":1613,"column":6},"end":{"line":1627,"column":7}},"676":{"start":{"line":1615,"column":8},"end":{"line":1615,"column":33}},"677":{"start":{"line":1616,"column":8},"end":{"line":1616,"column":29}},"678":{"start":{"line":1619,"column":8},"end":{"line":1619,"column":70}},"679":{"start":{"line":1621,"column":8},"end":{"line":1621,"column":38}},"680":{"start":{"line":1624,"column":8},"end":{"line":1624,"column":50}},"681":{"start":{"line":1626,"column":8},"end":{"line":1626,"column":14}},"682":{"start":{"line":1636,"column":2},"end":{"line":1658,"column":3}},"683":{"start":{"line":1637,"column":4},"end":{"line":1637,"column":45}},"684":{"start":{"line":1638,"column":4},"end":{"line":1638,"column":19}},"685":{"start":{"line":1641,"column":25},"end":{"line":1641,"column":29}},"686":{"start":{"line":1642,"column":4},"end":{"line":1644,"column":5}},"687":{"start":{"line":1643,"column":6},"end":{"line":1643,"column":51}},"688":{"start":{"line":1647,"column":27},"end":{"line":1647,"column":51}},"689":{"start":{"line":1650,"column":4},"end":{"line":1650,"column":28}},"690":{"start":{"line":1651,"column":4},"end":{"line":1651,"column":39}},"691":{"start":{"line":1653,"column":4},"end":{"line":1657,"column":7}},"692":{"start":{"line":1665,"column":23},"end":{"line":1665,"column":27}},"693":{"start":{"line":1667,"column":2},"end":{"line":1711,"column":3}},"694":{"start":{"line":1668,"column":4},"end":{"line":1668,"column":27}},"695":{"start":{"line":1669,"column":4},"end":{"line":1669,"column":67}},"696":{"start":{"line":1670,"column":4},"end":{"line":1674,"column":6}},"697":{"start":{"line":1675,"column":9},"end":{"line":1711,"column":3}},"698":{"start":{"line":1676,"column":4},"end":{"line":1676,"column":68}},"699":{"start":{"line":1677,"column":4},"end":{"line":1677,"column":66}},"700":{"start":{"line":1678,"column":4},"end":{"line":1682,"column":6}},"701":{"start":{"line":1683,"column":9},"end":{"line":1711,"column":3}},"702":{"start":{"line":1684,"column":4},"end":{"line":1684,"column":72}},"703":{"start":{"line":1685,"column":4},"end":{"line":1685,"column":64}},"704":{"start":{"line":1686,"column":4},"end":{"line":1690,"column":6}},"705":{"start":{"line":1691,"column":9},"end":{"line":1711,"column":3}},"706":{"start":{"line":1692,"column":4},"end":{"line":1692,"column":28}},"707":{"start":{"line":1693,"column":4},"end":{"line":1693,"column":37}},"708":{"start":{"line":1694,"column":4},"end":{"line":1694,"column":54}},"709":{"start":{"line":1695,"column":4},"end":{"line":1699,"column":6}},"710":{"start":{"line":1702,"column":17},"end":{"line":1702,"column":45}},"711":{"start":{"line":1703,"column":4},"end":{"line":1703,"column":27}},"712":{"start":{"line":1704,"column":4},"end":{"line":1704,"column":67}},"713":{"start":{"line":1705,"column":4},"end":{"line":1705,"column":68}},"714":{"start":{"line":1706,"column":4},"end":{"line":1710,"column":6}},"715":{"start":{"line":1713,"column":2},"end":{"line":1713,"column":24}},"716":{"start":{"line":1720,"column":2},"end":{"line":1720,"column":42}},"717":{"start":{"line":1720,"column":35},"end":{"line":1720,"column":42}},"718":{"start":{"line":1722,"column":24},"end":{"line":1722,"column":46}},"719":{"start":{"line":1725,"column":24},"end":{"line":1725,"column":56}},"720":{"start":{"line":1728,"column":19},"end":{"line":1728,"column":33}},"721":{"start":{"line":1729,"column":26},"end":{"line":1729,"column":47}},"722":{"start":{"line":1731,"column":2},"end":{"line":1740,"column":3}},"723":{"start":{"line":1732,"column":4},"end":{"line":1732,"column":33}},"724":{"start":{"line":1733,"column":4},"end":{"line":1733,"column":26}},"725":{"start":{"line":1734,"column":9},"end":{"line":1740,"column":3}},"726":{"start":{"line":1735,"column":4},"end":{"line":1735,"column":34}},"727":{"start":{"line":1736,"column":4},"end":{"line":1736,"column":26}},"728":{"start":{"line":1738,"column":4},"end":{"line":1738,"column":34}},"729":{"start":{"line":1739,"column":4},"end":{"line":1739,"column":27}},"730":{"start":{"line":1743,"column":2},"end":{"line":1750,"column":3}},"731":{"start":{"line":1745,"column":4},"end":{"line":1745,"column":70}},"732":{"start":{"line":1746,"column":4},"end":{"line":1746,"column":43}},"733":{"start":{"line":1747,"column":9},"end":{"line":1750,"column":3}},"734":{"start":{"line":1749,"column":4},"end":{"line":1749,"column":70}},"735":{"start":{"line":1753,"column":2},"end":{"line":1757,"column":3}},"736":{"start":{"line":1754,"column":4},"end":{"line":1754,"column":43}},"737":{"start":{"line":1756,"column":4},"end":{"line":1756,"column":39}},"738":{"start":{"line":1760,"column":2},"end":{"line":1769,"column":3}},"739":{"start":{"line":1761,"column":4},"end":{"line":1761,"column":74}},"740":{"start":{"line":1762,"column":4},"end":{"line":1762,"column":76}},"741":{"start":{"line":1763,"column":9},"end":{"line":1769,"column":3}},"742":{"start":{"line":1764,"column":4},"end":{"line":1764,"column":67}},"743":{"start":{"line":1765,"column":4},"end":{"line":1765,"column":69}},"744":{"start":{"line":1767,"column":4},"end":{"line":1767,"column":37}},"745":{"start":{"line":1768,"column":4},"end":{"line":1768,"column":38}},"746":{"start":{"line":1772,"column":2},"end":{"line":1807,"column":3}},"747":{"start":{"line":1774,"column":4},"end":{"line":1780,"column":5}},"748":{"start":{"line":1776,"column":6},"end":{"line":1776,"column":13}},"749":{"start":{"line":1777,"column":11},"end":{"line":1780,"column":5}},"750":{"start":{"line":1779,"column":6},"end":{"line":1779,"column":31}},"751":{"start":{"line":1783,"column":4},"end":{"line":1803,"column":5}},"752":{"start":{"line":1785,"column":28},"end":{"line":1788,"column":7}},"753":{"start":{"line":1790,"column":6},"end":{"line":1802,"column":7}},"754":{"start":{"line":1792,"column":8},"end":{"line":1792,"column":30}},"755":{"start":{"line":1793,"column":8},"end":{"line":1793,"column":32}},"756":{"start":{"line":1794,"column":8},"end":{"line":1794,"column":62}},"757":{"start":{"line":1797,"column":30},"end":{"line":1797,"column":96}},"758":{"start":{"line":1798,"column":8},"end":{"line":1798,"column":41}},"759":{"start":{"line":1801,"column":8},"end":{"line":1801,"column":74}},"760":{"start":{"line":1806,"column":4},"end":{"line":1806,"column":29}},"761":{"start":{"line":1814,"column":2},"end":{"line":1814,"column":39}},"762":{"start":{"line":1814,"column":32},"end":{"line":1814,"column":39}},"763":{"start":{"line":1817,"column":2},"end":{"line":1820,"column":3}},"764":{"start":{"line":1818,"column":4},"end":{"line":1818,"column":26}},"765":{"start":{"line":1819,"column":4},"end":{"line":1819,"column":39}},"766":{"start":{"line":1822,"column":17},"end":{"line":1822,"column":53}},"767":{"start":{"line":1825,"column":2},"end":{"line":1905,"column":3}},"768":{"start":{"line":1827,"column":26},"end":{"line":1827,"column":34}},"769":{"start":{"line":1828,"column":24},"end":{"line":1828,"column":28}},"770":{"start":{"line":1829,"column":26},"end":{"line":1829,"column":30}},"771":{"start":{"line":1831,"column":4},"end":{"line":1843,"column":5}},"772":{"start":{"line":1833,"column":6},"end":{"line":1833,"column":60}},"773":{"start":{"line":1833,"column":51},"end":{"line":1833,"column":60}},"774":{"start":{"line":1835,"column":20},"end":{"line":1835,"column":46}},"775":{"start":{"line":1836,"column":19},"end":{"line":1836,"column":65}},"776":{"start":{"line":1838,"column":6},"end":{"line":1842,"column":7}},"777":{"start":{"line":1839,"column":8},"end":{"line":1839,"column":31}},"778":{"start":{"line":1840,"column":8},"end":{"line":1840,"column":30}},"779":{"start":{"line":1841,"column":8},"end":{"line":1841,"column":34}},"780":{"start":{"line":1846,"column":4},"end":{"line":1904,"column":5}},"781":{"start":{"line":1847,"column":6},"end":{"line":1847,"column":26}},"782":{"start":{"line":1848,"column":6},"end":{"line":1848,"column":50}},"783":{"start":{"line":1851,"column":26},"end":{"line":1851,"column":69}},"784":{"start":{"line":1854,"column":6},"end":{"line":1854,"column":42}},"785":{"start":{"line":1857,"column":6},"end":{"line":1863,"column":7}},"786":{"start":{"line":1858,"column":24},"end":{"line":1858,"column":58}},"787":{"start":{"line":1859,"column":8},"end":{"line":1862,"column":9}},"788":{"start":{"line":1860,"column":29},"end":{"line":1860,"column":60}},"789":{"start":{"line":1861,"column":10},"end":{"line":1861,"column":84}},"790":{"start":{"line":1866,"column":20},"end":{"line":1866,"column":21}},"791":{"start":{"line":1867,"column":6},"end":{"line":1874,"column":7}},"792":{"start":{"line":1867,"column":19},"end":{"line":1867,"column":20}},"793":{"start":{"line":1868,"column":22},"end":{"line":1868,"column":31}},"794":{"start":{"line":1869,"column":21},"end":{"line":1869,"column":68}},"795":{"start":{"line":1870,"column":21},"end":{"line":1870,"column":68}},"796":{"start":{"line":1872,"column":23},"end":{"line":1872,"column":53}},"797":{"start":{"line":1873,"column":8},"end":{"line":1873,"column":77}},"798":{"start":{"line":1877,"column":6},"end":{"line":1877,"column":88}},"799":{"start":{"line":1880,"column":6},"end":{"line":1897,"column":7}},"800":{"start":{"line":1881,"column":8},"end":{"line":1881,"column":98}},"801":{"start":{"line":1884,"column":8},"end":{"line":1892,"column":9}},"802":{"start":{"line":1885,"column":26},"end":{"line":1885,"column":60}},"803":{"start":{"line":1886,"column":10},"end":{"line":1891,"column":11}},"804":{"start":{"line":1887,"column":12},"end":{"line":1887,"column":53}},"805":{"start":{"line":1888,"column":12},"end":{"line":1888,"column":44}},"806":{"start":{"line":1889,"column":12},"end":{"line":1889,"column":53}},"807":{"start":{"line":1890,"column":12},"end":{"line":1890,"column":69}},"808":{"start":{"line":1894,"column":8},"end":{"line":1894,"column":110}},"809":{"start":{"line":1895,"column":8},"end":{"line":1895,"column":50}},"810":{"start":{"line":1896,"column":8},"end":{"line":1896,"column":42}},"811":{"start":{"line":1900,"column":6},"end":{"line":1900,"column":34}},"812":{"start":{"line":1903,"column":6},"end":{"line":1903,"column":115}},"813":{"start":{"line":1912,"column":2},"end":{"line":1912,"column":35}},"814":{"start":{"line":1912,"column":28},"end":{"line":1912,"column":35}},"815":{"start":{"line":1914,"column":17},"end":{"line":1914,"column":49}},"816":{"start":{"line":1915,"column":14},"end":{"line":1915,"column":24}},"817":{"start":{"line":1918,"column":2},"end":{"line":1955,"column":3}},"818":{"start":{"line":1919,"column":4},"end":{"line":1926,"column":6}},"819":{"start":{"line":1929,"column":4},"end":{"line":1929,"column":70}},"820":{"start":{"line":1932,"column":4},"end":{"line":1954,"column":5}},"821":{"start":{"line":1933,"column":6},"end":{"line":1953,"column":7}},"822":{"start":{"line":1934,"column":8},"end":{"line":1934,"column":43}},"823":{"start":{"line":1934,"column":34},"end":{"line":1934,"column":43}},"824":{"start":{"line":1936,"column":22},"end":{"line":1936,"column":48}},"825":{"start":{"line":1937,"column":21},"end":{"line":1937,"column":67}},"826":{"start":{"line":1939,"column":8},"end":{"line":1952,"column":9}},"827":{"start":{"line":1941,"column":10},"end":{"line":1948,"column":12}},"828":{"start":{"line":1951,"column":10},"end":{"line":1951,"column":73}},"829":{"start":{"line":1962,"column":2},"end":{"line":1962,"column":34}},"830":{"start":{"line":1962,"column":27},"end":{"line":1962,"column":34}},"831":{"start":{"line":1964,"column":17},"end":{"line":1964,"column":48}},"832":{"start":{"line":1965,"column":14},"end":{"line":1965,"column":24}},"833":{"start":{"line":1968,"column":19},"end":{"line":1968,"column":54}},"834":{"start":{"line":1970,"column":2},"end":{"line":1995,"column":3}},"835":{"start":{"line":1972,"column":4},"end":{"line":1976,"column":6}},"836":{"start":{"line":1977,"column":4},"end":{"line":1977,"column":21}},"837":{"start":{"line":1980,"column":4},"end":{"line":1980,"column":70}},"838":{"start":{"line":1983,"column":4},"end":{"line":1994,"column":5}},"839":{"start":{"line":1984,"column":6},"end":{"line":1989,"column":8}},"840":{"start":{"line":1990,"column":6},"end":{"line":1990,"column":75}},"841":{"start":{"line":1993,"column":6},"end":{"line":1993,"column":71}},"842":{"start":{"line":1998,"column":2},"end":{"line":2019,"column":3}},"843":{"start":{"line":1999,"column":4},"end":{"line":1999,"column":39}},"844":{"start":{"line":1999,"column":30},"end":{"line":1999,"column":39}},"845":{"start":{"line":2001,"column":18},"end":{"line":2001,"column":44}},"846":{"start":{"line":2002,"column":17},"end":{"line":2002,"column":63}},"847":{"start":{"line":2004,"column":4},"end":{"line":2018,"column":5}},"848":{"start":{"line":2006,"column":6},"end":{"line":2017,"column":7}},"849":{"start":{"line":2007,"column":8},"end":{"line":2012,"column":10}},"850":{"start":{"line":2013,"column":8},"end":{"line":2013,"column":81}},"851":{"start":{"line":2016,"column":8},"end":{"line":2016,"column":71}},"852":{"start":{"line":2026,"column":2},"end":{"line":2055,"column":3}},"853":{"start":{"line":2027,"column":19},"end":{"line":2027,"column":46}},"854":{"start":{"line":2029,"column":4},"end":{"line":2054,"column":5}},"855":{"start":{"line":2030,"column":21},"end":{"line":2030,"column":36}},"856":{"start":{"line":2033,"column":6},"end":{"line":2036,"column":7}},"857":{"start":{"line":2034,"column":8},"end":{"line":2034,"column":31}},"858":{"start":{"line":2035,"column":8},"end":{"line":2035,"column":17}},"859":{"start":{"line":2039,"column":6},"end":{"line":2053,"column":7}},"860":{"start":{"line":2040,"column":8},"end":{"line":2040,"column":39}},"861":{"start":{"line":2041,"column":8},"end":{"line":2041,"column":30}},"862":{"start":{"line":2044,"column":8},"end":{"line":2044,"column":73}},"863":{"start":{"line":2047,"column":8},"end":{"line":2052,"column":9}},"864":{"start":{"line":2048,"column":10},"end":{"line":2048,"column":79}},"865":{"start":{"line":2049,"column":10},"end":{"line":2049,"column":84}},"866":{"start":{"line":2050,"column":10},"end":{"line":2050,"column":45}},"867":{"start":{"line":2051,"column":10},"end":{"line":2051,"column":44}},"868":{"start":{"line":2062,"column":2},"end":{"line":2078,"column":3}},"869":{"start":{"line":2063,"column":19},"end":{"line":2063,"column":46}},"870":{"start":{"line":2066,"column":4},"end":{"line":2071,"column":5}},"871":{"start":{"line":2067,"column":6},"end":{"line":2070,"column":7}},"872":{"start":{"line":2068,"column":8},"end":{"line":2068,"column":51}},"873":{"start":{"line":2069,"column":8},"end":{"line":2069,"column":29}},"874":{"start":{"line":2074,"column":4},"end":{"line":2077,"column":5}},"875":{"start":{"line":2075,"column":6},"end":{"line":2075,"column":49}},"876":{"start":{"line":2076,"column":6},"end":{"line":2076,"column":27}},"877":{"start":{"line":2085,"column":2},"end":{"line":2085,"column":44}},"878":{"start":{"line":2085,"column":37},"end":{"line":2085,"column":44}},"879":{"start":{"line":2087,"column":20},"end":{"line":2087,"column":44}},"880":{"start":{"line":2090,"column":2},"end":{"line":2142,"column":3}},"881":{"start":{"line":2092,"column":4},"end":{"line":2092,"column":59}},"882":{"start":{"line":2092,"column":32},"end":{"line":2092,"column":59}},"883":{"start":{"line":2095,"column":4},"end":{"line":2095,"column":95}},"884":{"start":{"line":2095,"column":65},"end":{"line":2095,"column":93}},"885":{"start":{"line":2098,"column":31},"end":{"line":2098,"column":33}},"886":{"start":{"line":2099,"column":4},"end":{"line":2104,"column":5}},"887":{"start":{"line":2100,"column":19},"end":{"line":2100,"column":63}},"888":{"start":{"line":2101,"column":6},"end":{"line":2103,"column":7}},"889":{"start":{"line":2102,"column":8},"end":{"line":2102,"column":38}},"890":{"start":{"line":2107,"column":4},"end":{"line":2141,"column":5}},"891":{"start":{"line":2108,"column":6},"end":{"line":2108,"column":33}},"892":{"start":{"line":2109,"column":26},"end":{"line":2109,"column":84}},"893":{"start":{"line":2111,"column":6},"end":{"line":2137,"column":7}},"894":{"start":{"line":2113,"column":8},"end":{"line":2113,"column":34}},"895":{"start":{"line":2116,"column":28},"end":{"line":2116,"column":52}},"896":{"start":{"line":2117,"column":32},"end":{"line":2117,"column":78}},"897":{"start":{"line":2119,"column":8},"end":{"line":2133,"column":10}},"898":{"start":{"line":2136,"column":8},"end":{"line":2136,"column":80}},"899":{"start":{"line":2140,"column":6},"end":{"line":2140,"column":82}},"900":{"start":{"line":2149,"column":2},"end":{"line":2149,"column":38}},"901":{"start":{"line":2149,"column":31},"end":{"line":2149,"column":38}},"902":{"start":{"line":2151,"column":20},"end":{"line":2151,"column":38}},"903":{"start":{"line":2154,"column":2},"end":{"line":2192,"column":3}},"904":{"start":{"line":2156,"column":4},"end":{"line":2191,"column":5}},"905":{"start":{"line":2160,"column":28},"end":{"line":2162,"column":7}},"906":{"start":{"line":2164,"column":6},"end":{"line":2184,"column":7}},"907":{"start":{"line":2166,"column":8},"end":{"line":2166,"column":65}},"908":{"start":{"line":2166,"column":56},"end":{"line":2166,"column":65}},"909":{"start":{"line":2169,"column":8},"end":{"line":2183,"column":9}},"910":{"start":{"line":2170,"column":10},"end":{"line":2170,"column":32}},"911":{"start":{"line":2171,"column":10},"end":{"line":2171,"column":61}},"912":{"start":{"line":2172,"column":10},"end":{"line":2172,"column":38}},"913":{"start":{"line":2175,"column":10},"end":{"line":2175,"column":50}},"914":{"start":{"line":2178,"column":10},"end":{"line":2178,"column":76}},"915":{"start":{"line":2180,"column":10},"end":{"line":2182,"column":11}},"916":{"start":{"line":2181,"column":12},"end":{"line":2181,"column":82}},"917":{"start":{"line":2186,"column":6},"end":{"line":2186,"column":13}},"918":{"start":{"line":2189,"column":6},"end":{"line":2189,"column":32}},"919":{"start":{"line":2190,"column":6},"end":{"line":2190,"column":37}},"920":{"start":{"line":2195,"column":2},"end":{"line":2216,"column":3}},"921":{"start":{"line":2197,"column":26},"end":{"line":2200,"column":5}},"922":{"start":{"line":2202,"column":4},"end":{"line":2215,"column":5}},"923":{"start":{"line":2204,"column":6},"end":{"line":2204,"column":30}},"924":{"start":{"line":2205,"column":6},"end":{"line":2205,"column":31}},"925":{"start":{"line":2206,"column":6},"end":{"line":2206,"column":60}},"926":{"start":{"line":2207,"column":6},"end":{"line":2207,"column":43}},"927":{"start":{"line":2210,"column":28},"end":{"line":2210,"column":94}},"928":{"start":{"line":2211,"column":6},"end":{"line":2211,"column":41}},"929":{"start":{"line":2214,"column":6},"end":{"line":2214,"column":84}},"930":{"start":{"line":2223,"column":2},"end":{"line":2223,"column":38}},"931":{"start":{"line":2223,"column":31},"end":{"line":2223,"column":38}},"932":{"start":{"line":2225,"column":20},"end":{"line":2225,"column":38}},"933":{"start":{"line":2228,"column":2},"end":{"line":2234,"column":3}},"934":{"start":{"line":2229,"column":4},"end":{"line":2229,"column":30}},"935":{"start":{"line":2230,"column":4},"end":{"line":2230,"column":28}},"936":{"start":{"line":2231,"column":4},"end":{"line":2231,"column":42}},"937":{"start":{"line":2232,"column":4},"end":{"line":2232,"column":43}},"938":{"start":{"line":2233,"column":4},"end":{"line":2233,"column":21}},"939":{"start":{"line":2237,"column":2},"end":{"line":2256,"column":3}},"940":{"start":{"line":2238,"column":26},"end":{"line":2241,"column":5}},"941":{"start":{"line":2243,"column":4},"end":{"line":2255,"column":5}},"942":{"start":{"line":2245,"column":6},"end":{"line":2245,"column":31}},"943":{"start":{"line":2246,"column":6},"end":{"line":2246,"column":31}},"944":{"start":{"line":2247,"column":6},"end":{"line":2247,"column":43}},"945":{"start":{"line":2248,"column":6},"end":{"line":2248,"column":45}},"946":{"start":{"line":2249,"column":6},"end":{"line":2249,"column":37}},"947":{"start":{"line":2250,"column":6},"end":{"line":2250,"column":32}},"948":{"start":{"line":2253,"column":6},"end":{"line":2253,"column":86}},"949":{"start":{"line":2254,"column":6},"end":{"line":2254,"column":72}},"950":{"start":{"line":2259,"column":2},"end":{"line":2286,"column":3}},"951":{"start":{"line":2260,"column":26},"end":{"line":2262,"column":5}},"952":{"start":{"line":2264,"column":4},"end":{"line":2285,"column":5}},"953":{"start":{"line":2265,"column":6},"end":{"line":2265,"column":63}},"954":{"start":{"line":2265,"column":54},"end":{"line":2265,"column":63}},"955":{"start":{"line":2267,"column":19},"end":{"line":2267,"column":67}},"956":{"start":{"line":2268,"column":6},"end":{"line":2284,"column":7}},"957":{"start":{"line":2270,"column":29},"end":{"line":2270,"column":77}},"958":{"start":{"line":2271,"column":8},"end":{"line":2271,"column":38}},"959":{"start":{"line":2274,"column":8},"end":{"line":2274,"column":74}},"960":{"start":{"line":2277,"column":8},"end":{"line":2277,"column":35}},"961":{"start":{"line":2279,"column":8},"end":{"line":2281,"column":9}},"962":{"start":{"line":2280,"column":10},"end":{"line":2280,"column":80}},"963":{"start":{"line":2283,"column":8},"end":{"line":2283,"column":14}},"964":{"start":{"line":2293,"column":23},"end":{"line":2293,"column":44}},"965":{"start":{"line":2296,"column":2},"end":{"line":2296,"column":77}},"966":{"start":{"line":2297,"column":2},"end":{"line":2297,"column":82}},"967":{"start":{"line":2300,"column":2},"end":{"line":2325,"column":3}},"968":{"start":{"line":2300,"column":15},"end":{"line":2300,"column":16}},"969":{"start":{"line":2301,"column":18},"end":{"line":2301,"column":61}},"970":{"start":{"line":2302,"column":26},"end":{"line":2302,"column":28}},"971":{"start":{"line":2303,"column":19},"end":{"line":2303,"column":61}},"972":{"start":{"line":2304,"column":19},"end":{"line":2304,"column":61}},"973":{"start":{"line":2306,"column":20},"end":{"line":2306,"column":44}},"974":{"start":{"line":2307,"column":4},"end":{"line":2321,"column":6}},"975":{"start":{"line":2324,"column":4},"end":{"line":2324,"column":80}},"976":{"start":{"line":2328,"column":2},"end":{"line":2343,"column":3}},"977":{"start":{"line":2329,"column":19},"end":{"line":2329,"column":46}},"978":{"start":{"line":2330,"column":4},"end":{"line":2330,"column":78}},"979":{"start":{"line":2330,"column":69},"end":{"line":2330,"column":78}},"980":{"start":{"line":2332,"column":17},"end":{"line":2332,"column":65}},"981":{"start":{"line":2333,"column":4},"end":{"line":2342,"column":5}},"982":{"start":{"line":2334,"column":30},"end":{"line":2334,"column":32}},"983":{"start":{"line":2335,"column":6},"end":{"line":2335,"column":39}},"984":{"start":{"line":2337,"column":6},"end":{"line":2337,"column":72}},"985":{"start":{"line":2339,"column":6},"end":{"line":2341,"column":7}},"986":{"start":{"line":2340,"column":8},"end":{"line":2340,"column":85}},"987":{"start":{"line":2346,"column":0},"end":{"line":2348,"column":2}}},"fnMap":{"0":{"name":"handlePlayerDeathProgression","decl":{"start":{"line":30,"column":9},"end":{"line":30,"column":37}},"loc":{"start":{"line":30,"column":88},"end":{"line":66,"column":1}},"line":30},"1":{"name":"(anonymous_1)","decl":{"start":{"line":59,"column":15},"end":{"line":59,"column":16}},"loc":{"start":{"line":59,"column":22},"end":{"line":61,"column":9}},"line":59},"2":{"name":"gameLoop","decl":{"start":{"line":79,"column":9},"end":{"line":79,"column":17}},"loc":{"start":{"line":79,"column":124},"end":{"line":337,"column":1}},"line":79},"3":{"name":"(anonymous_3)","decl":{"start":{"line":262,"column":53},"end":{"line":262,"column":54}},"loc":{"start":{"line":262,"column":61},"end":{"line":264,"column":3}},"line":262},"4":{"name":"updateZombies","decl":{"start":{"line":342,"column":9},"end":{"line":342,"column":22}},"loc":{"start":{"line":342,"column":108},"end":{"line":477,"column":1}},"line":342},"5":{"name":"updateTeleporterZombie","decl":{"start":{"line":482,"column":9},"end":{"line":482,"column":31}},"loc":{"start":{"line":482,"column":99},"end":{"line":527,"column":1}},"line":482},"6":{"name":"updateSummonerZombie","decl":{"start":{"line":532,"column":9},"end":{"line":532,"column":29}},"loc":{"start":{"line":532,"column":94},"end":{"line":570,"column":1}},"line":532},"7":{"name":"updateBossCharnier","decl":{"start":{"line":575,"column":9},"end":{"line":575,"column":27}},"loc":{"start":{"line":575,"column":99},"end":{"line":590,"column":1}},"line":575},"8":{"name":"updateBossInfect","decl":{"start":{"line":595,"column":9},"end":{"line":595,"column":25}},"loc":{"start":{"line":595,"column":65},"end":{"line":644,"column":1}},"line":595},"9":{"name":"updateBossColosse","decl":{"start":{"line":649,"column":9},"end":{"line":649,"column":26}},"loc":{"start":{"line":649,"column":69},"end":{"line":680,"column":1}},"line":649},"10":{"name":"updateBossRoi","decl":{"start":{"line":685,"column":9},"end":{"line":685,"column":22}},"loc":{"start":{"line":685,"column":108},"end":{"line":806,"column":1}},"line":685},"11":{"name":"updateBossOmega","decl":{"start":{"line":811,"column":9},"end":{"line":811,"column":24}},"loc":{"start":{"line":811,"column":128},"end":{"line":958,"column":1}},"line":811},"12":{"name":"moveZombie","decl":{"start":{"line":963,"column":9},"end":{"line":963,"column":19}},"loc":{"start":{"line":963,"column":67},"end":{"line":1111,"column":1}},"line":963},"13":{"name":"updatePoisonTrails","decl":{"start":{"line":1116,"column":9},"end":{"line":1116,"column":27}},"loc":{"start":{"line":1116,"column":77},"end":{"line":1157,"column":1}},"line":1116},"14":{"name":"updateBullets","decl":{"start":{"line":1162,"column":9},"end":{"line":1162,"column":22}},"loc":{"start":{"line":1162,"column":108},"end":{"line":1212,"column":1}},"line":1162},"15":{"name":"handleZombieBulletCollisions","decl":{"start":{"line":1217,"column":9},"end":{"line":1217,"column":37}},"loc":{"start":{"line":1217,"column":82},"end":{"line":1247,"column":1}},"line":1217},"16":{"name":"handlePlayerBulletCollisions","decl":{"start":{"line":1252,"column":9},"end":{"line":1252,"column":37}},"loc":{"start":{"line":1252,"column":136},"end":{"line":1335,"column":1}},"line":1252},"17":{"name":"handleExplosiveBullet","decl":{"start":{"line":1340,"column":9},"end":{"line":1340,"column":30}},"loc":{"start":{"line":1340,"column":83},"end":{"line":1373,"column":1}},"line":1340},"18":{"name":"handleZombieDeath","decl":{"start":{"line":1378,"column":9},"end":{"line":1378,"column":26}},"loc":{"start":{"line":1378,"column":115},"end":{"line":1438,"column":1}},"line":1378},"19":{"name":"handleExplosiveZombieDeath","decl":{"start":{"line":1443,"column":9},"end":{"line":1443,"column":35}},"loc":{"start":{"line":1443,"column":80},"end":{"line":1478,"column":1}},"line":1443},"20":{"name":"updatePlayerCombo","decl":{"start":{"line":1483,"column":9},"end":{"line":1483,"column":26}},"loc":{"start":{"line":1483,"column":60},"end":{"line":1532,"column":1}},"line":1483},"21":{"name":"handleNewWave","decl":{"start":{"line":1537,"column":9},"end":{"line":1537,"column":22}},"loc":{"start":{"line":1537,"column":53},"end":{"line":1563,"column":1}},"line":1537},"22":{"name":"updatePowerups","decl":{"start":{"line":1568,"column":9},"end":{"line":1568,"column":23}},"loc":{"start":{"line":1568,"column":55},"end":{"line":1593,"column":1}},"line":1568},"23":{"name":"updateLoot","decl":{"start":{"line":1598,"column":9},"end":{"line":1598,"column":19}},"loc":{"start":{"line":1598,"column":55},"end":{"line":1630,"column":1}},"line":1598},"24":{"name":"handlePlayerLevelUp","decl":{"start":{"line":1635,"column":9},"end":{"line":1635,"column":28}},"loc":{"start":{"line":1635,"column":51},"end":{"line":1659,"column":1}},"line":1635},"25":{"name":"applyMilestoneBonus","decl":{"start":{"line":1664,"column":9},"end":{"line":1664,"column":28}},"loc":{"start":{"line":1664,"column":37},"end":{"line":1714,"column":1}},"line":1664},"26":{"name":"updateBerserkerZombie","decl":{"start":{"line":1719,"column":9},"end":{"line":1719,"column":30}},"loc":{"start":{"line":1719,"column":98},"end":{"line":1808,"column":1}},"line":1719},"27":{"name":"handleChainLightning","decl":{"start":{"line":1813,"column":9},"end":{"line":1813,"column":29}},"loc":{"start":{"line":1813,"column":104},"end":{"line":1906,"column":1}},"line":1813},"28":{"name":"handlePoisonDart","decl":{"start":{"line":1911,"column":9},"end":{"line":1911,"column":25}},"loc":{"start":{"line":1911,"column":78},"end":{"line":1956,"column":1}},"line":1911},"29":{"name":"handleIceCannon","decl":{"start":{"line":1961,"column":9},"end":{"line":1961,"column":24}},"loc":{"start":{"line":1961,"column":77},"end":{"line":2020,"column":1}},"line":1961},"30":{"name":"updatePoisonedZombies","decl":{"start":{"line":2025,"column":9},"end":{"line":2025,"column":30}},"loc":{"start":{"line":2025,"column":62},"end":{"line":2056,"column":1}},"line":2025},"31":{"name":"updateFrozenSlowedZombies","decl":{"start":{"line":2061,"column":9},"end":{"line":2061,"column":34}},"loc":{"start":{"line":2061,"column":51},"end":{"line":2079,"column":1}},"line":2061},"32":{"name":"updateNecromancerZombie","decl":{"start":{"line":2084,"column":9},"end":{"line":2084,"column":32}},"loc":{"start":{"line":2084,"column":82},"end":{"line":2143,"column":1}},"line":2084},"33":{"name":"(anonymous_33)","decl":{"start":{"line":2095,"column":57},"end":{"line":2095,"column":58}},"loc":{"start":{"line":2095,"column":65},"end":{"line":2095,"column":93}},"line":2095},"34":{"name":"updateBruteZombie","decl":{"start":{"line":2148,"column":9},"end":{"line":2148,"column":26}},"loc":{"start":{"line":2148,"column":94},"end":{"line":2217,"column":1}},"line":2148},"35":{"name":"updateMimicZombie","decl":{"start":{"line":2222,"column":9},"end":{"line":2222,"column":26}},"loc":{"start":{"line":2222,"column":94},"end":{"line":2287,"column":1}},"line":2222},"36":{"name":"handleSplitterDeath","decl":{"start":{"line":2292,"column":9},"end":{"line":2292,"column":28}},"loc":{"start":{"line":2292,"column":73},"end":{"line":2344,"column":1}},"line":2292}},"branchMap":{"0":{"loc":{"start":{"line":30,"column":72},"end":{"line":30,"column":86}},"type":"default-arg","locations":[{"start":{"line":30,"column":81},"end":{"line":30,"column":86}}],"line":30},"1":{"loc":{"start":{"line":31,"column":2},"end":{"line":31,"column":38}},"type":"if","locations":[{"start":{"line":31,"column":2},"end":{"line":31,"column":38}},{"start":{},"end":{}}],"line":31},"2":{"loc":{"start":{"line":38,"column":2},"end":{"line":63,"column":3}},"type":"if","locations":[{"start":{"line":38,"column":2},"end":{"line":63,"column":3}},{"start":{},"end":{}}],"line":38},"3":{"loc":{"start":{"line":42,"column":4},"end":{"line":62,"column":5}},"type":"if","locations":[{"start":{"line":42,"col
[...]
nd":{"line":254,"column":33}},"88":{"start":{"line":255,"column":8},"end":{"line":255,"column":14}},"89":{"start":{"line":257,"column":8},"end":{"line":257,"column":40}},"90":{"start":{"line":258,"column":8},"end":{"line":258,"column":29}},"91":{"start":{"line":259,"column":8},"end":{"line":259,"column":14}},"92":{"start":{"line":261,"column":8},"end":{"line":261,"column":42}},"93":{"start":{"line":262,"column":8},"end":{"line":262,"column":31}},"94":{"start":{"line":263,"column":8},"end":{"line":263,"column":14}},"95":{"start":{"line":270,"column":26},"end":{"line":270,"column":60}},"96":{"start":{"line":271,"column":27},"end":{"line":271,"column":57}},"97":{"start":{"line":273,"column":4},"end":{"line":273,"column":58}},"98":{"start":{"line":274,"column":4},"end":{"line":274,"column":58}},"99":{"start":{"line":275,"column":4},"end":{"line":275,"column":54}},"100":{"start":{"line":276,"column":4},"end":{"line":276,"column":50}},"101":{"start":{"line":279,"column":14},"end":{"line":279,"column":40}},"102":{"start":{"line":280,"column":14},"end":{"line":280,"column":41}},"103":{"start":{"line":282,"column":21},"end":{"line":282,"column":50}},"104":{"start":{"line":284,"column":21},"end":{"line":298,"column":5}},"105":{"start":{"line":301,"column":4},"end":{"line":317,"column":5}},"106":{"start":{"line":302,"column":6},"end":{"line":302,"column":38}},"107":{"start":{"line":303,"column":11},"end":{"line":317,"column":5}},"108":{"start":{"line":304,"column":6},"end":{"line":304,"column":42}},"109":{"start":{"line":305,"column":11},"end":{"line":317,"column":5}},"110":{"start":{"line":306,"column":6},"end":{"line":306,"column":33}},"111":{"start":{"line":307,"column":11},"end":{"line":317,"column":5}},"112":{"start":{"line":308,"column":6},"end":{"line":308,"column":25}},"113":{"start":{"line":309,"column":6},"end":{"line":309,"column":41}},"114":{"start":{"line":310,"column":6},"end":{"line":310,"column":39}},"115":{"start":{"line":311,"column":11},"end":{"line":317,"column":5}},"116":{"start":{"line":312,"column":6},"end":{"line":312,"column":25}},"117":{"start":{"line":313,"column":6},"end":{"line":313,"column":41}},"118":{"start":{"line":314,"column":6},"end":{"line":314,"column":39}},"119":{"start":{"line":315,"column":6},"end":{"line":315,"column":42}},"120":{"start":{"line":316,"column":6},"end":{"line":316,"column":38}},"121":{"start":{"line":319,"column":4},"end":{"line":319,"column":48}},"122":{"start":{"line":320,"column":4},"end":{"line":320,"column":38}},"123":{"start":{"line":323,"column":4},"end":{"line":330,"column":5}},"124":{"start":{"line":324,"column":6},"end":{"line":329,"column":9}},"125":{"start":{"line":338,"column":25},"end":{"line":338,"column":58}},"126":{"start":{"line":339,"column":22},"end":{"line":339,"column":67}},"127":{"start":{"line":340,"column":4},"end":{"line":340,"column":51}},"128":{"start":{"line":347,"column":4},"end":{"line":349,"column":5}},"129":{"start":{"line":348,"column":6},"end":{"line":348,"column":43}},"130":{"start":{"line":350,"column":4},"end":{"line":352,"column":32}},"131":{"start":{"line":351,"column":6},"end":{"line":351,"column":25}},"132":{"start":{"line":360,"column":4},"end":{"line":362,"column":5}},"133":{"start":{"line":361,"column":6},"end":{"line":361,"column":43}},"134":{"start":{"line":364,"column":4},"end":{"line":366,"column":32}},"135":{"start":{"line":365,"column":6},"end":{"line":365,"column":25}},"136":{"start":{"line":373,"column":4},"end":{"line":376,"column":5}},"137":{"start":{"line":374,"column":6},"end":{"line":374,"column":43}},"138":{"start":{"line":375,"column":6},"end":{"line":375,"column":35}},"139":{"start":{"line":380,"column":0},"end":{"line":380,"column":31}}},"fnMap":{"0":{"name":"(anonymous_0)","decl":{"start":{"line":15,"column":2},"end":{"line":15,"column":3}},"loc":{"start":{"line":15,"column":77},"end":{"line":22,"column":3}},"line":15},"1":{"name":"(anonymous_1)","decl":{"start":{"line":28,"column":2},"end":{"line":28,"column":3}},"loc":{"start":{"line":28,"column":23},"end":{"line":40,"column":3}},"line":28},"2":{"name":"(anonymous_2)","decl":{"start":{"line":46,"column":2},"end":{"line":46,"column":3}},"loc":{"start":{"line":46,"column":22},"end":{"line":141,"column":3}},"line":46},"3":{"name":"(anonymous_3)","decl":{"start":{"line":150,"column":2},"end":{"line":150,"column":3}},"loc":{"start":{"line":150,"column":48},"end":{"line":194,"column":3}},"line":150},"4":{"name":"(anonymous_4)","decl":{"start":{"line":199,"column":2},"end":{"line":199,"column":3}},"loc":{"start":{"line":199,"column":16},"end":{"line":229,"column":3}},"line":199},"5":{"name":"(anonymous_5)","decl":{"start":{"line":234,"column":2},"end":{"line":234,"column":3}},"loc":{"start":{"line":234,"column":14},"end":{"line":331,"column":3}},"line":234},"6":{"name":"(anonymous_6)","decl":{"start":{"line":337,"column":2},"end":{"line":337,"column":3}},"loc":{"start":{"line":337,"column":21},"end":{"line":341,"column":3}},"line":337},"7":{"name":"(anonymous_7)","decl":{"start":{"line":346,"column":2},"end":{"line":346,"column":3}},"loc":{"start":{"line":346,"column":23},"end":{"line":353,"column":3}},"line":346},"8":{"name":"(anonymous_8)","decl":{"start":{"line":350,"column":40},"end":{"line":350,"column":41}},"loc":{"start":{"line":350,"column":46},"end":{"line":352,"column":5}},"line":350},"9":{"name":"(anonymous_9)","decl":{"start":{"line":359,"column":2},"end":{"line":359,"column":3}},"loc":{"start":{"line":359,"column":25},"end":{"line":367,"column":3}},"line":359},"10":{"name":"(anonymous_10)","decl":{"start":{"line":364,"column":40},"end":{"line":364,"column":41}},"loc":{"start":{"line":364,"column":46},"end":{"line":366,"column":5}},"line":364},"11":{"name":"(anonymous_11)","decl":{"start":{"line":372,"column":2},"end":{"line":372,"column":3}},"loc":{"start":{"line":372,"column":22},"end":{"line":377,"column":3}},"line":372}},"branchMap":{"0":{"loc":{"start":{"line":15,"column":66},"end":{"line":15,"column":75}},"type":"default-arg","locations":[{"start":{"line":15,"column":71},"end":{"line":15,"column":75}}],"line":15},"1":{"loc":{"start":{"line":29,"column":4},"end":{"line":39,"column":5}},"type":"if","locations":[{"start":{"line":29,"column":4},"end":{"line":39,"column":5}},{"start":{"line":31,"column":11},"end":{"line":39,"column":5}}],"line":29},"2":{"loc":{"start":{"line":31,"column":11},"end":{"line":39,"column":5}},"type":"if","locations":[{"start":{"line":31,"column":11},"end":{"line":39,"column":5}},{"start":{"line":33,"column":11},"end":{"line":39,"column":5}}],"line":31},"3":{"loc":{"start":{"line":33,"column":11},"end":{"line":39,"column":5}},"type":"if","locations":[{"start":{"line":33,"column":11},"end":{"line":39,"column":5}},{"start":{"line":35,"column":11},"end":{"line":39,"column":5}}],"line":33},"4":{"loc":{"start":{"line":35,"column":11},"end":{"line":39,"column":5}},"type":"if","locations":[{"start":{"line":35,"column":11},"end":{"line":39,"column":5}},{"start":{"line":37,"column":11},"end":{"line":39,"column":5}}],"line":35},"5":{"loc":{"start":{"line":54,"column":13},"end":{"line":54,"column":84}},"type":"binary-expr","locations":[{"start":{"line":54,"column":13},"end":{"line":54,"column":67}},{"start":{"line":54,"column":71},"end":{"line":54,"column":84}}],"line":54},"6":{"loc":{"start":{"line":56,"column":4},"end":{"line":60,"column":5}},"type":"if","locations":[{"start":{"line":56,"column":4},"end":{"line":60,"column":5}},{"start":{},"end":{}}],"line":56},"7":{"loc":{"start":{"line":64,"column":4},"end":{"line":72,"column":5}},"type":"if","locations":[{"start":{"line":64,"column":4},"end":{"line":72,"column":5}},{"start":{"line":66,"column":11},"end":{"line":72,"column":5}}],"line":64},"8":{"loc":{"start":{"line":66,"column":11},"end":{"line":72,"column":5}},"type":"if","locations":[{"start":{"line":66,"column":11},"end":{"line":72,"column":5}},{"start":{"line":68,"column":11},"end":{"line":72,"column":5}}],"line":66},"9":{"loc":{"start":{"line":68,"column":11},"end":{"line":72,"column":5}},"type":"if","locations":[{"start":{"line":68,"column":11},"end":{"line":72,"column":5}},{"start":{"line":70,"column":11},"end":{"line":72,"column":5}}],"line":68},"10":{"loc":{"start":{"line":75,"column":20},"end":{"line":75,"column":68}},"type":"binary-expr","locations":[{"start":{"line":75,"column":20},"end":{"line":75,"column":44}},{"start":{"line":75,"column":48},"end":{"line":75,"column":68}}],"line":75},"11":{"loc":{"start":{"line":88,"column":28},"end":{"line":88,"column":47}},"type":"cond-expr","locations":[{"start":{"line":88,"column":38},"end":{"line":88,"column":41}},{"start":{"line":88,"column":44},"end":{"line":88,"column":47}}],"line":88},"12":{"loc":{"start":{"line":93,"column":64},"end":{"line":93,"column":83}},"type":"cond-expr","locations":[{"start":{"line":93,"column":74},"end":{"line":93,"column":77}},{"start":{"line":93,"column":80},"end":{"line":93,"column":83}}],"line":93},"13":{"loc":{"start":{"line":111,"column":16},"end":{"line":111,"column":56}},"type":"cond-expr","locations":[{"start":{"line":111,"column":39},"end":{"line":111,"column":49}},{"start":{"line":111,"column":52},"end":{"line":111,"column":56}}],"line":111},"14":{"loc":{"start":{"line":112,"column":16},"end":{"line":112,"column":57}},"type":"cond-expr","locations":[{"start":{"line":112,"column":40},"end":{"line":112,"column":50}},{"start":{"line":112,"column":53},"end":{"line":112,"column":57}}],"line":112},"15":{"loc":{"start":{"line":113,"column":23},"end":{"line":113,"column":63}},"type":"cond-expr","locations":[{"start":{"line":113,"column":46},"end":{"line":113,"column":56}},{"start":{"line":113,"column":59},"end":{"line":113,"column":63}}],"line":113},"16":{"loc":{"start":{"line":115,"column":20},"end":{"line":115,"column":64}},"type":"cond-expr","locations":[{"start":{"line":115,"column":47},"end":{"line":115,"column":57}},{"start":{"line":115,"column":60},"end":{"line":115,"column":64}}],"line":115},"17":{"loc":{"start":{"line":116,"column":18},"end":{"line":116,"column":60}},"type":"cond-expr","locations":[{"start":{"line":116,"column":43},"end":{"line":116,"column":53}},{"start":{"line":116,"column":56},"end":{"line":116,"column":60}}],"line":116},"18":{"loc":{"start":{"line":117,"column":19},"end":{"line":117,"column":52}},"type":"cond-expr","locations":[{"start":{"line":117,"column":44},"end":{"line":117,"column":45}},{"start":{"line":117,"column":48},"end":{"line":117,"column":52}}],"line":117},"19":{"loc":{"start":{"line":119,"column":19},"end":{"line":119,"column":52}},"type":"cond-expr","locations":[{"start":{"line":119,"column":44},"end":{"line":119,"column":45}},{"start":{"line":119,"column":48},"end":{"line":119,"column":52}}],"line":119},"20":{"loc":{"start":{"line":121,"column":15},"end":{"line":121,"column":53}},"type":"cond-expr","locations":[{"start":{"line":121,"column":41},"end":{"line":121,"column":46}},{"start":{"line":121,"column":49},"end":{"line":121,"column":53}}],"line":121},"21":{"loc":{"start":{"line":122,"column":22},"end":{"line":122,"column":60}},"type":"cond-expr","locations":[{"start":{"line":122,"column":48},"end":{"line":122,"column":53}},{"start":{"line":122,"column":56},"end":{"line":122,"column":60}}],"line":122},"22":{"loc":{"start":{"line":123,"column":16},"end":{"line":123,"column":50}},"type":"cond-expr","locations":[{"start":{"line":123,"column":42},"end":{"line":123,"column":43}},{"start":{"line":123,"column":46},"end":{"line":123,"column":50}}],"line":123},"23":{"loc":{"start":{"line":124,"column":17},"end":{"line":124,"column":55}},"type":"cond-expr","locations":[{"start":{"line":124,"column":43},"end":{"line":124,"column":48}},{"start":{"line":124,"column":51},"end":{"line":124,"column":55}}],"line":124},"24":{"loc":{"start":{"line":125,"column":19},"end":{"line":125,"column":53}},"type":"cond-expr","locations":[{"start":{"line":125,"column":45},"end":{"line":125,"column":46}},{"start":{"line":125,"column":49},"end":{"line":125,"column":53}}],"line":125},"25":{"loc":{"start":{"line":127,"column":21},"end":{"line":127,"column":66}},"type":"cond-expr","locations":[{"start":{"line":127,"column":49},"end":{"line":127,"column":59}},{"start":{"line":127,"column":62},"end":{"line":127,"column":66}}],"line":127},"26":{"loc":{"start":{"line":129,"column":18},"end":{"line":129,"column":48}},"type":"cond-expr","locations":[{"start":{"line":129,"column":40},"end":{"line":129,"column":41}},{"start":{"line":129,"column":44},"end":{"line":129,"column":48}}],"line":129},"27":{"loc":{"start":{"line":130,"column":18},"end":{"line":130,"column":52}},"type":"cond-expr","locations":[{"start":{"line":130,"column":40},"end":{"line":130,"column":45}},{"start":{"line":130,"column":48},"end":{"line":130,"column":52}}],"line":130},"28":{"loc":{"start":{"line":131,"column":21},"end":{"line":131,"column":51}},"type":"cond-expr","locations":[{"start":{"line":131,"column":43},"end":{"line":131,"column":44}},{"start":{"line":131,"column":47},"end":{"line":131,"column":51}}],"line":131},"29":{"loc":{"start":{"line":132,"column":19},"end":{"line":132,"column":49}},"type":"cond-expr","locations":[{"start":{"line":132,"column":41},"end":{"line":132,"column":42}},{"start":{"line":132,"column":45},"end":{"line":132,"column":49}}],"line":132},"30":{"loc":{"start":{"line":134,"column":18},"end":{"line":134,"column":56}},"type":"cond-expr","locations":[{"start":{"line":134,"column":40},"end":{"line":134,"column":49}},{"start":{"line":134,"column":52},"end":{"line":134,"column":56}}],"line":134},"31":{"loc":{"start":{"line":135,"column":17},"end":{"line":135,"column":55}},"type":"cond-expr","locations":[{"start":{"line":135,"column":39},"end":{"line":135,"column":48}},{"start":{"line":135,"column":51},"end":{"line":135,"column":55}}],"line":135},"32":{"loc":{"start":{"line":136,"column":19},"end":{"line":136,"column":57}},"type":"cond-expr","locations":[{"start":{"line":136,"column":41},"end":{"line":136,"column":50}},{"start":{"line":136,"column":53},"end":{"line":136,"column":57}}],"line":136},"33":{"loc":{"start":{"line":152,"column":4},"end":{"line":152,"column":28}},"type":"if","locations":[{"start":{"line":152,"column":4},"end":{"line":152,"column":28}},{"start":{},"end":{}}],"line":152},"34":{"loc":{"start":{"line":161,"column":4},"end":{"line":163,"column":5}},"type":"if","locations":[{"start":{"line":161,"column":4},"end":{"line":163,"column":5}},{"start":{},"end":{}}],"line":161},"35":{"loc":{"start":{"line":200,"column":4},"end":{"line":202,"column":5}},"type":"if","locations":[{"start":{"line":200,"column":4},"end":{"line":202,"column":5}},{"start":{},"end":{}}],"line":200},"36":{"loc":{"start":{"line":209,"column":4},"end":{"line":215,"column":5}},"type":"if","locations":[{"start":{"line":209,"column":4},"end":{"line":215,"column":5}},{"start":{},"end":{}}],"line":209},"37":{"loc":{"start":{"line":211,"column":6},"end":{"line":213,"column":7}},"type":"if","locations":[{"start":{"line":211,"column":6},"end":{"line":213,"column":7}},{"start":{},"end":{}}],"line":211},"38":{"loc":{"start":{"line":211,"column":10},"end":{"line":211,"column":89}},"type":"binary-expr","locations":[{"start":{"line":211,"column":10},"end":{"line":211,"column":37}},{"start":{"line":211,"column":41},"end":{"line":211,"column":89}}],"line":211},"39":{"loc":{"start":{"line":222,"column":6},"end":{"line":222,"column":87}},"type":"if","locations":[{"start":{"line":222,"column":6},"end":{"line":222,"column":87}},{"start":{},"end":{}}],"line":222},"40":{"loc":{"start":{"line":223,"column":6},"end":{"line":223,"column":77}},"type":"if","locations":[{"start":{"line":223,"column":6},"end":{"line":223,"column":77}},{"start":{},"end":{}}],"line":223},"41":{"loc":{"start":{"line":225,"column":6},"end":{"line":227,"column":7}},"type":"if","locations":[{"start":{"line":225,"column":6},"end":{"line":227,"column":7}},{"start":{},"end":{}}],"line":225},"42":{"loc":{"start":{"line":243,"column":4},"end":{"line":264,"column":5}},"type":"switch","locations":[{"start":{"line":244,"column":6},"end":{"line":247,"column":14}},{"start":{"line":248,"column":6},"end":{"line":251,"column":14}},{"start":{"line":252,"column":6},"end":{"line":255,"column":14}},{"start":{"line":256,"column":6},"end":{"line":259,"column":14}},{"start":{"line":260,"column":6},"end":{"line":263,"column":14}}],"line":243},"43":{"loc":{"start":{"line":301,"column":4},"end":{"line":317,"column":5}},"type":"if","locations":[{"start":{"line":301,"column":4},"end":{"line":317,"column":5}},{"start":{"line":303,"column":11},"end":{"line":317,"column":5}}],"line":301},"44":{"loc":{"start":{"line":303,"column":11},"end":{"line":317,"column":5}},"type":"if","locations":[{"start":{"line":303,"column":11},"end":{"line":317,"column":5}},{"start":{"line":305,"column":11},"end":{"line":317,"column":5}}],"line":303},"45":{"loc":{"start":{"line":305,"column":11},"end":{"line":317,"column":5}},"type":"if","locations":[{"start":{"line":305,"column":11},"end":{"line":317,"column":5}},{"start":{"line":307,"column":11},"end":{"line":317,"column":5}}],"line":305},"46":{"loc":{"start":{"line":307,"column":11},"end":{"line":317,"column":5}},"type":"if","locations":[{"start":{"line":307,"column":11},"end":{"line":317,"column":5}},{"start":{"line":311,"column":11},"end":{"line":317,"column":5}}],"line":307},"47":{"loc":{"start":{"line":311,"column":11},"end":{"line":317,"column":5}},"type":"if","locations":[{"start":{"line":311,"column":11},"end":{"line":317,"column":5}},{"start":{},"end":{}}],"line":311},"48":{"loc":{"start":{"line":323,"column":4},"end":{"line":330,"column":5}},"type":"if","locations":[{"start":{"line":323,"column":4},"end":{"line":330,"column":5}},{"start":{},"end":{}}],"line":323},"49":{"loc":{"start":{"line":347,"column":4},"end":{"line":349,"column":5}},"type":"if","locations":[{"start":{"line":347,"column":4},"end":{"line":349,"column":5}},{"start":{},"end":{}}],"line":347},"50":{"loc":{"start":{"line":360,"column":4},"end":{"line":362,"column":5}},"type":"if","locations":[{"start":{"line":360,"column":4},"end":{"line":362,"column":5}},{"start":{},"end":{}}],"line":360},"51":{"loc":{"start":{"line":373,"column":4},"end":{"line":376,"column":5}},"type":"if","locations":[{"start":{"line":373,"column":4},"end":{"line":376,"column":5}},{"start":{},"end":{}}],"line":373}},"s":{"0":0,"1":0,"2":0,"3":0,"4":0,"5":0,"6":0,"7":0,"8":0,"9":0,"10":0,"11":0,"12":0,"13":0,"14":0,"15":0,"16":0,"17":0,"18":0,"19":0,"20":0,"21":0,"22":0,"23":0,"24":0,"25":0,"26":0,"27":0,"28":0,"29":0,"30":0,"31":0,"32":0,"33":0,"34":0,"35":0,"36":0,"37":0,"38":0,"39":0,"40":0,"41":0,"42":0,"43":0,"44":0,"45":0,"46":0,"47":0,"48":0,"49":0,"50":0,"51":0,"52":0,"53":0,"54":0,"55":0,"56":0,"57":0,"58":0,"59":0,"60":0,"61":0,"62":0,"63":0,"64":0,"65":0,"66":0,"67":0,"68":0,"69":0,"70":0,"71":0,"72":0,"73":0,"74":0,"75":0,"76":0,"77":0,"78":0,"79":0,"80":0,"81":0,"82":0,"83":0,"84":0,"85":0,"86":0,"87":0,"88":0,"89":0,"90":0,"91":0,"92":0,"93":0,"94":0,"95":0,"96":0,"97":0,"98":0,"99":0,"100":0,"101":0,"102":0,"103":0,"104":0,"105":0,"106":0,"107":0,"108":0,"109":0,"110":0,"111":0,"112":0,"113":0,"114":0,"115":0,"116":0,"117":0,"118":0,"119":0,"120":0,"121":0,"122":0,"123":0,"124":0,"125":0,"126":0,"127":0,"128":0,"129":0,"130":0,"131":0,"132":0,"133":0,"134":0,"135":0,"136":0,"137":0,"138":0,"139":0},"f":{"0":0,"1":0,"2":0,"3":0,"4":0,"5":0,"6":0,"7":0,"8":0,"9":0,"10":0,"11":0},"b":{"0":[0],"1":[0,0],"2":[0,0],"3":[0,0],"4":[0,0],"5":[0,0],"6":[0,0],"7":[0,0],"8":[0,0],"9":[0,0],"10":[0,0],"11":[0,0],"12":[0,0],"13":[0,0],"14":[0,0],"15":[0,0],"16":[0,0],"17":[0,0],"18":[0,0],"19":[0,0],"20":[0,0],"21":[0,0],"22":[0,0],"23":[0,0],"24":[0,0],"25":[0,0],"26":[0,0],"27":[0,0],"28":[0,0],"29":[0,0],"30":[0,0],"31":[0,0],"32":[0,0],"33":[0,0],"34":[0,0],"35":[0,0],"36":[0,0],"37":[0,0],"38":[0,0],"39":[0,0],"40":[0,0],"41":[0,0],"42":[0,0,0,0,0],"43":[0,0],"44":[0,0],"45":[0,0],"46":[0,0],"47":[0,0],"48":[0,0],"49":[0,0],"50":[0,0],"51":[0,0]}}
}
