TN:
SF:game/gameConstants.js
FNF:0
FNH:0
DA:9,0
DA:27,0
DA:39,0
DA:60,0
DA:78,0
DA:97,0
DA:111,0
DA:127,0
LF:8
LH:0
BRF:0
BRH:0
end_of_record
TN:
SF:game/gameLoop.js
FN:30,handlePlayerDeathProgression
FN:59,(anonymous_1)
FN:79,gameLoop
FN:262,(anonymous_3)
FN:342,updateZombies
FN:482,updateTeleporterZombie
FN:532,updateSummonerZombie
FN:575,updateBossCharnier
FN:595,updateBossInfect
FN:649,updateBossColosse
FN:685,updateBossRoi
FN:811,updateBossOmega
FN:963,moveZombie
FN:1116,updatePoisonTrails
FN:1162,updateBullets
FN:1217,handleZombieBulletCollisions
FN:1252,handlePlayerBulletCollisions
FN:1340,handleExplosiveBullet
FN:1378,handleZombieDeath
FN:1443,handleExplosiveZombieDeath
FN:1483,updatePlayerCombo
FN:1537,handleNewWave
FN:1568,updatePowerups
FN:1598,updateLoot
FN:1635,handlePlayerLevelUp
FN:1664,applyMilestoneBonus
FN:1719,updateBerserkerZombie
FN:1813,handleChainLightning
FN:1911,handlePoisonDart
FN:1961,handleIceCannon
FN:2025,updatePoisonedZombies
FN:2061,updateFrozenSlowedZombies
FN:2084,updateNecromancerZombie
FN:2095,(anonymous_33)
FN:2148,updateBruteZombie
FN:2222,updateMimicZombie
FN:2292,handleSplitterDeath
FNF:37
FNH:0
FNDA:0,handlePlayerDeathProgression
FNDA:0,(anonymous_1)
FNDA:0,gameLoop
FNDA:0,(anonymous_3)
FNDA:0,updateZombies
FNDA:0,updateTeleporterZombie
FNDA:0,updateSummonerZombie
FNDA:0,updateBossCharnier
FNDA:0,updateBossInfect
FNDA:0,updateBossColosse
FNDA:0,updateBossRoi
FNDA:0,updateBossOmega
FNDA:0,moveZombie
FNDA:0,updatePoisonTrails
FNDA:0,updateBullets
FNDA:0,handleZombieBulletCollisions
FNDA:0,handlePlayerBulletCollisions
FNDA:0,handleExplosiveBullet
FNDA:0,handleZombieDeath
FNDA:0,handleExplosiveZombieDeath
FNDA:0,updatePlayerCombo
FNDA:0,handleNewWave
FNDA:0,updatePowerups
FNDA:0,updateLoot
FNDA:0,handlePlayerLevelUp
FNDA:0,applyMilestoneBonus
FNDA:0,updateBerserkerZombie
FNDA:0,handleChainLightning
FNDA:0,handlePoisonDart
FNDA:0,handleIceCannon
FNDA:0,updatePoisonedZombies
FNDA:0,updateFrozenSlowedZombies
FNDA:0,updateNecromancerZombie
FNDA:0,(anonymous_33)
FNDA:0,updateBruteZombie
FNDA:0,updateMimicZombie
FNDA:0,handleSplitterDeath
DA:11,0
DA:12,0
DA:13,0
DA:14,0
DA:16,0
DA:19,0
DA:31,0
DA:33,0
DA:36,0
DA:38,0
DA:39,0
DA:42,0
DA:44,0
DA:45,0
DA:46,0
DA:47,0
DA:49,0
DA:58,0
DA:60,0
DA:65,0
DA:81,0
DA:84,0
DA:85,0
DA:86,0
DA:89,0
DA:91,0
DA:93,0
DA:94,0
DA:97,0
DA:98,0
DA:99,0
DA:100,0
DA:101,0
DA:104,0
DA:107,0
DA:108,0
DA:110,0
DA:113,0
DA:114,0
DA:118,0
DA:119,0
DA:123,0
DA:124,0
DA:125,0
DA:129,0
DA:130,0
DA:134,0
DA:135,0
DA:136,0
DA:137,0
DA:139,0
DA:143,0
DA:144,0
DA:145,0
DA:146,0
DA:151,0
DA:153,0
DA:155,0
DA:157,0
DA:158,0
DA:161,0
DA:162,0
DA:165,0
DA:166,0
DA:169,0
DA:184,0
DA:187,0
DA:193,0
DA:194,0
DA:196,0
DA:197,0
DA:199,0
DA:201,0
DA:204,0
DA:206,0
DA:207,0
DA:210,0
DA:211,0
DA:214,0
DA:215,0
DA:216,0
DA:220,0
DA:221,0
DA:222,0
DA:223,0
DA:224,0
DA:225,0
DA:229,0
DA:232,0
DA:234,0
DA:236,0
DA:237,0
DA:239,0
DA:240,0
DA:241,0
DA:242,0
DA:243,0
DA:246,0
DA:247,0
DA:248,0
DA:252,0
DA:259,0
DA:262,0
DA:263,0
DA:267,0
DA:268,0
DA:269,0
DA:270,0
DA:273,0
DA:274,0
DA:276,0
DA:277,0
DA:278,0
DA:281,0
DA:284,0
DA:287,0
DA:288,0
DA:289,0
DA:297,0
DA:300,0
DA:303,0
DA:306,0
DA:309,0
DA:312,0
DA:313,0
DA:314,0
DA:315,0
DA:316,0
DA:320,0
DA:323,0
DA:326,0
DA:329,0
DA:332,0
DA:333,0
DA:335,0
DA:343,0
DA:344,0
DA:347,0
DA:348,0
DA:349,0
DA:350,0
DA:353,0
DA:357,0
DA:358,0
DA:359,0
DA:361,0
DA:368,0
DA:369,0
DA:372,0
DA:376,0
DA:378,0
DA:379,0
DA:384,0
DA:385,0
DA:388,0
DA:391,0
DA:397,0
DA:398,0
DA:399,0
DA:402,0
DA:419,0
DA:425,0
DA:426,0
DA:429,0
DA:430,0
DA:433,0
DA:434,0
DA:445,0
DA:450,0
DA:453,0
DA:456,0
DA:459,0
DA:460,0
DA:461,0
DA:462,0
DA:463,0
DA:468,0
DA:469,0
DA:470,0
DA:475,0
DA:483,0
DA:485,0
DA:486,0
DA:488,0
DA:493,0
DA:494,0
DA:497,0
DA:498,0
DA:501,0
DA:504,0
DA:508,0
DA:509,0
DA:512,0
DA:513,0
DA:515,0
DA:518,0
DA:519,0
DA:522,0
DA:533,0
DA:535,0
DA:538,0
DA:539,0
DA:540,0
DA:541,0
DA:542,0
DA:545,0
DA:548,0
DA:550,0
DA:553,0
DA:558,0
DA:559,0
DA:560,0
DA:561,0
DA:566,0
DA:567,0
DA:576,0
DA:578,0
DA:579,0
DA:580,0
DA:583,0
DA:584,0
DA:585,0
DA:586,0
DA:596,0
DA:598,0
DA:601,0
DA:602,0
DA:605,0
DA:606,0
DA:616,0
DA:620,0
DA:621,0
DA:624,0
DA:625,0
DA:626,0
DA:628,0
DA:629,0
DA:630,0
DA:633,0
DA:635,0
DA:636,0
DA:642,0
DA:650,0
DA:652,0
DA:653,0
DA:656,0
DA:657,0
DA:659,0
DA:660,0
DA:661,0
DA:664,0
DA:667,0
DA:668,0
DA:669,0
DA:670,0
DA:671,0
DA:674,0
DA:675,0
DA:686,0
DA:688,0
DA:689,0
DA:692,0
DA:693,0
DA:694,0
DA:695,0
DA:696,0
DA:700,0
DA:701,0
DA:702,0
DA:707,0
DA:711,0
DA:712,0
DA:715,0
DA:720,0
DA:722,0
DA:725,0
DA:728,0
DA:729,0
DA:731,0
DA:732,0
DA:733,0
DA:734,0
DA:735,0
DA:736,0
DA:742,0
DA:743,0
DA:746,0
DA:747,0
DA:748,0
DA:749,0
DA:752,0
DA:756,0
DA:757,0
DA:760,0
DA:761,0
DA:762,0
DA:763,0
DA:764,0
DA:766,0
DA:767,0
DA:788,0
DA:792,0
DA:795,0
DA:802,0
DA:803,0
DA:804,0
DA:812,0
DA:814,0
DA:815,0
DA:818,0
DA:819,0
DA:820,0
DA:821,0
DA:822,0
DA:823,0
DA:824,0
DA:828,0
DA:829,0
DA:830,0
DA:835,0
DA:839,0
DA:840,0
DA:843,0
DA:848,0
DA:850,0
DA:853,0
DA:856,0
DA:857,0
DA:859,0
DA:860,0
DA:861,0
DA:862,0
DA:863,0
DA:864,0
DA:870,0
DA:871,0
DA:872,0
DA:873,0
DA:882,0
DA:886,0
DA:887,0
DA:888,0
DA:889,0
DA:890,0
DA:891,0
DA:894,0
DA:898,0
DA:899,0
DA:902,0
DA:907,0
DA:909,0
DA:912,0
DA:913,0
DA:914,0
DA:915,0
DA:918,0
DA:922,0
DA:923,0
DA:924,0
DA:927,0
DA:928,0
DA:929,0
DA:932,0
DA:933,0
DA:936,0
DA:938,0
DA:939,0
DA:945,0
DA:948,0
DA:966,0
DA:971,0
DA:972,0
DA:975,0
DA:976,0
DA:979,0
DA:980,0
DA:984,0
DA:987,0
DA:988,0
DA:992,0
DA:993,0
DA:994,0
DA:995,0
DA:999,0
DA:1000,0
DA:1001,0
DA:1002,0
DA:1005,0
DA:1006,0
DA:1009,0
DA:1010,0
DA:1013,0
DA:1015,0
DA:1016,0
DA:1020,0
DA:1021,0
DA:1024,0
DA:1025,0
DA:1030,0
DA:1031,0
DA:1034,0
DA:1041,0
DA:1043,0
DA:1044,0
DA:1047,0
DA:1049,0
DA:1050,0
DA:1054,0
DA:1055,0
DA:1056,0
DA:1058,0
DA:1060,0
DA:1063,0
DA:1064,0
DA:1067,0
DA:1068,0
DA:1071,0
DA:1072,0
DA:1073,0
DA:1076,0
DA:1077,0
DA:1085,0
DA:1086,0
DA:1087,0
DA:1090,0
DA:1091,0
DA:1094,0
DA:1095,0
DA:1098,0
DA:1100,0
DA:1101,0
DA:1104,0
DA:1108,0
DA:1109,0
DA:1117,0
DA:1118,0
DA:1124,0
DA:1129,0
DA:1131,0
DA:1132,0
DA:1135,0
DA:1136,0
DA:1138,0
DA:1139,0
DA:1142,0
DA:1143,0
DA:1144,0
DA:1147,0
DA:1150,0
DA:1151,0
DA:1163,0
DA:1165,0
DA:1166,0
DA:1168,0
DA:1169,0
DA:1172,0
DA:1173,0
DA:1177,0
DA:1178,0
DA:1179,0
DA:1184,0
DA:1185,0
DA:1188,0
DA:1189,0
DA:1193,0
DA:1194,0
DA:1195,0
DA:1196,0
DA:1197,0
DA:1199,0
DA:1200,0
DA:1204,0
DA:1205,0
DA:1206,0
DA:1210,0
DA:1218,0
DA:1219,0
DA:1222,0
DA:1223,0
DA:1226,0
DA:1228,0
DA:1229,0
DA:1230,0
DA:1234,0
DA:1236,0
DA:1237,0
DA:1241,0
DA:1243,0
DA:1244,0
DA:1254,0
DA:1256,0
DA:1258,0
DA:1259,0
DA:1263,0
DA:1265,0
DA:1266,0
DA:1269,0
DA:1272,0
DA:1273,0
DA:1274,0
DA:1277,0
DA:1279,0
DA:1282,0
DA:1287,0
DA:1288,0
DA:1289,0
DA:1291,0
DA:1294,0
DA:1297,0
DA:1298,0
DA:1299,0
DA:1300,0
DA:1301,0
DA:1306,0
DA:1307,0
DA:1308,0
DA:1309,0
DA:1312,0
DA:1316,0
DA:1319,0
DA:1322,0
DA:1325,0
DA:1328,0
DA:1330,0
DA:1331,0
DA:1333,0
DA:1341,0
DA:1343,0
DA:1346,0
DA:1347,0
DA:1348,0
DA:1351,0
DA:1352,0
DA:1353,0
DA:1357,0
DA:1358,0
DA:1359,0
DA:1360,0
DA:1361,0
DA:1363,0
DA:1366,0
DA:1368,0
DA:1380,0
DA:1383,0
DA:1384,0
DA:1388,0
DA:1389,0
DA:1391,0
DA:1392,0
DA:1393,0
DA:1397,0
DA:1398,0
DA:1407,0
DA:1408,0
DA:1411,0
DA:1412,0
DA:1413,0
DA:1414,0
DA:1415,0
DA:1419,0
DA:1422,0
DA:1423,0
DA:1424,0
DA:1425,0
DA:1430,0
DA:1432,0
DA:1435,0
DA:1436,0
DA:1444,0
DA:1446,0
DA:1447,0
DA:1450,0
DA:1451,0
DA:1453,0
DA:1454,0
DA:1455,0
DA:1456,0
DA:1457,0
DA:1458,0
DA:1465,0
DA:1466,0
DA:1467,0
DA:1468,0
DA:1469,0
DA:1471,0
DA:1472,0
DA:1474,0
DA:1484,0
DA:1485,0
DA:1487,0
DA:1488,0
DA:1491,0
DA:1492,0
DA:1494,0
DA:1497,0
DA:1498,0
DA:1499,0
DA:1502,0
DA:1503,0
DA:1507,0
DA:1508,0
DA:1509,0
DA:1510,0
DA:1511,0
DA:1514,0
DA:1515,0
DA:1518,0
DA:1519,0
DA:1520,0
DA:1523,0
DA:1531,0
DA:1539,0
DA:1540,0
DA:1541,0
DA:1542,0
DA:1545,0
DA:1549,0
DA:1550,0
DA:1556,0
DA:1557,0
DA:1558,0
DA:1559,0
DA:1560,0
DA:1569,0
DA:1570,0
DA:1573,0
DA:1574,0
DA:1575,0
DA:1579,0
DA:1580,0
DA:1582,0
DA:1584,0
DA:1585,0
DA:1588,0
DA:1589,0
DA:1599,0
DA:1600,0
DA:1603,0
DA:1604,0
DA:1605,0
DA:1609,0
DA:1610,0
DA:1611,0
DA:1613,0
DA:1615,0
DA:1616,0
DA:1619,0
DA:1621,0
DA:1624,0
DA:1626,0
DA:1636,0
DA:1637,0
DA:1638,0
DA:1641,0
DA:1642,0
DA:1643,0
DA:1647,0
DA:1650,0
DA:1651,0
DA:1653,0
DA:1665,0
DA:1667,0
DA:1668,0
DA:1669,0
DA:1670,0
DA:1675,0
DA:1676,0
DA:1677,0
DA:1678,0
DA:1683,0
DA:1684,0
DA:1685,0
DA:1686,0
DA:1691,0
DA:1692,0
DA:1693,0
DA:1694,0
DA:1695,0
DA:1702,0
DA:1703,0
DA:1704,0
DA:1705,0
DA:1706,0
DA:1713,0
DA:1720,0
DA:1722,0
DA:1725,0
DA:1728,0
DA:1729,0
DA:1731,0
DA:1732,0
DA:1733,0
DA:1734,0
DA:1735,0
DA:1736,0
DA:1738,0
DA:1739,0
DA:1743,0
DA:1745,0
DA:1746,0
DA:1747,0
DA:1749,0
DA:1753,0
DA:1754,0
DA:1756,0
DA:1760,0
DA:1761,0
DA:1762,0
DA:1763,0
DA:1764,0
DA:1765,0
DA:1767,0
DA:1768,0
DA:1772,0
DA:1774,0
DA:1776,0
DA:1777,0
DA:1779,0
DA:1783,0
DA:1785,0
DA:1790,0
DA:1792,0
DA:1793,0
DA:1794,0
DA:1797,0
DA:1798,0
DA:1801,0
DA:1806,0
DA:1814,0
DA:1817,0
DA:1818,0
DA:1819,0
DA:1822,0
DA:1825,0
DA:1827,0
DA:1828,0
DA:1829,0
DA:1831,0
DA:1833,0
DA:1835,0
DA:1836,0
DA:1838,0
DA:1839,0
DA:1840,0
DA:1841,0
DA:1846,0
DA:1847,0
DA:1848,0
DA:1851,0
DA:1854,0
DA:1857,0
DA:1858,0
DA:1859,0
DA:1860,0
DA:1861,0
DA:1866,0
DA:1867,0
DA:1868,0
DA:1869,0
DA:1870,0
DA:1872,0
DA:1873,0
DA:1877,0
DA:1880,0
DA:1881,0
DA:1884,0
DA:1885,0
DA:1886,0
DA:1887,0
DA:1888,0
DA:1889,0
DA:1890,0
DA:1894,0
DA:1895,0
DA:1896,0
DA:1900,0
DA:1903,0
DA:1912,0
DA:1914,0
DA:1915,0
DA:1918,0
DA:1919,0
DA:1929,0
DA:1932,0
DA:1933,0
DA:1934,0
DA:1936,0
DA:1937,0
DA:1939,0
DA:1941,0
DA:1951,0
DA:1962,0
DA:1964,0
DA:1965,0
DA:1968,0
DA:1970,0
DA:1972,0
DA:1977,0
DA:1980,0
DA:1983,0
DA:1984,0
DA:1990,0
DA:1993,0
DA:1998,0
DA:1999,0
DA:2001,0
DA:2002,0
DA:2004,0
DA:2006,0
DA:2007,0
DA:2013,0
DA:2016,0
DA:2026,0
DA:2027,0
DA:2029,0
DA:2030,0
DA:2033,0
DA:2034,0
DA:2035,0
DA:2039,0
DA:2040,0
DA:2041,0
DA:2044,0
DA:2047,0
DA:2048,0
DA:2049,0
DA:2050,0
DA:2051,0
DA:2062,0
DA:2063,0
DA:2066,0
DA:2067,0
DA:2068,0
DA:2069,0
DA:2074,0
DA:2075,0
DA:2076,0
DA:2085,0
DA:2087,0
DA:2090,0
DA:2092,0
DA:2095,0
DA:2098,0
DA:2099,0
DA:2100,0
DA:2101,0
DA:2102,0
DA:2107,0
DA:2108,0
DA:2109,0
DA:2111,0
DA:2113,0
DA:2116,0
DA:2117,0
DA:2119,0
DA:2136,0
DA:2140,0
DA:2149,0
DA:2151,0
DA:2154,0
DA:2156,0
DA:2160,0
DA:2164,0
DA:2166,0
DA:2169,0
DA:2170,0
DA:2171,0
DA:2172,0
DA:2175,0
DA:2178,0
DA:2180,0
DA:2181,0
DA:2186,0
DA:2189,0
DA:2190,0
DA:2195,0
DA:2197,0
DA:2202,0
DA:2204,0
DA:2205,0
DA:2206,0
DA:2207,0
DA:2210,0
DA:2211,0
DA:2214,0
DA:2223,0
DA:2225,0
DA:2228,0
DA:2229,0
DA:2230,0
DA:2231,0
DA:2232,0
DA:2233,0
DA:2237,0
DA:2238,0
DA:2243,0
DA:2245,0
DA:2246,0
DA:2247,0
DA:2248,0
DA:2249,0
DA:2250,0
DA:2253,0
DA:2254,0
DA:2259,0
DA:2260,0
DA:2264,0
DA:2265,0
DA:2267,0
DA:2268,0
DA:2270,0
DA:2271,0
DA:2274,0
DA:2277,0
DA:2279,0
DA:2280,0
DA:2283,0
DA:2293,0
DA:2296,0
DA:2297,0
DA:2300,0
DA:2301,0
DA:2302,0
DA:2303,0
DA:2304,0
DA:2306,0
DA:2307,0
DA:2324,0
DA:2328,0
DA:2329,0
DA:2330,0
DA:2332,0
DA:2333,0
DA:2334,0
DA:2335,0
DA:2337,0
DA:2339,0
DA:2340,0
DA:2346,0
LF:939
LH:0
BRDA:30,0,0,0
BRDA:31,1,0,0
BRDA:31,1,1,0
BRDA:38,2,0,0
BRDA:38,2,1,0
BRDA:42,3,0,0
BRDA:42,3,1,0
BRDA:42,4,0,0
BRDA:42,4,1,0
BRDA:45,5,0,0
BRDA:45,5,1,0
BRDA:45,5,2,0
BRDA:47,6,0,0
BRDA:47,6,1,0
BRDA:52,7,0,0
BRDA:52,7,1,0
BRDA:52,7,2,0
BRDA:84,8,0,0
BRDA:84,8,1,0
BRDA:110,9,0,0
BRDA:110,9,1,0
BRDA:113,10,0,0
BRDA:113,10,1,0
BRDA:113,11,0,0
BRDA:113,11,1,0
BRDA:118,12,0,0
BRDA:118,12,1,0
BRDA:118,13,0,0
BRDA:118,13,1,0
BRDA:123,14,0,0
BRDA:123,14,1,0
BRDA:123,15,0,0
BRDA:123,15,1,0
BRDA:129,16,0,0
BRDA:129,16,1,0
BRDA:129,17,0,0
BRDA:129,17,1,0
BRDA:135,18,0,0
BRDA:135,18,1,0
BRDA:135,19,0,0
BRDA:135,19,1,0
BRDA:135,19,2,0
BRDA:143,20,0,0
BRDA:143,20,1,0
BRDA:144,21,0,0
BRDA:144,21,1,0
BRDA:144,22,0,0
BRDA:144,22,1,0
BRDA:151,23,0,0
BRDA:151,23,1,0
BRDA:151,24,0,0
BRDA:151,24,1,0
BRDA:151,24,2,0
BRDA:155,25,0,0
BRDA:155,25,1,0
BRDA:161,26,0,0
BRDA:161,26,1,0
BRDA:166,27,0,0
BRDA:166,27,1,0
BRDA:193,28,0,0
BRDA:193,28,1,0
BRDA:193,29,0,0
BRDA:193,29,1,0
BRDA:193,29,2,0
BRDA:194,30,0,0
BRDA:194,30,1,0
BRDA:197,31,0,0
BRDA:197,31,1,0
BRDA:199,32,0,0
BRDA:199,32,1,0
BRDA:206,33,0,0
BRDA:206,33,1,0
BRDA:207,34,0,0
BRDA:207,34,1,0
BRDA:214,35,0,0
BRDA:214,35,1,0
BRDA:232,36,0,0
BRDA:232,36,1,0
BRDA:239,37,0,0
BRDA:239,37,1,0
BRDA:240,38,0,0
BRDA:240,38,1,0
BRDA:242,39,0,0
BRDA:242,39,1,0
BRDA:243,40,0,0
BRDA:243,40,1,0
BRDA:259,41,0,0
BRDA:259,41,1,0
BRDA:270,42,0,0
BRDA:270,42,1,0
BRDA:274,43,0,0
BRDA:274,43,1,0
BRDA:276,44,0,0
BRDA:276,44,1,0
BRDA:277,45,0,0
BRDA:277,45,1,0
BRDA:277,46,0,0
BRDA:277,46,1,0
BRDA:287,47,0,0
BRDA:287,47,1,0
BRDA:347,48,0,0
BRDA:347,48,1,0
BRDA:349,49,0,0
BRDA:349,49,1,0
BRDA:349,50,0,0
BRDA:349,50,1,0
BRDA:358,51,0,0
BRDA:358,51,1,0
BRDA:368,52,0,0
BRDA:368,52,1,0
BRDA:384,53,0,0
BRDA:384,53,1,0
BRDA:388,54,0,0
BRDA:388,54,1,0
BRDA:388,55,0,0
BRDA:388,55,1,0
BRDA:397,56,0,0
BRDA:397,56,1,0
BRDA:425,57,0,0
BRDA:425,57,1,0
BRDA:429,58,0,0
BRDA:429,58,1,0
BRDA:429,59,0,0
BRDA:429,59,1,0
BRDA:483,60,0,0
BRDA:483,60,1,0
BRDA:486,61,0,0
BRDA:486,61,1,0
BRDA:486,62,0,0
BRDA:486,62,1,0
BRDA:493,63,0,0
BRDA:493,63,1,0
BRDA:497,64,0,0
BRDA:497,64,1,0
BRDA:513,65,0,0
BRDA:513,65,1,0
BRDA:513,66,0,0
BRDA:513,66,1,0
BRDA:533,67,0,0
BRDA:533,67,1,0
BRDA:541,68,0,0
BRDA:541,68,1,0
BRDA:548,69,0,0
BRDA:548,69,1,0
BRDA:548,70,0,0
BRDA:548,70,1,0
BRDA:548,70,2,0
BRDA:560,71,0,0
BRDA:560,71,1,0
BRDA:566,72,0,0
BRDA:566,72,1,0
BRDA:576,73,0,0
BRDA:576,73,1,0
BRDA:579,74,0,0
BRDA:579,74,1,0
BRDA:579,75,0,0
BRDA:579,75,1,0
BRDA:585,76,0,0
BRDA:585,76,1,0
BRDA:585,77,0,0
BRDA:585,77,1,0
BRDA:596,78,0,0
BRDA:596,78,1,0
BRDA:601,79,0,0
BRDA:601,79,1,0
BRDA:601,80,0,0
BRDA:601,80,1,0
BRDA:605,81,0,0
BRDA:605,81,1,0
BRDA:620,82,0,0
BRDA:620,82,1,0
BRDA:620,83,0,0
BRDA:620,83,1,0
BRDA:626,84,0,0
BRDA:626,84,1,0
BRDA:626,85,0,0
BRDA:626,85,1,0
BRDA:626,85,2,0
BRDA:629,86,0,0
BRDA:629,86,1,0
BRDA:635,87,0,0
BRDA:635,87,1,0
BRDA:650,88,0,0
BRDA:650,88,1,0
BRDA:656,89,0,0
BRDA:656,89,1,0
BRDA:659,90,0,0
BRDA:659,90,1,0
BRDA:659,91,0,0
BRDA:659,91,1,0
BRDA:667,92,0,0
BRDA:667,92,1,0
BRDA:667,93,0,0
BRDA:667,93,1,0
BRDA:686,94,0,0
BRDA:686,94,1,0
BRDA:693,95,0,0
BRDA:693,95,1,0
BRDA:695,96,0,0
BRDA:695,96,1,0
BRDA:700,97,0,0
BRDA:700,97,1,0
BRDA:711,98,0,0
BRDA:711,98,1,0
BRDA:711,99,0,0
BRDA:711,99,1,0
BRDA:711,99,2,0
BRDA:720,100,0,0
BRDA:720,100,1,0
BRDA:732,101,0,0
BRDA:732,101,1,0
BRDA:732,102,0,0
BRDA:732,102,1,0
BRDA:742,103,0,0
BRDA:742,103,1,0
BRDA:742,104,0,0
BRDA:742,104,1,0
BRDA:742,104,2,0
BRDA:748,105,0,0
BRDA:748,105,1,0
BRDA:756,106,0,0
BRDA:756,106,1,0
BRDA:756,107,0,0
BRDA:756,107,1,0
BRDA:756,107,2,0
BRDA:802,108,0,0
BRDA:802,108,1,0
BRDA:802,109,0,0
BRDA:802,109,1,0
BRDA:812,110,0,0
BRDA:812,110,1,0
BRDA:819,111,0,0
BRDA:819,111,1,0
BRDA:821,112,0,0
BRDA:821,112,1,0
BRDA:823,113,0,0
BRDA:823,113,1,0
BRDA:828,114,0,0
BRDA:828,114,1,0
BRDA:839,115,0,0
BRDA:839,115,1,0
BRDA:839,116,0,0
BRDA:839,116,1,0
BRDA:848,117,0,0
BRDA:848,117,1,0
BRDA:860,118,0,0
BRDA:860,118,1,0
BRDA:860,119,0,0
BRDA:860,119,1,0
BRDA:870,120,0,0
BRDA:870,120,1,0
BRDA:870,121,0,0
BRDA:870,121,1,0
BRDA:870,121,2,0
BRDA:872,122,0,0
BRDA:872,122,1,0
BRDA:886,123,0,0
BRDA:886,123,1,0
BRDA:886,124,0,0
BRDA:886,124,1,0
BRDA:886,124,2,0
BRDA:890,125,0,0
BRDA:890,125,1,0
BRDA:898,126,0,0
BRDA:898,126,1,0
BRDA:898,127,0,0
BRDA:898,127,1,0
BRDA:898,127,2,0
BRDA:907,128,0,0
BRDA:907,128,1,0
BRDA:924,129,0,0
BRDA:924,129,1,0
BRDA:924,130,0,0
BRDA:924,130,1,0
BRDA:924,130,2,0
BRDA:932,131,0,0
BRDA:932,131,1,0
BRDA:932,132,0,0
BRDA:932,132,1,0
BRDA:938,133,0,0
BRDA:938,133,1,0
BRDA:975,134,0,0
BRDA:975,134,1,0
BRDA:979,135,0,0
BRDA:979,135,1,0
BRDA:987,136,0,0
BRDA:987,136,1,0
BRDA:987,137,0,0
BRDA:987,137,1,0
BRDA:992,138,0,0
BRDA:992,138,1,0
BRDA:992,139,0,0
BRDA:992,139,1,0
BRDA:999,140,0,0
BRDA:999,140,1,0
BRDA:999,141,0,0
BRDA:999,141,1,0
BRDA:1013,142,0,0
BRDA:1013,142,1,0
BRDA:1013,143,0,0
BRDA:1013,143,1,0
BRDA:1020,144,0,0
BRDA:1020,144,1,0
BRDA:1020,145,0,0
BRDA:1020,145,1,0
BRDA:1024,146,0,0
BRDA:1024,146,1,0
BRDA:1024,147,0,0
BRDA:1024,147,1,0
BRDA:1043,148,0,0
BRDA:1043,148,1,0
BRDA:1043,149,0,0
BRDA:1043,149,1,0
BRDA:1047,150,0,0
BRDA:1047,150,1,0
BRDA:1049,151,0,0
BRDA:1049,151,1,0
BRDA:1049,152,0,0
BRDA:1049,152,1,0
BRDA:1054,153,0,0
BRDA:1054,153,1,0
BRDA:1055,154,0,0
BRDA:1055,154,1,0
BRDA:1058,155,0,0
BRDA:1058,155,1,0
BRDA:1063,156,0,0
BRDA:1063,156,1,0
BRDA:1063,157,0,0
BRDA:1063,157,1,0
BRDA:1071,158,0,0
BRDA:1071,158,1,0
BRDA:1076,159,0,0
BRDA:1076,159,1,0
BRDA:1085,160,0,0
BRDA:1085,160,1,0
BRDA:1085,161,0,0
BRDA:1085,161,1,0
BRDA:1098,162,0,0
BRDA:1098,162,1,0
BRDA:1098,163,0,0
BRDA:1098,163,1,0
BRDA:1131,164,0,0
BRDA:1131,164,1,0
BRDA:1131,165,0,0
BRDA:1131,165,1,0
BRDA:1131,165,2,0
BRDA:1131,165,3,0
BRDA:1136,166,0,0
BRDA:1136,166,1,0
BRDA:1138,167,0,0
BRDA:1138,167,1,0
BRDA:1139,168,0,0
BRDA:1139,168,1,0
BRDA:1142,169,0,0
BRDA:1142,169,1,0
BRDA:1150,170,0,0
BRDA:1150,170,1,0
BRDA:1172,171,0,0
BRDA:1172,171,1,0
BRDA:1172,172,0,0
BRDA:1172,172,1,0
BRDA:1177,173,0,0
BRDA:1177,173,1,0
BRDA:1177,174,0,0
BRDA:1177,174,1,0
BRDA:1185,175,0,0
BRDA:1185,175,1,0
BRDA:1185,176,0,0
BRDA:1185,176,1,0
BRDA:1185,176,2,0
BRDA:1185,176,3,0
BRDA:1185,176,4,0
BRDA:1185,176,5,0
BRDA:1185,176,6,0
BRDA:1193,177,0,0
BRDA:1193,177,1,0
BRDA:1193,178,0,0
BRDA:1193,178,1,0
BRDA:1195,179,0,0
BRDA:1195,179,1,0
BRDA:1199,180,0,0
BRDA:1199,180,1,0
BRDA:1199,181,0,0
BRDA:1199,181,1,0
BRDA:1204,182,0,0
BRDA:1204,182,1,0
BRDA:1222,183,0,0
BRDA:1222,183,1,0
BRDA:1222,184,0,0
BRDA:1222,184,1,0
BRDA:1222,184,2,0
BRDA:1222,184,3,0
BRDA:1226,185,0,0
BRDA:1226,185,1,0
BRDA:1228,186,0,0
BRDA:1228,186,1,0
BRDA:1228,187,0,0
BRDA:1228,187,1,0
BRDA:1236,188,0,0
BRDA:1236,188,1,0
BRDA:1258,189,0,0
BRDA:1258,189,1,0
BRDA:1258,190,0,0
BRDA:1258,190,1,0
BRDA:1265,191,0,0
BRDA:1265,191,1,0
BRDA:1265,192,0,0
BRDA:1265,192,1,0
BRDA:1277,193,0,0
BRDA:1277,193,1,0
BRDA:1287,194,0,0
BRDA:1287,194,1,0
BRDA:1287,195,0,0
BRDA:1287,195,1,0
BRDA:1297,196,0,0
BRDA:1297,196,1,0
BRDA:1299,197,0,0
BRDA:1299,197,1,0
BRDA:1299,198,0,0
BRDA:1299,198,1,0
BRDA:1306,199,0,0
BRDA:1306,199,1,0
BRDA:1306,200,0,0
BRDA:1306,200,1,0
BRDA:1308,201,0,0
BRDA:1308,201,1,0
BRDA:1330,202,0,0
BRDA:1330,202,1,0
BRDA:1341,203,0,0
BRDA:1341,203,1,0
BRDA:1341,204,0,0
BRDA:1341,204,1,0
BRDA:1346,205,0,0
BRDA:1346,205,1,0
BRDA:1347,206,0,0
BRDA:1347,206,1,0
BRDA:1351,207,0,0
BRDA:1351,207,1,0
BRDA:1358,208,0,0
BRDA:1358,208,1,0
BRDA:1361,209,0,0
BRDA:1361,209,1,0
BRDA:1363,210,0,0
BRDA:1363,210,1,0
BRDA:1363,211,0,0
BRDA:1363,211,1,0
BRDA:1383,212,0,0
BRDA:1383,212,1,0
BRDA:1388,213,0,0
BRDA:1388,213,1,0
BRDA:1397,214,0,0
BRDA:1397,214,1,0
BRDA:1411,215,0,0
BRDA:1411,215,1,0
BRDA:1413,216,0,0
BRDA:1413,216,1,0
BRDA:1424,217,0,0
BRDA:1424,217,1,0
BRDA:1424,218,0,0
BRDA:1424,218,1,0
BRDA:1435,219,0,0
BRDA:1435,219,1,0
BRDA:1453,220,0,0
BRDA:1453,220,1,0
BRDA:1453,221,0,0
BRDA:1453,221,1,0
BRDA:1453,221,2,0
BRDA:1453,221,3,0
BRDA:1455,222,0,0
BRDA:1455,222,1,0
BRDA:1457,223,0,0
BRDA:1457,223,1,0
BRDA:1466,224,0,0
BRDA:1466,224,1,0
BRDA:1469,225,0,0
BRDA:1469,225,1,0
BRDA:1485,226,0,0
BRDA:1485,226,1,0
BRDA:1485,227,0,0
BRDA:1485,227,1,0
BRDA:1491,228,0,0
BRDA:1491,228,1,0
BRDA:1491,229,0,0
BRDA:1491,229,1,0
BRDA:1502,230,0,0
BRDA:1502,230,1,0
BRDA:1508,231,0,0
BRDA:1508,231,1,0
BRDA:1509,232,0,0
BRDA:1509,232,1,0
BRDA:1510,233,0,0
BRDA:1510,233,1,0
BRDA:1511,234,0,0
BRDA:1511,234,1,0
BRDA:1558,235,0,0
BRDA:1558,235,1,0
BRDA:1573,236,0,0
BRDA:1573,236,1,0
BRDA:1582,237,0,0
BRDA:1582,237,1,0
BRDA:1582,238,0,0
BRDA:1582,238,1,0
BRDA:1582,238,2,0
BRDA:1603,239,0,0
BRDA:1603,239,1,0
BRDA:1611,240,0,0
BRDA:1611,240,1,0
BRDA:1613,241,0,0
BRDA:1613,241,1,0
BRDA:1613,242,0,0
BRDA:1613,242,1,0
BRDA:1613,242,2,0
BRDA:1642,243,0,0
BRDA:1642,243,1,0
BRDA:1667,244,0,0
BRDA:1667,244,1,0
BRDA:1675,245,0,0
BRDA:1675,245,1,0
BRDA:1676,246,0,0
BRDA:1676,246,1,0
BRDA:1677,247,0,0
BRDA:1677,247,1,0
BRDA:1683,248,0,0
BRDA:1683,248,1,0
BRDA:1684,249,0,0
BRDA:1684,249,1,0
BRDA:1685,250,0,0
BRDA:1685,250,1,0
BRDA:1691,251,0,0
BRDA:1691,251,1,0
BRDA:1694,252,0,0
BRDA:1694,252,1,0
BRDA:1705,253,0,0
BRDA:1705,253,1,0
BRDA:1720,254,0,0
BRDA:1720,254,1,0
BRDA:1731,255,0,0
BRDA:1731,255,1,0
BRDA:1734,256,0,0
BRDA:1734,256,1,0
BRDA:1743,257,0,0
BRDA:1743,257,1,0
BRDA:1743,258,0,0
BRDA:1743,258,1,0
BRDA:1747,259,0,0
BRDA:1747,259,1,0
BRDA:1747,260,0,0
BRDA:1747,260,1,0
BRDA:1753,261,0,0
BRDA:1753,261,1,0
BRDA:1760,262,0,0
BRDA:1760,262,1,0
BRDA:1763,263,0,0
BRDA:1763,263,1,0
BRDA:1772,264,0,0
BRDA:1772,264,1,0
BRDA:1774,265,0,0
BRDA:1774,265,1,0
BRDA:1774,266,0,0
BRDA:1774,266,1,0
BRDA:1777,267,0,0
BRDA:1777,267,1,0
BRDA:1777,268,0,0
BRDA:1777,268,1,0
BRDA:1783,269,0,0
BRDA:1783,269,1,0
BRDA:1783,270,0,0
BRDA:1783,270,1,0
BRDA:1783,270,2,0
BRDA:1790,271,0,0
BRDA:1790,271,1,0
BRDA:1814,272,0,0
BRDA:1814,272,1,0
BRDA:1817,273,0,0
BRDA:1817,273,1,0
BRDA:1825,274,0,0
BRDA:1825,274,1,0
BRDA:1833,275,0,0
BRDA:1833,275,1,0
BRDA:1838,276,0,0
BRDA:1838,276,1,0
BRDA:1838,277,0,0
BRDA:1838,277,1,0
BRDA:1846,278,0,0
BRDA:1846,278,1,0
BRDA:1857,279,0,0
BRDA:1857,279,1,0
BRDA:1859,280,0,0
BRDA:1859,280,1,0
BRDA:1859,281,0,0
BRDA:1859,281,1,0
BRDA:1880,282,0,0
BRDA:1880,282,1,0
BRDA:1884,283,0,0
BRDA:1884,283,1,0
BRDA:1886,284,0,0
BRDA:1886,284,1,0
BRDA:1887,285,0,0
BRDA:1887,285,1,0
BRDA:1889,286,0,0
BRDA:1889,286,1,0
BRDA:1890,287,0,0
BRDA:1890,287,1,0
BRDA:1912,288,0,0
BRDA:1912,288,1,0
BRDA:1918,289,0,0
BRDA:1918,289,1,0
BRDA:1932,290,0,0
BRDA:1932,290,1,0
BRDA:1934,291,0,0
BRDA:1934,291,1,0
BRDA:1939,292,0,0
BRDA:1939,292,1,0
BRDA:1939,293,0,0
BRDA:1939,293,1,0
BRDA:1962,294,0,0
BRDA:1962,294,1,0
BRDA:1970,295,0,0
BRDA:1970,295,1,0
BRDA:1983,296,0,0
BRDA:1983,296,1,0
BRDA:1983,297,0,0
BRDA:1983,297,1,0
BRDA:1999,298,0,0
BRDA:1999,298,1,0
BRDA:2004,299,0,0
BRDA:2004,299,1,0
BRDA:2006,300,0,0
BRDA:2006,300,1,0
BRDA:2006,301,0,0
BRDA:2006,301,1,0
BRDA:2029,302,0,0
BRDA:2029,302,1,0
BRDA:2033,303,0,0
BRDA:2033,303,1,0
BRDA:2039,304,0,0
BRDA:2039,304,1,0
BRDA:2047,305,0,0
BRDA:2047,305,1,0
BRDA:2066,306,0,0
BRDA:2066,306,1,0
BRDA:2067,307,0,0
BRDA:2067,307,1,0
BRDA:2074,308,0,0
BRDA:2074,308,1,0
BRDA:2074,309,0,0
BRDA:2074,309,1,0
BRDA:2085,310,0,0
BRDA:2085,310,1,0
BRDA:2090,311,0,0
BRDA:2090,311,1,0
BRDA:2090,312,0,0
BRDA:2090,312,1,0
BRDA:2092,313,0,0
BRDA:2092,313,1,0
BRDA:2101,314,0,0
BRDA:2101,314,1,0
BRDA:2101,315,0,0
BRDA:2101,315,1,0
BRDA:2107,316,0,0
BRDA:2107,316,1,0
BRDA:2117,317,0,0
BRDA:2117,317,1,0
BRDA:2149,318,0,0
BRDA:2149,318,1,0
BRDA:2154,319,0,0
BRDA:2154,319,1,0
BRDA:2156,320,0,0
BRDA:2156,320,1,0
BRDA:2166,321,0,0
BRDA:2166,321,1,0
BRDA:2166,322,0,0
BRDA:2166,322,1,0
BRDA:2169,323,0,0
BRDA:2169,323,1,0
BRDA:2169,324,0,0
BRDA:2169,324,1,0
BRDA:2180,325,0,0
BRDA:2180,325,1,0
BRDA:2195,326,0,0
BRDA:2195,326,1,0
BRDA:2195,327,0,0
BRDA:2195,327,1,0
BRDA:2195,327,2,0
BRDA:2202,328,0,0
BRDA:2202,328,1,0
BRDA:2223,329,0,0
BRDA:2223,329,1,0
BRDA:2228,330,0,0
BRDA:2228,330,1,0
BRDA:2237,331,0,0
BRDA:2237,331,1,0
BRDA:2243,332,0,0
BRDA:2243,332,1,0
BRDA:2259,333,0,0
BRDA:2259,333,1,0
BRDA:2259,334,0,0
BRDA:2259,334,1,0
BRDA:2265,335,0,0
BRDA:2265,335,1,0
BRDA:2265,336,0,0
BRDA:2265,336,1,0
BRDA:2268,337,0,0
BRDA:2268,337,1,0
BRDA:2279,338,0,0
BRDA:2279,338,1,0
BRDA:2330,339,0,0
BRDA:2330,339,1,0
BRDA:2330,340,0,0
BRDA:2330,340,1,0
BRDA:2330,340,2,0
BRDA:2333,341,0,0
BRDA:2333,341,1,0
BRDA:2339,342,0,0
BRDA:2339,342,1,0
BRF:715
BRH:0
end_of_record
TN:
SF:game/gameState.js
FN:14,initializeGameState
FNF:1
FNH:0
FNDA:0,initializeGameState
DA:15,0
DA:47,0
LF:2
LH:0
BRF:0
BRH:0
end_of_record
TN:
SF:game/lootFunctions.js
FN:20,spawnPowerup
FN:61,createLoot
FN:81,createParticles
FN:94,createExplosion
FNF:4
FNH:0
FNDA:0,spawnPowerup
FNDA:0,createLoot
FNDA:0,createParticles
FNDA:0,createExplosion
DA:10,0
DA:11,0
DA:22,0
DA:23,0
DA:24,0
DA:27,0
DA:28,0
DA:31,0
DA:32,0
DA:33,0
DA:34,0
DA:35,0
DA:38,0
DA:40,0
DA:41,0
DA:50,0
DA:62,0
DA:63,0
DA:83,0
DA:96,0
DA:103,0
LF:21
LH:0
BRDA:23,0,0,0
BRDA:23,0,1,0
BRDA:36,1,0,0
BRDA:36,1,1,0
BRDA:38,2,0,0
BRDA:38,2,1,0
BRDA:81,3,0,0
BRDA:94,4,0,0
BRF:8
BRH:0
end_of_record
TN:
SF:game/particleEffects.js
FN:19,(anonymous_0)
FN:30,(anonymous_1)
FN:40,(anonymous_2)
FN:50,(anonymous_3)
FN:60,(anonymous_4)
FN:70,(anonymous_5)
FN:80,(anonymous_6)
FN:90,(anonymous_7)
FN:100,(anonymous_8)
FN:110,(anonymous_9)
FN:120,(anonymous_10)
FN:133,createCustomEffect
FNF:12
FNH:0
FNDA:0,(anonymous_0)
FNDA:0,(anonymous_1)
FNDA:0,(anonymous_2)
FNDA:0,(anonymous_3)
FNDA:0,(anonymous_4)
FNDA:0,(anonymous_5)
FNDA:0,(anonymous_6)
FNDA:0,(anonymous_7)
FNDA:0,(anonymous_8)
FNDA:0,(anonymous_9)
FNDA:0,(anonymous_10)
FNDA:0,createCustomEffect
DA:6,0
DA:11,0
DA:20,0
DA:31,0
DA:41,0
DA:51,0
DA:61,0
DA:71,0
DA:81,0
DA:91,0
DA:101,0
DA:111,0
DA:121,0
DA:134,0
DA:137,0
LF:15
LH:0
BRF:0
BRH:0
end_of_record
TN:
SF:game/playerUtils.js
FN:11,isPlayerVulnerable
FN:26,isPlayerActive
FN:35,canPlayerAct
FN:43,updatePlayerActivity
FN:55,getPlayerIdentifier
FN:65,canAfford
FN:75,deductGold
FN:88,addGold
FNF:8
FNH:0
FNDA:0,isPlayerVulnerable
FNDA:0,isPlayerActive
FNDA:0,canPlayerAct
FNDA:0,updatePlayerActivity
FNDA:0,getPlayerIdentifier
FNDA:0,canAfford
FNDA:0,deductGold
FNDA:0,addGold
DA:12,0
DA:27,0
DA:36,0
DA:44,0
DA:45,0
DA:56,0
DA:66,0
DA:76,0
DA:77,0
DA:78,0
DA:80,0
DA:89,0
DA:90,0
DA:94,0
LF:14
LH:0
BRDA:13,0,0,0
BRDA:13,0,1,0
BRDA:13,0,2,0
BRDA:13,0,3,0
BRDA:13,0,4,0
BRDA:27,1,0,0
BRDA:27,1,1,0
BRDA:27,1,2,0
BRDA:36,2,0,0
BRDA:36,2,1,0
BRDA:36,2,2,0
BRDA:36,2,3,0
BRDA:44,3,0,0
BRDA:44,3,1,0
BRDA:56,4,0,0
BRDA:56,4,1,0
BRDA:56,4,2,0
BRDA:66,5,0,0
BRDA:66,5,1,0
BRDA:76,6,0,0
BRDA:76,6,1,0
BRDA:89,7,0,0
BRDA:89,7,1,0
BRDA:89,8,0,0
BRDA:89,8,1,0
BRDA:90,9,0,0
BRDA:90,9,1,0
BRF:27
BRH:0
end_of_record
TN:
SF:game/roomFunctions.js
FN:16,generateRoom
FN:69,initializeRooms
FN:86,loadRoom
FNF:3
FNH:0
FNDA:0,generateRoom
FNDA:0,initializeRooms
FNDA:0,loadRoom
DA:9,0
DA:10,0
DA:17,0
DA:25,0
DA:28,0
DA:36,0
DA:37,0
DA:46,0
DA:47,0
DA:48,0
DA:49,0
DA:50,0
DA:51,0
DA:53,0
DA:61,0
DA:70,0
DA:71,0
DA:72,0
DA:74,0
DA:75,0
DA:76,0
DA:87,0
DA:88,0
DA:90,0
DA:94,0
LF:25
LH:0
BRDA:87,0,0,0
BRDA:87,0,1,0
BRDA:87,1,0,0
BRDA:87,1,1,0
BRF:4
BRH:0
end_of_record
TN:
SF:game/utilityFunctions.js
FN:21,distance
FN:35,distanceSquared
FN:47,cleanupPlayerBullets
FN:61,generateUpgradeChoices
FN:85,(anonymous_4)
FN:103,(anonymous_5)
FN:131,getXPForLevel
FNF:7
FNH:0
FNDA:0,distance
FNDA:0,distanceSquared
FNDA:0,cleanupPlayerBullets
FNDA:0,generateUpgradeChoices
FNDA:0,(anonymous_4)
FNDA:0,(anonymous_5)
FNDA:0,getXPForLevel
DA:10,0
DA:11,0
DA:22,0
DA:36,0
DA:37,0
DA:38,0
DA:48,0
DA:49,0
DA:50,0
DA:51,0
DA:62,0
DA:63,0
DA:64,0
DA:67,0
DA:68,0
DA:71,0
DA:72,0
DA:73,0
DA:76,0
DA:77,0
DA:78,0
DA:79,0
DA:81,0
DA:85,0
DA:86,0
DA:89,0
DA:90,0
DA:91,0
DA:92,0
DA:102,0
DA:103,0
DA:104,0
DA:105,0
DA:106,0
DA:107,0
DA:114,0
DA:119,0
DA:120,0
DA:123,0
DA:133,0
DA:134,0
DA:135,0
DA:136,0
DA:137,0
DA:138,0
DA:140,0
DA:144,0
LF:47
LH:0
BRDA:50,0,0,0
BRDA:50,0,1,0
BRDA:71,1,0,0
BRDA:71,1,1,0
BRDA:71,1,2,0
BRDA:76,2,0,0
BRDA:76,2,1,0
BRDA:78,3,0,0
BRDA:78,3,1,0
BRDA:86,4,0,0
BRDA:86,4,1,0
BRDA:89,5,0,0
BRDA:89,5,1,0
BRDA:102,6,0,0
BRDA:102,6,1,0
BRDA:104,7,0,0
BRDA:104,7,1,0
BRDA:119,8,0,0
BRDA:119,8,1,0
BRDA:133,9,0,0
BRDA:133,9,1,0
BRDA:135,10,0,0
BRDA:135,10,1,0
BRDA:137,11,0,0
BRDA:137,11,1,0
BRF:25
BRH:0
end_of_record
TN:
SF:game/validationFunctions.js
FN:22,isValidNumber
FN:32,isValidString
FN:41,validateMovementData
FN:63,validateShootData
FN:78,validateUpgradeData
FN:98,validateBuyItemData
FNF:6
FNH:0
FNDA:0,isValidNumber
FNDA:0,isValidString
FNDA:0,validateMovementData
FNDA:0,validateShootData
FNDA:0,validateUpgradeData
FNDA:0,validateBuyItemData
DA:12,0
DA:13,0
DA:23,0
DA:33,0
DA:42,0
DA:45,0
DA:48,0
DA:51,0
DA:64,0
DA:66,0
DA:67,0
DA:70,0
DA:79,0
DA:81,0
DA:82,0
DA:86,0
DA:87,0
DA:90,0
DA:99,0
DA:101,0
DA:102,0
DA:106,0
DA:107,0
DA:111,0
DA:112,0
DA:115,0
DA:121,0
LF:27
LH:0
BRDA:22,0,0,0
BRDA:22,1,0,0
BRDA:23,2,0,0
BRDA:23,2,1,0
BRDA:23,2,2,0
BRDA:23,2,3,0
BRDA:32,3,0,0
BRDA:33,4,0,0
BRDA:33,4,1,0
BRDA:33,4,2,0
BRDA:42,5,0,0
BRDA:42,5,1,0
BRDA:42,6,0,0
BRDA:42,6,1,0
BRDA:45,7,0,0
BRDA:45,7,1,0
BRDA:45,8,0,0
BRDA:45,8,1,0
BRDA:45,8,2,0
BRDA:64,9,0,0
BRDA:64,9,1,0
BRDA:64,10,0,0
BRDA:64,10,1,0
BRDA:66,11,0,0
BRDA:66,11,1,0
BRDA:79,12,0,0
BRDA:79,12,1,0
BRDA:79,13,0,0
BRDA:79,13,1,0
BRDA:81,14,0,0
BRDA:81,14,1,0
BRDA:86,15,0,0
BRDA:86,15,1,0
BRDA:99,16,0,0
BRDA:99,16,1,0
BRDA:99,17,0,0
BRDA:99,17,1,0
BRDA:101,18,0,0
BRDA:101,18,1,0
BRDA:101,19,0,0
BRDA:101,19,1,0
BRDA:106,20,0,0
BRDA:106,20,1,0
BRDA:106,21,0,0
BRDA:106,21,1,0
BRDA:111,22,0,0
BRDA:111,22,1,0
BRDA:111,23,0,0
BRDA:111,23,1,0
BRF:49
BRH:0
end_of_record
TN:
SF:game/loop/playerUpdates.js
FN:23,updatePlayers
FN:82,updateAutoTurrets
FN:127,updateTeslaCoil
FNF:3
FNH:0
FNDA:0,updatePlayers
FNDA:0,updateAutoTurrets
FNDA:0,updateTeslaCoil
DA:9,0
DA:10,0
DA:11,0
DA:13,0
DA:24,0
DA:25,0
DA:27,0
DA:30,0
DA:31,0
DA:35,0
DA:36,0
DA:40,0
DA:41,0
DA:42,0
DA:46,0
DA:47,0
DA:51,0
DA:52,0
DA:53,0
DA:54,0
DA:55,0
DA:59,0
DA:60,0
DA:61,0
DA:62,0
DA:67,0
DA:70,0
DA:83,0
DA:84,0
DA:86,0
DA:87,0
DA:88,0
DA:90,0
DA:91,0
DA:93,0
DA:94,0
DA:96,0
DA:111,0
DA:112,0
DA:128,0
DA:129,0
DA:131,0
DA:132,0
DA:134,0
DA:135,0
DA:136,0
DA:138,0
DA:139,0
DA:141,0
DA:142,0
DA:145,0
DA:146,0
DA:147,0
DA:151,0
DA:152,0
DA:153,0
DA:154,0
DA:155,0
DA:156,0
DA:159,0
DA:162,0
DA:163,0
DA:165,0
DA:166,0
DA:168,0
DA:169,0
DA:170,0
DA:171,0
DA:172,0
DA:175,0
DA:176,0
DA:177,0
DA:181,0
DA:187,0
LF:74
LH:0
BRDA:27,0,0,0
BRDA:27,0,1,0
BRDA:30,1,0,0
BRDA:30,1,1,0
BRDA:30,2,0,0
BRDA:30,2,1,0
BRDA:35,3,0,0
BRDA:35,3,1,0
BRDA:35,4,0,0
BRDA:35,4,1,0
BRDA:40,5,0,0
BRDA:40,5,1,0
BRDA:40,6,0,0
BRDA:40,6,1,0
BRDA:46,7,0,0
BRDA:46,7,1,0
BRDA:46,8,0,0
BRDA:46,8,1,0
BRDA:52,9,0,0
BRDA:52,9,1,0
BRDA:52,10,0,0
BRDA:52,10,1,0
BRDA:52,10,2,0
BRDA:59,11,0,0
BRDA:59,11,1,0
BRDA:60,12,0,0
BRDA:60,12,1,0
BRDA:60,13,0,0
BRDA:60,13,1,0
BRDA:83,14,0,0
BRDA:83,14,1,0
BRDA:83,15,0,0
BRDA:83,15,1,0
BRDA:83,15,2,0
BRDA:86,16,0,0
BRDA:86,16,1,0
BRDA:90,17,0,0
BRDA:90,17,1,0
BRDA:94,18,0,0
BRDA:94,18,1,0
BRDA:128,19,0,0
BRDA:128,19,1,0
BRDA:128,20,0,0
BRDA:128,20,1,0
BRDA:128,20,2,0
BRDA:129,21,0,0
BRDA:129,21,1,0
BRDA:132,22,0,0
BRDA:132,22,1,0
BRDA:134,23,0,0
BRDA:134,23,1,0
BRDA:138,24,0,0
BRDA:138,24,1,0
BRDA:139,25,0,0
BRDA:139,25,1,0
BRDA:145,26,0,0
BRDA:145,26,1,0
BRDA:162,27,0,0
BRDA:162,27,1,0
BRDA:168,28,0,0
BRDA:168,28,1,0
BRDA:169,29,0,0
BRDA:169,29,1,0
BRDA:171,30,0,0
BRDA:171,30,1,0
BRDA:172,31,0,0
BRDA:172,31,1,0
BRF:67
BRH:0
end_of_record
TN:
SF:game/loop/zombieAI.js
FN:24,updateZombieAI
FN:57,updateHealerZombie
FN:78,updateSlowerZombie
FN:93,updateShooterZombie
FN:130,updatePoisonZombie
FNF:5
FNH:0
FNDA:0,updateZombieAI
FNDA:0,updateHealerZombie
FNDA:0,updateSlowerZombie
FNDA:0,updateShooterZombie
FNDA:0,updatePoisonZombie
DA:9,0
DA:10,0
DA:11,0
DA:13,0
DA:25,0
DA:26,0
DA:29,0
DA:30,0
DA:34,0
DA:35,0
DA:39,0
DA:40,0
DA:44,0
DA:45,0
DA:58,0
DA:59,0
DA:60,0
DA:62,0
DA:66,0
DA:67,0
DA:68,0
DA:69,0
DA:79,0
DA:80,0
DA:84,0
DA:85,0
DA:86,0
DA:94,0
DA:96,0
DA:97,0
DA:102,0
DA:103,0
DA:104,0
DA:106,0
DA:122,0
DA:131,0
DA:133,0
DA:134,0
DA:136,0
DA:137,0
DA:147,0
DA:151,0
LF:42
LH:0
BRDA:29,0,0,0
BRDA:29,0,1,0
BRDA:34,1,0,0
BRDA:34,1,1,0
BRDA:39,2,0,0
BRDA:39,2,1,0
BRDA:44,3,0,0
BRDA:44,3,1,0
BRDA:59,4,0,0
BRDA:59,4,1,0
BRDA:59,5,0,0
BRDA:59,5,1,0
BRDA:67,6,0,0
BRDA:67,6,1,0
BRDA:96,7,0,0
BRDA:96,7,1,0
BRDA:96,8,0,0
BRDA:96,8,1,0
BRDA:102,9,0,0
BRDA:102,9,1,0
BRDA:133,10,0,0
BRDA:133,10,1,0
BRDA:133,11,0,0
BRDA:133,11,1,0
BRF:24
BRH:0
end_of_record
TN:
SF:lib/MathUtils.js
FN:26,fastCos
FN:38,fastSin
FN:53,distanceSquared
FN:67,distance
FN:81,circleCollision
FN:94,lerp
FN:105,clamp
FN:114,normalizeAngle
FN:124,randomInt
FN:134,randomFloat
FNF:10
FNH:0
FNDA:0,fastCos
FNDA:0,fastSin
FNDA:0,distanceSquared
FNDA:0,distance
FNDA:0,circleCollision
FNDA:0,lerp
FNDA:0,clamp
FNDA:0,normalizeAngle
FNDA:0,randomInt
FNDA:0,randomFloat
DA:8,0
DA:11,0
DA:12,0
DA:15,0
DA:16,0
DA:17,0
DA:18,0
DA:28,0
DA:29,0
DA:30,0
DA:40,0
DA:41,0
DA:42,0
DA:54,0
DA:55,0
DA:56,0
DA:68,0
DA:82,0
DA:83,0
DA:84,0
DA:95,0
DA:106,0
DA:115,0
DA:125,0
DA:135,0
DA:139,0
DA:140,0
DA:155,0
DA:156,0
LF:29
LH:0
BRDA:139,0,0,0
BRDA:139,0,1,0
BRDA:139,1,0,0
BRDA:139,1,1,0
BRDA:155,2,0,0
BRDA:155,2,1,0
BRF:6
BRH:0
end_of_record
TN:
SF:lib/ObjectPool.js
FN:13,(anonymous_0)
FN:29,(anonymous_1)
FN:45,(anonymous_2)
FN:67,(anonymous_3)
FN:68,(anonymous_4)
FN:84,(anonymous_5)
FNF:6
FNH:0
FNDA:0,(anonymous_0)
FNDA:0,(anonymous_1)
FNDA:0,(anonymous_2)
FNDA:0,(anonymous_3)
FNDA:0,(anonymous_4)
FNDA:0,(anonymous_5)
DA:14,0
DA:15,0
DA:16,0
DA:17,0
DA:20,0
DA:21,0
DA:30,0
DA:33,0
DA:34,0
DA:37,0
DA:38,0
DA:46,0
DA:47,0
DA:48,0
DA:51,0
DA:52,0
DA:55,0
DA:58,0
DA:60,0
DA:68,0
DA:69,0
DA:70,0
DA:72,0
DA:75,0
DA:76,0
DA:85,0
DA:93,0
LF:27
LH:0
BRDA:13,0,0,0
BRDA:33,1,0,0
BRDA:33,1,1,0
BRDA:46,2,0,0
BRDA:46,2,1,0
BRDA:58,3,0,0
BRDA:58,3,1,0
BRDA:75,4,0,0
BRDA:75,4,1,0
BRF:9
BRH:0
end_of_record
TN:
SF:lib/Quadtree.js
FN:15,(anonymous_0)
FN:33,(anonymous_1)
FN:62,(anonymous_2)
FN:86,(anonymous_3)
FN:101,(anonymous_4)
FN:130,(anonymous_5)
FN:145,(anonymous_6)
FN:161,(anonymous_7)
FN:172,(anonymous_8)
FN:182,(anonymous_9)
FN:204,(anonymous_10)
FNF:11
FNH:0
FNDA:0,(anonymous_0)
FNDA:0,(anonymous_1)
FNDA:0,(anonymous_2)
FNDA:0,(anonymous_3)
FNDA:0,(anonymous_4)
FNDA:0,(anonymous_5)
FNDA:0,(anonymous_6)
FNDA:0,(anonymous_7)
FNDA:0,(anonymous_8)
FNDA:0,(anonymous_9)
FNDA:0,(anonymous_10)
DA:16,0
DA:17,0
DA:18,0
DA:19,0
DA:20,0
DA:21,0
DA:22,0
DA:23,0
DA:24,0
DA:25,0
DA:35,0
DA:36,0
DA:40,0
DA:41,0
DA:42,0
DA:46,0
DA:47,0
DA:51,0
DA:52,0
DA:53,0
DA:54,0
DA:56,0
DA:63,0
DA:64,0
DA:65,0
DA:66,0
DA:68,0
DA:69,0
DA:70,0
DA:71,0
DA:73,0
DA:74,0
DA:75,0
DA:76,0
DA:78,0
DA:87,0
DA:103,0
DA:104,0
DA:108,0
DA:109,0
DA:110,0
DA:115,0
DA:116,0
DA:117,0
DA:118,0
DA:119,0
DA:122,0
DA:131,0
DA:146,0
DA:162,0
DA:169,0
DA:172,0
DA:173,0
DA:174,0
DA:175,0
DA:183,0
DA:186,0
DA:187,0
DA:188,0
DA:189,0
DA:190,0
DA:193,0
DA:194,0
DA:195,0
DA:196,0
DA:197,0
DA:205,0
DA:206,0
DA:207,0
DA:208,0
DA:209,0
DA:210,0
DA:212,0
DA:216,0
LF:74
LH:0
BRDA:15,0,0,0
BRDA:15,1,0,0
BRDA:15,2,0,0
BRDA:35,3,0,0
BRDA:35,3,1,0
BRDA:40,4,0,0
BRDA:40,4,1,0
BRDA:40,5,0,0
BRDA:40,5,1,0
BRDA:46,6,0,0
BRDA:46,6,1,0
BRDA:51,7,0,0
BRDA:51,7,1,0
BRDA:52,8,0,0
BRDA:52,8,1,0
BRDA:53,9,0,0
BRDA:53,9,1,0
BRDA:54,10,0,0
BRDA:54,10,1,0
BRDA:88,11,0,0
BRDA:88,11,1,0
BRDA:88,11,2,0
BRDA:88,11,3,0
BRDA:101,12,0,0
BRDA:103,13,0,0
BRDA:103,13,1,0
BRDA:109,14,0,0
BRDA:109,14,1,0
BRDA:115,15,0,0
BRDA:115,15,1,0
BRDA:132,16,0,0
BRDA:132,16,1,0
BRDA:132,16,2,0
BRDA:132,16,3,0
BRDA:147,17,0,0
BRDA:147,17,1,0
BRDA:147,17,2,0
BRDA:147,17,3,0
BRDA:186,18,0,0
BRDA:186,18,1,0
BRDA:187,19,0,0
BRDA:187,19,1,0
BRDA:188,20,0,0
BRDA:188,20,1,0
BRDA:189,21,0,0
BRDA:189,21,1,0
BRDA:190,22,0,0
BRDA:190,22,1,0
BRDA:206,23,0,0
BRDA:206,23,1,0
BRF:50
BRH:0
end_of_record
TN:
SF:lib/application/AccountProgressionService.js
FN:11,(anonymous_0)
FN:22,(anonymous_1)
FN:70,(anonymous_2)
FN:79,(anonymous_3)
FN:92,(anonymous_4)
FN:123,(anonymous_5)
FNF:6
FNH:0
FNDA:0,(anonymous_0)
FNDA:0,(anonymous_1)
FNDA:0,(anonymous_2)
FNDA:0,(anonymous_3)
FNDA:0,(anonymous_4)
FNDA:0,(anonymous_5)
DA:7,0
DA:8,0
DA:12,0
DA:13,0
DA:23,0
DA:25,0
DA:38,0
DA:41,0
DA:47,0
DA:54,0
DA:56,0
DA:61,0
DA:71,0
DA:72,0
DA:74,0
DA:75,0
DA:79,0
DA:80,0
DA:83,0
DA:86,0
DA:88,0
DA:89,0
DA:92,0
DA:93,0
DA:94,0
DA:96,0
DA:102,0
DA:103,0
DA:104,0
DA:105,0
DA:106,0
DA:107,0
DA:109,0
DA:111,0
DA:115,0
DA:124,0
DA:166,0
LF:37
LH:0
BRDA:26,0,0,0
BRDA:26,0,1,0
BRDA:27,1,0,0
BRDA:27,1,1,0
BRDA:28,2,0,0
BRDA:28,2,1,0
BRDA:29,3,0,0
BRDA:29,3,1,0
BRDA:30,4,0,0
BRDA:30,4,1,0
BRDA:31,5,0,0
BRDA:31,5,1,0
BRDA:32,6,0,0
BRDA:32,6,1,0
BRDA:33,7,0,0
BRDA:33,7,1,0
BRDA:34,8,0,0
BRDA:34,8,1,0
BRDA:74,9,0,0
BRDA:74,9,1,0
BRDA:74,10,0,0
BRDA:74,10,1,0
BRDA:89,11,0,0
BRDA:89,11,1,0
BRDA:89,12,0,0
BRDA:89,12,1,0
BRDA:93,13,0,0
BRDA:93,13,1,0
BRDA:103,14,0,0
BRDA:103,14,1,0
BRDA:104,15,0,0
BRDA:104,15,1,0
BRDA:105,16,0,0
BRDA:105,16,1,0
BRDA:106,17,0,0
BRDA:106,17,1,0
BRDA:107,18,0,0
BRDA:107,18,1,0
BRF:38
BRH:0
end_of_record
TN:
SF:lib/application/AchievementService.js
FN:10,(anonymous_0)
FN:21,(anonymous_1)
FN:31,(anonymous_2)
FN:78,(anonymous_3)
FN:83,(anonymous_4)
FN:84,(anonymous_5)
FN:85,(anonymous_6)
FN:87,(anonymous_7)
FN:88,(anonymous_8)
FN:92,(anonymous_9)
FN:93,(anonymous_10)
FNF:11
FNH:0
FNDA:0,(anonymous_0)
FNDA:0,(anonymous_1)
FNDA:0,(anonymous_2)
FNDA:0,(anonymous_3)
FNDA:0,(anonymous_4)
FNDA:0,(anonymous_5)
FNDA:0,(anonymous_6)
FNDA:0,(anonymous_7)
FNDA:0,(anonymous_8)
FNDA:0,(anonymous_9)
FNDA:0,(anonymous_10)
DA:7,0
DA:11,0
DA:12,0
DA:22,0
DA:24,0
DA:27,0
DA:30,0
DA:31,0
DA:33,0
DA:36,0
DA:38,0
DA:39,0
DA:43,0
DA:45,0
DA:51,0
DA:52,0
DA:53,0
DA:62,0
DA:64,0
DA:69,0
DA:79,0
DA:80,0
DA:81,0
DA:83,0
DA:84,0
DA:85,0
DA:87,0
DA:88,0
DA:89,0
DA:91,0
DA:92,0
DA:93,0
DA:101,0
DA:105,0
DA:110,0
LF:35
LH:0
BRDA:21,0,0,0
BRDA:38,1,0,0
BRDA:38,1,1,0
BRDA:43,2,0,0
BRDA:43,2,1,0
BRDA:51,3,0,0
BRDA:51,3,1,0
BRDA:85,4,0,0
BRDA:85,4,1,0
BRDA:89,5,0,0
BRDA:89,5,1,0
BRF:11
BRH:0
end_of_record
TN:
SF:lib/application/Container.js
FN:28,(anonymous_0)
FN:35,(anonymous_1)
FN:70,(anonymous_2)
FN:80,(anonymous_3)
FN:93,(anonymous_4)
FNF:5
FNH:0
FNDA:0,(anonymous_0)
FNDA:0,(anonymous_1)
FNDA:0,(anonymous_2)
FNDA:0,(anonymous_3)
FNDA:0,(anonymous_4)
DA:6,0
DA:7,0
DA:8,0
DA:9,0
DA:10,0
DA:11,0
DA:12,0
DA:14,0
DA:15,0
DA:17,0
DA:18,0
DA:19,0
DA:20,0
DA:21,0
DA:22,0
DA:23,0
DA:24,0
DA:25,0
DA:29,0
DA:37,0
DA:38,0
DA:41,0
DA:44,0
DA:45,0
DA:46,0
DA:47,0
DA:48,0
DA:49,0
DA:52,0
DA:53,0
DA:56,0
DA:57,0
DA:58,0
DA:59,0
DA:60,0
DA:61,0
DA:62,0
DA:63,0
DA:64,0
DA:71,0
DA:72,0
DA:74,0
DA:81,0
DA:82,0
DA:83,0
DA:85,0
DA:90,0
DA:92,0
DA:94,0
DA:95,0
DA:97,0
LF:51
LH:0
BRDA:71,0,0,0
BRDA:71,0,1,0
BRDA:82,1,0,0
BRDA:82,1,1,0
BRDA:94,2,0,0
BRDA:94,2,1,0
BRF:6
BRH:0
end_of_record
TN:
SF:lib/application/use-cases/AddAccountXPUseCase.js
FN:10,(anonymous_0)
FN:22,(anonymous_1)
FN:80,(anonymous_2)
FNF:3
FNH:0
FNDA:0,(anonymous_0)
FNDA:0,(anonymous_1)
FNDA:0,(anonymous_2)
DA:7,0
DA:11,0
DA:23,0
DA:24,0
DA:25,0
DA:28,0
DA:29,0
DA:33,0
DA:35,0
DA:37,0
DA:38,0
DA:39,0
DA:40,0
DA:44,0
DA:47,0
DA:49,0
DA:57,0
DA:64,0
DA:70,0
DA:88,0
DA:90,0
DA:93,0
DA:96,0
DA:99,0
DA:102,0
DA:105,0
DA:108,0
DA:110,0
DA:114,0
LF:29
LH:0
BRDA:22,0,0,0
BRDA:24,1,0,0
BRDA:24,1,1,0
BRDA:28,2,0,0
BRDA:28,2,1,0
BRDA:28,3,0,0
BRDA:28,3,1,0
BRDA:35,4,0,0
BRDA:35,4,1,0
BRDA:82,5,0,0
BRDA:83,6,0,0
BRDA:84,7,0,0
BRDA:85,8,0,0
BRDA:86,9,0,0
BRDA:87,10,0,0
BRF:15
BRH:0
end_of_record
TN:
SF:lib/application/use-cases/BuyUpgradeUseCase.js
FN:9,(anonymous_0)
FN:18,(anonymous_1)
FNF:2
FNH:0
FNDA:0,(anonymous_0)
FNDA:0,(anonymous_1)
DA:6,0
DA:10,0
DA:20,0
DA:21,0
DA:22,0
DA:26,0
DA:29,0
DA:30,0
DA:34,0
DA:37,0
DA:39,0
DA:46,0
DA:50,0
LF:13
LH:0
BRDA:18,0,0,0
BRDA:21,1,0,0
BRDA:21,1,1,0
BRDA:29,2,0,0
BRDA:29,2,1,0
BRF:5
BRH:0
end_of_record
TN:
SF:lib/application/use-cases/CreatePlayerUseCase.js
FN:10,(anonymous_0)
FN:19,(anonymous_1)
FNF:2
FNH:2
FNDA:11,(anonymous_0)
FNDA:11,(anonymous_1)
DA:6,1
DA:7,1
DA:11,11
DA:21,11
DA:22,2
DA:25,9
DA:26,2
DA:30,7
DA:31,6
DA:32,1
DA:36,5
DA:39,5
DA:41,5
DA:43,5
DA:47,1
LF:15
LH:15
BRDA:21,0,0,2
BRDA:21,0,1,9
BRDA:21,1,0,11
BRDA:21,1,1,10
BRDA:25,2,0,2
BRDA:25,2,1,7
BRDA:25,3,0,9
BRDA:25,3,1,8
BRDA:31,4,0,1
BRDA:31,4,1,5
BRF:10
BRH:10
end_of_record
TN:
SF:lib/application/use-cases/DisconnectSessionUseCase.js
FN:9,(anonymous_0)
FN:18,(anonymous_1)
FN:51,(anonymous_2)
FNF:3
FNH:0
FNDA:0,(anonymous_0)
FNDA:0,(anonymous_1)
FNDA:0,(anonymous_2)
DA:6,0
DA:10,0
DA:19,0
DA:21,0
DA:22,0
DA:23,0
DA:26,0
DA:28,0
DA:29,0
DA:30,0
DA:34,0
DA:35,0
DA:37,0
DA:43,0
DA:52,0
DA:54,0
DA:55,0
DA:58,0
DA:62,0
LF:19
LH:0
BRDA:18,0,0,0
BRDA:21,1,0,0
BRDA:21,1,1,0
BRDA:26,2,0,0
BRDA:26,2,1,0
BRDA:51,3,0,0
BRDA:54,4,0,0
BRDA:54,4,1,0
BRF:8
BRH:0
end_of_record
TN:
SF:lib/application/use-cases/GetLeaderboardUseCase.js
FN:9,(anonymous_0)
FN:18,(anonymous_1)
FN:42,(anonymous_2)
FNF:3
FNH:0
FNDA:0,(anonymous_0)
FNDA:0,(anonymous_1)
FNDA:0,(anonymous_2)
DA:6,0
DA:10,0
DA:20,0
DA:21,0
DA:23,0
DA:25,0
DA:26,0
DA:27,0
DA:29,0
DA:36,0
DA:38,0
DA:41,0
DA:42,0
DA:49,0
LF:14
LH:0
BRDA:18,0,0,0
BRDA:18,1,0,0
BRDA:18,2,0,0
BRDA:23,3,0,0
BRDA:23,3,1,0
BRDA:44,4,0,0
BRDA:44,4,1,0
BRF:7
BRH:0
end_of_record
TN:
SF:lib/application/use-cases/GetUpgradesUseCase.js
FN:9,(anonymous_0)
FN:18,(anonymous_1)
FNF:2
FNH:0
FNDA:0,(anonymous_0)
FNDA:0,(anonymous_1)
DA:6,0
DA:10,0
DA:19,0
DA:20,0
DA:24,0
DA:26,0
DA:31,0
DA:39,0
LF:8
LH:0
BRDA:19,0,0,0
BRDA:19,0,1,0
BRF:2
BRH:0
end_of_record
TN:
SF:lib/application/use-cases/RecoverSessionUseCase.js
FN:9,(anonymous_0)
FN:18,(anonymous_1)
FNF:2
FNH:0
FNDA:0,(anonymous_0)
FNDA:0,(anonymous_1)
DA:6,0
DA:10,0
DA:20,0
DA:22,0
DA:23,0
DA:24,0
DA:28,0
DA:29,0
DA:35,0
DA:36,0
DA:40,0
DA:41,0
DA:43,0
DA:49,0
DA:53,0
LF:15
LH:0
BRDA:18,0,0,0
BRDA:22,1,0,0
BRDA:22,1,1,0
BRDA:28,2,0,0
BRDA:28,2,1,0
BRF:5
BRH:0
end_of_record
TN:
SF:lib/application/use-cases/SaveSessionUseCase.js
FN:10,(anonymous_0)
FN:19,(anonymous_1)
FNF:2
FNH:0
FNDA:0,(anonymous_0)
FNDA:0,(anonymous_1)
DA:6,0
DA:7,0
DA:11,0
DA:21,0
DA:23,0
DA:25,0
DA:26,0
DA:28,0
DA:30,0
DA:33,0
DA:40,0
DA:42,0
DA:45,0
DA:49,0
LF:14
LH:0
BRDA:23,0,0,0
BRDA:23,0,1,0
BRDA:25,1,0,0
BRDA:25,1,1,0
BRDA:26,2,0,0
BRDA:26,2,1,0
BRF:6
BRH:0
end_of_record
TN:
SF:lib/application/use-cases/SubmitScoreUseCase.js
FN:10,(anonymous_0)
FN:20,(anonymous_1)
FNF:2
FNH:2
FNDA:15,(anonymous_0)
FNDA:15,(anonymous_1)
DA:6,1
DA:7,1
DA:11,15
DA:12,15
DA:22,15
DA:23,5
DA:27,10
DA:28,9
DA:29,1
DA:33,8
DA:36,8
DA:47,8
DA:49,7
DA:57,7
DA:61,1
LF:15
LH:15
BRDA:22,0,0,5
BRDA:22,0,1,10
BRDA:22,1,0,15
BRDA:22,1,1,14
BRDA:22,1,2,13
BRDA:22,1,3,12
BRDA:22,1,4,11
BRDA:28,2,0,1
BRDA:28,2,1,8
BRF:9
BRH:9
end_of_record
TN:
SF:lib/application/use-cases/UpdatePlayerStatsUseCase.js
FN:9,(anonymous_0)
FN:18,(anonymous_1)
FNF:2
FNH:0
FNDA:0,(anonymous_0)
FNDA:0,(anonymous_1)
DA:6,0
DA:10,0
DA:20,0
DA:21,0
DA:22,0
DA:26,0
DA:29,0
DA:39,0
DA:41,0
DA:50,0
DA:54,0
LF:11
LH:0
BRDA:21,0,0,0
BRDA:21,0,1,0
BRDA:30,1,0,0
BRDA:30,1,1,0
BRDA:31,2,0,0
BRDA:31,2,1,0
BRDA:32,3,0,0
BRDA:32,3,1,0
BRDA:33,4,0,0
BRDA:33,4,1,0
BRDA:34,5,0,0
BRDA:34,5,1,0
BRDA:35,6,0,0
BRDA:35,6,1,0
BRF:14
BRH:0
end_of_record
TN:
SF:lib/database/DatabaseManager.js
FN:16,(anonymous_0)
FN:24,(anonymous_1)
FN:61,(anonymous_2)
FN:206,(anonymous_3)
FN:216,(anonymous_4)
FN:226,(anonymous_5)
FN:244,(anonymous_6)
FNF:7
FNH:0
FNDA:0,(anonymous_0)
FNDA:0,(anonymous_1)
FNDA:0,(anonymous_2)
FNDA:0,(anonymous_3)
FNDA:0,(anonymous_4)
FNDA:0,(anonymous_5)
FNDA:0,(anonymous_6)
DA:7,0
DA:8,0
DA:9,0
DA:10,0
DA:12,0
DA:13,0
DA:17,0
DA:18,0
DA:25,0
DA:27,0
DA:28,0
DA:29,0
DA:33,0
DA:38,0
DA:39,0
DA:40,0
DA:41,0
DA:42,0
DA:44,0
DA:47,0
DA:49,0
DA:50,0
DA:53,0
DA:54,0
DA:63,0
DA:82,0
DA:100,0
DA:113,0
DA:131,0
DA:150,0
DA:170,0
DA:200,0
DA:207,0
DA:208,0
DA:210,0
DA:217,0
DA:218,0
DA:219,0
DA:227,0
DA:229,0
DA:230,0
DA:231,0
DA:232,0
DA:233,0
DA:235,0
DA:241,0
DA:243,0
DA:245,0
DA:246,0
DA:248,0
LF:50
LH:0
BRDA:12,0,0,0
BRDA:12,0,1,0
BRDA:27,1,0,0
BRDA:27,1,1,0
BRDA:34,2,0,0
BRDA:34,2,1,0
BRDA:207,3,0,0
BRDA:207,3,1,0
BRDA:217,4,0,0
BRDA:217,4,1,0
BRDA:227,5,0,0
BRDA:227,5,1,0
BRDA:245,6,0,0
BRDA:245,6,1,0
BRF:14
BRH:0
end_of_record
TN:
SF:lib/domain/entities/AccountProgression.js
FN:9,(anonymous_0)
FN:37,(anonymous_1)
FN:46,(anonymous_2)
FN:87,(anonymous_3)
FN:108,(anonymous_4)
FN:117,(anonymous_5)
FN:146,(anonymous_6)
FN:160,(anonymous_7)
FN:169,(anonymous_8)
FN:187,(anonymous_9)
FN:205,(anonymous_10)
FNF:11
FNH:0
FNDA:0,(anonymous_0)
FNDA:0,(anonymous_1)
FNDA:0,(anonymous_2)
FNDA:0,(anonymous_3)
FNDA:0,(anonymous_4)
FNDA:0,(anonymous_5)
FNDA:0,(anonymous_6)
FNDA:0,(anonymous_7)
FNDA:0,(anonymous_8)
FNDA:0,(anonymous_9)
FNDA:0,(anonymous_10)
DA:21,0
DA:22,0
DA:23,0
DA:24,0
DA:25,0
DA:26,0
DA:27,0
DA:28,0
DA:29,0
DA:30,0
DA:38,0
DA:47,0
DA:48,0
DA:50,0
DA:51,0
DA:54,0
DA:55,0
DA:56,0
DA:57,0
DA:60,0
DA:61,0
DA:64,0
DA:65,0
DA:66,0
DA:70,0
DA:72,0
DA:88,0
DA:89,0
DA:92,0
DA:93,0
DA:96,0
DA:97,0
DA:98,0
DA:100,0
DA:109,0
DA:118,0
DA:119,0
DA:123,0
DA:126,0
DA:127,0
DA:128,0
DA:129,0
DA:130,0
DA:131,0
DA:132,0
DA:134,0
DA:147,0
DA:161,0
DA:162,0
DA:170,0
DA:188,0
DA:206,0
DA:221,0
LF:53
LH:0
BRDA:11,0,0,0
BRDA:12,1,0,0
BRDA:13,2,0,0
BRDA:14,3,0,0
BRDA:15,4,0,0
BRDA:16,5,0,0
BRDA:17,6,0,0
BRDA:18,7,0,0
BRDA:19,8,0,0
BRDA:64,9,0,0
BRDA:64,9,1,0
BRDA:87,10,0,0
BRDA:88,11,0,0
BRDA:88,11,1,0
BRDA:92,12,0,0
BRDA:92,12,1,0
BRDA:117,13,0,0
BRDA:118,14,0,0
BRDA:118,14,1,0
BRDA:214,15,0,0
BRDA:214,15,1,0
BRF:21
BRH:0
end_of_record
TN:
SF:lib/domain/entities/Achievement.js
FN:8,(anonymous_0)
FN:37,(anonymous_1)
FN:54,(anonymous_2)
FNF:3
FNH:0
FNDA:0,(anonymous_0)
FNDA:0,(anonymous_1)
FNDA:0,(anonymous_2)
DA:20,0
DA:21,0
DA:22,0
DA:23,0
DA:24,0
DA:25,0
DA:26,0
DA:27,0
DA:28,0
DA:29,0
DA:38,0
DA:40,0
DA:41,0
DA:42,0
DA:43,0
DA:44,0
DA:45,0
DA:46,0
DA:47,0
DA:48,0
DA:49,0
DA:51,0
DA:55,0
DA:70,0
LF:24
LH:0
BRDA:14,0,0,0
BRDA:15,1,0,0
BRDA:17,2,0,0
BRDA:18,3,0,0
BRDA:27,4,0,0
BRDA:27,4,1,0
BRDA:40,5,0,0
BRDA:40,5,1,0
BRDA:40,6,0,0
BRDA:40,6,1,0
BRDA:41,7,0,0
BRDA:41,7,1,0
BRDA:41,8,0,0
BRDA:41,8,1,0
BRDA:42,9,0,0
BRDA:42,9,1,0
BRDA:42,10,0,0
BRDA:42,10,1,0
BRDA:43,11,0,0
BRDA:43,11,1,0
BRDA:43,12,0,0
BRDA:43,12,1,0
BRDA:44,13,0,0
BRDA:44,13,1,0
BRDA:44,14,0,0
BRDA:44,14,1,0
BRDA:45,15,0,0
BRDA:45,15,1,0
BRDA:45,16,0,0
BRDA:45,16,1,0
BRDA:46,17,0,0
BRDA:46,17,1,0
BRDA:46,18,0,0
BRDA:46,18,1,0
BRDA:47,19,0,0
BRDA:47,19,1,0
BRDA:47,20,0,0
BRDA:47,20,1,0
BRDA:48,21,0,0
BRDA:48,21,1,0
BRDA:48,22,0,0
BRDA:48,22,1,0
BRDA:49,23,0,0
BRDA:49,23,1,0
BRDA:49,24,0,0
BRDA:49,24,1,0
BRF:46
BRH:0
end_of_record
TN:
SF:lib/domain/entities/GameSession.js
FN:7,(anonymous_0)
FN:28,(anonymous_1)
FN:36,(anonymous_2)
FN:45,(anonymous_3)
FN:53,(anonymous_4)
FN:60,(anonymous_5)
FN:68,(anonymous_6)
FN:76,(anonymous_7)
FN:91,(anonymous_8)
FNF:9
FNH:9
FNDA:31,(anonymous_0)
FNDA:4,(anonymous_1)
FNDA:3,(anonymous_2)
FNDA:3,(anonymous_3)
FNDA:4,(anonymous_4)
FNDA:5,(anonymous_5)
FNDA:3,(anonymous_6)
FNDA:3,(anonymous_7)
FNDA:4,(anonymous_8)
DA:16,31
DA:17,31
DA:18,31
DA:19,31
DA:20,31
DA:21,31
DA:22,31
DA:29,4
DA:30,4
DA:37,3
DA:38,3
DA:39,3
DA:46,3
DA:47,3
DA:54,4
DA:61,5
DA:62,4
DA:69,3
DA:70,2
DA:77,3
DA:92,4
DA:104,1
LF:22
LH:22
BRDA:10,0,0,18
BRDA:11,1,0,23
BRDA:12,2,0,26
BRDA:13,3,0,23
BRDA:14,4,0,13
BRDA:54,5,0,4
BRDA:54,5,1,2
BRDA:60,6,0,2
BRDA:61,7,0,1
BRDA:61,7,1,4
BRDA:69,8,0,1
BRDA:69,8,1,2
BRDA:96,9,0,2
BRDA:96,9,1,2
BRDA:99,10,0,1
BRDA:99,10,1,3
BRF:16
BRH:16
end_of_record
TN:
SF:lib/domain/entities/LeaderboardEntry.js
FN:7,(anonymous_0)
FN:32,(anonymous_1)
FN:44,(anonymous_2)
FN:53,(anonymous_3)
FN:66,(anonymous_4)
FN:83,(anonymous_5)
FNF:6
FNH:2
FNDA:8,(anonymous_0)
FNDA:8,(anonymous_1)
FNDA:0,(anonymous_2)
FNDA:0,(anonymous_3)
FNDA:0,(anonymous_4)
FNDA:0,(anonymous_5)
DA:18,8
DA:19,8
DA:20,8
DA:21,8
DA:22,8
DA:23,8
DA:24,8
DA:25,8
DA:26,8
DA:33,8
DA:45,0
DA:46,0
DA:47,0
DA:54,0
DA:55,0
DA:57,0
DA:58,0
DA:60,0
DA:67,0
DA:84,0
DA:98,1
LF:21
LH:11
BRDA:8,0,0,8
BRDA:16,1,0,8
BRDA:54,2,0,0
BRDA:54,2,1,0
BRDA:57,3,0,0
BRDA:57,3,1,0
BRDA:83,4,0,0
BRDA:87,5,0,0
BRDA:87,5,1,0
BRF:9
BRH:2
end_of_record
TN:
SF:lib/domain/entities/PermanentUpgrades.js
FN:7,(anonymous_0)
FN:26,(anonymous_1)
FN:46,(anonymous_2)
FN:60,(anonymous_3)
FN:67,(anonymous_4)
FN:79,(anonymous_5)
FN:91,(anonymous_6)
FN:105,(anonymous_7)
FNF:8
FNH:0
FNDA:0,(anonymous_0)
FNDA:0,(anonymous_1)
FNDA:0,(anonymous_2)
FNDA:0,(anonymous_3)
FNDA:0,(anonymous_4)
FNDA:0,(anonymous_5)
FNDA:0,(anonymous_6)
FNDA:0,(anonymous_7)
DA:15,0
DA:16,0
DA:17,0
DA:18,0
DA:19,0
DA:20,0
DA:27,0
DA:34,0
DA:35,0
DA:36,0
DA:39,0
DA:40,0
DA:47,0
DA:54,0
DA:61,0
DA:68,0
DA:80,0
DA:92,0
DA:106,0
DA:117,0
LF:20
LH:0
BRDA:9,0,0,0
BRDA:10,1,0,0
BRDA:11,2,0,0
BRDA:12,3,0,0
BRDA:13,4,0,0
BRDA:35,5,0,0
BRDA:35,5,1,0
BRDA:54,6,0,0
BRDA:54,6,1,0
BRDA:60,7,0,0
BRF:10
BRH:0
end_of_record
TN:
SF:lib/domain/entities/Player.js
FN:7,(anonymous_0)
FN:34,(anonymous_1)
FN:47,(anonymous_2)
FN:54,(anonymous_3)
FN:66,(anonymous_4)
FN:75,(anonymous_5)
FN:93,(anonymous_6)
FNF:7
FNH:7
FNDA:36,(anonymous_0)
FNDA:5,(anonymous_1)
FNDA:4,(anonymous_2)
FNDA:3,(anonymous_3)
FNDA:4,(anonymous_4)
FNDA:2,(anonymous_5)
FNDA:2,(anonymous_6)
DA:19,36
DA:20,36
DA:21,36
DA:22,36
DA:23,36
DA:24,36
DA:25,36
DA:26,36
DA:27,36
DA:28,36
DA:35,5
DA:36,5
DA:37,5
DA:38,5
DA:39,5
DA:40,5
DA:41,5
DA:48,4
DA:55,3
DA:67,4
DA:76,2
DA:94,2
DA:109,3
LF:23
LH:23
BRDA:10,0,0,25
BRDA:11,1,0,27
BRDA:12,2,0,24
BRDA:13,3,0,25
BRDA:14,4,0,32
BRDA:15,5,0,30
BRDA:16,6,0,33
BRDA:17,7,0,32
BRDA:48,8,0,4
BRDA:48,8,1,3
BRDA:67,9,0,1
BRDA:67,9,1,3
BRF:12
BRH:12
end_of_record
TN:
SF:lib/domain/errors/DomainErrors.js
FN:10,(anonymous_0)
FN:23,(anonymous_1)
FN:33,(anonymous_2)
FN:47,(anonymous_3)
FN:56,(anonymous_4)
FN:65,(anonymous_5)
FN:75,(anonymous_6)
FN:85,(anonymous_7)
FN:95,(anonymous_8)
FN:104,(anonymous_9)
FNF:10
FNH:0
FNDA:0,(anonymous_0)
FNDA:0,(anonymous_1)
FNDA:0,(anonymous_2)
FNDA:0,(anonymous_3)
FNDA:0,(anonymous_4)
FNDA:0,(anonymous_5)
FNDA:0,(anonymous_6)
FNDA:0,(anonymous_7)
FNDA:0,(anonymous_8)
FNDA:0,(anonymous_9)
DA:11,0
DA:12,0
DA:13,0
DA:14,0
DA:15,0
DA:24,0
DA:25,0
DA:34,0
DA:37,0
DA:38,0
DA:39,0
DA:48,0
DA:57,0
DA:66,0
DA:67,0
DA:76,0
DA:77,0
DA:86,0
DA:87,0
DA:96,0
DA:105,0
DA:109,0
LF:22
LH:0
BRDA:10,0,0,0
BRDA:23,1,0,0
BRDA:33,2,0,0
BRDA:34,3,0,0
BRDA:34,3,1,0
BRDA:47,4,0,0
BRDA:56,5,0,0
BRDA:65,6,0,0
BRDA:75,7,0,0
BRDA:75,8,0,0
BRDA:85,9,0,0
BRDA:95,10,0,0
BRF:12
BRH:0
end_of_record
TN:
SF:lib/domain/repositories/ILeaderboardRepository.js
FN:12,(anonymous_0)
FN:21,(anonymous_1)
FN:31,(anonymous_2)
FN:40,(anonymous_3)
FN:49,(anonymous_4)
FN:58,(anonymous_5)
FNF:6
FNH:0
FNDA:0,(anonymous_0)
FNDA:0,(anonymous_1)
FNDA:0,(anonymous_2)
FNDA:0,(anonymous_3)
FNDA:0,(anonymous_4)
FNDA:0,(anonymous_5)
DA:13,0
DA:22,0
DA:32,0
DA:41,0
DA:50,0
DA:59,0
DA:63,0
LF:7
LH:0
BRDA:21,0,0,0
BRDA:31,1,0,0
BRDA:58,2,0,0
BRF:3
BRH:0
end_of_record
TN:
SF:lib/domain/repositories/IPlayerRepository.js
FN:13,(anonymous_0)
FN:22,(anonymous_1)
FN:31,(anonymous_2)
FN:40,(anonymous_3)
FN:49,(anonymous_4)
FN:58,(anonymous_5)
FNF:6
FNH:0
FNDA:0,(anonymous_0)
FNDA:0,(anonymous_1)
FNDA:0,(anonymous_2)
FNDA:0,(anonymous_3)
FNDA:0,(anonymous_4)
FNDA:0,(anonymous_5)
DA:14,0
DA:23,0
DA:32,0
DA:41,0
DA:50,0
DA:59,0
DA:63,0
LF:7
LH:0
BRDA:49,0,0,0
BRF:1
BRH:0
end_of_record
TN:
SF:lib/domain/repositories/ISessionRepository.js
FN:13,(anonymous_0)
FN:22,(anonymous_1)
FN:31,(anonymous_2)
FN:40,(anonymous_3)
FN:49,(anonymous_4)
FN:58,(anonymous_5)
FN:67,(anonymous_6)
FN:76,(anonymous_7)
FNF:8
FNH:0
FNDA:0,(anonymous_0)
FNDA:0,(anonymous_1)
FNDA:0,(anonymous_2)
FNDA:0,(anonymous_3)
FNDA:0,(anonymous_4)
FNDA:0,(anonymous_5)
FNDA:0,(anonymous_6)
FNDA:0,(anonymous_7)
DA:14,0
DA:23,0
DA:32,0
DA:41,0
DA:50,0
DA:59,0
DA:68,0
DA:77,0
DA:81,0
LF:9
LH:0
BRDA:67,0,0,0
BRF:1
BRH:0
end_of_record
TN:
SF:lib/domain/repositories/IUpgradesRepository.js
FN:12,(anonymous_0)
FN:21,(anonymous_1)
FN:30,(anonymous_2)
FN:39,(anonymous_3)
FNF:4
FNH:0
FNDA:0,(anonymous_0)
FNDA:0,(anonymous_1)
FNDA:0,(anonymous_2)
FNDA:0,(anonymous_3)
DA:13,0
DA:22,0
DA:31,0
DA:40,0
DA:44,0
LF:5
LH:0
BRF:0
BRH:0
end_of_record
TN:
SF:lib/infrastructure/Logger.js
FN:17,(anonymous_0)
FN:68,isLevelEnabled
FN:80,(anonymous_2)
FN:81,(anonymous_3)
FN:82,(anonymous_4)
FN:83,(anonymous_5)
FN:90,(anonymous_6)
FN:91,(anonymous_7)
FN:95,(anonymous_8)
FNF:9
FNH:2
FNDA:12,(anonymous_0)
FNDA:0,isLevelEnabled
FNDA:0,(anonymous_2)
FNDA:0,(anonymous_3)
FNDA:12,(anonymous_4)
FNDA:0,(anonymous_5)
FNDA:0,(anonymous_6)
FNDA:0,(anonymous_7)
FNDA:0,(anonymous_8)
DA:7,2
DA:8,2
DA:10,2
DA:11,2
DA:14,2
DA:18,12
DA:19,12
DA:20,12
DA:22,12
DA:27,2
DA:34,2
DA:47,2
DA:48,0
DA:56,0
DA:69,0
DA:70,0
DA:71,0
DA:72,0
DA:79,2
DA:80,0
DA:81,0
DA:82,12
DA:84,0
DA:85,0
DA:90,0
DA:91,0
DA:95,0
LF:27
LH:14
BRDA:10,0,0,2
BRDA:10,0,1,2
BRDA:10,1,0,0
BRDA:10,1,1,2
BRDA:11,2,0,2
BRDA:11,2,1,2
BRDA:19,3,0,12
BRDA:19,3,1,0
BRDA:47,4,0,0
BRDA:47,4,1,2
BRDA:70,5,0,0
BRDA:70,5,1,0
BRDA:71,6,0,0
BRDA:71,6,1,0
BRDA:80,7,0,0
BRDA:81,8,0,0
BRDA:82,9,0,0
BRDA:83,10,0,0
BRDA:84,11,0,0
BRDA:84,11,1,0
BRF:20
BRH:7
end_of_record
TN:
SF:lib/infrastructure/MetricsCollector.js
FN:11,(anonymous_0)
FN:67,(anonymous_1)
FN:77,(anonymous_2)
FN:84,(anonymous_3)
FN:91,(anonymous_4)
FN:98,(anonymous_5)
FN:105,(anonymous_6)
FN:112,(anonymous_7)
FN:119,(anonymous_8)
FN:126,(anonymous_9)
FN:133,(anonymous_10)
FN:140,(anonymous_11)
FN:158,(anonymous_12)
FN:166,(anonymous_13)
FN:173,(anonymous_14)
FN:178,(anonymous_15)
FN:186,(anonymous_16)
FN:192,(anonymous_17)
FN:200,(anonymous_18)
FN:237,(anonymous_19)
FN:247,(anonymous_20)
FN:323,(anonymous_21)
FN:338,(anonymous_22)
FN:356,(anonymous_23)
FNF:24
FNH:0
FNDA:0,(anonymous_0)
FNDA:0,(anonymous_1)
FNDA:0,(anonymous_2)
FNDA:0,(anonymous_3)
FNDA:0,(anonymous_4)
FNDA:0,(anonymous_5)
FNDA:0,(anonymous_6)
FNDA:0,(anonymous_7)
FNDA:0,(anonymous_8)
FNDA:0,(anonymous_9)
FNDA:0,(anonymous_10)
FNDA:0,(anonymous_11)
FNDA:0,(anonymous_12)
FNDA:0,(anonymous_13)
FNDA:0,(anonymous_14)
FNDA:0,(anonymous_15)
FNDA:0,(anonymous_16)
FNDA:0,(anonymous_17)
FNDA:0,(anonymous_18)
FNDA:0,(anonymous_19)
FNDA:0,(anonymous_20)
FNDA:0,(anonymous_21)
FNDA:0,(anonymous_22)
FNDA:0,(anonymous_23)
DA:7,0
DA:8,0
DA:12,0
DA:15,0
DA:56,0
DA:57,0
DA:60,0
DA:61,0
DA:68,0
DA:70,0
DA:71,0
DA:78,0
DA:85,0
DA:92,0
DA:99,0
DA:106,0
DA:113,0
DA:120,0
DA:127,0
DA:134,0
DA:141,0
DA:142,0
DA:143,0
DA:147,0
DA:148,0
DA:149,0
DA:151,0
DA:152,0
DA:153,0
DA:154,0
DA:158,0
DA:159,0
DA:160,0
DA:167,0
DA:174,0
DA:175,0
DA:179,0
DA:180,0
DA:187,0
DA:188,0
DA:191,0
DA:192,0
DA:194,0
DA:201,0
DA:202,0
DA:204,0
DA:238,0
DA:248,0
DA:249,0
DA:252,0
DA:253,0
DA:254,0
DA:256,0
DA:257,0
DA:258,0
DA:260,0
DA:261,0
DA:262,0
DA:265,0
DA:266,0
DA:267,0
DA:269,0
DA:270,0
DA:271,0
DA:273,0
DA:274,0
DA:275,0
DA:278,0
DA:279,0
DA:280,0
DA:282,0
DA:283,0
DA:284,0
DA:286,0
DA:287,0
DA:288,0
DA:290,0
DA:291,0
DA:292,0
DA:295,0
DA:296,0
DA:297,0
DA:299,0
DA:300,0
DA:301,0
DA:304,0
DA:305,0
DA:306,0
DA:308,0
DA:309,0
DA:310,0
DA:313,0
DA:314,0
DA:315,0
DA:317,0
DA:324,0
DA:326,0
DA:339,0
DA:340,0
DA:341,0
DA:342,0
DA:343,0
DA:344,0
DA:345,0
DA:346,0
DA:347,0
DA:348,0
DA:353,0
DA:355,0
DA:357,0
DA:358,0
DA:360,0
LF:112
LH:0
BRDA:68,0,0,0
BRDA:68,0,1,0
BRDA:85,1,0,0
BRDA:85,1,1,0
BRDA:91,2,0,0
BRDA:106,3,0,0
BRDA:106,3,1,0
BRDA:127,4,0,0
BRDA:127,4,1,0
BRDA:133,5,0,0
BRDA:142,6,0,0
BRDA:142,6,1,0
BRDA:151,7,0,0
BRDA:151,7,1,0
BRDA:187,8,0,0
BRDA:187,8,1,0
BRDA:191,9,0,0
BRDA:191,9,1,0
BRDA:357,10,0,0
BRDA:357,10,1,0
BRF:20
BRH:0
end_of_record
TN:
SF:lib/infrastructure/auth/JwtService.js
FN:10,(anonymous_0)
FN:29,(anonymous_1)
FN:38,(anonymous_2)
FN:69,(anonymous_3)
FN:103,(anonymous_4)
FN:118,(anonymous_5)
FN:119,(anonymous_6)
FN:156,(anonymous_7)
FN:157,(anonymous_8)
FNF:9
FNH:0
FNDA:0,(anonymous_0)
FNDA:0,(anonymous_1)
FNDA:0,(anonymous_2)
FNDA:0,(anonymous_3)
FNDA:0,(anonymous_4)
FNDA:0,(anonymous_5)
FNDA:0,(anonymous_6)
FNDA:0,(anonymous_7)
FNDA:0,(anonymous_8)
DA:6,0
DA:7,0
DA:11,0
DA:12,0
DA:13,0
DA:15,0
DA:16,0
DA:21,0
DA:30,0
DA:39,0
DA:40,0
DA:50,0
DA:55,0
DA:57,0
DA:60,0
DA:70,0
DA:71,0
DA:73,0
DA:78,0
DA:80,0
DA:81,0
DA:84,0
DA:85,0
DA:89,0
DA:94,0
DA:104,0
DA:105,0
DA:107,0
DA:110,0
DA:119,0
DA:120,0
DA:122,0
DA:123,0
DA:126,0
DA:129,0
DA:131,0
DA:132,0
DA:135,0
DA:139,0
DA:140,0
DA:142,0
DA:148,0
DA:157,0
DA:158,0
DA:160,0
DA:161,0
DA:166,0
DA:168,0
DA:169,0
DA:174,0
DA:175,0
DA:177,0
DA:178,0
DA:183,0
DA:184,0
DA:186,0
DA:191,0
LF:57
LH:0
BRDA:12,0,0,0
BRDA:12,0,1,0
BRDA:13,1,0,0
BRDA:13,1,1,0
BRDA:15,2,0,0
BRDA:15,2,1,0
BRDA:80,3,0,0
BRDA:80,3,1,0
BRDA:84,4,0,0
BRDA:84,4,1,0
BRDA:122,5,0,0
BRDA:122,5,1,0
BRDA:131,6,0,0
BRDA:131,6,1,0
BRDA:160,7,0,0
BRDA:160,7,1,0
BRDA:168,8,0,0
BRDA:168,8,1,0
BRDA:168,9,0,0
BRDA:168,9,1,0
BRDA:177,10,0,0
BRDA:177,10,1,0
BRF:22
BRH:0
end_of_record
TN:
SF:lib/infrastructure/repositories/SQLiteAchievementRepository.js
FN:12,(anonymous_0)
FN:17,(anonymous_1)
FN:44,(anonymous_2)
FN:47,(anonymous_3)
FN:66,(anonymous_4)
FN:90,(anonymous_5)
FN:93,(anonymous_6)
FN:111,(anonymous_7)
FN:125,(anonymous_8)
FN:139,(anonymous_9)
FNF:10
FNH:0
FNDA:0,(anonymous_0)
FNDA:0,(anonymous_1)
FNDA:0,(anonymous_2)
FNDA:0,(anonymous_3)
FNDA:0,(anonymous_4)
FNDA:0,(anonymous_5)
FNDA:0,(anonymous_6)
FNDA:0,(anonymous_7)
FNDA:0,(anonymous_8)
FNDA:0,(anonymous_9)
DA:7,0
DA:8,0
DA:9,0
DA:13,0
DA:14,0
DA:18,0
DA:45,0
DA:46,0
DA:47,0
DA:61,0
DA:62,0
DA:67,0
DA:68,0
DA:69,0
DA:71,0
DA:85,0
DA:86,0
DA:91,0
DA:92,0
DA:93,0
DA:106,0
DA:107,0
DA:112,0
DA:113,0
DA:114,0
DA:116,0
DA:121,0
DA:126,0
DA:127,0
DA:129,0
DA:135,0
DA:140,0
DA:141,0
DA:142,0
DA:144,0
DA:149,0
DA:154,0
LF:37
LH:0
BRDA:69,0,0,0
BRDA:69,0,1,0
BRDA:111,1,0,0
BRF:3
BRH:0
end_of_record
TN:
SF:lib/infrastructure/repositories/SQLiteLeaderboardRepository.js
FN:12,(anonymous_0)
FN:18,(anonymous_1)
FN:68,(anonymous_2)
FN:100,(anonymous_3)
FN:106,(anonymous_4)
FN:116,(anonymous_5)
FN:125,(anonymous_6)
FN:135,(anonymous_7)
FN:151,(anonymous_8)
FN:167,(anonymous_9)
FNF:10
FNH:0
FNDA:0,(anonymous_0)
FNDA:0,(anonymous_1)
FNDA:0,(anonymous_2)
FNDA:0,(anonymous_3)
FNDA:0,(anonymous_4)
FNDA:0,(anonymous_5)
FNDA:0,(anonymous_6)
FNDA:0,(anonymous_7)
FNDA:0,(anonymous_8)
FNDA:0,(anonymous_9)
DA:6,0
DA:7,0
DA:8,0
DA:9,0
DA:13,0
DA:14,0
DA:15,0
DA:19,0
DA:69,0
DA:70,0
DA:71,0
DA:73,0
DA:74,0
DA:76,0
DA:77,0
DA:80,0
DA:89,0
DA:90,0
DA:92,0
DA:93,0
DA:95,0
DA:96,0
DA:101,0
DA:102,0
DA:103,0
DA:105,0
DA:106,0
DA:108,0
DA:109,0
DA:111,0
DA:112,0
DA:117,0
DA:118,0
DA:119,0
DA:121,0
DA:122,0
DA:124,0
DA:125,0
DA:127,0
DA:128,0
DA:130,0
DA:131,0
DA:136,0
DA:137,0
DA:138,0
DA:140,0
DA:141,0
DA:143,0
DA:144,0
DA:146,0
DA:147,0
DA:152,0
DA:153,0
DA:154,0
DA:156,0
DA:157,0
DA:159,0
DA:160,0
DA:162,0
DA:163,0
DA:168,0
DA:169,0
DA:170,0
DA:172,0
DA:173,0
DA:174,0
DA:176,0
DA:177,0
DA:179,0
DA:180,0
DA:185,0
LF:71
LH:0
BRDA:70,0,0,0
BRDA:70,0,1,0
BRDA:70,1,0,0
BRDA:70,1,1,0
BRDA:73,2,0,0
BRDA:73,2,1,0
BRDA:73,3,0,0
BRDA:73,3,1,0
BRDA:76,4,0,0
BRDA:76,4,1,0
BRDA:76,5,0,0
BRDA:76,5,1,0
BRDA:92,6,0,0
BRDA:92,6,1,0
BRDA:100,7,0,0
BRDA:102,8,0,0
BRDA:102,8,1,0
BRDA:102,9,0,0
BRDA:102,9,1,0
BRDA:108,10,0,0
BRDA:108,10,1,0
BRDA:116,11,0,0
BRDA:118,12,0,0
BRDA:118,12,1,0
BRDA:121,13,0,0
BRDA:121,13,1,0
BRDA:121,14,0,0
BRDA:121,14,1,0
BRDA:127,15,0,0
BRDA:127,15,1,0
BRDA:137,16,0,0
BRDA:137,16,1,0
BRDA:141,17,0,0
BRDA:141,17,1,0
BRDA:143,18,0,0
BRDA:143,18,1,0
BRDA:153,19,0,0
BRDA:153,19,1,0
BRDA:157,20,0,0
BRDA:157,20,1,0
BRDA:159,21,0,0
BRDA:159,21,1,0
BRDA:167,22,0,0
BRDA:169,23,0,0
BRDA:169,23,1,0
BRDA:169,24,0,0
BRDA:169,24,1,0
BRDA:176,25,0,0
BRDA:176,25,1,0
BRF:49
BRH:0
end_of_record
TN:
SF:lib/infrastructure/repositories/SQLitePlayerRepository.js
FN:12,(anonymous_0)
FN:18,(anonymous_1)
FN:40,(anonymous_2)
FN:56,(anonymous_3)
FN:72,(anonymous_4)
FN:103,(anonymous_5)
FN:135,(anonymous_6)
FN:141,(anonymous_7)
FN:151,(anonymous_8)
FNF:9
FNH:0
FNDA:0,(anonymous_0)
FNDA:0,(anonymous_1)
FNDA:0,(anonymous_2)
FNDA:0,(anonymous_3)
FNDA:0,(anonymous_4)
FNDA:0,(anonymous_5)
FNDA:0,(anonymous_6)
FNDA:0,(anonymous_7)
FNDA:0,(anonymous_8)
DA:6,0
DA:7,0
DA:8,0
DA:9,0
DA:13,0
DA:14,0
DA:15,0
DA:19,0
DA:41,0
DA:42,0
DA:43,0
DA:45,0
DA:46,0
DA:48,0
DA:49,0
DA:51,0
DA:52,0
DA:57,0
DA:58,0
DA:59,0
DA:61,0
DA:62,0
DA:64,0
DA:65,0
DA:67,0
DA:68,0
DA:73,0
DA:74,0
DA:75,0
DA:78,0
DA:88,0
DA:90,0
DA:91,0
DA:94,0
DA:95,0
DA:96,0
DA:98,0
DA:99,0
DA:104,0
DA:105,0
DA:106,0
DA:109,0
DA:121,0
DA:122,0
DA:125,0
DA:127,0
DA:128,0
DA:130,0
DA:131,0
DA:136,0
DA:137,0
DA:138,0
DA:140,0
DA:141,0
DA:143,0
DA:144,0
DA:146,0
DA:147,0
DA:152,0
DA:153,0
DA:154,0
DA:157,0
DA:158,0
DA:159,0
DA:162,0
DA:173,0
DA:174,0
DA:176,0
DA:177,0
DA:182,0
LF:70
LH:0
BRDA:42,0,0,0
BRDA:42,0,1,0
BRDA:46,1,0,0
BRDA:46,1,1,0
BRDA:48,2,0,0
BRDA:48,2,1,0
BRDA:58,3,0,0
BRDA:58,3,1,0
BRDA:62,4,0,0
BRDA:62,4,1,0
BRDA:64,5,0,0
BRDA:64,5,1,0
BRDA:74,6,0,0
BRDA:74,6,1,0
BRDA:74,7,0,0
BRDA:74,7,1,0
BRDA:74,7,2,0
BRDA:90,8,0,0
BRDA:90,8,1,0
BRDA:94,9,0,0
BRDA:94,9,1,0
BRDA:94,10,0,0
BRDA:94,10,1,0
BRDA:105,11,0,0
BRDA:105,11,1,0
BRDA:105,12,0,0
BRDA:105,12,1,0
BRDA:121,13,0,0
BRDA:121,13,1,0
BRDA:127,14,0,0
BRDA:127,14,1,0
BRDA:127,15,0,0
BRDA:127,15,1,0
BRDA:135,16,0,0
BRDA:137,17,0,0
BRDA:137,17,1,0
BRDA:137,18,0,0
BRDA:137,18,1,0
BRDA:143,19,0,0
BRDA:143,19,1,0
BRDA:153,20,0,0
BRDA:153,20,1,0
BRDA:158,21,0,0
BRDA:158,21,1,0
BRDA:173,22,0,0
BRDA:173,22,1,0
BRDA:173,23,0,0
BRDA:173,23,1,0
BRF:48
BRH:0
end_of_record
TN:
SF:lib/infrastructure/repositories/SQLiteProgressionRepository.js
FN:12,(anonymous_0)
FN:17,(anonymous_1)
FN:56,(anonymous_2)
FN:73,(anonymous_3)
FN:100,(anonymous_4)
FN:132,(anonymous_5)
FN:135,(anonymous_6)
FN:145,(anonymous_7)
FN:148,(anonymous_8)
FN:158,(anonymous_9)
FN:161,(anonymous_10)
FN:180,(anonymous_11)
FNF:12
FNH:0
FNDA:0,(anonymous_0)
FNDA:0,(anonymous_1)
FNDA:0,(anonymous_2)
FNDA:0,(anonymous_3)
FNDA:0,(anonymous_4)
FNDA:0,(anonymous_5)
FNDA:0,(anonymous_6)
FNDA:0,(anonymous_7)
FNDA:0,(anonymous_8)
FNDA:0,(anonymous_9)
FNDA:0,(anonymous_10)
FNDA:0,(anonymous_11)
DA:7,0
DA:8,0
DA:9,0
DA:13,0
DA:14,0
DA:18,0
DA:57,0
DA:58,0
DA:59,0
DA:62,0
DA:63,0
DA:65,0
DA:66,0
DA:68,0
DA:69,0
DA:74,0
DA:75,0
DA:76,0
DA:79,0
DA:90,0
DA:92,0
DA:93,0
DA:95,0
DA:96,0
DA:101,0
DA:102,0
DA:103,0
DA:106,0
DA:118,0
DA:119,0
DA:122,0
DA:124,0
DA:125,0
DA:127,0
DA:128,0
DA:133,0
DA:134,0
DA:135,0
DA:140,0
DA:141,0
DA:146,0
DA:147,0
DA:148,0
DA:153,0
DA:154,0
DA:159,0
DA:160,0
DA:161,0
DA:175,0
DA:176,0
DA:181,0
DA:182,0
DA:183,0
DA:185,0
DA:198,0
DA:199,0
DA:204,0
LF:57
LH:0
BRDA:58,0,0,0
BRDA:58,0,1,0
BRDA:63,1,0,0
BRDA:63,1,1,0
BRDA:65,2,0,0
BRDA:65,2,1,0
BRDA:75,3,0,0
BRDA:75,3,1,0
BRDA:75,4,0,0
BRDA:75,4,1,0
BRDA:92,5,0,0
BRDA:92,5,1,0
BRDA:102,6,0,0
BRDA:102,6,1,0
BRDA:102,7,0,0
BRDA:102,7,1,0
BRDA:118,8,0,0
BRDA:118,8,1,0
BRDA:124,9,0,0
BRDA:124,9,1,0
BRDA:124,10,0,0
BRDA:124,10,1,0
BRDA:132,11,0,0
BRDA:145,12,0,0
BRDA:170,13,0,0
BRDA:170,13,1,0
BRDA:183,14,0,0
BRDA:183,14,1,0
BRDA:194,15,0,0
BRDA:194,15,1,0
BRF:30
BRH:0
end_of_record
TN:
SF:lib/infrastructure/repositories/SQLiteSessionRepository.js
FN:10,(anonymous_0)
FN:16,(anonymous_1)
FN:44,(anonymous_2)
FN:49,(anonymous_3)
FN:51,(anonymous_4)
FN:54,(anonymous_5)
FN:59,(anonymous_6)
FN:69,(anonymous_7)
FN:79,(anonymous_8)
FN:83,(anonymous_9)
FN:86,(anonymous_10)
FN:89,(anonymous_11)
FNF:12
FNH:0
FNDA:0,(anonymous_0)
FNDA:0,(anonymous_1)
FNDA:0,(anonymous_2)
FNDA:0,(anonymous_3)
FNDA:0,(anonymous_4)
FNDA:0,(anonymous_5)
FNDA:0,(anonymous_6)
FNDA:0,(anonymous_7)
FNDA:0,(anonymous_8)
FNDA:0,(anonymous_9)
FNDA:0,(anonymous_10)
FNDA:0,(anonymous_11)
DA:6,0
DA:7,0
DA:11,0
DA:12,0
DA:13,0
DA:17,0
DA:45,0
DA:46,0
DA:50,0
DA:51,0
DA:55,0
DA:56,0
DA:60,0
DA:66,0
DA:70,0
DA:76,0
DA:80,0
DA:84,0
DA:85,0
DA:86,0
DA:90,0
DA:91,0
DA:92,0
DA:96,0
LF:24
LH:0
BRDA:46,0,0,0
BRDA:46,0,1,0
BRDA:56,1,0,0
BRDA:56,1,1,0
BRDA:64,2,0,0
BRDA:64,2,1,0
BRDA:72,3,0,0
BRDA:72,3,1,0
BRDA:73,4,0,0
BRDA:73,4,1,0
BRDA:83,5,0,0
BRF:11
BRH:0
end_of_record
TN:
SF:lib/infrastructure/repositories/SQLiteUpgradesRepository.js
FN:10,(anonymous_0)
FN:16,(anonymous_1)
FN:32,(anonymous_2)
FN:37,(anonymous_3)
FN:48,(anonymous_4)
FN:59,(anonymous_5)
FNF:6
FNH:0
FNDA:0,(anonymous_0)
FNDA:0,(anonymous_1)
FNDA:0,(anonymous_2)
FNDA:0,(anonymous_3)
FNDA:0,(anonymous_4)
FNDA:0,(anonymous_5)
DA:6,0
DA:7,0
DA:11,0
DA:12,0
DA:13,0
DA:17,0
DA:33,0
DA:34,0
DA:38,0
DA:45,0
DA:49,0
DA:56,0
DA:60,0
DA:62,0
DA:63,0
DA:64,0
DA:67,0
DA:71,0
LF:18
LH:0
BRDA:34,0,0,0
BRDA:34,0,1,0
BRDA:62,1,0,0
BRDA:62,1,1,0
BRF:4
BRH:0
end_of_record
TN:
SF:lib/infrastructure/validation/schemas.js
FN:158,validate
FN:170,validateMiddleware
FN:171,(anonymous_2)
FN:175,(anonymous_3)
FNF:4
FNH:0
FNDA:0,validate
FNDA:0,validateMiddleware
FNDA:0,(anonymous_2)
FNDA:0,(anonymous_3)
DA:6,0
DA:12,0
DA:28,0
DA:42,0
DA:59,0
DA:68,0
DA:77,0
DA:90,0
DA:98,0
DA:129,0
DA:137,0
DA:159,0
DA:171,0
DA:172,0
DA:174,0
DA:175,0
DA:180,0
DA:186,0
DA:187,0
DA:191,0
LF:20
LH:0
BRDA:174,0,0,0
BRDA:174,0,1,0
BRF:2
BRH:0
end_of_record
TN:
SF:lib/server/CollisionManager.js
FN:12,(anonymous_0)
FN:22,(anonymous_1)
FN:66,(anonymous_2)
FN:97,(anonymous_3)
FN:141,(anonymous_4)
FN:165,(anonymous_5)
FN:190,(anonymous_6)
FN:226,(anonymous_7)
FN:262,(anonymous_8)
FN:276,(anonymous_9)
FNF:10
FNH:0
FNDA:0,(anonymous_0)
FNDA:0,(anonymous_1)
FNDA:0,(anonymous_2)
FNDA:0,(anonymous_3)
FNDA:0,(anonymous_4)
FNDA:0,(anonymous_5)
FNDA:0,(anonymous_6)
FNDA:0,(anonymous_7)
FNDA:0,(anonymous_8)
FNDA:0,(anonymous_9)
DA:8,0
DA:9,0
DA:13,0
DA:14,0
DA:15,0
DA:24,0
DA:36,0
DA:37,0
DA:38,0
DA:39,0
DA:48,0
DA:49,0
DA:50,0
DA:68,0
DA:70,0
DA:72,0
DA:73,0
DA:75,0
DA:76,0
DA:77,0
DA:78,0
DA:79,0
DA:80,0
DA:85,0
DA:99,0
DA:101,0
DA:105,0
DA:107,0
DA:108,0
DA:110,0
DA:111,0
DA:112,0
DA:117,0
DA:118,0
DA:119,0
DA:121,0
DA:122,0
DA:123,0
DA:124,0
DA:129,0
DA:143,0
DA:145,0
DA:146,0
DA:148,0
DA:149,0
DA:150,0
DA:154,0
DA:167,0
DA:169,0
DA:170,0
DA:172,0
DA:173,0
DA:174,0
DA:175,0
DA:176,0
DA:181,0
DA:192,0
DA:194,0
DA:200,0
DA:202,0
DA:203,0
DA:204,0
DA:207,0
DA:210,0
DA:214,0
DA:219,0
DA:227,0
DA:229,0
DA:230,0
DA:233,0
DA:239,0
DA:241,0
DA:244,0
DA:248,0
DA:253,0
DA:263,0
DA:264,0
DA:277,0
DA:284,0
LF:79
LH:0
BRDA:38,0,0,0
BRDA:38,0,1,0
BRDA:66,1,0,0
BRDA:68,2,0,0
BRDA:68,2,1,0
BRDA:76,3,0,0
BRDA:76,3,1,0
BRDA:78,4,0,0
BRDA:78,4,1,0
BRDA:97,5,0,0
BRDA:97,6,0,0
BRDA:99,7,0,0
BRDA:99,7,1,0
BRDA:101,8,0,0
BRDA:101,8,1,0
BRDA:111,9,0,0
BRDA:111,9,1,0
BRDA:117,10,0,0
BRDA:117,10,1,0
BRDA:117,11,0,0
BRDA:117,11,1,0
BRDA:118,12,0,0
BRDA:118,12,1,0
BRDA:118,13,0,0
BRDA:118,13,1,0
BRDA:119,14,0,0
BRDA:119,14,1,0
BRDA:122,15,0,0
BRDA:122,15,1,0
BRDA:141,16,0,0
BRDA:143,17,0,0
BRDA:143,17,1,0
BRDA:149,18,0,0
BRDA:149,18,1,0
BRDA:149,19,0,0
BRDA:149,19,1,0
BRDA:167,20,0,0
BRDA:167,20,1,0
BRDA:173,21,0,0
BRDA:173,21,1,0
BRDA:175,22,0,0
BRDA:175,22,1,0
BRDA:192,23,0,0
BRDA:192,23,1,0
BRDA:203,24,0,0
BRDA:203,24,1,0
BRDA:207,25,0,0
BRDA:207,25,1,0
BRDA:210,26,0,0
BRDA:210,26,1,0
BRDA:241,27,0,0
BRDA:241,27,1,0
BRDA:241,28,0,0
BRDA:241,28,1,0
BRDA:244,29,0,0
BRDA:244,29,1,0
BRDA:265,30,0,0
BRDA:265,30,1,0
BRDA:265,30,2,0
BRDA:265,30,3,0
BRDA:278,31,0,0
BRDA:278,31,1,0
BRDA:279,32,0,0
BRDA:279,32,1,0
BRF:64
BRH:0
end_of_record
TN:
SF:lib/server/ConfigManager.js
FN:208,(anonymous_0)
FN:214,(anonymous_1)
FN:220,(anonymous_2)
FN:227,(anonymous_3)
FN:234,(anonymous_4)
FN:241,(anonymous_5)
FN:248,(anonymous_6)
FN:255,(anonymous_7)
FN:262,(anonymous_8)
FN:269,(anonymous_9)
FN:276,(anonymous_10)
FN:283,(anonymous_11)
FN:290,(anonymous_12)
FN:297,(anonymous_13)
FN:304,(anonymous_14)
FN:311,(anonymous_15)
FN:672,(anonymous_16)
FN:681,(anonymous_17)
FN:691,(anonymous_18)
FN:700,(anonymous_19)
FN:709,(anonymous_20)
FN:718,(anonymous_21)
FN:727,(anonymous_22)
FN:736,(anonymous_23)
FN:745,(anonymous_24)
FN:754,(anonymous_25)
FN:763,(anonymous_26)
FN:772,(anonymous_27)
FN:784,(anonymous_28)
FN:793,(anonymous_29)
FN:808,(anonymous_30)
FN:819,(anonymous_31)
FN:829,(anonymous_32)
FN:839,(anonymous_33)
FN:849,(anonymous_34)
FN:857,(anonymous_35)
FN:866,(anonymous_36)
FN:875,(anonymous_37)
FNF:38
FNH:0
FNDA:0,(anonymous_0)
FNDA:0,(anonymous_1)
FNDA:0,(anonymous_2)
FNDA:0,(anonymous_3)
FNDA:0,(anonymous_4)
FNDA:0,(anonymous_5)
FNDA:0,(anonymous_6)
FNDA:0,(anonymous_7)
FNDA:0,(anonymous_8)
FNDA:0,(anonymous_9)
FNDA:0,(anonymous_10)
FNDA:0,(anonymous_11)
FNDA:0,(anonymous_12)
FNDA:0,(anonymous_13)
FNDA:0,(anonymous_14)
FNDA:0,(anonymous_15)
FNDA:0,(anonymous_16)
FNDA:0,(anonymous_17)
FNDA:0,(anonymous_18)
FNDA:0,(anonymous_19)
FNDA:0,(anonymous_20)
FNDA:0,(anonymous_21)
FNDA:0,(anonymous_22)
FNDA:0,(anonymous_23)
FNDA:0,(anonymous_24)
FNDA:0,(anonymous_25)
FNDA:0,(anonymous_26)
FNDA:0,(anonymous_27)
FNDA:0,(anonymous_28)
FNDA:0,(anonymous_29)
FNDA:0,(anonymous_30)
FNDA:0,(anonymous_31)
FNDA:0,(anonymous_32)
FNDA:0,(anonymous_33)
FNDA:0,(anonymous_34)
FNDA:0,(anonymous_35)
FNDA:0,(anonymous_36)
FNDA:0,(anonymous_37)
DA:8,0
DA:30,0
DA:205,0
DA:209,0
DA:215,0
DA:221,0
DA:222,0
DA:228,0
DA:229,0
DA:235,0
DA:236,0
DA:242,0
DA:243,0
DA:249,0
DA:250,0
DA:256,0
DA:257,0
DA:263,0
DA:264,0
DA:270,0
DA:271,0
DA:277,0
DA:278,0
DA:284,0
DA:285,0
DA:291,0
DA:292,0
DA:298,0
DA:299,0
DA:305,0
DA:306,0
DA:312,0
DA:313,0
DA:319,0
DA:666,0
DA:673,0
DA:682,0
DA:683,0
DA:692,0
DA:701,0
DA:710,0
DA:719,0
DA:728,0
DA:737,0
DA:746,0
DA:755,0
DA:764,0
DA:773,0
DA:774,0
DA:775,0
DA:785,0
DA:794,0
DA:800,0
DA:809,0
DA:810,0
DA:820,0
DA:830,0
DA:840,0
DA:850,0
DA:858,0
DA:859,0
DA:867,0
DA:868,0
DA:876,0
DA:883,0
DA:884,0
DA:886,0
LF:67
LH:0
BRDA:673,0,0,0
BRDA:673,0,1,0
BRDA:692,1,0,0
BRDA:692,1,1,0
BRDA:701,2,0,0
BRDA:701,2,1,0
BRDA:710,3,0,0
BRDA:710,3,1,0
BRDA:719,4,0,0
BRDA:719,4,1,0
BRDA:728,5,0,0
BRDA:728,5,1,0
BRDA:737,6,0,0
BRDA:737,6,1,0
BRDA:746,7,0,0
BRDA:746,7,1,0
BRDA:755,8,0,0
BRDA:755,8,1,0
BRDA:764,9,0,0
BRDA:764,9,1,0
BRDA:773,10,0,0
BRDA:773,10,1,0
BRDA:785,11,0,0
BRDA:785,11,1,0
BRDA:794,12,0,0
BRDA:794,12,1,0
BRDA:820,13,0,0
BRDA:820,13,1,0
BRDA:830,14,0,0
BRDA:830,14,1,0
BRDA:840,15,0,0
BRDA:840,15,1,0
BRF:32
BRH:0
end_of_record
TN:
SF:lib/server/EntityManager.js
FN:11,(anonymous_0)
FN:17,(anonymous_1)
FN:43,(anonymous_2)
FN:72,(anonymous_3)
FN:82,(anonymous_4)
FN:91,(anonymous_5)
FN:100,(anonymous_6)
FN:108,(anonymous_7)
FN:117,(anonymous_8)
FN:130,(anonymous_9)
FN:174,(anonymous_10)
FN:189,(anonymous_11)
FN:230,(anonymous_12)
FN:243,(anonymous_13)
FN:262,(anonymous_14)
FN:283,(anonymous_15)
FN:301,(anonymous_16)
FN:313,(anonymous_17)
FN:343,(anonymous_18)
FNF:19
FNH:0
FNDA:0,(anonymous_0)
FNDA:0,(anonymous_1)
FNDA:0,(anonymous_2)
FNDA:0,(anonymous_3)
FNDA:0,(anonymous_4)
FNDA:0,(anonymous_5)
FNDA:0,(anonymous_6)
FNDA:0,(anonymous_7)
FNDA:0,(anonymous_8)
FNDA:0,(anonymous_9)
FNDA:0,(anonymous_10)
FNDA:0,(anonymous_11)
FNDA:0,(anonymous_12)
FNDA:0,(anonymous_13)
FNDA:0,(anonymous_14)
FNDA:0,(anonymous_15)
FNDA:0,(anonymous_16)
FNDA:0,(anonymous_17)
FNDA:0,(anonymous_18)
DA:8,0
DA:12,0
DA:13,0
DA:16,0
DA:17,0
DA:44,0
DA:45,0
DA:46,0
DA:47,0
DA:48,0
DA:49,0
DA:51,0
DA:52,0
DA:54,0
DA:55,0
DA:56,0
DA:57,0
DA:58,0
DA:59,0
DA:60,0
DA:61,0
DA:62,0
DA:63,0
DA:64,0
DA:65,0
DA:66,0
DA:71,0
DA:72,0
DA:83,0
DA:84,0
DA:85,0
DA:90,0
DA:91,0
DA:101,0
DA:102,0
DA:107,0
DA:108,0
DA:118,0
DA:119,0
DA:131,0
DA:132,0
DA:133,0
DA:134,0
DA:135,0
DA:136,0
DA:137,0
DA:138,0
DA:139,0
DA:140,0
DA:141,0
DA:142,0
DA:144,0
DA:145,0
DA:147,0
DA:149,0
DA:150,0
DA:151,0
DA:152,0
DA:153,0
DA:154,0
DA:155,0
DA:158,0
DA:159,0
DA:160,0
DA:161,0
DA:162,0
DA:163,0
DA:164,0
DA:166,0
DA:167,0
DA:175,0
DA:176,0
DA:177,0
DA:178,0
DA:191,0
DA:192,0
DA:194,0
DA:196,0
DA:197,0
DA:198,0
DA:199,0
DA:204,0
DA:206,0
DA:207,0
DA:208,0
DA:209,0
DA:210,0
DA:213,0
DA:214,0
DA:215,0
DA:216,0
DA:218,0
DA:219,0
DA:220,0
DA:222,0
DA:231,0
DA:232,0
DA:233,0
DA:234,0
DA:244,0
DA:245,0
DA:246,0
DA:247,0
DA:248,0
DA:249,0
DA:250,0
DA:251,0
DA:253,0
DA:254,0
DA:263,0
DA:264,0
DA:266,0
DA:267,0
DA:268,0
DA:269,0
DA:273,0
DA:274,0
DA:284,0
DA:285,0
DA:286,0
DA:287,0
DA:288,0
DA:289,0
DA:290,0
DA:291,0
DA:293,0
DA:294,0
DA:302,0
DA:303,0
DA:304,0
DA:305,0
DA:315,0
DA:316,0
DA:317,0
DA:318,0
DA:323,0
DA:324,0
DA:325,0
DA:326,0
DA:331,0
DA:332,0
DA:333,0
DA:334,0
DA:344,0
DA:353,0
LF:145
LH:0
BRDA:51,0,0,0
BRDA:51,0,1,0
BRDA:137,1,0,0
BRDA:137,1,1,0
BRDA:138,2,0,0
BRDA:138,2,1,0
BRDA:140,3,0,0
BRDA:140,3,1,0
BRDA:141,4,0,0
BRDA:141,4,1,0
BRDA:142,5,0,0
BRDA:142,5,1,0
BRDA:144,6,0,0
BRDA:144,6,1,0
BRDA:149,7,0,0
BRDA:149,7,1,0
BRDA:150,8,0,0
BRDA:150,8,1,0
BRDA:151,9,0,0
BRDA:151,9,1,0
BRDA:152,10,0,0
BRDA:152,10,1,0
BRDA:153,11,0,0
BRDA:153,11,1,0
BRDA:154,12,0,0
BRDA:154,12,1,0
BRDA:155,13,0,0
BRDA:155,13,1,0
BRDA:158,14,0,0
BRDA:158,14,1,0
BRDA:159,15,0,0
BRDA:159,15,1,0
BRDA:160,16,0,0
BRDA:160,16,1,0
BRDA:161,17,0,0
BRDA:161,17,1,0
BRDA:162,18,0,0
BRDA:162,18,1,0
BRDA:163,19,0,0
BRDA:163,19,1,0
BRDA:164,20,0,0
BRDA:164,20,1,0
BRDA:176,21,0,0
BRDA:176,21,1,0
BRDA:189,22,0,0
BRDA:194,23,0,0
BRDA:194,23,1,0
BRDA:198,24,0,0
BRDA:198,24,1,0
BRDA:232,25,0,0
BRDA:232,25,1,0
BRDA:264,26,0,0
BRDA:264,26,1,0
BRDA:268,27,0,0
BRDA:268,27,1,0
BRDA:268,28,0,0
BRDA:268,28,1,0
BRDA:289,29,0,0
BRDA:289,29,1,0
BRDA:291,30,0,0
BRDA:291,30,1,0
BRDA:303,31,0,0
BRDA:303,31,1,0
BRDA:317,32,0,0
BRDA:317,32,1,0
BRDA:325,33,0,0
BRDA:325,33,1,0
BRDA:333,34,0,0
BRDA:333,34,1,0
BRF:69
BRH:0
end_of_record
TN:
SF:lib/server/NetworkManager.js
FN:9,(anonymous_0)
FN:24,(anonymous_1)
FN:65,(anonymous_2)
FN:125,(anonymous_3)
FN:165,(anonymous_4)
FN:213,(anonymous_5)
FN:222,(anonymous_6)
FN:230,(anonymous_7)
FN:239,(anonymous_8)
FNF:9
FNH:0
FNDA:0,(anonymous_0)
FNDA:0,(anonymous_1)
FNDA:0,(anonymous_2)
FNDA:0,(anonymous_3)
FNDA:0,(anonymous_4)
FNDA:0,(anonymous_5)
FNDA:0,(anonymous_6)
FNDA:0,(anonymous_7)
FNDA:0,(anonymous_8)
DA:10,0
DA:11,0
DA:12,0
DA:13,0
DA:14,0
DA:25,0
DA:26,0
DA:29,0
DA:30,0
DA:32,0
DA:35,0
DA:36,0
DA:37,0
DA:38,0
DA:41,0
DA:42,0
DA:44,0
DA:45,0
DA:46,0
DA:49,0
DA:53,0
DA:56,0
DA:66,0
DA:73,0
DA:75,0
DA:76,0
DA:77,0
DA:79,0
DA:80,0
DA:83,0
DA:84,0
DA:85,0
DA:87,0
DA:88,0
DA:93,0
DA:94,0
DA:95,0
DA:100,0
DA:101,0
DA:103,0
DA:104,0
DA:109,0
DA:116,0
DA:126,0
DA:143,0
DA:145,0
DA:146,0
DA:147,0
DA:149,0
DA:152,0
DA:153,0
DA:158,0
DA:166,0
DA:169,0
DA:170,0
DA:172,0
DA:188,0
DA:191,0
DA:195,0
DA:198,0
DA:199,0
DA:203,0
DA:214,0
DA:223,0
DA:231,0
DA:232,0
DA:240,0
DA:248,0
LF:68
LH:0
BRDA:25,0,0,0
BRDA:25,0,1,0
BRDA:26,1,0,0
BRDA:26,1,1,0
BRDA:26,2,0,0
BRDA:26,2,1,0
BRDA:26,2,2,0
BRDA:26,2,3,0
BRDA:32,3,0,0
BRDA:32,3,1,0
BRDA:41,4,0,0
BRDA:41,4,1,0
BRDA:41,5,0,0
BRDA:41,5,1,0
BRDA:42,6,0,0
BRDA:42,6,1,0
BRDA:44,7,0,0
BRDA:44,7,1,0
BRDA:46,8,0,0
BRDA:46,8,1,0
BRDA:53,9,0,0
BRDA:53,9,1,0
BRDA:76,10,0,0
BRDA:76,10,1,0
BRDA:77,11,0,0
BRDA:77,11,1,0
BRDA:87,12,0,0
BRDA:87,12,1,0
BRDA:87,13,0,0
BRDA:87,13,1,0
BRDA:94,14,0,0
BRDA:94,14,1,0
BRDA:100,15,0,0
BRDA:100,15,1,0
BRDA:103,16,0,0
BRDA:103,16,1,0
BRDA:149,17,0,0
BRDA:149,17,1,0
BRDA:152,18,0,0
BRDA:152,18,1,0
BRDA:152,19,0,0
BRDA:152,19,1,0
BRDA:169,20,0,0
BRDA:169,20,1,0
BRDA:198,21,0,0
BRDA:198,21,1,0
BRDA:198,22,0,0
BRDA:198,22,1,0
BRF:48
BRH:0
end_of_record
TN:
SF:lib/server/PerformanceConfig.js
FN:8,(anonymous_0)
FN:73,(anonymous_1)
FN:80,(anonymous_2)
FN:87,(anonymous_3)
FN:94,(anonymous_4)
FN:101,(anonymous_5)
FN:110,(anonymous_6)
FN:117,(anonymous_7)
FN:131,(anonymous_8)
FN:143,(anonymous_9)
FN:150,(anonymous_10)
FNF:11
FNH:0
FNDA:0,(anonymous_0)
FNDA:0,(anonymous_1)
FNDA:0,(anonymous_2)
FNDA:0,(anonymous_3)
FNDA:0,(anonymous_4)
FNDA:0,(anonymous_5)
FNDA:0,(anonymous_6)
FNDA:0,(anonymous_7)
FNDA:0,(anonymous_8)
FNDA:0,(anonymous_9)
FNDA:0,(anonymous_10)
DA:10,0
DA:13,0
DA:67,0
DA:74,0
DA:81,0
DA:88,0
DA:95,0
DA:103,0
DA:104,0
DA:111,0
DA:118,0
DA:119,0
DA:120,0
DA:121,0
DA:132,0
DA:133,0
DA:134,0
DA:135,0
DA:136,0
DA:137,0
DA:144,0
DA:151,0
DA:155,0
LF:23
LH:0
BRDA:10,0,0,0
BRDA:10,0,1,0
BRDA:67,1,0,0
BRDA:67,1,1,0
BRDA:118,2,0,0
BRDA:118,2,1,0
BRDA:118,3,0,0
BRDA:118,3,1,0
BRF:8
BRH:0
end_of_record
TN:
SF:lib/server/PerformanceIntegration.js
FN:10,(anonymous_0)
FN:25,(anonymous_1)
FN:28,(anonymous_2)
FN:36,(anonymous_3)
FN:44,(anonymous_4)
FN:51,(anonymous_5)
FN:58,(anonymous_6)
FN:65,(anonymous_7)
FN:72,(anonymous_8)
FN:79,(anonymous_9)
FN:86,(anonymous_10)
FN:93,(anonymous_11)
FNF:12
FNH:0
FNDA:0,(anonymous_0)
FNDA:0,(anonymous_1)
FNDA:0,(anonymous_2)
FNDA:0,(anonymous_3)
FNDA:0,(anonymous_4)
FNDA:0,(anonymous_5)
FNDA:0,(anonymous_6)
FNDA:0,(anonymous_7)
FNDA:0,(anonymous_8)
FNDA:0,(anonymous_9)
FNDA:0,(anonymous_10)
FNDA:0,(anonymous_11)
DA:7,0
DA:11,0
DA:12,0
DA:13,0
DA:16,0
DA:19,0
DA:26,0
DA:28,0
DA:29,0
DA:37,0
DA:38,0
DA:45,0
DA:52,0
DA:59,0
DA:66,0
DA:73,0
DA:80,0
DA:87,0
DA:94,0
DA:95,0
DA:100,0
LF:21
LH:0
BRDA:26,0,0,0
BRDA:26,0,1,0
BRDA:38,1,0,0
BRDA:38,1,1,0
BRDA:94,2,0,0
BRDA:94,2,1,0
BRF:6
BRH:0
end_of_record
TN:
SF:lib/server/PlayerManager.js
FN:8,(anonymous_0)
FN:19,(anonymous_1)
FN:36,(anonymous_2)
FN:55,(anonymous_3)
FN:73,(anonymous_4)
FN:96,(anonymous_5)
FN:109,(anonymous_6)
FN:131,(anonymous_7)
FNF:8
FNH:0
FNDA:0,(anonymous_0)
FNDA:0,(anonymous_1)
FNDA:0,(anonymous_2)
FNDA:0,(anonymous_3)
FNDA:0,(anonymous_4)
FNDA:0,(anonymous_5)
FNDA:0,(anonymous_6)
FNDA:0,(anonymous_7)
DA:9,0
DA:10,0
DA:11,0
DA:20,0
DA:21,0
DA:22,0
DA:23,0
DA:24,0
DA:25,0
DA:28,0
DA:37,0
DA:38,0
DA:39,0
DA:42,0
DA:43,0
DA:46,0
DA:47,0
DA:48,0
DA:49,0
DA:51,0
DA:55,0
DA:56,0
DA:59,0
DA:60,0
DA:61,0
DA:62,0
DA:72,0
DA:73,0
DA:74,0
DA:75,0
DA:76,0
DA:77,0
DA:84,0
DA:88,0
DA:97,0
DA:98,0
DA:99,0
DA:110,0
DA:113,0
DA:114,0
DA:115,0
DA:118,0
DA:119,0
DA:120,0
DA:132,0
DA:192,0
LF:46
LH:0
BRDA:20,0,0,0
BRDA:20,0,1,0
BRDA:22,1,0,0
BRDA:22,1,1,0
BRDA:24,2,0,0
BRDA:24,2,1,0
BRDA:42,3,0,0
BRDA:42,3,1,0
BRDA:46,4,0,0
BRDA:46,4,1,0
BRDA:48,5,0,0
BRDA:48,5,1,0
BRDA:56,6,0,0
BRDA:56,6,1,0
BRDA:59,7,0,0
BRDA:59,7,1,0
BRDA:72,8,0,0
BRDA:72,8,1,0
BRDA:74,9,0,0
BRDA:74,9,1,0
BRDA:98,10,0,0
BRDA:98,10,1,0
BRDA:98,11,0,0
BRDA:98,11,1,0
BRDA:118,12,0,0
BRDA:118,12,1,0
BRF:26
BRH:0
end_of_record
TN:
SF:lib/server/ProgressionIntegration.js
FN:11,(anonymous_0)
FN:29,(anonymous_1)
FN:43,(anonymous_2)
FN:68,(anonymous_3)
FN:103,(anonymous_4)
FN:129,(anonymous_5)
FN:147,(anonymous_6)
FN:156,(anonymous_7)
FN:166,(anonymous_8)
FN:175,(anonymous_9)
FNF:10
FNH:0
FNDA:0,(anonymous_0)
FNDA:0,(anonymous_1)
FNDA:0,(anonymous_2)
FNDA:0,(anonymous_3)
FNDA:0,(anonymous_4)
FNDA:0,(anonymous_5)
FNDA:0,(anonymous_6)
FNDA:0,(anonymous_7)
FNDA:0,(anonymous_8)
FNDA:0,(anonymous_9)
DA:7,0
DA:8,0
DA:12,0
DA:13,0
DA:16,0
DA:17,0
DA:19,0
DA:30,0
DA:31,0
DA:32,0
DA:36,0
DA:39,0
DA:41,0
DA:43,0
DA:47,0
DA:48,0
DA:49,0
DA:52,0
DA:54,0
DA:58,0
DA:69,0
DA:70,0
DA:71,0
DA:75,0
DA:76,0
DA:80,0
DA:83,0
DA:89,0
DA:90,0
DA:92,0
DA:101,0
DA:102,0
DA:103,0
DA:108,0
DA:116,0
DA:130,0
DA:131,0
DA:135,0
DA:137,0
DA:148,0
DA:157,0
DA:167,0
DA:176,0
DA:177,0
DA:181,0
LF:45
LH:0
BRDA:31,0,0,0
BRDA:31,0,1,0
BRDA:31,1,0,0
BRDA:31,1,1,0
BRDA:43,2,0,0
BRDA:43,2,1,0
BRDA:48,3,0,0
BRDA:48,3,1,0
BRDA:68,4,0,0
BRDA:70,5,0,0
BRDA:70,5,1,0
BRDA:70,6,0,0
BRDA:70,6,1,0
BRDA:75,7,0,0
BRDA:75,7,1,0
BRDA:75,8,0,0
BRDA:75,8,1,0
BRDA:90,9,0,0
BRDA:90,9,1,0
BRDA:90,10,0,0
BRDA:90,10,1,0
BRDA:90,10,2,0
BRDA:101,11,0,0
BRDA:101,11,1,0
BRDA:101,12,0,0
BRDA:101,12,1,0
BRDA:112,13,0,0
BRDA:112,13,1,0
BRDA:130,14,0,0
BRDA:130,14,1,0
BRDA:130,15,0,0
BRDA:130,15,1,0
BRDA:147,16,0,0
BRDA:177,17,0,0
BRDA:177,17,1,0
BRF:35
BRH:0
end_of_record
TN:
SF:lib/server/RoomManager.js
FN:8,(anonymous_0)
FN:18,(anonymous_1)
FN:74,(anonymous_2)
FN:93,(anonymous_3)
FN:134,(anonymous_4)
FNF:5
FNH:0
FNDA:0,(anonymous_0)
FNDA:0,(anonymous_1)
FNDA:0,(anonymous_2)
FNDA:0,(anonymous_3)
FNDA:0,(anonymous_4)
DA:9,0
DA:10,0
DA:11,0
DA:19,0
DA:27,0
DA:30,0
DA:31,0
DA:33,0
DA:44,0
DA:53,0
DA:54,0
DA:55,0
DA:56,0
DA:57,0
DA:58,0
DA:60,0
DA:68,0
DA:75,0
DA:76,0
DA:77,0
DA:79,0
DA:80,0
DA:81,0
DA:85,0
DA:95,0
DA:96,0
DA:97,0
DA:100,0
DA:103,0
DA:104,0
DA:105,0
DA:108,0
DA:109,0
DA:110,0
DA:111,0
DA:114,0
DA:117,0
DA:119,0
DA:135,0
DA:136,0
DA:140,0
DA:143,0
DA:147,0
LF:43
LH:0
BRDA:95,0,0,0
BRDA:95,0,1,0
BRDA:95,1,0,0
BRDA:95,1,1,0
BRDA:103,2,0,0
BRDA:103,2,1,0
BRDA:136,3,0,0
BRDA:136,3,1,0
BRDA:136,4,0,0
BRDA:136,4,1,0
BRDA:136,4,2,0
BRDA:136,4,3,0
BRF:12
BRH:0
end_of_record
TN:
SF:lib/server/SkillEffectsApplicator.js
FN:17,(anonymous_0)
FN:125,(anonymous_1)
FN:144,(anonymous_2)
FN:177,(anonymous_3)
FN:190,(anonymous_4)
FN:204,(anonymous_5)
FN:267,(anonymous_6)
FNF:7
FNH:0
FNDA:0,(anonymous_0)
FNDA:0,(anonymous_1)
FNDA:0,(anonymous_2)
FNDA:0,(anonymous_3)
FNDA:0,(anonymous_4)
FNDA:0,(anonymous_5)
FNDA:0,(anonymous_6)
DA:7,0
DA:18,0
DA:19,0
DA:22,0
DA:24,0
DA:25,0
DA:26,0
DA:29,0
DA:30,0
DA:33,0
DA:34,0
DA:37,0
DA:38,0
DA:41,0
DA:42,0
DA:45,0
DA:46,0
DA:47,0
DA:48,0
DA:52,0
DA:53,0
DA:56,0
DA:57,0
DA:60,0
DA:62,0
DA:65,0
DA:66,0
DA:69,0
DA:70,0
DA:74,0
DA:75,0
DA:78,0
DA:79,0
DA:82,0
DA:83,0
DA:86,0
DA:87,0
DA:90,0
DA:91,0
DA:95,0
DA:96,0
DA:97,0
DA:98,0
DA:101,0
DA:102,0
DA:103,0
DA:106,0
DA:107,0
DA:108,0
DA:112,0
DA:113,0
DA:117,0
DA:118,0
DA:119,0
DA:120,0
DA:123,0
DA:125,0
DA:128,0
DA:130,0
DA:135,0
DA:145,0
DA:146,0
DA:149,0
DA:151,0
DA:152,0
DA:153,0
DA:154,0
DA:159,0
DA:161,0
DA:162,0
DA:163,0
DA:167,0
DA:178,0
DA:179,0
DA:181,0
DA:191,0
DA:192,0
DA:194,0
DA:205,0
DA:206,0
DA:207,0
DA:210,0
DA:211,0
DA:212,0
DA:213,0
DA:217,0
DA:218,0
DA:219,0
DA:220,0
DA:221,0
DA:222,0
DA:223,0
DA:224,0
DA:225,0
DA:231,0
DA:232,0
DA:233,0
DA:234,0
DA:235,0
DA:237,0
DA:238,0
DA:243,0
DA:244,0
DA:245,0
DA:246,0
DA:251,0
DA:252,0
DA:255,0
DA:268,0
DA:269,0
DA:270,0
DA:271,0
DA:275,0
DA:277,0
DA:281,0
LF:115
LH:0
BRDA:18,0,0,0
BRDA:18,0,1,0
BRDA:18,1,0,0
BRDA:18,1,1,0
BRDA:24,2,0,0
BRDA:24,2,1,0
BRDA:29,3,0,0
BRDA:29,3,1,0
BRDA:30,4,0,0
BRDA:30,4,1,0
BRDA:33,5,0,0
BRDA:33,5,1,0
BRDA:34,6,0,0
BRDA:34,6,1,0
BRDA:37,7,0,0
BRDA:37,7,1,0
BRDA:38,8,0,0
BRDA:38,8,1,0
BRDA:41,9,0,0
BRDA:41,9,1,0
BRDA:42,10,0,0
BRDA:42,10,1,0
BRDA:45,11,0,0
BRDA:45,11,1,0
BRDA:48,12,0,0
BRDA:48,12,1,0
BRDA:52,13,0,0
BRDA:52,13,1,0
BRDA:53,14,0,0
BRDA:53,14,1,0
BRDA:56,15,0,0
BRDA:56,15,1,0
BRDA:57,16,0,0
BRDA:57,16,1,0
BRDA:60,17,0,0
BRDA:60,17,1,0
BRDA:62,18,0,0
BRDA:62,18,1,0
BRDA:65,19,0,0
BRDA:65,19,1,0
BRDA:66,20,0,0
BRDA:66,20,1,0
BRDA:69,21,0,0
BRDA:69,21,1,0
BRDA:70,22,0,0
BRDA:70,22,1,0
BRDA:74,23,0,0
BRDA:74,23,1,0
BRDA:75,24,0,0
BRDA:75,24,1,0
BRDA:78,25,0,0
BRDA:78,25,1,0
BRDA:78,26,0,0
BRDA:78,26,1,0
BRDA:82,27,0,0
BRDA:82,27,1,0
BRDA:83,28,0,0
BRDA:83,28,1,0
BRDA:86,29,0,0
BRDA:86,29,1,0
BRDA:87,30,0,0
BRDA:87,30,1,0
BRDA:90,31,0,0
BRDA:90,31,1,0
BRDA:91,32,0,0
BRDA:91,32,1,0
BRDA:95,33,0,0
BRDA:95,33,1,0
BRDA:97,34,0,0
BRDA:97,34,1,0
BRDA:98,35,0,0
BRDA:98,35,1,0
BRDA:101,36,0,0
BRDA:101,36,1,0
BRDA:103,37,0,0
BRDA:103,37,1,0
BRDA:106,38,0,0
BRDA:106,38,1,0
BRDA:112,39,0,0
BRDA:112,39,1,0
BRDA:113,40,0,0
BRDA:113,40,1,0
BRDA:117,41,0,0
BRDA:117,41,1,0
BRDA:125,42,0,0
BRDA:125,42,1,0
BRDA:145,43,0,0
BRDA:145,43,1,0
BRDA:145,44,0,0
BRDA:145,44,1,0
BRDA:151,45,0,0
BRDA:151,45,1,0
BRDA:152,46,0,0
BRDA:152,46,1,0
BRDA:161,47,0,0
BRDA:161,47,1,0
BRDA:178,48,0,0
BRDA:178,48,1,0
BRDA:178,49,0,0
BRDA:178,49,1,0
BRDA:191,50,0,0
BRDA:191,50,1,0
BRDA:191,51,0,0
BRDA:191,51,1,0
BRDA:204,52,0,0
BRDA:210,53,0,0
BRDA:210,53,1,0
BRDA:210,54,0,0
BRDA:210,54,1,0
BRDA:217,55,0,0
BRDA:217,55,1,0
BRDA:217,56,0,0
BRDA:217,56,1,0
BRDA:217,56,2,0
BRDA:219,57,0,0
BRDA:219,57,1,0
BRDA:220,58,0,0
BRDA:220,58,1,0
BRDA:221,59,0,0
BRDA:221,59,1,0
BRDA:231,60,0,0
BRDA:231,60,1,0
BRDA:231,61,0,0
BRDA:231,61,1,0
BRDA:231,61,2,0
BRDA:232,62,0,0
BRDA:232,62,1,0
BRDA:243,63,0,0
BRDA:243,63,1,0
BRDA:243,64,0,0
BRDA:243,64,1,0
BRDA:243,64,2,0
BRDA:245,65,0,0
BRDA:245,65,1,0
BRDA:251,66,0,0
BRDA:251,66,1,0
BRDA:268,67,0,0
BRDA:268,67,1,0
BRDA:268,68,0,0
BRDA:268,68,1,0
BRDA:268,68,2,0
BRF:141
BRH:0
end_of_record
TN:
SF:lib/server/ZombieManager.js
FN:15,(anonymous_0)
FN:28,(anonymous_1)
FN:46,(anonymous_2)
FN:150,(anonymous_3)
FN:199,(anonymous_4)
FN:234,(anonymous_5)
FN:337,(anonymous_6)
FN:346,(anonymous_7)
FN:350,(anonymous_8)
FN:359,(anonymous_9)
FN:364,(anonymous_10)
FN:372,(anonymous_11)
FNF:12
FNH:0
FNDA:0,(anonymous_0)
FNDA:0,(anonymous_1)
FNDA:0,(anonymous_2)
FNDA:0,(anonymous_3)
FNDA:0,(anonymous_4)
FNDA:0,(anonymous_5)
FNDA:0,(anonymous_6)
FNDA:0,(anonymous_7)
FNDA:0,(anonymous_8)
FNDA:0,(anonymous_9)
FNDA:0,(anonymous_10)
FNDA:0,(anonymous_11)
DA:16,0
DA:17,0
DA:18,0
DA:19,0
DA:20,0
DA:21,0
DA:29,0
DA:30,0
DA:31,0
DA:32,0
DA:33,0
DA:34,0
DA:35,0
DA:36,0
DA:38,0
DA:49,0
DA:50,0
DA:51,0
DA:52,0
DA:53,0
DA:56,0
DA:58,0
DA:59,0
DA:64,0
DA:65,0
DA:66,0
DA:67,0
DA:68,0
DA:69,0
DA:71,0
DA:75,0
DA:77,0
DA:78,0
DA:80,0
DA:84,0
DA:85,0
DA:88,0
DA:90,0
DA:91,0
DA:92,0
DA:93,0
DA:94,0
DA:96,0
DA:139,0
DA:140,0
DA:151,0
DA:152,0
DA:155,0
DA:156,0
DA:157,0
DA:158,0
DA:161,0
DA:162,0
DA:165,0
DA:168,0
DA:193,0
DA:200,0
DA:201,0
DA:206,0
DA:207,0
DA:209,0
DA:211,0
DA:212,0
DA:214,0
DA:218,0
DA:219,0
DA:221,0
DA:222,0
DA:223,0
DA:225,0
DA:226,0
DA:236,0
DA:237,0
DA:238,0
DA:241,0
DA:243,0
DA:245,0
DA:246,0
DA:247,0
DA:249,0
DA:250,0
DA:251,0
DA:253,0
DA:254,0
DA:255,0
DA:257,0
DA:258,0
DA:259,0
DA:261,0
DA:262,0
DA:263,0
DA:270,0
DA:271,0
DA:273,0
DA:274,0
DA:275,0
DA:276,0
DA:279,0
DA:280,0
DA:282,0
DA:284,0
DA:301,0
DA:302,0
DA:303,0
DA:304,0
DA:305,0
DA:306,0
DA:307,0
DA:308,0
DA:309,0
DA:310,0
DA:311,0
DA:312,0
DA:313,0
DA:314,0
DA:315,0
DA:316,0
DA:319,0
DA:320,0
DA:323,0
DA:324,0
DA:338,0
DA:339,0
DA:340,0
DA:347,0
DA:348,0
DA:350,0
DA:351,0
DA:360,0
DA:361,0
DA:364,0
DA:365,0
DA:373,0
DA:374,0
DA:375,0
DA:380,0
LF:136
LH:0
BRDA:15,0,0,0
BRDA:29,1,0,0
BRDA:29,1,1,0
BRDA:31,2,0,0
BRDA:31,2,1,0
BRDA:33,3,0,0
BRDA:33,3,1,0
BRDA:35,4,0,0
BRDA:35,4,1,0
BRDA:54,5,0,0
BRDA:54,5,1,0
BRDA:56,6,0,0
BRDA:56,6,1,0
BRDA:64,7,0,0
BRDA:64,7,1,0
BRDA:66,8,0,0
BRDA:66,8,1,0
BRDA:68,9,0,0
BRDA:68,9,1,0
BRDA:75,10,0,0
BRDA:75,10,1,0
BRDA:88,11,0,0
BRDA:88,11,1,0
BRDA:93,12,0,0
BRDA:93,12,1,0
BRDA:111,13,0,0
BRDA:111,13,1,0
BRDA:112,14,0,0
BRDA:112,14,1,0
BRDA:113,15,0,0
BRDA:113,15,1,0
BRDA:115,16,0,0
BRDA:115,16,1,0
BRDA:116,17,0,0
BRDA:116,17,1,0
BRDA:117,18,0,0
BRDA:117,18,1,0
BRDA:119,19,0,0
BRDA:119,19,1,0
BRDA:121,20,0,0
BRDA:121,20,1,0
BRDA:122,21,0,0
BRDA:122,21,1,0
BRDA:123,22,0,0
BRDA:123,22,1,0
BRDA:124,23,0,0
BRDA:124,23,1,0
BRDA:125,24,0,0
BRDA:125,24,1,0
BRDA:127,25,0,0
BRDA:127,25,1,0
BRDA:129,26,0,0
BRDA:129,26,1,0
BRDA:130,27,0,0
BRDA:130,27,1,0
BRDA:131,28,0,0
BRDA:131,28,1,0
BRDA:132,29,0,0
BRDA:132,29,1,0
BRDA:134,30,0,0
BRDA:134,30,1,0
BRDA:135,31,0,0
BRDA:135,31,1,0
BRDA:136,32,0,0
BRDA:136,32,1,0
BRDA:152,33,0,0
BRDA:152,33,1,0
BRDA:161,34,0,0
BRDA:161,34,1,0
BRDA:200,35,0,0
BRDA:200,35,1,0
BRDA:209,36,0,0
BRDA:209,36,1,0
BRDA:211,37,0,0
BRDA:211,37,1,0
BRDA:211,38,0,0
BRDA:211,38,1,0
BRDA:222,39,0,0
BRDA:222,39,1,0
BRDA:223,40,0,0
BRDA:223,40,1,0
BRDA:225,41,0,0
BRDA:225,41,1,0
BRDA:243,42,0,0
BRDA:243,42,1,0
BRDA:243,42,2,0
BRDA:243,42,3,0
BRDA:243,42,4,0
BRDA:301,43,0,0
BRDA:301,43,1,0
BRDA:303,44,0,0
BRDA:303,44,1,0
BRDA:305,45,0,0
BRDA:305,45,1,0
BRDA:307,46,0,0
BRDA:307,46,1,0
BRDA:311,47,0,0
BRDA:311,47,1,0
BRDA:323,48,0,0
BRDA:323,48,1,0
BRDA:347,49,0,0
BRDA:347,49,1,0
BRDA:360,50,0,0
BRDA:360,50,1,0
BRDA:373,51,0,0
BRDA:373,51,1,0
BRF:106
BRH:0
end_of_record
