TN:
SF:game/gameConstants.js
FNF:0
FNH:0
DA:9,0
DA:27,0
DA:39,0
DA:60,0
DA:78,0
DA:97,0
DA:111,0
DA:127,0
LF:8
LH:0
BRF:0
BRH:0
end_of_record
TN:
SF:game/gameLoop.js
FN:63,handlePlayerDeathProgression
FN:106,(anonymous_1)
FN:197,gameLoop
FN:341,updateMetrics
FN:354,updatePlayers
FN:371,updatePlayerTimers
FN:416,updatePlayerRegeneration
FN:439,updateAutoTurrets
FN:456,fireAutoTurret
FN:484,updateTeslaCoil
FN:505,fireTeslaCoil
FN:525,applyTeslaDamage
FN:570,createTeslaVisuals
FN:587,handleTeslaKill
FN:613,updateParticles
FN:636,cleanupOrphanedTrackingData
FN:686,processFailedDeathQueue
FN:731,(anonymous_17)
FN:744,(anonymous_18)
FNF:19
FNH:2
FNDA:10,handlePlayerDeathProgression
FNDA:2,(anonymous_1)
FNDA:0,gameLoop
FNDA:0,updateMetrics
FNDA:0,updatePlayers
FNDA:0,updatePlayerTimers
FNDA:0,updatePlayerRegeneration
FNDA:0,updateAutoTurrets
FNDA:0,fireAutoTurret
FNDA:0,updateTeslaCoil
FNDA:0,fireTeslaCoil
FNDA:0,applyTeslaDamage
FNDA:0,createTeslaVisuals
FNDA:0,handleTeslaKill
FNDA:0,updateParticles
FNDA:0,cleanupOrphanedTrackingData
FNDA:0,processFailedDeathQueue
FNDA:0,(anonymous_17)
FNDA:0,(anonymous_18)
DA:9,1
DA:10,1
DA:11,1
DA:13,1
DA:16,1
DA:17,1
DA:18,1
DA:19,1
DA:20,1
DA:21,1
DA:24,1
DA:25,1
DA:28,1
DA:29,1
DA:65,10
DA:66,1
DA:67,1
DA:69,1
DA:72,9
DA:73,1
DA:74,1
DA:76,1
DA:79,9
DA:80,1
DA:83,8
DA:84,8
DA:86,8
DA:87,7
DA:89,7
DA:90,7
DA:91,7
DA:92,7
DA:93,7
DA:95,7
DA:105,7
DA:107,2
DA:108,2
DA:116,0
DA:120,2
DA:121,0
DA:125,2
DA:126,1
DA:138,1
DA:139,1
DA:144,1
DA:145,1
DA:153,8
DA:198,0
DA:199,0
DA:202,0
DA:203,0
DA:205,0
DA:207,0
DA:209,0
DA:210,0
DA:213,0
DA:214,0
DA:215,0
DA:218,0
DA:220,0
DA:221,0
DA:232,0
DA:233,0
DA:236,0
DA:237,0
DA:240,0
DA:243,0
DA:248,0
DA:251,0
DA:252,0
DA:253,0
DA:254,0
DA:257,0
DA:258,0
DA:259,0
DA:260,0
DA:262,0
DA:266,0
DA:270,0
DA:271,0
DA:273,0
DA:274,0
DA:276,0
DA:277,0
DA:279,0
DA:287,0
DA:288,0
DA:291,0
DA:294,0
DA:295,0
DA:296,0
DA:297,0
DA:298,0
DA:299,0
DA:301,0
DA:304,0
DA:306,0
DA:307,0
DA:308,0
DA:309,0
DA:310,0
DA:314,0
DA:320,0
DA:321,0
DA:324,0
DA:325,0
DA:326,0
DA:329,0
DA:330,0
DA:342,0
DA:343,0
DA:344,0
DA:345,0
DA:346,0
DA:355,0
DA:356,0
DA:357,0
DA:358,0
DA:361,0
DA:362,0
DA:363,0
DA:364,0
DA:372,0
DA:373,0
DA:376,0
DA:377,0
DA:380,0
DA:381,0
DA:382,0
DA:385,0
DA:386,0
DA:390,0
DA:392,0
DA:393,0
DA:394,0
DA:396,0
DA:397,0
DA:398,0
DA:401,0
DA:402,0
DA:405,0
DA:417,0
DA:418,0
DA:419,0
DA:422,0
DA:423,0
DA:425,0
DA:427,0
DA:428,0
DA:430,0
DA:431,0
DA:440,0
DA:441,0
DA:443,0
DA:444,0
DA:446,0
DA:447,0
DA:457,0
DA:458,0
DA:459,0
DA:461,0
DA:476,0
DA:477,0
DA:485,0
DA:486,0
DA:489,0
DA:490,0
DA:493,0
DA:494,0
DA:496,0
DA:497,0
DA:506,0
DA:507,0
DA:509,0
DA:510,0
DA:512,0
DA:513,0
DA:516,0
DA:527,0
DA:528,0
DA:531,0
DA:532,0
DA:536,0
DA:537,0
DA:541,0
DA:542,0
DA:546,0
DA:549,0
DA:550,0
DA:552,0
DA:553,0
DA:560,0
DA:562,0
DA:563,0
DA:571,0
DA:572,0
DA:573,0
DA:574,0
DA:575,0
DA:576,0
DA:579,0
DA:588,0
DA:590,0
DA:591,0
DA:592,0
DA:593,0
DA:594,0
DA:597,0
DA:598,0
DA:599,0
DA:602,0
DA:603,0
DA:604,0
DA:614,0
DA:615,0
DA:617,0
DA:618,0
DA:619,0
DA:620,0
DA:624,0
DA:625,0
DA:626,0
DA:638,0
DA:639,0
DA:642,0
DA:643,0
DA:645,0
DA:647,0
DA:648,0
DA:650,0
DA:651,0
DA:654,0
DA:655,0
DA:656,0
DA:657,0
DA:663,0
DA:664,0
DA:665,0
DA:666,0
DA:672,0
DA:673,0
DA:674,0
DA:675,0
DA:687,0
DA:688,0
DA:691,0
DA:692,0
DA:693,0
DA:695,0
DA:696,0
DA:699,0
DA:700,0
DA:704,0
DA:705,0
DA:706,0
DA:712,0
DA:713,0
DA:717,0
DA:718,0
DA:719,0
DA:720,0
DA:724,0
DA:725,0
DA:727,0
DA:728,0
DA:730,0
DA:733,0
DA:734,0
DA:735,0
DA:737,0
DA:738,0
DA:751,1
LF:272
LH:46
BRDA:63,0,0,0
BRDA:65,1,0,1
BRDA:65,1,1,9
BRDA:65,2,0,10
BRDA:65,2,1,9
BRDA:66,3,0,1
BRDA:66,3,1,0
BRDA:72,4,0,1
BRDA:72,4,1,8
BRDA:73,5,0,1
BRDA:73,5,1,0
BRDA:79,6,0,1
BRDA:79,6,1,8
BRDA:86,7,0,7
BRDA:86,7,1,1
BRDA:89,8,0,7
BRDA:89,8,1,0
BRDA:89,9,0,7
BRDA:89,9,1,7
BRDA:91,10,0,7
BRDA:91,10,1,1
BRDA:91,10,2,0
BRDA:93,11,0,1
BRDA:93,11,1,6
BRDA:96,12,0,7
BRDA:96,12,1,0
BRDA:97,13,0,7
BRDA:97,13,1,0
BRDA:98,14,0,7
BRDA:98,14,1,0
BRDA:98,14,2,0
BRDA:99,15,0,7
BRDA:99,15,1,0
BRDA:107,16,0,2
BRDA:107,16,1,0
BRDA:111,17,0,2
BRDA:111,17,1,0
BRDA:120,18,0,0
BRDA:120,18,1,2
BRDA:125,19,0,1
BRDA:125,19,1,1
BRDA:138,20,0,1
BRDA:138,20,1,0
BRDA:141,21,0,1
BRDA:141,21,1,0
BRDA:144,22,0,1
BRDA:144,22,1,0
BRDA:146,23,0,1
BRDA:146,23,1,0
BRDA:202,24,0,0
BRDA:202,24,1,0
BRDA:213,25,0,0
BRDA:213,25,1,0
BRDA:214,26,0,0
BRDA:214,26,1,0
BRDA:220,27,0,0
BRDA:220,27,1,0
BRDA:236,28,0,0
BRDA:236,28,1,0
BRDA:251,29,0,0
BRDA:251,29,1,0
BRDA:252,30,0,0
BRDA:252,30,1,0
BRDA:308,31,0,0
BRDA:308,31,1,0
BRDA:308,32,0,0
BRDA:308,32,1,0
BRDA:320,33,0,0
BRDA:320,33,1,0
BRDA:329,34,0,0
BRDA:329,34,1,0
BRDA:354,35,0,0
BRDA:354,36,0,0
BRDA:357,37,0,0
BRDA:357,37,1,0
BRDA:372,38,0,0
BRDA:372,38,1,0
BRDA:372,39,0,0
BRDA:372,39,1,0
BRDA:376,40,0,0
BRDA:376,40,1,0
BRDA:376,41,0,0
BRDA:376,41,1,0
BRDA:380,42,0,0
BRDA:380,42,1,0
BRDA:380,43,0,0
BRDA:380,43,1,0
BRDA:385,44,0,0
BRDA:385,44,1,0
BRDA:385,45,0,0
BRDA:385,45,1,0
BRDA:390,46,0,0
BRDA:390,46,1,0
BRDA:392,47,0,0
BRDA:392,47,1,0
BRDA:392,48,0,0
BRDA:392,48,1,0
BRDA:394,49,0,0
BRDA:394,49,1,0
BRDA:401,50,0,0
BRDA:401,50,1,0
BRDA:401,51,0,0
BRDA:401,51,1,0
BRDA:416,52,0,0
BRDA:417,53,0,0
BRDA:417,53,1,0
BRDA:418,54,0,0
BRDA:418,54,1,0
BRDA:423,55,0,0
BRDA:423,55,1,0
BRDA:440,56,0,0
BRDA:440,56,1,0
BRDA:440,57,0,0
BRDA:440,57,1,0
BRDA:440,57,2,0
BRDA:443,58,0,0
BRDA:443,58,1,0
BRDA:446,59,0,0
BRDA:446,59,1,0
BRDA:459,60,0,0
BRDA:459,60,1,0
BRDA:484,61,0,0
BRDA:484,62,0,0
BRDA:485,63,0,0
BRDA:485,63,1,0
BRDA:485,64,0,0
BRDA:485,64,1,0
BRDA:485,64,2,0
BRDA:489,65,0,0
BRDA:489,65,1,0
BRDA:494,66,0,0
BRDA:494,66,1,0
BRDA:496,67,0,0
BRDA:496,67,1,0
BRDA:505,68,0,0
BRDA:505,69,0,0
BRDA:509,70,0,0
BRDA:509,70,1,0
BRDA:510,71,0,0
BRDA:510,71,1,0
BRDA:525,72,0,0
BRDA:525,73,0,0
BRDA:527,74,0,0
BRDA:527,74,1,0
BRDA:527,75,0,0
BRDA:527,75,1,0
BRDA:531,76,0,0
BRDA:531,76,1,0
BRDA:531,77,0,0
BRDA:531,77,1,0
BRDA:536,78,0,0
BRDA:536,78,1,0
BRDA:536,79,0,0
BRDA:536,79,1,0
BRDA:541,80,0,0
BRDA:541,80,1,0
BRDA:549,81,0,0
BRDA:549,81,1,0
BRDA:549,82,0,0
BRDA:549,82,1,0
BRDA:549,82,2,0
BRDA:552,83,0,0
BRDA:552,83,1,0
BRDA:552,84,0,0
BRDA:552,84,1,0
BRDA:555,85,0,0
BRDA:555,85,1,0
BRDA:562,86,0,0
BRDA:562,86,1,0
BRDA:587,87,0,0
BRDA:587,88,0,0
BRDA:590,89,0,0
BRDA:590,89,1,0
BRDA:591,90,0,0
BRDA:591,90,1,0
BRDA:593,91,0,0
BRDA:593,91,1,0
BRDA:594,92,0,0
BRDA:594,92,1,0
BRDA:602,93,0,0
BRDA:602,93,1,0
BRDA:602,94,0,0
BRDA:602,94,1,0
BRDA:602,94,2,0
BRDA:613,95,0,0
BRDA:619,96,0,0
BRDA:619,96,1,0
BRDA:638,97,0,0
BRDA:638,97,1,0
BRDA:642,98,0,0
BRDA:642,98,1,0
BRDA:648,99,0,0
BRDA:648,99,1,0
BRDA:654,100,0,0
BRDA:654,100,1,0
BRDA:654,101,0,0
BRDA:654,101,1,0
BRDA:656,102,0,0
BRDA:656,102,1,0
BRDA:663,103,0,0
BRDA:663,103,1,0
BRDA:663,104,0,0
BRDA:663,104,1,0
BRDA:665,105,0,0
BRDA:665,105,1,0
BRDA:672,106,0,0
BRDA:672,106,1,0
BRDA:672,107,0,0
BRDA:672,107,1,0
BRDA:674,108,0,0
BRDA:674,108,1,0
BRDA:687,109,0,0
BRDA:687,109,1,0
BRDA:687,110,0,0
BRDA:687,110,1,0
BRDA:699,111,0,0
BRDA:699,111,1,0
BRDA:699,112,0,0
BRDA:699,112,1,0
BRDA:704,113,0,0
BRDA:704,113,1,0
BRDA:705,114,0,0
BRDA:705,114,1,0
BRDA:717,115,0,0
BRDA:717,115,1,0
BRDA:718,116,0,0
BRDA:718,116,1,0
BRDA:719,117,0,0
BRDA:719,117,1,0
BRDA:734,118,0,0
BRDA:734,118,1,0
BRDA:737,119,0,0
BRDA:737,119,1,0
BRF:233
BRH:32
end_of_record
TN:
SF:game/gameState.js
FN:48,initializeGameState
FN:85,(anonymous_1)
FNF:2
FNH:2
FNDA:9,initializeGameState
FNDA:1005,(anonymous_1)
DA:12,1
DA:15,1
DA:49,9
DA:87,1005
DA:88,1
DA:89,1
DA:93,1005
DA:94,1
DA:95,1
DA:98,1005
DA:102,9
DA:105,1
LF:12
LH:12
BRDA:87,0,0,1
BRDA:87,0,1,1004
BRDA:93,1,0,1
BRDA:93,1,1,1004
BRF:4
BRH:4
end_of_record
TN:
SF:game/lootFunctions.js
FN:21,spawnPowerup
FN:86,createLoot
FN:138,createParticles
FN:151,createExplosion
FNF:4
FNH:1
FNDA:0,spawnPowerup
FNDA:0,createLoot
FNDA:26,createParticles
FNDA:0,createExplosion
DA:10,2
DA:11,2
DA:23,0
DA:24,0
DA:25,0
DA:28,0
DA:29,0
DA:30,0
DA:34,0
DA:35,0
DA:36,0
DA:39,0
DA:40,0
DA:41,0
DA:42,0
DA:45,0
DA:48,0
DA:49,0
DA:50,0
DA:53,0
DA:54,0
DA:55,0
DA:56,0
DA:57,0
DA:60,0
DA:61,0
DA:64,0
DA:65,0
DA:74,0
DA:88,0
DA:89,0
DA:93,0
DA:94,0
DA:96,0
DA:98,0
DA:100,0
DA:107,0
DA:108,0
DA:109,0
DA:110,0
DA:111,0
DA:112,0
DA:113,0
DA:119,0
DA:120,0
DA:140,26
DA:153,0
DA:160,2
LF:48
LH:4
BRDA:23,0,0,0
BRDA:23,0,1,0
BRDA:23,1,0,0
BRDA:23,1,1,0
BRDA:23,1,2,0
BRDA:23,1,3,0
BRDA:28,2,0,0
BRDA:28,2,1,0
BRDA:35,3,0,0
BRDA:35,3,1,0
BRDA:40,4,0,0
BRDA:40,4,1,0
BRDA:48,5,0,0
BRDA:48,5,1,0
BRDA:49,6,0,0
BRDA:49,6,1,0
BRDA:58,7,0,0
BRDA:58,7,1,0
BRDA:60,8,0,0
BRDA:60,8,1,0
BRDA:88,9,0,0
BRDA:88,9,1,0
BRDA:88,10,0,0
BRDA:88,10,1,0
BRDA:88,10,2,0
BRDA:88,10,3,0
BRDA:96,11,0,0
BRDA:96,11,1,0
BRDA:96,12,0,0
BRDA:96,12,1,0
BRDA:98,13,0,0
BRDA:98,13,1,0
BRDA:110,14,0,0
BRDA:110,14,1,0
BRDA:124,15,0,0
BRDA:124,15,1,0
BRDA:125,16,0,0
BRDA:125,16,1,0
BRDA:138,17,0,0
BRDA:151,18,0,0
BRF:40
BRH:0
end_of_record
TN:
SF:game/particleEffects.js
FN:19,(anonymous_0)
FN:30,(anonymous_1)
FN:40,(anonymous_2)
FN:50,(anonymous_3)
FN:60,(anonymous_4)
FN:70,(anonymous_5)
FN:80,(anonymous_6)
FN:90,(anonymous_7)
FN:100,(anonymous_8)
FN:110,(anonymous_9)
FN:120,(anonymous_10)
FN:133,createCustomEffect
FNF:12
FNH:0
FNDA:0,(anonymous_0)
FNDA:0,(anonymous_1)
FNDA:0,(anonymous_2)
FNDA:0,(anonymous_3)
FNDA:0,(anonymous_4)
FNDA:0,(anonymous_5)
FNDA:0,(anonymous_6)
FNDA:0,(anonymous_7)
FNDA:0,(anonymous_8)
FNDA:0,(anonymous_9)
FNDA:0,(anonymous_10)
FNDA:0,createCustomEffect
DA:6,0
DA:11,0
DA:20,0
DA:31,0
DA:41,0
DA:51,0
DA:61,0
DA:71,0
DA:81,0
DA:91,0
DA:101,0
DA:111,0
DA:121,0
DA:134,0
DA:137,0
LF:15
LH:0
BRF:0
BRH:0
end_of_record
TN:
SF:game/playerUtils.js
FN:11,isPlayerVulnerable
FN:26,isPlayerActive
FN:35,canPlayerAct
FN:43,updatePlayerActivity
FN:55,getPlayerIdentifier
FN:65,canAfford
FN:75,deductGold
FN:88,addGold
FNF:8
FNH:0
FNDA:0,isPlayerVulnerable
FNDA:0,isPlayerActive
FNDA:0,canPlayerAct
FNDA:0,updatePlayerActivity
FNDA:0,getPlayerIdentifier
FNDA:0,canAfford
FNDA:0,deductGold
FNDA:0,addGold
DA:12,0
DA:27,0
DA:36,0
DA:44,0
DA:45,0
DA:56,0
DA:66,0
DA:76,0
DA:77,0
DA:78,0
DA:80,0
DA:89,0
DA:90,0
DA:94,0
LF:14
LH:0
BRDA:13,0,0,0
BRDA:13,0,1,0
BRDA:13,0,2,0
BRDA:13,0,3,0
BRDA:13,0,4,0
BRDA:27,1,0,0
BRDA:27,1,1,0
BRDA:27,1,2,0
BRDA:36,2,0,0
BRDA:36,2,1,0
BRDA:36,2,2,0
BRDA:36,2,3,0
BRDA:44,3,0,0
BRDA:44,3,1,0
BRDA:56,4,0,0
BRDA:56,4,1,0
BRDA:56,4,2,0
BRDA:66,5,0,0
BRDA:66,5,1,0
BRDA:76,6,0,0
BRDA:76,6,1,0
BRDA:89,7,0,0
BRDA:89,7,1,0
BRDA:89,8,0,0
BRDA:89,8,1,0
BRDA:90,9,0,0
BRDA:90,9,1,0
BRF:27
BRH:0
end_of_record
TN:
SF:game/roomFunctions.js
FN:16,generateRoom
FN:78,initializeRooms
FN:95,loadRoom
FNF:3
FNH:0
FNDA:0,generateRoom
FNDA:0,initializeRooms
FNDA:0,loadRoom
DA:9,0
DA:10,0
DA:17,0
DA:25,0
DA:28,0
DA:29,0
DA:32,0
DA:43,0
DA:53,0
DA:55,0
DA:56,0
DA:57,0
DA:58,0
DA:59,0
DA:60,0
DA:62,0
DA:70,0
DA:79,0
DA:80,0
DA:81,0
DA:83,0
DA:84,0
DA:85,0
DA:96,0
DA:97,0
DA:99,0
DA:103,0
LF:27
LH:0
BRDA:96,0,0,0
BRDA:96,0,1,0
BRDA:96,1,0,0
BRDA:96,1,1,0
BRF:4
BRH:0
end_of_record
TN:
SF:game/utilityFunctions.js
FN:21,distance
FN:35,distanceSquared
FN:47,cleanupPlayerBullets
FN:61,generateUpgradeChoices
FN:85,(anonymous_4)
FN:103,(anonymous_5)
FN:131,getXPForLevel
FNF:7
FNH:1
FNDA:17,distance
FNDA:0,distanceSquared
FNDA:0,cleanupPlayerBullets
FNDA:0,generateUpgradeChoices
FNDA:0,(anonymous_4)
FNDA:0,(anonymous_5)
FNDA:0,getXPForLevel
DA:10,2
DA:11,2
DA:22,17
DA:36,0
DA:37,0
DA:38,0
DA:48,0
DA:49,0
DA:50,0
DA:51,0
DA:62,0
DA:63,0
DA:64,0
DA:67,0
DA:68,0
DA:71,0
DA:72,0
DA:73,0
DA:76,0
DA:77,0
DA:78,0
DA:79,0
DA:81,0
DA:85,0
DA:86,0
DA:89,0
DA:90,0
DA:91,0
DA:92,0
DA:102,0
DA:103,0
DA:104,0
DA:105,0
DA:106,0
DA:107,0
DA:114,0
DA:119,0
DA:120,0
DA:123,0
DA:133,0
DA:134,0
DA:135,0
DA:136,0
DA:137,0
DA:138,0
DA:140,0
DA:144,2
LF:47
LH:4
BRDA:50,0,0,0
BRDA:50,0,1,0
BRDA:71,1,0,0
BRDA:71,1,1,0
BRDA:71,1,2,0
BRDA:76,2,0,0
BRDA:76,2,1,0
BRDA:78,3,0,0
BRDA:78,3,1,0
BRDA:86,4,0,0
BRDA:86,4,1,0
BRDA:89,5,0,0
BRDA:89,5,1,0
BRDA:102,6,0,0
BRDA:102,6,1,0
BRDA:104,7,0,0
BRDA:104,7,1,0
BRDA:119,8,0,0
BRDA:119,8,1,0
BRDA:133,9,0,0
BRDA:133,9,1,0
BRDA:135,10,0,0
BRDA:135,10,1,0
BRDA:137,11,0,0
BRDA:137,11,1,0
BRF:25
BRH:0
end_of_record
TN:
SF:game/validationFunctions.js
FN:22,isValidNumber
FN:32,isValidString
FN:41,validateMovementData
FN:65,validateShootData
FN:82,validateUpgradeData
FN:104,validateBuyItemData
FNF:6
FNH:0
FNDA:0,isValidNumber
FNDA:0,isValidString
FNDA:0,validateMovementData
FNDA:0,validateShootData
FNDA:0,validateUpgradeData
FNDA:0,validateBuyItemData
DA:12,0
DA:13,0
DA:23,0
DA:33,0
DA:42,0
DA:43,0
DA:47,0
DA:50,0
DA:53,0
DA:66,0
DA:67,0
DA:70,0
DA:71,0
DA:74,0
DA:83,0
DA:84,0
DA:87,0
DA:88,0
DA:92,0
DA:93,0
DA:96,0
DA:105,0
DA:106,0
DA:109,0
DA:110,0
DA:114,0
DA:115,0
DA:119,0
DA:120,0
DA:123,0
DA:129,0
LF:31
LH:0
BRDA:22,0,0,0
BRDA:22,1,0,0
BRDA:23,2,0,0
BRDA:23,2,1,0
BRDA:23,2,2,0
BRDA:23,2,3,0
BRDA:32,3,0,0
BRDA:33,4,0,0
BRDA:33,4,1,0
BRDA:33,4,2,0
BRDA:42,5,0,0
BRDA:42,5,1,0
BRDA:42,6,0,0
BRDA:42,6,1,0
BRDA:47,7,0,0
BRDA:47,7,1,0
BRDA:47,8,0,0
BRDA:47,8,1,0
BRDA:47,8,2,0
BRDA:66,9,0,0
BRDA:66,9,1,0
BRDA:66,10,0,0
BRDA:66,10,1,0
BRDA:70,11,0,0
BRDA:70,11,1,0
BRDA:83,12,0,0
BRDA:83,12,1,0
BRDA:83,13,0,0
BRDA:83,13,1,0
BRDA:87,14,0,0
BRDA:87,14,1,0
BRDA:92,15,0,0
BRDA:92,15,1,0
BRDA:105,16,0,0
BRDA:105,16,1,0
BRDA:105,17,0,0
BRDA:105,17,1,0
BRDA:109,18,0,0
BRDA:109,18,1,0
BRDA:109,19,0,0
BRDA:109,19,1,0
BRDA:114,20,0,0
BRDA:114,20,1,0
BRDA:114,21,0,0
BRDA:114,21,1,0
BRDA:119,22,0,0
BRDA:119,22,1,0
BRDA:119,23,0,0
BRDA:119,23,1,0
BRF:49
BRH:0
end_of_record
TN:
SF:game/modules/admin/AdminCommands.js
FN:10,(anonymous_0)
FN:20,(anonymous_1)
FN:21,(anonymous_2)
FN:29,(anonymous_3)
FN:73,(anonymous_4)
FN:131,(anonymous_5)
FN:157,(anonymous_6)
FN:205,(anonymous_7)
FN:209,(anonymous_8)
FN:212,(anonymous_9)
FN:213,(anonymous_10)
FN:214,(anonymous_11)
FN:237,(anonymous_12)
FN:251,(anonymous_13)
FN:264,(anonymous_14)
FN:273,(anonymous_15)
FN:280,(anonymous_16)
FNF:17
FNH:0
FNDA:0,(anonymous_0)
FNDA:0,(anonymous_1)
FNDA:0,(anonymous_2)
FNDA:0,(anonymous_3)
FNDA:0,(anonymous_4)
FNDA:0,(anonymous_5)
FNDA:0,(anonymous_6)
FNDA:0,(anonymous_7)
FNDA:0,(anonymous_8)
FNDA:0,(anonymous_9)
FNDA:0,(anonymous_10)
FNDA:0,(anonymous_11)
FNDA:0,(anonymous_12)
FNDA:0,(anonymous_13)
FNDA:0,(anonymous_14)
FNDA:0,(anonymous_15)
FNDA:0,(anonymous_16)
DA:6,0
DA:7,0
DA:11,0
DA:12,0
DA:13,0
DA:14,0
DA:21,0
DA:22,0
DA:30,0
DA:34,0
DA:35,0
DA:39,0
DA:42,0
DA:44,0
DA:45,0
DA:47,0
DA:48,0
DA:50,0
DA:51,0
DA:53,0
DA:54,0
DA:56,0
DA:57,0
DA:59,0
DA:60,0
DA:62,0
DA:74,0
DA:75,0
DA:77,0
DA:78,0
DA:82,0
DA:85,0
DA:86,0
DA:88,0
DA:89,0
DA:90,0
DA:93,0
DA:94,0
DA:95,0
DA:96,0
DA:98,0
DA:99,0
DA:101,0
DA:118,0
DA:121,0
DA:132,0
DA:133,0
DA:135,0
DA:136,0
DA:140,0
DA:143,0
DA:144,0
DA:145,0
DA:147,0
DA:158,0
DA:160,0
DA:163,0
DA:164,0
DA:168,0
DA:172,0
DA:175,0
DA:176,0
DA:178,0
DA:195,0
DA:206,0
DA:208,0
DA:209,0
DA:212,0
DA:213,0
DA:214,0
DA:216,0
DA:217,0
DA:218,0
DA:220,0
DA:221,0
DA:223,0
DA:224,0
DA:227,0
DA:238,0
DA:239,0
DA:241,0
DA:252,0
DA:253,0
DA:255,0
DA:267,0
DA:274,0
DA:281,0
DA:285,0
LF:88
LH:0
BRDA:34,0,0,0
BRDA:34,0,1,0
BRDA:42,1,0,0
BRDA:42,1,1,0
BRDA:42,1,2,0
BRDA:42,1,3,0
BRDA:42,1,4,0
BRDA:42,1,5,0
BRDA:42,1,6,0
BRDA:75,2,0,0
BRDA:75,2,1,0
BRDA:77,3,0,0
BRDA:77,3,1,0
BRDA:89,4,0,0
BRDA:89,4,1,0
BRDA:112,5,0,0
BRDA:112,5,1,0
BRDA:112,5,2,0
BRDA:113,6,0,0
BRDA:113,6,1,0
BRDA:113,6,2,0
BRDA:114,7,0,0
BRDA:114,7,1,0
BRDA:115,8,0,0
BRDA:115,8,1,0
BRDA:135,9,0,0
BRDA:135,9,1,0
BRDA:135,10,0,0
BRDA:135,10,1,0
BRDA:135,10,2,0
BRDA:158,11,0,0
BRDA:158,11,1,0
BRDA:163,12,0,0
BRDA:163,12,1,0
BRDA:206,13,0,0
BRDA:206,13,1,0
BRDA:213,14,0,0
BRDA:213,14,1,0
BRDA:214,15,0,0
BRDA:214,15,1,0
BRDA:217,16,0,0
BRDA:217,16,1,0
BRDA:220,17,0,0
BRDA:220,17,1,0
BRDA:223,18,0,0
BRDA:223,18,1,0
BRF:46
BRH:0
end_of_record
TN:
SF:game/modules/bullet/BulletCollisionHandler.js
FN:23,getHandlePlayerDeathProgression
FN:33,handleZombieBulletCollisions
FN:64,handlePlayerBulletCollisions
FN:106,calculateFinalDamage
FN:139,applyLifeSteal
FN:152,handlePiercing
FN:166,handleZombieDeath
FN:203,handleExplosiveZombieDeath
FN:240,saveDeadZombie
FN:263,calculateLootBonus
FN:282,cleanupZombieDamageTracking
FNF:11
FNH:0
FNDA:0,getHandlePlayerDeathProgression
FNDA:0,handleZombieBulletCollisions
FNDA:0,handlePlayerBulletCollisions
FNDA:0,calculateFinalDamage
FNDA:0,applyLifeSteal
FNDA:0,handlePiercing
FNDA:0,handleZombieDeath
FNDA:0,handleExplosiveZombieDeath
FNDA:0,saveDeadZombie
FNDA:0,calculateLootBonus
FNDA:0,cleanupZombieDamageTracking
DA:7,1
DA:8,1
DA:9,1
DA:11,1
DA:14,1
DA:15,1
DA:16,1
DA:19,1
DA:22,1
DA:24,0
DA:25,0
DA:27,0
DA:34,0
DA:35,0
DA:37,0
DA:38,0
DA:41,0
DA:42,0
DA:43,0
DA:44,0
DA:47,0
DA:49,0
DA:51,0
DA:54,0
DA:55,0
DA:56,0
DA:65,0
DA:67,0
DA:69,0
DA:70,0
DA:73,0
DA:74,0
DA:77,0
DA:78,0
DA:80,0
DA:81,0
DA:84,0
DA:85,0
DA:86,0
DA:87,0
DA:89,0
DA:91,0
DA:92,0
DA:97,0
DA:98,0
DA:107,0
DA:109,0
DA:110,0
DA:111,0
DA:113,0
DA:114,0
DA:115,0
DA:117,0
DA:118,0
DA:121,0
DA:122,0
DA:123,0
DA:127,0
DA:128,0
DA:129,0
DA:130,0
DA:133,0
DA:140,0
DA:141,0
DA:142,0
DA:143,0
DA:144,0
DA:153,0
DA:154,0
DA:155,0
DA:156,0
DA:159,0
DA:167,0
DA:169,0
DA:170,0
DA:173,0
DA:175,0
DA:176,0
DA:177,0
DA:178,0
DA:181,0
DA:183,0
DA:184,0
DA:186,0
DA:188,0
DA:189,0
DA:191,0
DA:193,0
DA:201,1
DA:204,0
DA:205,0
DA:207,0
DA:208,0
DA:209,0
DA:210,0
DA:211,0
DA:212,0
DA:213,0
DA:218,0
DA:219,0
DA:220,0
DA:221,0
DA:224,0
DA:225,0
DA:226,0
DA:227,0
DA:229,0
DA:231,0
DA:241,0
DA:242,0
DA:244,0
DA:245,0
DA:264,0
DA:265,0
DA:267,0
DA:269,0
DA:270,0
DA:271,0
DA:272,0
DA:276,0
DA:283,0
DA:284,0
DA:285,0
DA:286,0
DA:291,1
LF:125
LH:11
BRDA:24,0,0,0
BRDA:24,0,1,0
BRDA:37,1,0,0
BRDA:37,1,1,0
BRDA:37,2,0,0
BRDA:37,2,1,0
BRDA:37,2,2,0
BRDA:37,2,3,0
BRDA:41,3,0,0
BRDA:41,3,1,0
BRDA:42,4,0,0
BRDA:42,4,1,0
BRDA:42,5,0,0
BRDA:42,5,1,0
BRDA:49,6,0,0
BRDA:49,6,1,0
BRDA:69,7,0,0
BRDA:69,7,1,0
BRDA:73,8,0,0
BRDA:73,8,1,0
BRDA:73,9,0,0
BRDA:73,9,1,0
BRDA:91,10,0,0
BRDA:91,10,1,0
BRDA:97,11,0,0
BRDA:97,11,1,0
BRDA:109,12,0,0
BRDA:109,12,1,0
BRDA:109,13,0,0
BRDA:109,13,1,0
BRDA:121,14,0,0
BRDA:121,14,1,0
BRDA:127,15,0,0
BRDA:127,15,1,0
BRDA:127,16,0,0
BRDA:127,16,1,0
BRDA:140,17,0,0
BRDA:140,17,1,0
BRDA:142,18,0,0
BRDA:142,18,1,0
BRDA:142,19,0,0
BRDA:142,19,1,0
BRDA:153,20,0,0
BRDA:153,20,1,0
BRDA:153,21,0,0
BRDA:153,21,1,0
BRDA:155,22,0,0
BRDA:155,22,1,0
BRDA:169,23,0,0
BRDA:169,23,1,0
BRDA:173,24,0,0
BRDA:173,24,1,0
BRDA:191,25,0,0
BRDA:191,25,1,0
BRDA:208,26,0,0
BRDA:208,26,1,0
BRDA:211,27,0,0
BRDA:211,27,1,0
BRDA:220,28,0,0
BRDA:220,28,1,0
BRDA:220,29,0,0
BRDA:220,29,1,0
BRDA:220,29,2,0
BRDA:225,30,0,0
BRDA:225,30,1,0
BRDA:229,31,0,0
BRDA:229,31,1,0
BRDA:241,32,0,0
BRDA:241,32,1,0
BRDA:267,33,0,0
BRDA:267,33,1,0
BRDA:270,34,0,0
BRDA:270,34,1,0
BRDA:285,35,0,0
BRDA:285,35,1,0
BRDA:285,36,0,0
BRDA:285,36,1,0
BRF:77
BRH:0
end_of_record
TN:
SF:game/modules/bullet/BulletEffects.js
FN:14,handleExplosiveBullet
FN:37,applyExplosionDamage
FN:62,handleChainLightning
FN:87,findNextChainTarget
FN:121,processChainJump
FN:145,applyChainLifeSteal
FN:158,createChainVisuals
FN:174,handleChainKill
FN:195,handlePoisonDart
FN:212,applyPoison
FN:229,spreadPoison
FN:268,handleIceCannon
FN:290,freezeZombie
FN:311,slowZombie
FN:336,applyIceAreaEffect
FNF:15
FNH:0
FNDA:0,handleExplosiveBullet
FNDA:0,applyExplosionDamage
FNDA:0,handleChainLightning
FNDA:0,findNextChainTarget
FNDA:0,processChainJump
FNDA:0,applyChainLifeSteal
FNDA:0,createChainVisuals
FNDA:0,handleChainKill
FNDA:0,handlePoisonDart
FNDA:0,applyPoison
FNDA:0,spreadPoison
FNDA:0,handleIceCannon
FNDA:0,freezeZombie
FNDA:0,slowZombie
FNDA:0,applyIceAreaEffect
DA:7,1
DA:8,1
DA:9,1
DA:15,0
DA:16,0
DA:19,0
DA:20,0
DA:22,0
DA:23,0
DA:25,0
DA:26,0
DA:27,0
DA:30,0
DA:39,0
DA:40,0
DA:44,0
DA:45,0
DA:46,0
DA:47,0
DA:48,0
DA:50,0
DA:51,0
DA:52,0
DA:53,0
DA:63,0
DA:64,0
DA:67,0
DA:68,0
DA:69,0
DA:72,0
DA:74,0
DA:75,0
DA:77,0
DA:78,0
DA:89,0
DA:90,0
DA:91,0
DA:92,0
DA:95,0
DA:97,0
DA:98,0
DA:99,0
DA:100,0
DA:101,0
DA:104,0
DA:106,0
DA:108,0
DA:109,0
DA:110,0
DA:111,0
DA:115,0
DA:122,0
DA:123,0
DA:127,0
DA:128,0
DA:130,0
DA:131,0
DA:133,0
DA:134,0
DA:138,0
DA:139,0
DA:146,0
DA:147,0
DA:148,0
DA:149,0
DA:150,0
DA:159,0
DA:160,0
DA:161,0
DA:162,0
DA:163,0
DA:164,0
DA:165,0
DA:168,0
DA:175,0
DA:177,0
DA:178,0
DA:179,0
DA:180,0
DA:181,0
DA:182,0
DA:183,0
DA:187,0
DA:188,0
DA:189,0
DA:196,0
DA:197,0
DA:200,0
DA:201,0
DA:203,0
DA:204,0
DA:205,0
DA:213,0
DA:222,0
DA:230,0
DA:232,0
DA:234,0
DA:235,0
DA:236,0
DA:237,0
DA:238,0
DA:241,0
DA:242,0
DA:243,0
DA:247,0
DA:249,0
DA:250,0
DA:259,0
DA:269,0
DA:270,0
DA:273,0
DA:274,0
DA:276,0
DA:278,0
DA:279,0
DA:281,0
DA:284,0
DA:293,0
DA:298,0
DA:303,0
DA:305,0
DA:312,0
DA:315,0
DA:320,0
DA:326,0
DA:328,0
DA:338,0
DA:339,0
DA:340,0
DA:342,0
DA:343,0
DA:344,0
DA:345,0
DA:346,0
DA:349,0
DA:352,0
DA:353,0
DA:357,0
DA:359,0
DA:360,0
DA:366,0
DA:368,0
DA:373,1
LF:143
LH:4
BRDA:15,0,0,0
BRDA:15,0,1,0
BRDA:15,1,0,0
BRDA:15,1,1,0
BRDA:19,2,0,0
BRDA:19,2,1,0
BRDA:20,3,0,0
BRDA:20,3,1,0
BRDA:25,4,0,0
BRDA:25,4,1,0
BRDA:40,5,0,0
BRDA:40,5,1,0
BRDA:40,6,0,0
BRDA:40,6,1,0
BRDA:47,7,0,0
BRDA:47,7,1,0
BRDA:51,8,0,0
BRDA:51,8,1,0
BRDA:63,9,0,0
BRDA:63,9,1,0
BRDA:67,10,0,0
BRDA:67,10,1,0
BRDA:74,11,0,0
BRDA:74,11,1,0
BRDA:77,12,0,0
BRDA:77,12,1,0
BRDA:100,13,0,0
BRDA:100,13,1,0
BRDA:108,14,0,0
BRDA:108,14,1,0
BRDA:115,15,0,0
BRDA:115,15,1,0
BRDA:127,16,0,0
BRDA:127,16,1,0
BRDA:133,17,0,0
BRDA:133,17,1,0
BRDA:146,18,0,0
BRDA:146,18,1,0
BRDA:148,19,0,0
BRDA:148,19,1,0
BRDA:148,20,0,0
BRDA:148,20,1,0
BRDA:177,21,0,0
BRDA:177,21,1,0
BRDA:179,22,0,0
BRDA:179,22,1,0
BRDA:180,23,0,0
BRDA:180,23,1,0
BRDA:182,24,0,0
BRDA:182,24,1,0
BRDA:183,25,0,0
BRDA:183,25,1,0
BRDA:196,26,0,0
BRDA:196,26,1,0
BRDA:203,27,0,0
BRDA:203,27,1,0
BRDA:230,28,0,0
BRDA:230,28,1,0
BRDA:237,29,0,0
BRDA:237,29,1,0
BRDA:242,30,0,0
BRDA:242,30,1,0
BRDA:249,31,0,0
BRDA:249,31,1,0
BRDA:269,32,0,0
BRDA:269,32,1,0
BRDA:278,33,0,0
BRDA:278,33,1,0
BRDA:293,34,0,0
BRDA:293,34,1,0
BRDA:293,34,2,0
BRDA:293,34,3,0
BRDA:312,35,0,0
BRDA:312,35,1,0
BRDA:312,36,0,0
BRDA:312,36,1,0
BRDA:315,37,0,0
BRDA:315,37,1,0
BRDA:315,37,2,0
BRDA:315,37,3,0
BRDA:345,38,0,0
BRDA:345,38,1,0
BRDA:352,39,0,0
BRDA:352,39,1,0
BRDA:352,40,0,0
BRDA:352,40,1,0
BRDA:359,41,0,0
BRDA:359,41,1,0
BRF:88
BRH:0
end_of_record
TN:
SF:game/modules/bullet/BulletUpdater.js
FN:33,updateBullets
FN:99,updateBulletPositionWithCollision
FN:186,checkBulletCollisionAtPosition
FN:215,_updateBulletPosition
FN:227,shouldDestroyBullet
FN:245,updatePlasmaTrail
FNF:6
FNH:0
FNDA:0,updateBullets
FNDA:0,updateBulletPositionWithCollision
FNDA:0,checkBulletCollisionAtPosition
FNDA:0,_updateBulletPosition
FNDA:0,shouldDestroyBullet
FNDA:0,updatePlasmaTrail
DA:11,1
DA:12,1
DA:13,1
DA:15,1
DA:18,1
DA:22,1
DA:25,1
DA:34,0
DA:35,0
DA:38,0
DA:39,0
DA:40,0
DA:41,0
DA:44,0
DA:45,0
DA:49,0
DA:50,0
DA:51,0
DA:52,0
DA:55,0
DA:69,0
DA:70,0
DA:73,0
DA:74,0
DA:75,0
DA:78,0
DA:113,0
DA:114,0
DA:117,0
DA:118,0
DA:122,0
DA:125,0
DA:126,0
DA:127,0
DA:130,0
DA:144,0
DA:145,0
DA:146,0
DA:149,0
DA:150,0
DA:151,0
DA:154,0
DA:155,0
DA:158,0
DA:159,0
DA:163,0
DA:174,0
DA:175,0
DA:179,0
DA:197,0
DA:198,0
DA:201,0
DA:202,0
DA:204,0
DA:208,0
DA:216,0
DA:217,0
DA:219,0
DA:220,0
DA:228,0
DA:229,0
DA:232,0
DA:233,0
DA:236,0
DA:239,0
DA:246,0
DA:247,0
DA:248,0
DA:249,0
DA:250,0
DA:252,0
DA:253,0
DA:257,1
LF:73
LH:8
BRDA:44,0,0,0
BRDA:44,0,1,0
BRDA:49,1,0,0
BRDA:49,1,1,0
BRDA:49,1,2,0
BRDA:69,2,0,0
BRDA:69,2,1,0
BRDA:73,3,0,0
BRDA:73,3,1,0
BRDA:117,4,0,0
BRDA:117,4,1,0
BRDA:117,5,0,0
BRDA:117,5,1,0
BRDA:125,6,0,0
BRDA:125,6,1,0
BRDA:155,7,0,0
BRDA:155,7,1,0
BRDA:155,8,0,0
BRDA:155,8,1,0
BRDA:155,8,2,0
BRDA:155,8,3,0
BRDA:155,8,4,0
BRDA:155,8,5,0
BRDA:155,8,6,0
BRDA:174,9,0,0
BRDA:174,9,1,0
BRDA:197,10,0,0
BRDA:197,10,1,0
BRDA:201,11,0,0
BRDA:201,11,1,0
BRDA:219,12,0,0
BRDA:219,12,1,0
BRDA:219,13,0,0
BRDA:219,13,1,0
BRDA:228,14,0,0
BRDA:228,14,1,0
BRDA:228,15,0,0
BRDA:228,15,1,0
BRDA:233,16,0,0
BRDA:233,16,1,0
BRDA:233,17,0,0
BRDA:233,17,1,0
BRDA:233,17,2,0
BRDA:233,17,3,0
BRDA:233,17,4,0
BRDA:233,17,5,0
BRDA:233,17,6,0
BRDA:246,18,0,0
BRDA:246,18,1,0
BRDA:246,19,0,0
BRDA:246,19,1,0
BRDA:248,20,0,0
BRDA:248,20,1,0
BRDA:252,21,0,0
BRDA:252,21,1,0
BRDA:252,22,0,0
BRDA:252,22,1,0
BRF:57
BRH:0
end_of_record
TN:
SF:game/modules/hazards/HazardManager.js
FN:10,(anonymous_0)
FN:18,(anonymous_1)
FN:26,(anonymous_2)
FN:34,(anonymous_3)
FN:90,(anonymous_4)
FN:139,(anonymous_5)
FN:153,(anonymous_6)
FN:179,(anonymous_7)
FN:202,(anonymous_8)
FN:210,(anonymous_9)
FNF:10
FNH:10
FNDA:32,(anonymous_0)
FNDA:2,(anonymous_1)
FNDA:1,(anonymous_2)
FNDA:11,(anonymous_3)
FNDA:3,(anonymous_4)
FNDA:26,(anonymous_5)
FNDA:6,(anonymous_6)
FNDA:4,(anonymous_7)
FNDA:1,(anonymous_8)
FNDA:2,(anonymous_9)
DA:6,2
DA:7,2
DA:11,32
DA:12,32
DA:19,2
DA:20,2
DA:27,1
DA:28,1
DA:35,11
DA:36,0
DA:40,11
DA:41,10
DA:44,10
DA:45,1
DA:46,1
DA:50,9
DA:51,18
DA:52,18
DA:53,3
DA:56,15
DA:57,15
DA:59,6
DA:61,6
DA:62,5
DA:64,5
DA:67,5
DA:68,5
DA:70,5
DA:71,1
DA:72,1
DA:79,9
DA:80,9
DA:81,9
DA:82,9
DA:91,3
DA:92,0
DA:95,3
DA:96,2
DA:99,2
DA:100,1
DA:101,1
DA:105,1
DA:106,2
DA:107,2
DA:108,0
DA:111,2
DA:112,2
DA:113,1
DA:114,1
DA:116,1
DA:118,1
DA:120,1
DA:121,0
DA:122,0
DA:129,1
DA:130,1
DA:131,1
DA:140,26
DA:147,26
DA:154,6
DA:156,6
DA:167,6
DA:170,6
DA:171,6
DA:173,6
DA:180,4
DA:182,4
DA:192,4
DA:194,4
DA:196,4
DA:203,1
DA:204,1
DA:211,2
DA:212,2
DA:213,2
DA:217,2
LF:76
LH:71
BRDA:19,0,0,2
BRDA:19,0,1,1
BRDA:20,1,0,2
BRDA:20,1,1,1
BRDA:35,2,0,0
BRDA:35,2,1,11
BRDA:44,3,0,1
BRDA:44,3,1,9
BRDA:52,4,0,3
BRDA:52,4,1,15
BRDA:52,5,0,18
BRDA:52,5,1,17
BRDA:52,5,2,16
BRDA:57,6,0,6
BRDA:57,6,1,9
BRDA:59,7,0,6
BRDA:59,7,1,3
BRDA:61,8,0,5
BRDA:61,8,1,1
BRDA:61,9,0,6
BRDA:61,9,1,2
BRDA:70,10,0,1
BRDA:70,10,1,4
BRDA:79,11,0,9
BRDA:79,11,1,0
BRDA:79,12,0,9
BRDA:79,12,1,1
BRDA:91,13,0,0
BRDA:91,13,1,3
BRDA:99,14,0,1
BRDA:99,14,1,1
BRDA:107,15,0,0
BRDA:107,15,1,2
BRDA:107,16,0,2
BRDA:107,16,1,2
BRDA:107,16,2,2
BRDA:112,17,0,1
BRDA:112,17,1,1
BRDA:113,18,0,1
BRDA:113,18,1,0
BRDA:113,19,0,1
BRDA:113,19,1,0
BRDA:120,20,0,0
BRDA:120,20,1,1
BRDA:129,21,0,1
BRDA:129,21,1,0
BRDA:129,22,0,1
BRDA:129,22,1,0
BRDA:147,23,0,26
BRDA:147,23,1,1
BRDA:154,24,0,6
BRDA:154,24,1,0
BRDA:180,25,0,4
BRDA:180,25,1,0
BRDA:211,26,0,2
BRDA:211,26,1,0
BRDA:212,27,0,2
BRDA:212,27,1,0
BRF:58
BRH:45
end_of_record
TN:
SF:game/modules/loot/LootUpdater.js
FN:15,updateLoot
FN:31,isLootExpired
FN:38,checkLootCollection
FN:52,canCollectLoot
FN:63,collectLoot
FNF:5
FNH:0
FNDA:0,updateLoot
FNDA:0,isLootExpired
FNDA:0,checkLootCollection
FNDA:0,canCollectLoot
FNDA:0,collectLoot
DA:6,1
DA:7,1
DA:8,1
DA:10,1
DA:16,0
DA:17,0
DA:19,0
DA:20,0
DA:21,0
DA:24,0
DA:32,0
DA:39,0
DA:40,0
DA:42,0
DA:43,0
DA:44,0
DA:53,0
DA:54,0
DA:65,0
DA:66,0
DA:68,0
DA:69,0
DA:71,0
DA:72,0
DA:74,0
DA:75,0
DA:78,1
LF:27
LH:5
BRDA:19,0,0,0
BRDA:19,0,1,0
BRDA:42,1,0,0
BRDA:42,1,1,0
BRDA:53,2,0,0
BRDA:53,2,1,0
BRDA:54,3,0,0
BRDA:54,3,1,0
BRDA:54,3,2,0
BRDA:65,4,0,0
BRDA:65,4,1,0
BRDA:65,5,0,0
BRDA:65,5,1,0
BRDA:66,6,0,0
BRDA:66,6,1,0
BRDA:66,7,0,0
BRDA:66,7,1,0
BRDA:68,8,0,0
BRDA:68,8,1,0
BRDA:69,9,0,0
BRDA:69,9,1,0
BRF:21
BRH:0
end_of_record
TN:
SF:game/modules/loot/PowerupUpdater.js
FN:15,updatePowerups
FN:31,isPowerupExpired
FN:38,checkPowerupCollection
FN:52,canCollectPowerup
FN:62,collectPowerup
FNF:5
FNH:0
FNDA:0,updatePowerups
FNDA:0,isPowerupExpired
FNDA:0,checkPowerupCollection
FNDA:0,canCollectPowerup
FNDA:0,collectPowerup
DA:6,1
DA:7,1
DA:8,1
DA:10,1
DA:16,0
DA:17,0
DA:19,0
DA:20,0
DA:21,0
DA:24,0
DA:32,0
DA:39,0
DA:40,0
DA:42,0
DA:43,0
DA:44,0
DA:53,0
DA:64,0
DA:65,0
DA:66,0
DA:67,0
DA:68,0
DA:71,0
DA:72,0
DA:74,0
DA:77,1
LF:26
LH:5
BRDA:19,0,0,0
BRDA:19,0,1,0
BRDA:42,1,0,0
BRDA:42,1,1,0
BRDA:53,2,0,0
BRDA:53,2,1,0
BRDA:53,2,2,0
BRDA:65,3,0,0
BRDA:65,3,1,0
BRDA:65,4,0,0
BRDA:65,4,1,0
BRDA:74,5,0,0
BRDA:74,5,1,0
BRF:13
BRH:0
end_of_record
TN:
SF:game/modules/player/PlayerEffects.js
FN:9,applyMilestoneBonus
FN:28,applyLevel5Bonus
FN:42,applyLevel10Bonus
FN:56,applyLevel15Bonus
FN:70,applyLevel20Bonus
FN:85,applyGenericMilestoneBonus
FNF:6
FNH:0
FNDA:0,applyMilestoneBonus
FNDA:0,applyLevel5Bonus
FNDA:0,applyLevel10Bonus
FNDA:0,applyLevel15Bonus
FNDA:0,applyLevel20Bonus
FNDA:0,applyGenericMilestoneBonus
DA:10,0
DA:12,0
DA:13,0
DA:14,0
DA:15,0
DA:16,0
DA:17,0
DA:18,0
DA:19,0
DA:21,0
DA:29,0
DA:30,0
DA:32,0
DA:43,0
DA:44,0
DA:46,0
DA:57,0
DA:58,0
DA:60,0
DA:71,0
DA:72,0
DA:73,0
DA:75,0
DA:86,0
DA:87,0
DA:88,0
DA:90,0
DA:97,0
LF:28
LH:0
BRDA:12,0,0,0
BRDA:12,0,1,0
BRDA:14,1,0,0
BRDA:14,1,1,0
BRDA:16,2,0,0
BRDA:16,2,1,0
BRDA:18,3,0,0
BRDA:18,3,1,0
BRDA:43,4,0,0
BRDA:43,4,1,0
BRDA:44,5,0,0
BRDA:44,5,1,0
BRDA:57,6,0,0
BRDA:57,6,1,0
BRDA:58,7,0,0
BRDA:58,7,1,0
BRDA:73,8,0,0
BRDA:73,8,1,0
BRDA:88,9,0,0
BRDA:88,9,1,0
BRF:20
BRH:0
end_of_record
TN:
SF:game/modules/player/PlayerProgression.js
FN:11,updatePlayerCombo
FN:33,updateComboCounter
FN:52,calculateComboMultiplier
FN:72,calculateBonuses
FN:87,updatePlayerScore
FN:99,emitComboUpdate
FN:115,handlePlayerLevelUp
FN:151,checkMilestoneBonus
FN:162,setInvisibilityForUpgrade
FN:170,emitLevelUpEvent
FNF:10
FNH:0
FNDA:0,updatePlayerCombo
FNDA:0,updateComboCounter
FNDA:0,calculateComboMultiplier
FNDA:0,calculateBonuses
FNDA:0,updatePlayerScore
FNDA:0,emitComboUpdate
FNDA:0,handlePlayerLevelUp
FNDA:0,checkMilestoneBonus
FNDA:0,setInvisibilityForUpgrade
FNDA:0,emitLevelUpEvent
DA:6,1
DA:12,0
DA:13,0
DA:14,0
DA:17,0
DA:18,0
DA:20,0
DA:21,0
DA:22,0
DA:23,0
DA:25,0
DA:27,0
DA:34,0
DA:35,0
DA:37,0
DA:40,0
DA:41,0
DA:42,0
DA:44,0
DA:45,0
DA:53,0
DA:54,0
DA:56,0
DA:57,0
DA:59,0
DA:60,0
DA:62,0
DA:63,0
DA:65,0
DA:74,0
DA:75,0
DA:76,0
DA:78,0
DA:88,0
DA:89,0
DA:90,0
DA:91,0
DA:92,0
DA:93,0
DA:100,0
DA:101,0
DA:102,0
DA:117,0
DA:118,0
DA:122,0
DA:123,0
DA:124,0
DA:127,0
DA:128,0
DA:132,0
DA:133,0
DA:135,0
DA:136,0
DA:137,0
DA:138,0
DA:140,0
DA:141,0
DA:143,0
DA:144,0
DA:152,0
DA:153,0
DA:154,0
DA:156,0
DA:163,0
DA:164,0
DA:171,0
DA:178,1
LF:67
LH:2
BRDA:13,0,0,0
BRDA:13,0,1,0
BRDA:13,1,0,0
BRDA:13,1,1,0
BRDA:34,2,0,0
BRDA:34,2,1,0
BRDA:34,3,0,0
BRDA:34,3,1,0
BRDA:44,4,0,0
BRDA:44,4,1,0
BRDA:53,5,0,0
BRDA:53,5,1,0
BRDA:56,6,0,0
BRDA:56,6,1,0
BRDA:59,7,0,0
BRDA:59,7,1,0
BRDA:62,8,0,0
BRDA:62,8,1,0
BRDA:74,9,0,0
BRDA:74,9,1,0
BRDA:74,10,0,0
BRDA:74,10,1,0
BRDA:75,11,0,0
BRDA:75,11,1,0
BRDA:75,12,0,0
BRDA:75,12,1,0
BRDA:76,13,0,0
BRDA:76,13,1,0
BRDA:76,14,0,0
BRDA:76,14,1,0
BRDA:88,15,0,0
BRDA:88,15,1,0
BRDA:88,16,0,0
BRDA:88,16,1,0
BRDA:89,17,0,0
BRDA:89,17,1,0
BRDA:89,18,0,0
BRDA:89,18,1,0
BRDA:90,19,0,0
BRDA:90,19,1,0
BRDA:90,20,0,0
BRDA:90,20,1,0
BRDA:100,21,0,0
BRDA:100,21,1,0
BRDA:100,22,0,0
BRDA:100,22,1,0
BRDA:101,23,0,0
BRDA:101,23,1,0
BRDA:101,24,0,0
BRDA:101,24,1,0
BRDA:117,25,0,0
BRDA:117,25,1,0
BRDA:117,26,0,0
BRDA:117,26,1,0
BRDA:122,27,0,0
BRDA:122,27,1,0
BRDA:122,28,0,0
BRDA:122,28,1,0
BRDA:127,29,0,0
BRDA:127,29,1,0
BRDA:127,30,0,0
BRDA:127,30,1,0
BRDA:135,31,0,0
BRDA:135,31,1,0
BRDA:152,32,0,0
BRDA:152,32,1,0
BRF:66
BRH:0
end_of_record
TN:
SF:game/modules/wave/WaveManager.js
FN:12,handleNewWave
FN:22,incrementWave
FN:32,restartSpawner
FN:39,notifyPlayers
FN:51,rewardSurvivors
FNF:5
FNH:0
FNDA:0,handleNewWave
FNDA:0,incrementWave
FNDA:0,restartSpawner
FNDA:0,notifyPlayers
FNDA:0,rewardSurvivors
DA:6,1
DA:7,1
DA:13,0
DA:14,0
DA:15,0
DA:16,0
DA:23,0
DA:24,0
DA:25,0
DA:26,0
DA:33,0
DA:40,0
DA:42,0
DA:52,0
DA:53,0
DA:54,0
DA:55,0
DA:56,0
DA:61,1
LF:19
LH:3
BRDA:54,0,0,0
BRDA:54,0,1,0
BRF:2
BRH:0
end_of_record
TN:
SF:game/modules/zombie/BossAbilities.js
FN:15,updateBossInfernal
FN:56,(anonymous_1)
FN:100,updateBossCryos
FN:211,updateBossVortex
FN:297,updateBossNexus
FN:390,updateBossApocalypse
FNF:6
FNH:0
FNDA:0,updateBossInfernal
FNDA:0,(anonymous_1)
FNDA:0,updateBossCryos
FNDA:0,updateBossVortex
FNDA:0,updateBossNexus
FNDA:0,updateBossApocalypse
DA:6,1
DA:7,1
DA:8,1
DA:10,1
DA:16,0
DA:17,0
DA:20,0
DA:21,0
DA:24,0
DA:27,0
DA:28,0
DA:30,0
DA:31,0
DA:32,0
DA:33,0
DA:36,0
DA:37,0
DA:38,0
DA:39,0
DA:41,0
DA:42,0
DA:43,0
DA:48,0
DA:52,0
DA:53,0
DA:56,0
DA:57,0
DA:58,0
DA:61,0
DA:62,0
DA:65,0
DA:67,0
DA:76,0
DA:77,0
DA:80,0
DA:81,0
DA:82,0
DA:83,0
DA:84,0
DA:85,0
DA:86,0
DA:88,0
DA:92,0
DA:93,0
DA:101,0
DA:102,0
DA:105,0
DA:108,0
DA:109,0
DA:112,0
DA:113,0
DA:114,0
DA:115,0
DA:116,0
DA:119,0
DA:120,0
DA:123,0
DA:126,0
DA:130,0
DA:131,0
DA:134,0
DA:135,0
DA:136,0
DA:137,0
DA:138,0
DA:139,0
DA:140,0
DA:142,0
DA:146,0
DA:147,0
DA:151,0
DA:152,0
DA:153,0
DA:155,0
DA:156,0
DA:157,0
DA:158,0
DA:161,0
DA:162,0
DA:163,0
DA:164,0
DA:165,0
DA:172,0
DA:173,0
DA:174,0
DA:175,0
DA:177,0
DA:184,0
DA:185,0
DA:186,0
DA:188,0
DA:189,0
DA:190,0
DA:191,0
DA:194,0
DA:195,0
DA:197,0
DA:198,0
DA:199,0
DA:203,0
DA:204,0
DA:212,0
DA:213,0
DA:216,0
DA:219,0
DA:220,0
DA:222,0
DA:223,0
DA:224,0
DA:225,0
DA:228,0
DA:229,0
DA:231,0
DA:232,0
DA:233,0
DA:235,0
DA:236,0
DA:238,0
DA:239,0
DA:240,0
DA:245,0
DA:249,0
DA:250,0
DA:253,0
DA:254,0
DA:255,0
DA:256,0
DA:257,0
DA:260,0
DA:261,0
DA:264,0
DA:269,0
DA:270,0
DA:271,0
DA:273,0
DA:274,0
DA:275,0
DA:276,0
DA:280,0
DA:281,0
DA:282,0
DA:287,0
DA:288,0
DA:289,0
DA:298,0
DA:299,0
DA:302,0
DA:305,0
DA:306,0
DA:309,0
DA:310,0
DA:313,0
DA:317,0
DA:318,0
DA:320,0
DA:325,0
DA:326,0
DA:327,0
DA:328,0
DA:329,0
DA:331,0
DA:332,0
DA:333,0
DA:334,0
DA:335,0
DA:336,0
DA:342,0
DA:343,0
DA:346,0
DA:347,0
DA:348,0
DA:349,0
DA:350,0
DA:351,0
DA:352,0
DA:353,0
DA:355,0
DA:356,0
DA:360,0
DA:361,0
DA:365,0
DA:366,0
DA:368,0
DA:369,0
DA:370,0
DA:371,0
DA:374,0
DA:375,0
DA:377,0
DA:380,0
DA:391,0
DA:392,0
DA:395,0
DA:398,0
DA:399,0
DA:401,0
DA:402,0
DA:403,0
DA:404,0
DA:405,0
DA:408,0
DA:409,0
DA:412,0
DA:417,0
DA:418,0
DA:421,0
DA:422,0
DA:423,0
DA:424,0
DA:427,0
DA:428,0
DA:430,0
DA:433,0
DA:437,0
DA:438,0
DA:441,0
DA:446,0
DA:448,0
DA:449,0
DA:450,0
DA:451,0
DA:453,0
DA:455,0
DA:457,0
DA:460,0
DA:461,0
DA:463,0
DA:464,0
DA:465,0
DA:466,0
DA:469,0
DA:470,0
DA:471,0
DA:472,0
DA:476,0
DA:477,0
DA:480,0
DA:481,0
DA:482,0
DA:488,0
DA:489,0
DA:492,0
DA:493,0
DA:494,0
DA:495,0
DA:498,0
DA:499,0
DA:500,0
DA:501,0
DA:503,0
DA:504,0
DA:505,0
DA:510,0
DA:512,0
DA:519,1
LF:255
LH:5
BRDA:16,0,0,0
BRDA:16,0,1,0
BRDA:20,1,0,0
BRDA:20,1,1,0
BRDA:27,2,0,0
BRDA:27,2,1,0
BRDA:27,3,0,0
BRDA:27,3,1,0
BRDA:32,4,0,0
BRDA:32,4,1,0
BRDA:32,5,0,0
BRDA:32,5,1,0
BRDA:32,5,2,0
BRDA:37,6,0,0
BRDA:37,6,1,0
BRDA:41,7,0,0
BRDA:41,7,1,0
BRDA:52,8,0,0
BRDA:52,8,1,0
BRDA:52,9,0,0
BRDA:52,9,1,0
BRDA:57,10,0,0
BRDA:57,10,1,0
BRDA:61,11,0,0
BRDA:61,11,1,0
BRDA:76,12,0,0
BRDA:76,12,1,0
BRDA:76,13,0,0
BRDA:76,13,1,0
BRDA:76,13,2,0
BRDA:82,14,0,0
BRDA:82,14,1,0
BRDA:101,15,0,0
BRDA:101,15,1,0
BRDA:108,16,0,0
BRDA:108,16,1,0
BRDA:108,17,0,0
BRDA:108,17,1,0
BRDA:119,18,0,0
BRDA:119,18,1,0
BRDA:130,19,0,0
BRDA:130,19,1,0
BRDA:130,20,0,0
BRDA:130,20,1,0
BRDA:130,20,2,0
BRDA:136,21,0,0
BRDA:136,21,1,0
BRDA:151,22,0,0
BRDA:151,22,1,0
BRDA:152,23,0,0
BRDA:152,23,1,0
BRDA:152,24,0,0
BRDA:152,24,1,0
BRDA:157,25,0,0
BRDA:157,25,1,0
BRDA:157,26,0,0
BRDA:157,26,1,0
BRDA:157,26,2,0
BRDA:162,27,0,0
BRDA:162,27,1,0
BRDA:172,28,0,0
BRDA:172,28,1,0
BRDA:172,29,0,0
BRDA:172,29,1,0
BRDA:172,29,2,0
BRDA:184,30,0,0
BRDA:184,30,1,0
BRDA:184,31,0,0
BRDA:184,31,1,0
BRDA:185,32,0,0
BRDA:185,32,1,0
BRDA:185,33,0,0
BRDA:185,33,1,0
BRDA:190,34,0,0
BRDA:190,34,1,0
BRDA:197,35,0,0
BRDA:197,35,1,0
BRDA:203,36,0,0
BRDA:203,36,1,0
BRDA:212,37,0,0
BRDA:212,37,1,0
BRDA:219,38,0,0
BRDA:219,38,1,0
BRDA:219,39,0,0
BRDA:219,39,1,0
BRDA:224,40,0,0
BRDA:224,40,1,0
BRDA:229,41,0,0
BRDA:229,41,1,0
BRDA:238,42,0,0
BRDA:238,42,1,0
BRDA:249,43,0,0
BRDA:249,43,1,0
BRDA:249,44,0,0
BRDA:249,44,1,0
BRDA:249,44,2,0
BRDA:260,45,0,0
BRDA:260,45,1,0
BRDA:269,46,0,0
BRDA:269,46,1,0
BRDA:270,47,0,0
BRDA:270,47,1,0
BRDA:270,48,0,0
BRDA:270,48,1,0
BRDA:275,49,0,0
BRDA:275,49,1,0
BRDA:275,50,0,0
BRDA:275,50,1,0
BRDA:275,50,2,0
BRDA:287,51,0,0
BRDA:287,51,1,0
BRDA:287,52,0,0
BRDA:287,52,1,0
BRDA:298,53,0,0
BRDA:298,53,1,0
BRDA:305,54,0,0
BRDA:305,54,1,0
BRDA:305,55,0,0
BRDA:305,55,1,0
BRDA:309,56,0,0
BRDA:309,56,1,0
BRDA:317,57,0,0
BRDA:317,57,1,0
BRDA:317,58,0,0
BRDA:317,58,1,0
BRDA:325,59,0,0
BRDA:325,59,1,0
BRDA:332,60,0,0
BRDA:332,60,1,0
BRDA:332,61,0,0
BRDA:332,61,1,0
BRDA:342,62,0,0
BRDA:342,62,1,0
BRDA:342,63,0,0
BRDA:342,63,1,0
BRDA:342,63,2,0
BRDA:349,64,0,0
BRDA:349,64,1,0
BRDA:365,65,0,0
BRDA:365,65,1,0
BRDA:365,66,0,0
BRDA:365,66,1,0
BRDA:365,66,2,0
BRDA:370,67,0,0
BRDA:370,67,1,0
BRDA:391,68,0,0
BRDA:391,68,1,0
BRDA:398,69,0,0
BRDA:398,69,1,0
BRDA:398,70,0,0
BRDA:398,70,1,0
BRDA:408,71,0,0
BRDA:408,71,1,0
BRDA:417,72,0,0
BRDA:417,72,1,0
BRDA:417,73,0,0
BRDA:417,73,1,0
BRDA:417,73,2,0
BRDA:423,74,0,0
BRDA:423,74,1,0
BRDA:437,75,0,0
BRDA:437,75,1,0
BRDA:437,76,0,0
BRDA:437,76,1,0
BRDA:437,76,2,0
BRDA:446,77,0,0
BRDA:446,77,1,0
BRDA:465,78,0,0
BRDA:465,78,1,0
BRDA:465,79,0,0
BRDA:465,79,1,0
BRDA:470,80,0,0
BRDA:470,80,1,0
BRDA:470,81,0,0
BRDA:470,81,1,0
BRDA:476,82,0,0
BRDA:476,82,1,0
BRDA:488,83,0,0
BRDA:488,83,1,0
BRDA:488,84,0,0
BRDA:488,84,1,0
BRDA:488,84,2,0
BRDA:494,85,0,0
BRDA:494,85,1,0
BRDA:499,86,0,0
BRDA:499,86,1,0
BRDA:503,87,0,0
BRDA:503,87,1,0
BRF:188
BRH:0
end_of_record
TN:
SF:game/modules/zombie/BossUpdater.js
FNF:0
FNH:0
DA:6,1
DA:7,1
DA:9,1
LF:3
LH:3
BRF:0
BRH:0
end_of_record
TN:
SF:game/modules/zombie/BossUpdaterSimple.js
FN:12,getHandlePlayerDeathProgression
FN:18,updateBossCharnier
FN:40,updateBossInfect
FN:99,updateBossColosse
FN:138,updateBossRoi
FN:266,updateBossOmega
FNF:6
FNH:0
FNDA:0,getHandlePlayerDeathProgression
FNDA:0,updateBossCharnier
FNDA:0,updateBossInfect
FNDA:0,updateBossColosse
FNDA:0,updateBossRoi
FNDA:0,updateBossOmega
DA:6,1
DA:7,1
DA:8,1
DA:10,1
DA:11,1
DA:13,0
DA:14,0
DA:16,0
DA:19,0
DA:20,0
DA:23,0
DA:24,0
DA:25,0
DA:28,0
DA:29,0
DA:30,0
DA:31,0
DA:41,0
DA:42,0
DA:45,0
DA:48,0
DA:49,0
DA:52,0
DA:53,0
DA:63,0
DA:67,0
DA:68,0
DA:71,0
DA:72,0
DA:73,0
DA:74,0
DA:77,0
DA:78,0
DA:79,0
DA:82,0
DA:84,0
DA:85,0
DA:86,0
DA:92,0
DA:100,0
DA:101,0
DA:104,0
DA:105,0
DA:108,0
DA:109,0
DA:111,0
DA:112,0
DA:113,0
DA:116,0
DA:119,0
DA:120,0
DA:121,0
DA:122,0
DA:123,0
DA:126,0
DA:127,0
DA:139,0
DA:140,0
DA:143,0
DA:144,0
DA:147,0
DA:148,0
DA:149,0
DA:150,0
DA:151,0
DA:155,0
DA:156,0
DA:157,0
DA:162,0
DA:166,0
DA:167,0
DA:170,0
DA:175,0
DA:177,0
DA:180,0
DA:183,0
DA:184,0
DA:186,0
DA:187,0
DA:188,0
DA:189,0
DA:190,0
DA:191,0
DA:197,0
DA:198,0
DA:201,0
DA:202,0
DA:203,0
DA:204,0
DA:207,0
DA:211,0
DA:212,0
DA:215,0
DA:216,0
DA:217,0
DA:218,0
DA:219,0
DA:221,0
DA:222,0
DA:243,0
DA:247,0
DA:250,0
DA:257,0
DA:258,0
DA:259,0
DA:267,0
DA:268,0
DA:271,0
DA:272,0
DA:275,0
DA:276,0
DA:277,0
DA:278,0
DA:279,0
DA:280,0
DA:281,0
DA:285,0
DA:286,0
DA:287,0
DA:292,0
DA:296,0
DA:297,0
DA:300,0
DA:305,0
DA:307,0
DA:310,0
DA:313,0
DA:314,0
DA:316,0
DA:317,0
DA:318,0
DA:319,0
DA:320,0
DA:321,0
DA:327,0
DA:328,0
DA:329,0
DA:330,0
DA:339,0
DA:343,0
DA:344,0
DA:345,0
DA:346,0
DA:347,0
DA:348,0
DA:351,0
DA:355,0
DA:356,0
DA:359,0
DA:364,0
DA:366,0
DA:369,0
DA:370,0
DA:371,0
DA:372,0
DA:375,0
DA:379,0
DA:380,0
DA:381,0
DA:382,0
DA:386,0
DA:387,0
DA:388,0
DA:391,0
DA:392,0
DA:395,0
DA:397,0
DA:398,0
DA:399,0
DA:405,0
DA:408,0
DA:425,1
LF:172
LH:6
BRDA:13,0,0,0
BRDA:13,0,1,0
BRDA:19,1,0,0
BRDA:19,1,1,0
BRDA:24,2,0,0
BRDA:24,2,1,0
BRDA:24,3,0,0
BRDA:24,3,1,0
BRDA:30,4,0,0
BRDA:30,4,1,0
BRDA:30,5,0,0
BRDA:30,5,1,0
BRDA:41,6,0,0
BRDA:41,6,1,0
BRDA:48,7,0,0
BRDA:48,7,1,0
BRDA:48,8,0,0
BRDA:48,8,1,0
BRDA:52,9,0,0
BRDA:52,9,1,0
BRDA:67,10,0,0
BRDA:67,10,1,0
BRDA:67,11,0,0
BRDA:67,11,1,0
BRDA:73,12,0,0
BRDA:73,12,1,0
BRDA:73,13,0,0
BRDA:73,13,1,0
BRDA:73,13,2,0
BRDA:78,14,0,0
BRDA:78,14,1,0
BRDA:84,15,0,0
BRDA:84,15,1,0
BRDA:100,16,0,0
BRDA:100,16,1,0
BRDA:108,17,0,0
BRDA:108,17,1,0
BRDA:111,18,0,0
BRDA:111,18,1,0
BRDA:111,19,0,0
BRDA:111,19,1,0
BRDA:119,20,0,0
BRDA:119,20,1,0
BRDA:119,21,0,0
BRDA:119,21,1,0
BRDA:139,22,0,0
BRDA:139,22,1,0
BRDA:148,23,0,0
BRDA:148,23,1,0
BRDA:150,24,0,0
BRDA:150,24,1,0
BRDA:155,25,0,0
BRDA:155,25,1,0
BRDA:166,26,0,0
BRDA:166,26,1,0
BRDA:166,27,0,0
BRDA:166,27,1,0
BRDA:166,27,2,0
BRDA:175,28,0,0
BRDA:175,28,1,0
BRDA:187,29,0,0
BRDA:187,29,1,0
BRDA:187,30,0,0
BRDA:187,30,1,0
BRDA:197,31,0,0
BRDA:197,31,1,0
BRDA:197,32,0,0
BRDA:197,32,1,0
BRDA:197,32,2,0
BRDA:197,32,3,0
BRDA:203,33,0,0
BRDA:203,33,1,0
BRDA:211,34,0,0
BRDA:211,34,1,0
BRDA:211,35,0,0
BRDA:211,35,1,0
BRDA:211,35,2,0
BRDA:211,35,3,0
BRDA:257,36,0,0
BRDA:257,36,1,0
BRDA:257,37,0,0
BRDA:257,37,1,0
BRDA:267,38,0,0
BRDA:267,38,1,0
BRDA:276,39,0,0
BRDA:276,39,1,0
BRDA:278,40,0,0
BRDA:278,40,1,0
BRDA:280,41,0,0
BRDA:280,41,1,0
BRDA:285,42,0,0
BRDA:285,42,1,0
BRDA:296,43,0,0
BRDA:296,43,1,0
BRDA:296,44,0,0
BRDA:296,44,1,0
BRDA:305,45,0,0
BRDA:305,45,1,0
BRDA:317,46,0,0
BRDA:317,46,1,0
BRDA:317,47,0,0
BRDA:317,47,1,0
BRDA:327,48,0,0
BRDA:327,48,1,0
BRDA:327,49,0,0
BRDA:327,49,1,0
BRDA:327,49,2,0
BRDA:329,50,0,0
BRDA:329,50,1,0
BRDA:343,51,0,0
BRDA:343,51,1,0
BRDA:343,52,0,0
BRDA:343,52,1,0
BRDA:343,52,2,0
BRDA:347,53,0,0
BRDA:347,53,1,0
BRDA:355,54,0,0
BRDA:355,54,1,0
BRDA:355,55,0,0
BRDA:355,55,1,0
BRDA:355,55,2,0
BRDA:364,56,0,0
BRDA:364,56,1,0
BRDA:381,57,0,0
BRDA:381,57,1,0
BRDA:381,58,0,0
BRDA:381,58,1,0
BRDA:381,58,2,0
BRDA:391,59,0,0
BRDA:391,59,1,0
BRDA:391,60,0,0
BRDA:391,60,1,0
BRDA:397,61,0,0
BRDA:397,61,1,0
BRF:134
BRH:0
end_of_record
TN:
SF:game/modules/zombie/SpecialZombieUpdater.js
FN:15,updateTeleporterZombie
FN:40,executeTeleport
FN:62,updateSummonerZombie
FN:79,countMinions
FN:92,shouldSpawnMinions
FN:100,spawnMinions
FN:123,updateBerserkerZombie
FN:136,updateRageState
FN:176,updateDashAbility
FN:205,startDash
FN:216,updateNecromancerZombie
FN:236,reviveNearbyZombies
FN:280,updateBruteZombie
FN:302,executeGroundSlam
FN:324,updateMimicZombie
FN:339,transformMimic
FNF:16
FNH:0
FNDA:0,updateTeleporterZombie
FNDA:0,executeTeleport
FNDA:0,updateSummonerZombie
FNDA:0,countMinions
FNDA:0,shouldSpawnMinions
FNDA:0,spawnMinions
FNDA:0,updateBerserkerZombie
FNDA:0,updateRageState
FNDA:0,updateDashAbility
FNDA:0,startDash
FNDA:0,updateNecromancerZombie
FNDA:0,reviveNearbyZombies
FNDA:0,updateBruteZombie
FNDA:0,executeGroundSlam
FNDA:0,updateMimicZombie
FNDA:0,transformMimic
DA:6,1
DA:7,1
DA:8,1
DA:10,1
DA:16,0
DA:17,0
DA:20,0
DA:21,0
DA:22,0
DA:27,0
DA:28,0
DA:30,0
DA:31,0
DA:41,0
DA:43,0
DA:44,0
DA:47,0
DA:48,0
DA:50,0
DA:51,0
DA:52,0
DA:53,0
DA:54,0
DA:55,0
DA:63,0
DA:64,0
DA:67,0
DA:68,0
DA:69,0
DA:71,0
DA:72,0
DA:80,0
DA:81,0
DA:82,0
DA:83,0
DA:86,0
DA:93,0
DA:101,0
DA:103,0
DA:108,0
DA:109,0
DA:110,0
DA:111,0
DA:115,0
DA:116,0
DA:124,0
DA:125,0
DA:128,0
DA:129,0
DA:130,0
DA:137,0
DA:138,0
DA:139,0
DA:141,0
DA:142,0
DA:143,0
DA:144,0
DA:145,0
DA:146,0
DA:148,0
DA:149,0
DA:152,0
DA:153,0
DA:154,0
DA:155,0
DA:156,0
DA:159,0
DA:161,0
DA:162,0
DA:163,0
DA:164,0
DA:165,0
DA:166,0
DA:168,0
DA:169,0
DA:177,0
DA:178,0
DA:179,0
DA:182,0
DA:183,0
DA:186,0
DA:187,0
DA:190,0
DA:191,0
DA:196,0
DA:197,0
DA:206,0
DA:207,0
DA:208,0
DA:209,0
DA:210,0
DA:217,0
DA:218,0
DA:221,0
DA:223,0
DA:224,0
DA:226,0
DA:227,0
DA:228,0
DA:237,0
DA:238,0
DA:240,0
DA:241,0
DA:242,0
DA:244,0
DA:245,0
DA:249,0
DA:250,0
DA:251,0
DA:253,0
DA:254,0
DA:269,0
DA:270,0
DA:271,0
DA:274,0
DA:281,0
DA:282,0
DA:285,0
DA:287,0
DA:288,0
DA:293,0
DA:294,0
DA:303,0
DA:304,0
DA:306,0
DA:307,0
DA:308,0
DA:309,0
DA:312,0
DA:313,0
DA:314,0
DA:315,0
DA:316,0
DA:325,0
DA:326,0
DA:329,0
DA:331,0
DA:332,0
DA:340,0
DA:342,0
DA:343,0
DA:344,0
DA:346,0
DA:347,0
DA:348,0
DA:349,0
DA:351,0
DA:354,1
LF:148
LH:5
BRDA:16,0,0,0
BRDA:16,0,1,0
BRDA:21,1,0,0
BRDA:21,1,1,0
BRDA:21,2,0,0
BRDA:21,2,1,0
BRDA:27,3,0,0
BRDA:27,3,1,0
BRDA:30,4,0,0
BRDA:30,4,1,0
BRDA:51,5,0,0
BRDA:51,5,1,0
BRDA:51,6,0,0
BRDA:51,6,1,0
BRDA:63,7,0,0
BRDA:63,7,1,0
BRDA:71,8,0,0
BRDA:71,8,1,0
BRDA:82,9,0,0
BRDA:82,9,1,0
BRDA:93,10,0,0
BRDA:93,10,1,0
BRDA:93,10,2,0
BRDA:110,11,0,0
BRDA:110,11,1,0
BRDA:115,12,0,0
BRDA:115,12,1,0
BRDA:124,13,0,0
BRDA:124,13,1,0
BRDA:141,14,0,0
BRDA:141,14,1,0
BRDA:144,15,0,0
BRDA:144,15,1,0
BRDA:152,16,0,0
BRDA:152,16,1,0
BRDA:152,17,0,0
BRDA:152,17,1,0
BRDA:155,18,0,0
BRDA:155,18,1,0
BRDA:155,19,0,0
BRDA:155,19,1,0
BRDA:159,20,0,0
BRDA:159,20,1,0
BRDA:161,21,0,0
BRDA:161,21,1,0
BRDA:164,22,0,0
BRDA:164,22,1,0
BRDA:177,23,0,0
BRDA:177,23,1,0
BRDA:182,24,0,0
BRDA:182,24,1,0
BRDA:182,25,0,0
BRDA:182,25,1,0
BRDA:186,26,0,0
BRDA:186,26,1,0
BRDA:186,27,0,0
BRDA:186,27,1,0
BRDA:190,28,0,0
BRDA:190,28,1,0
BRDA:190,29,0,0
BRDA:190,29,1,0
BRDA:190,29,2,0
BRDA:196,30,0,0
BRDA:196,30,1,0
BRDA:217,31,0,0
BRDA:217,31,1,0
BRDA:223,32,0,0
BRDA:223,32,1,0
BRDA:223,33,0,0
BRDA:223,33,1,0
BRDA:226,34,0,0
BRDA:226,34,1,0
BRDA:244,35,0,0
BRDA:244,35,1,0
BRDA:281,36,0,0
BRDA:281,36,1,0
BRDA:287,37,0,0
BRDA:287,37,1,0
BRDA:287,38,0,0
BRDA:287,38,1,0
BRDA:293,39,0,0
BRDA:293,39,1,0
BRDA:308,40,0,0
BRDA:308,40,1,0
BRDA:308,41,0,0
BRDA:308,41,1,0
BRDA:308,41,2,0
BRDA:313,42,0,0
BRDA:313,42,1,0
BRDA:325,43,0,0
BRDA:325,43,1,0
BRDA:331,44,0,0
BRDA:331,44,1,0
BRDA:331,45,0,0
BRDA:331,45,1,0
BRF:95
BRH:0
end_of_record
TN:
SF:game/modules/zombie/ZombieEffects.js
FN:16,updatePoisonTrails
FN:75,updatePoisonedZombies
FN:106,killPoisonedZombie
FN:122,updateFrozenSlowedZombies
FN:143,handleSplitterDeath
FN:160,spawnSplitterMinion
FN:191,applySplitExplosionDamage
FNF:7
FNH:0
FNDA:0,updatePoisonTrails
FNDA:0,updatePoisonedZombies
FNDA:0,killPoisonedZombie
FNDA:0,updateFrozenSlowedZombies
FNDA:0,handleSplitterDeath
FNDA:0,spawnSplitterMinion
FNDA:0,applySplitExplosionDamage
DA:6,1
DA:7,1
DA:8,1
DA:10,1
DA:18,0
DA:20,0
DA:21,0
DA:24,0
DA:25,0
DA:30,0
DA:32,0
DA:35,0
DA:39,0
DA:40,0
DA:41,0
DA:44,0
DA:45,0
DA:46,0
DA:47,0
DA:49,0
DA:51,0
DA:52,0
DA:53,0
DA:54,0
DA:56,0
DA:57,0
DA:58,0
DA:64,0
DA:65,0
DA:76,0
DA:77,0
DA:79,0
DA:80,0
DA:82,0
DA:83,0
DA:84,0
DA:87,0
DA:88,0
DA:89,0
DA:91,0
DA:93,0
DA:94,0
DA:107,0
DA:108,0
DA:109,0
DA:110,0
DA:113,0
DA:114,0
DA:115,0
DA:123,0
DA:124,0
DA:126,0
DA:127,0
DA:128,0
DA:129,0
DA:133,0
DA:134,0
DA:135,0
DA:144,0
DA:145,0
DA:148,0
DA:150,0
DA:151,0
DA:154,0
DA:161,0
DA:162,0
DA:163,0
DA:164,0
DA:166,0
DA:167,0
DA:168,0
DA:185,0
DA:192,0
DA:193,0
DA:194,0
DA:195,0
DA:198,0
DA:199,0
DA:200,0
DA:201,0
DA:203,0
DA:205,0
DA:206,0
DA:207,0
DA:213,1
LF:85
LH:5
BRDA:24,0,0,0
BRDA:24,0,1,0
BRDA:30,1,0,0
BRDA:30,1,1,0
BRDA:40,2,0,0
BRDA:40,2,1,0
BRDA:40,3,0,0
BRDA:40,3,1,0
BRDA:45,4,0,0
BRDA:45,4,1,0
BRDA:46,5,0,0
BRDA:46,5,1,0
BRDA:49,6,0,0
BRDA:49,6,1,0
BRDA:51,7,0,0
BRDA:51,7,1,0
BRDA:56,8,0,0
BRDA:56,8,1,0
BRDA:64,9,0,0
BRDA:64,9,1,0
BRDA:75,10,0,0
BRDA:75,11,0,0
BRDA:79,12,0,0
BRDA:79,12,1,0
BRDA:82,13,0,0
BRDA:82,13,1,0
BRDA:87,14,0,0
BRDA:87,14,1,0
BRDA:93,15,0,0
BRDA:93,15,1,0
BRDA:113,16,0,0
BRDA:113,16,1,0
BRDA:113,17,0,0
BRDA:113,17,1,0
BRDA:113,17,2,0
BRDA:126,18,0,0
BRDA:126,18,1,0
BRDA:127,19,0,0
BRDA:127,19,1,0
BRDA:133,20,0,0
BRDA:133,20,1,0
BRDA:133,21,0,0
BRDA:133,21,1,0
BRDA:144,22,0,0
BRDA:144,22,1,0
BRDA:144,23,0,0
BRDA:144,23,1,0
BRDA:194,24,0,0
BRDA:194,24,1,0
BRDA:194,25,0,0
BRDA:194,25,1,0
BRDA:194,25,2,0
BRDA:199,26,0,0
BRDA:199,26,1,0
BRDA:205,27,0,0
BRDA:205,27,1,0
BRF:56
BRH:0
end_of_record
TN:
SF:game/modules/zombie/ZombieSpawnManager.js
FN:10,(anonymous_0)
FN:17,(anonymous_1)
FN:90,(anonymous_2)
FN:121,(anonymous_3)
FN:132,(anonymous_4)
FN:154,(anonymous_5)
FN:159,(anonymous_6)
FN:160,(anonymous_7)
FN:176,(anonymous_8)
FN:185,(anonymous_9)
FN:193,(anonymous_10)
FNF:11
FNH:11
FNDA:29,(anonymous_0)
FNDA:36,(anonymous_1)
FNDA:129,(anonymous_2)
FNDA:306,(anonymous_3)
FNDA:4,(anonymous_4)
FNDA:126,(anonymous_5)
FNDA:1139,(anonymous_6)
FNDA:1139,(anonymous_7)
FNDA:3,(anonymous_8)
FNDA:7,(anonymous_9)
FNDA:6,(anonymous_10)
DA:6,1
DA:7,1
DA:11,29
DA:18,36
DA:92,129
DA:93,129
DA:94,746
DA:95,746
DA:96,126
DA:97,126
DA:102,129
DA:103,3
DA:109,129
DA:111,4
DA:112,4
DA:113,3
DA:116,1
DA:120,125
DA:121,306
DA:122,3
DA:126,122
DA:134,4
DA:135,4
DA:137,4
DA:138,84
DA:139,84
DA:140,21
DA:141,21
DA:142,21
DA:143,21
DA:148,4
DA:156,126
DA:159,1139
DA:160,1139
DA:163,126
DA:164,33
DA:168,93
DA:178,3
DA:179,3
DA:186,7
DA:187,7
DA:194,6
DA:206,6
DA:210,1
LF:44
LH:44
BRDA:95,0,0,126
BRDA:95,0,1,620
BRDA:95,1,0,746
BRDA:95,1,1,704
BRDA:102,2,0,3
BRDA:102,2,1,126
BRDA:109,3,0,4
BRDA:109,3,1,125
BRDA:112,4,0,3
BRDA:112,4,1,1
BRDA:112,5,0,4
BRDA:112,5,1,4
BRDA:120,6,0,3
BRDA:120,6,1,122
BRDA:139,7,0,21
BRDA:139,7,1,63
BRDA:139,8,0,84
BRDA:139,8,1,44
BRDA:141,9,0,21
BRDA:141,9,1,0
BRDA:163,10,0,33
BRDA:163,10,1,93
BRDA:163,11,0,126
BRDA:163,11,1,101
BRDA:168,12,0,93
BRDA:168,12,1,0
BRDA:176,13,0,3
BRDA:206,14,0,6
BRDA:206,14,1,2
BRF:29
BRH:27
end_of_record
TN:
SF:game/modules/zombie/ZombieUpdater.js
FN:29,updateZombies
FN:118,processHealerAbility
FN:143,processSlowerAbility
FN:162,processShooterAbility
FN:185,shootAtPlayer
FN:211,processPoisonTrail
FN:241,moveZombie
FN:271,applyZombieSeparation
FN:312,moveTowardsPlayer
FN:333,calculateEffectiveSpeed
FN:360,calculateNewPosition
FN:387,resolveWallCollisions
FN:496,checkPlayerCollisions
FN:524,applyPlayerDamage
FN:558,moveRandomly
FNF:15
FNH:0
FNDA:0,updateZombies
FNDA:0,processHealerAbility
FNDA:0,processSlowerAbility
FNDA:0,processShooterAbility
FNDA:0,shootAtPlayer
FNDA:0,processPoisonTrail
FNDA:0,moveZombie
FNDA:0,applyZombieSeparation
FNDA:0,moveTowardsPlayer
FNDA:0,calculateEffectiveSpeed
FNDA:0,calculateNewPosition
FNDA:0,resolveWallCollisions
FNDA:0,checkPlayerCollisions
FNDA:0,applyPlayerDamage
FNDA:0,moveRandomly
DA:6,1
DA:7,1
DA:8,1
DA:9,1
DA:11,1
DA:17,1
DA:22,1
DA:30,0
DA:33,0
DA:35,0
DA:36,0
DA:37,0
DA:39,0
DA:40,0
DA:43,0
DA:46,0
DA:47,0
DA:49,0
DA:50,0
DA:52,0
DA:53,0
DA:55,0
DA:56,0
DA:60,0
DA:61,0
DA:63,0
DA:64,0
DA:66,0
DA:67,0
DA:69,0
DA:70,0
DA:72,0
DA:73,0
DA:75,0
DA:76,0
DA:80,0
DA:81,0
DA:83,0
DA:84,0
DA:86,0
DA:87,0
DA:89,0
DA:90,0
DA:92,0
DA:93,0
DA:95,0
DA:96,0
DA:98,0
DA:99,0
DA:101,0
DA:102,0
DA:104,0
DA:105,0
DA:107,0
DA:108,0
DA:111,0
DA:119,0
DA:120,0
DA:123,0
DA:124,0
DA:125,0
DA:127,0
DA:131,0
DA:132,0
DA:133,0
DA:134,0
DA:144,0
DA:145,0
DA:148,0
DA:149,0
DA:153,0
DA:154,0
DA:155,0
DA:163,0
DA:164,0
DA:167,0
DA:169,0
DA:171,0
DA:176,0
DA:177,0
DA:186,0
DA:187,0
DA:189,0
DA:205,0
DA:212,0
DA:213,0
DA:216,0
DA:218,0
DA:219,0
DA:221,0
DA:222,0
DA:232,0
DA:243,0
DA:248,0
DA:249,0
DA:253,0
DA:254,0
DA:255,0
DA:258,0
DA:260,0
DA:261,0
DA:263,0
DA:272,0
DA:273,0
DA:275,0
DA:276,0
DA:279,0
DA:280,0
DA:281,0
DA:283,0
DA:284,0
DA:285,0
DA:288,0
DA:289,0
DA:290,0
DA:291,0
DA:292,0
DA:294,0
DA:295,0
DA:296,0
DA:298,0
DA:299,0
DA:304,0
DA:305,0
DA:313,0
DA:315,0
DA:316,0
DA:319,0
DA:320,0
DA:321,0
DA:323,0
DA:324,0
DA:326,0
DA:334,0
DA:336,0
DA:337,0
DA:340,0
DA:341,0
DA:342,0
DA:345,0
DA:346,0
DA:347,0
DA:352,0
DA:353,0
DA:361,0
DA:362,0
DA:364,0
DA:365,0
DA:369,0
DA:371,0
DA:389,0
DA:390,0
DA:391,0
DA:392,0
DA:394,0
DA:401,0
DA:402,0
DA:406,0
DA:409,0
DA:410,0
DA:412,0
DA:413,0
DA:417,0
DA:419,0
DA:421,0
DA:423,0
DA:424,0
DA:426,0
DA:428,0
DA:430,0
DA:431,0
DA:433,0
DA:437,0
DA:438,0
DA:439,0
DA:442,0
DA:443,0
DA:444,0
DA:445,0
DA:448,0
DA:449,0
DA:451,0
DA:452,0
DA:453,0
DA:456,0
DA:457,0
DA:459,0
DA:460,0
DA:469,0
DA:470,0
DA:472,0
DA:473,0
DA:474,0
DA:475,0
DA:476,0
DA:478,0
DA:479,0
DA:480,0
DA:481,0
DA:486,0
DA:487,0
DA:488,0
DA:490,0
DA:497,0
DA:503,0
DA:504,0
DA:505,0
DA:510,0
DA:511,0
DA:512,0
DA:513,0
DA:516,0
DA:525,0
DA:526,0
DA:528,0
DA:529,0
DA:531,0
DA:532,0
DA:534,0
DA:535,0
DA:538,0
DA:539,0
DA:541,0
DA:542,0
DA:543,0
DA:546,0
DA:547,0
DA:548,0
DA:559,0
DA:560,0
DA:561,0
DA:565,0
DA:566,0
DA:567,0
DA:570,0
DA:573,0
DA:574,0
DA:575,0
DA:576,0
DA:579,0
DA:580,0
DA:581,0
DA:583,0
DA:584,0
DA:586,0
DA:589,0
DA:591,0
DA:592,0
DA:593,0
DA:595,0
DA:596,0
DA:599,0
DA:601,0
DA:605,1
LF:254
LH:8
BRDA:39,0,0,0
BRDA:39,0,1,0
BRDA:46,1,0,0
BRDA:46,1,1,0
BRDA:49,2,0,0
BRDA:49,2,1,0
BRDA:52,3,0,0
BRDA:52,3,1,0
BRDA:55,4,0,0
BRDA:55,4,1,0
BRDA:60,5,0,0
BRDA:60,5,1,0
BRDA:63,6,0,0
BRDA:63,6,1,0
BRDA:66,7,0,0
BRDA:66,7,1,0
BRDA:69,8,0,0
BRDA:69,8,1,0
BRDA:72,9,0,0
BRDA:72,9,1,0
BRDA:75,10,0,0
BRDA:75,10,1,0
BRDA:80,11,0,0
BRDA:80,11,1,0
BRDA:83,12,0,0
BRDA:83,12,1,0
BRDA:86,13,0,0
BRDA:86,13,1,0
BRDA:89,14,0,0
BRDA:89,14,1,0
BRDA:92,15,0,0
BRDA:92,15,1,0
BRDA:95,16,0,0
BRDA:95,16,1,0
BRDA:98,17,0,0
BRDA:98,17,1,0
BRDA:101,18,0,0
BRDA:101,18,1,0
BRDA:104,19,0,0
BRDA:104,19,1,0
BRDA:107,20,0,0
BRDA:107,20,1,0
BRDA:119,21,0,0
BRDA:119,21,1,0
BRDA:124,22,0,0
BRDA:124,22,1,0
BRDA:124,23,0,0
BRDA:124,23,1,0
BRDA:132,24,0,0
BRDA:132,24,1,0
BRDA:144,25,0,0
BRDA:144,25,1,0
BRDA:163,26,0,0
BRDA:163,26,1,0
BRDA:169,27,0,0
BRDA:169,27,1,0
BRDA:169,28,0,0
BRDA:169,28,1,0
BRDA:176,29,0,0
BRDA:176,29,1,0
BRDA:212,30,0,0
BRDA:212,30,1,0
BRDA:218,31,0,0
BRDA:218,31,1,0
BRDA:218,32,0,0
BRDA:218,32,1,0
BRDA:253,33,0,0
BRDA:253,33,1,0
BRDA:260,34,0,0
BRDA:260,34,1,0
BRDA:275,35,0,0
BRDA:275,35,1,0
BRDA:284,36,0,0
BRDA:284,36,1,0
BRDA:284,37,0,0
BRDA:284,37,1,0
BRDA:294,38,0,0
BRDA:294,38,1,0
BRDA:294,39,0,0
BRDA:294,39,1,0
BRDA:315,40,0,0
BRDA:315,40,1,0
BRDA:336,41,0,0
BRDA:336,41,1,0
BRDA:336,42,0,0
BRDA:336,42,1,0
BRDA:340,43,0,0
BRDA:340,43,1,0
BRDA:340,44,0,0
BRDA:340,44,1,0
BRDA:345,45,0,0
BRDA:345,45,1,0
BRDA:345,46,0,0
BRDA:345,46,1,0
BRDA:360,47,0,0
BRDA:361,48,0,0
BRDA:361,48,1,0
BRDA:364,49,0,0
BRDA:364,49,1,0
BRDA:389,50,0,0
BRDA:389,50,1,0
BRDA:401,51,0,0
BRDA:401,51,1,0
BRDA:421,52,0,0
BRDA:421,52,1,0
BRDA:421,53,0,0
BRDA:421,53,1,0
BRDA:423,54,0,0
BRDA:423,54,1,0
BRDA:428,55,0,0
BRDA:428,55,1,0
BRDA:431,56,0,0
BRDA:431,56,1,0
BRDA:437,57,0,0
BRDA:437,57,1,0
BRDA:437,58,0,0
BRDA:437,58,1,0
BRDA:443,59,0,0
BRDA:443,59,1,0
BRDA:451,60,0,0
BRDA:451,60,1,0
BRDA:456,61,0,0
BRDA:456,61,1,0
BRDA:459,62,0,0
BRDA:459,62,1,0
BRDA:470,63,0,0
BRDA:470,63,1,0
BRDA:470,64,0,0
BRDA:470,64,1,0
BRDA:478,65,0,0
BRDA:478,65,1,0
BRDA:504,66,0,0
BRDA:504,66,1,0
BRDA:504,67,0,0
BRDA:504,67,1,0
BRDA:511,68,0,0
BRDA:511,68,1,0
BRDA:512,69,0,0
BRDA:512,69,1,0
BRDA:512,70,0,0
BRDA:512,70,1,0
BRDA:525,71,0,0
BRDA:525,71,1,0
BRDA:528,72,0,0
BRDA:528,72,1,0
BRDA:531,73,0,0
BRDA:531,73,1,0
BRDA:534,74,0,0
BRDA:534,74,1,0
BRDA:534,75,0,0
BRDA:534,75,1,0
BRDA:541,76,0,0
BRDA:541,76,1,0
BRDA:546,77,0,0
BRDA:546,77,1,0
BRDA:558,78,0,0
BRDA:559,79,0,0
BRDA:559,79,1,0
BRDA:559,80,0,0
BRDA:559,80,1,0
BRDA:581,81,0,0
BRDA:581,81,1,0
BRDA:586,82,0,0
BRDA:586,82,1,0
BRDA:589,83,0,0
BRDA:589,83,1,0
BRDA:591,84,0,0
BRDA:591,84,1,0
BRDA:593,85,0,0
BRDA:593,85,1,0
BRDA:595,86,0,0
BRDA:595,86,1,0
BRF:172
BRH:0
end_of_record
TN:
SF:lib/MathUtils.js
FN:28,fastCos
FN:40,fastSin
FN:55,distanceSquared
FN:69,distance
FN:83,circleCollision
FN:96,lerp
FN:107,clamp
FN:116,normalizeAngle
FN:126,randomInt
FN:136,randomFloat
FNF:10
FNH:0
FNDA:0,fastCos
FNDA:0,fastSin
FNDA:0,distanceSquared
FNDA:0,distance
FNDA:0,circleCollision
FNDA:0,lerp
FNDA:0,clamp
FNDA:0,normalizeAngle
FNDA:0,randomInt
FNDA:0,randomFloat
DA:10,1
DA:13,1
DA:14,1
DA:17,1
DA:18,360
DA:19,360
DA:20,360
DA:30,0
DA:31,0
DA:32,0
DA:42,0
DA:43,0
DA:44,0
DA:56,0
DA:57,0
DA:58,0
DA:70,0
DA:84,0
DA:85,0
DA:86,0
DA:97,0
DA:108,0
DA:117,0
DA:127,0
DA:137,0
DA:141,1
DA:142,1
DA:157,1
DA:158,0
LF:29
LH:10
BRDA:141,0,0,1
BRDA:141,0,1,0
BRDA:141,1,0,1
BRDA:141,1,1,1
BRDA:157,2,0,0
BRDA:157,2,1,1
BRF:6
BRH:4
end_of_record
TN:
SF:lib/ObjectPool.js
FN:14,(anonymous_0)
FN:41,(anonymous_1)
FN:69,(anonymous_2)
FN:92,(anonymous_3)
FN:93,(anonymous_4)
FN:110,(anonymous_5)
FN:144,(anonymous_6)
FNF:7
FNH:0
FNDA:0,(anonymous_0)
FNDA:0,(anonymous_1)
FNDA:0,(anonymous_2)
FNDA:0,(anonymous_3)
FNDA:0,(anonymous_4)
FNDA:0,(anonymous_5)
FNDA:0,(anonymous_6)
DA:15,0
DA:16,0
DA:17,0
DA:18,0
DA:21,0
DA:31,0
DA:32,0
DA:42,0
DA:45,0
DA:46,0
DA:47,0
DA:48,0
DA:49,0
DA:51,0
DA:54,0
DA:57,0
DA:58,0
DA:61,0
DA:70,0
DA:71,0
DA:72,0
DA:75,0
DA:76,0
DA:77,0
DA:80,0
DA:83,0
DA:85,0
DA:93,0
DA:94,0
DA:95,0
DA:97,0
DA:100,0
DA:101,0
DA:111,0
DA:112,0
DA:113,0
DA:114,0
DA:118,0
DA:145,0
DA:146,0
DA:157,0
LF:41
LH:0
BRDA:14,0,0,0
BRDA:45,1,0,0
BRDA:45,1,1,0
BRDA:57,2,0,0
BRDA:57,2,1,0
BRDA:70,3,0,0
BRDA:70,3,1,0
BRDA:83,4,0,0
BRDA:83,4,1,0
BRDA:100,5,0,0
BRDA:100,5,1,0
BRDA:112,6,0,0
BRDA:112,6,1,0
BRDA:113,7,0,0
BRDA:113,7,1,0
BRDA:114,8,0,0
BRDA:114,8,1,0
BRF:17
BRH:0
end_of_record
TN:
SF:lib/Quadtree.js
FN:15,(anonymous_0)
FN:33,(anonymous_1)
FN:70,(anonymous_2)
FN:94,(anonymous_3)
FN:109,(anonymous_4)
FN:138,(anonymous_5)
FN:153,(anonymous_6)
FN:169,(anonymous_7)
FN:180,(anonymous_8)
FN:190,(anonymous_9)
FN:220,(anonymous_10)
FNF:11
FNH:0
FNDA:0,(anonymous_0)
FNDA:0,(anonymous_1)
FNDA:0,(anonymous_2)
FNDA:0,(anonymous_3)
FNDA:0,(anonymous_4)
FNDA:0,(anonymous_5)
FNDA:0,(anonymous_6)
FNDA:0,(anonymous_7)
FNDA:0,(anonymous_8)
FNDA:0,(anonymous_9)
FNDA:0,(anonymous_10)
DA:16,0
DA:17,0
DA:18,0
DA:19,0
DA:20,0
DA:21,0
DA:22,0
DA:23,0
DA:24,0
DA:25,0
DA:35,0
DA:36,0
DA:40,0
DA:41,0
DA:42,0
DA:46,0
DA:47,0
DA:51,0
DA:52,0
DA:54,0
DA:55,0
DA:57,0
DA:58,0
DA:60,0
DA:61,0
DA:64,0
DA:71,0
DA:72,0
DA:73,0
DA:74,0
DA:76,0
DA:77,0
DA:78,0
DA:79,0
DA:81,0
DA:82,0
DA:83,0
DA:84,0
DA:86,0
DA:95,0
DA:111,0
DA:112,0
DA:116,0
DA:117,0
DA:118,0
DA:123,0
DA:124,0
DA:125,0
DA:126,0
DA:127,0
DA:130,0
DA:139,0
DA:154,0
DA:170,0
DA:177,0
DA:180,0
DA:181,0
DA:182,0
DA:183,0
DA:191,0
DA:194,0
DA:195,0
DA:196,0
DA:198,0
DA:199,0
DA:201,0
DA:202,0
DA:204,0
DA:205,0
DA:209,0
DA:210,0
DA:211,0
DA:212,0
DA:213,0
DA:221,0
DA:222,0
DA:223,0
DA:224,0
DA:225,0
DA:226,0
DA:228,0
DA:232,0
LF:82
LH:0
BRDA:15,0,0,0
BRDA:15,1,0,0
BRDA:15,2,0,0
BRDA:35,3,0,0
BRDA:35,3,1,0
BRDA:40,4,0,0
BRDA:40,4,1,0
BRDA:40,5,0,0
BRDA:40,5,1,0
BRDA:46,6,0,0
BRDA:46,6,1,0
BRDA:51,7,0,0
BRDA:51,7,1,0
BRDA:54,8,0,0
BRDA:54,8,1,0
BRDA:57,9,0,0
BRDA:57,9,1,0
BRDA:60,10,0,0
BRDA:60,10,1,0
BRDA:96,11,0,0
BRDA:96,11,1,0
BRDA:96,11,2,0
BRDA:96,11,3,0
BRDA:109,12,0,0
BRDA:111,13,0,0
BRDA:111,13,1,0
BRDA:117,14,0,0
BRDA:117,14,1,0
BRDA:123,15,0,0
BRDA:123,15,1,0
BRDA:140,16,0,0
BRDA:140,16,1,0
BRDA:140,16,2,0
BRDA:140,16,3,0
BRDA:155,17,0,0
BRDA:155,17,1,0
BRDA:155,17,2,0
BRDA:155,17,3,0
BRDA:194,18,0,0
BRDA:194,18,1,0
BRDA:195,19,0,0
BRDA:195,19,1,0
BRDA:198,20,0,0
BRDA:198,20,1,0
BRDA:201,21,0,0
BRDA:201,21,1,0
BRDA:204,22,0,0
BRDA:204,22,1,0
BRDA:222,23,0,0
BRDA:222,23,1,0
BRF:50
BRH:0
end_of_record
TN:
SF:lib/application/AccountProgressionService.js
FN:11,(anonymous_0)
FN:22,(anonymous_1)
FN:70,(anonymous_2)
FN:79,(anonymous_3)
FN:94,(anonymous_4)
FN:125,(anonymous_5)
FNF:6
FNH:0
FNDA:0,(anonymous_0)
FNDA:0,(anonymous_1)
FNDA:0,(anonymous_2)
FNDA:0,(anonymous_3)
FNDA:0,(anonymous_4)
FNDA:0,(anonymous_5)
DA:7,0
DA:8,0
DA:12,0
DA:13,0
DA:23,0
DA:25,0
DA:38,0
DA:41,0
DA:47,0
DA:54,0
DA:56,0
DA:61,0
DA:71,0
DA:72,0
DA:74,0
DA:75,0
DA:79,0
DA:80,0
DA:83,0
DA:86,0
DA:88,0
DA:89,0
DA:90,0
DA:94,0
DA:95,0
DA:96,0
DA:98,0
DA:104,0
DA:105,0
DA:106,0
DA:107,0
DA:108,0
DA:109,0
DA:111,0
DA:113,0
DA:117,0
DA:126,0
DA:168,0
LF:38
LH:0
BRDA:26,0,0,0
BRDA:26,0,1,0
BRDA:27,1,0,0
BRDA:27,1,1,0
BRDA:28,2,0,0
BRDA:28,2,1,0
BRDA:29,3,0,0
BRDA:29,3,1,0
BRDA:30,4,0,0
BRDA:30,4,1,0
BRDA:31,5,0,0
BRDA:31,5,1,0
BRDA:32,6,0,0
BRDA:32,6,1,0
BRDA:33,7,0,0
BRDA:33,7,1,0
BRDA:34,8,0,0
BRDA:34,8,1,0
BRDA:74,9,0,0
BRDA:74,9,1,0
BRDA:74,10,0,0
BRDA:74,10,1,0
BRDA:89,11,0,0
BRDA:89,11,1,0
BRDA:89,12,0,0
BRDA:89,12,1,0
BRDA:95,13,0,0
BRDA:95,13,1,0
BRDA:105,14,0,0
BRDA:105,14,1,0
BRDA:106,15,0,0
BRDA:106,15,1,0
BRDA:107,16,0,0
BRDA:107,16,1,0
BRDA:108,17,0,0
BRDA:108,17,1,0
BRDA:109,18,0,0
BRDA:109,18,1,0
BRF:38
BRH:0
end_of_record
TN:
SF:lib/application/AchievementService.js
FN:10,(anonymous_0)
FN:21,(anonymous_1)
FN:31,(anonymous_2)
FN:78,(anonymous_3)
FN:83,(anonymous_4)
FN:84,(anonymous_5)
FN:85,(anonymous_6)
FN:87,(anonymous_7)
FN:88,(anonymous_8)
FN:92,(anonymous_9)
FN:93,(anonymous_10)
FNF:11
FNH:0
FNDA:0,(anonymous_0)
FNDA:0,(anonymous_1)
FNDA:0,(anonymous_2)
FNDA:0,(anonymous_3)
FNDA:0,(anonymous_4)
FNDA:0,(anonymous_5)
FNDA:0,(anonymous_6)
FNDA:0,(anonymous_7)
FNDA:0,(anonymous_8)
FNDA:0,(anonymous_9)
FNDA:0,(anonymous_10)
DA:7,0
DA:11,0
DA:12,0
DA:22,0
DA:24,0
DA:27,0
DA:30,0
DA:31,0
DA:33,0
DA:36,0
DA:38,0
DA:39,0
DA:43,0
DA:45,0
DA:51,0
DA:52,0
DA:53,0
DA:62,0
DA:64,0
DA:69,0
DA:79,0
DA:80,0
DA:81,0
DA:83,0
DA:84,0
DA:85,0
DA:87,0
DA:88,0
DA:89,0
DA:91,0
DA:92,0
DA:93,0
DA:101,0
DA:105,0
DA:110,0
LF:35
LH:0
BRDA:21,0,0,0
BRDA:38,1,0,0
BRDA:38,1,1,0
BRDA:43,2,0,0
BRDA:43,2,1,0
BRDA:51,3,0,0
BRDA:51,3,1,0
BRDA:85,4,0,0
BRDA:85,4,1,0
BRDA:89,5,0,0
BRDA:89,5,1,0
BRF:11
BRH:0
end_of_record
TN:
SF:lib/application/Container.js
FN:28,(anonymous_0)
FN:35,(anonymous_1)
FN:70,(anonymous_2)
FN:80,(anonymous_3)
FN:93,(anonymous_4)
FNF:5
FNH:0
FNDA:0,(anonymous_0)
FNDA:0,(anonymous_1)
FNDA:0,(anonymous_2)
FNDA:0,(anonymous_3)
FNDA:0,(anonymous_4)
DA:6,0
DA:7,0
DA:8,0
DA:9,0
DA:10,0
DA:11,0
DA:12,0
DA:14,0
DA:15,0
DA:17,0
DA:18,0
DA:19,0
DA:20,0
DA:21,0
DA:22,0
DA:23,0
DA:24,0
DA:25,0
DA:29,0
DA:37,0
DA:38,0
DA:41,0
DA:44,0
DA:45,0
DA:46,0
DA:47,0
DA:48,0
DA:49,0
DA:52,0
DA:53,0
DA:56,0
DA:57,0
DA:58,0
DA:59,0
DA:60,0
DA:61,0
DA:62,0
DA:63,0
DA:64,0
DA:71,0
DA:72,0
DA:74,0
DA:81,0
DA:82,0
DA:83,0
DA:85,0
DA:90,0
DA:92,0
DA:94,0
DA:95,0
DA:97,0
LF:51
LH:0
BRDA:71,0,0,0
BRDA:71,0,1,0
BRDA:82,1,0,0
BRDA:82,1,1,0
BRDA:94,2,0,0
BRDA:94,2,1,0
BRF:6
BRH:0
end_of_record
TN:
SF:lib/application/use-cases/AddAccountXPUseCase.js
FN:10,(anonymous_0)
FN:22,(anonymous_1)
FN:80,(anonymous_2)
FNF:3
FNH:0
FNDA:0,(anonymous_0)
FNDA:0,(anonymous_1)
FNDA:0,(anonymous_2)
DA:7,0
DA:11,0
DA:23,0
DA:24,0
DA:25,0
DA:28,0
DA:29,0
DA:33,0
DA:35,0
DA:37,0
DA:38,0
DA:39,0
DA:40,0
DA:44,0
DA:47,0
DA:49,0
DA:57,0
DA:64,0
DA:70,0
DA:88,0
DA:90,0
DA:93,0
DA:96,0
DA:99,0
DA:102,0
DA:105,0
DA:108,0
DA:110,0
DA:114,0
LF:29
LH:0
BRDA:22,0,0,0
BRDA:24,1,0,0
BRDA:24,1,1,0
BRDA:28,2,0,0
BRDA:28,2,1,0
BRDA:28,3,0,0
BRDA:28,3,1,0
BRDA:35,4,0,0
BRDA:35,4,1,0
BRDA:82,5,0,0
BRDA:83,6,0,0
BRDA:84,7,0,0
BRDA:85,8,0,0
BRDA:86,9,0,0
BRDA:87,10,0,0
BRF:15
BRH:0
end_of_record
TN:
SF:lib/application/use-cases/BuyUpgradeUseCase.js
FN:9,(anonymous_0)
FN:18,(anonymous_1)
FNF:2
FNH:0
FNDA:0,(anonymous_0)
FNDA:0,(anonymous_1)
DA:6,0
DA:10,0
DA:20,0
DA:21,0
DA:22,0
DA:26,0
DA:29,0
DA:30,0
DA:34,0
DA:37,0
DA:39,0
DA:46,0
DA:50,0
LF:13
LH:0
BRDA:18,0,0,0
BRDA:21,1,0,0
BRDA:21,1,1,0
BRDA:29,2,0,0
BRDA:29,2,1,0
BRF:5
BRH:0
end_of_record
TN:
SF:lib/application/use-cases/CreatePlayerUseCase.js
FN:10,(anonymous_0)
FN:19,(anonymous_1)
FNF:2
FNH:2
FNDA:11,(anonymous_0)
FNDA:11,(anonymous_1)
DA:6,1
DA:7,1
DA:11,11
DA:21,11
DA:22,2
DA:25,9
DA:26,2
DA:30,7
DA:31,6
DA:32,1
DA:36,5
DA:39,5
DA:41,5
DA:43,5
DA:47,1
LF:15
LH:15
BRDA:21,0,0,2
BRDA:21,0,1,9
BRDA:21,1,0,11
BRDA:21,1,1,10
BRDA:25,2,0,2
BRDA:25,2,1,7
BRDA:25,3,0,9
BRDA:25,3,1,8
BRDA:31,4,0,1
BRDA:31,4,1,5
BRF:10
BRH:10
end_of_record
TN:
SF:lib/application/use-cases/DisconnectSessionUseCase.js
FN:9,(anonymous_0)
FN:18,(anonymous_1)
FN:51,(anonymous_2)
FNF:3
FNH:0
FNDA:0,(anonymous_0)
FNDA:0,(anonymous_1)
FNDA:0,(anonymous_2)
DA:6,0
DA:10,0
DA:19,0
DA:21,0
DA:22,0
DA:23,0
DA:26,0
DA:28,0
DA:29,0
DA:30,0
DA:34,0
DA:35,0
DA:37,0
DA:43,0
DA:52,0
DA:54,0
DA:55,0
DA:58,0
DA:62,0
LF:19
LH:0
BRDA:18,0,0,0
BRDA:21,1,0,0
BRDA:21,1,1,0
BRDA:26,2,0,0
BRDA:26,2,1,0
BRDA:51,3,0,0
BRDA:54,4,0,0
BRDA:54,4,1,0
BRF:8
BRH:0
end_of_record
TN:
SF:lib/application/use-cases/GetLeaderboardUseCase.js
FN:9,(anonymous_0)
FN:18,(anonymous_1)
FN:42,(anonymous_2)
FNF:3
FNH:0
FNDA:0,(anonymous_0)
FNDA:0,(anonymous_1)
FNDA:0,(anonymous_2)
DA:6,0
DA:10,0
DA:20,0
DA:21,0
DA:23,0
DA:25,0
DA:26,0
DA:27,0
DA:29,0
DA:36,0
DA:38,0
DA:41,0
DA:42,0
DA:49,0
LF:14
LH:0
BRDA:18,0,0,0
BRDA:18,1,0,0
BRDA:18,2,0,0
BRDA:23,3,0,0
BRDA:23,3,1,0
BRDA:44,4,0,0
BRDA:44,4,1,0
BRF:7
BRH:0
end_of_record
TN:
SF:lib/application/use-cases/GetUpgradesUseCase.js
FN:9,(anonymous_0)
FN:18,(anonymous_1)
FNF:2
FNH:0
FNDA:0,(anonymous_0)
FNDA:0,(anonymous_1)
DA:6,0
DA:10,0
DA:19,0
DA:20,0
DA:24,0
DA:26,0
DA:31,0
DA:39,0
LF:8
LH:0
BRDA:19,0,0,0
BRDA:19,0,1,0
BRF:2
BRH:0
end_of_record
TN:
SF:lib/application/use-cases/RecoverSessionUseCase.js
FN:9,(anonymous_0)
FN:18,(anonymous_1)
FNF:2
FNH:0
FNDA:0,(anonymous_0)
FNDA:0,(anonymous_1)
DA:6,0
DA:10,0
DA:20,0
DA:22,0
DA:23,0
DA:24,0
DA:28,0
DA:29,0
DA:35,0
DA:36,0
DA:40,0
DA:41,0
DA:43,0
DA:49,0
DA:53,0
LF:15
LH:0
BRDA:18,0,0,0
BRDA:22,1,0,0
BRDA:22,1,1,0
BRDA:28,2,0,0
BRDA:28,2,1,0
BRF:5
BRH:0
end_of_record
TN:
SF:lib/application/use-cases/SaveSessionUseCase.js
FN:10,(anonymous_0)
FN:19,(anonymous_1)
FNF:2
FNH:0
FNDA:0,(anonymous_0)
FNDA:0,(anonymous_1)
DA:6,0
DA:7,0
DA:11,0
DA:21,0
DA:23,0
DA:25,0
DA:26,0
DA:28,0
DA:29,0
DA:32,0
DA:34,0
DA:37,0
DA:44,0
DA:46,0
DA:49,0
DA:53,0
LF:16
LH:0
BRDA:23,0,0,0
BRDA:23,0,1,0
BRDA:25,1,0,0
BRDA:25,1,1,0
BRDA:28,2,0,0
BRDA:28,2,1,0
BRF:6
BRH:0
end_of_record
TN:
SF:lib/application/use-cases/SubmitScoreUseCase.js
FN:10,(anonymous_0)
FN:20,(anonymous_1)
FNF:2
FNH:2
FNDA:15,(anonymous_0)
FNDA:15,(anonymous_1)
DA:6,1
DA:7,1
DA:11,15
DA:12,15
DA:22,15
DA:23,5
DA:27,10
DA:28,9
DA:29,1
DA:33,8
DA:36,8
DA:47,8
DA:49,7
DA:57,7
DA:61,1
LF:15
LH:15
BRDA:22,0,0,5
BRDA:22,0,1,10
BRDA:22,1,0,15
BRDA:22,1,1,14
BRDA:22,1,2,13
BRDA:22,1,3,12
BRDA:22,1,4,11
BRDA:28,2,0,1
BRDA:28,2,1,8
BRF:9
BRH:9
end_of_record
TN:
SF:lib/application/use-cases/UpdatePlayerStatsUseCase.js
FN:9,(anonymous_0)
FN:18,(anonymous_1)
FNF:2
FNH:0
FNDA:0,(anonymous_0)
FNDA:0,(anonymous_1)
DA:6,0
DA:10,0
DA:20,0
DA:21,0
DA:22,0
DA:26,0
DA:29,0
DA:39,0
DA:41,0
DA:50,0
DA:54,0
LF:11
LH:0
BRDA:21,0,0,0
BRDA:21,0,1,0
BRDA:30,1,0,0
BRDA:30,1,1,0
BRDA:31,2,0,0
BRDA:31,2,1,0
BRDA:32,3,0,0
BRDA:32,3,1,0
BRDA:33,4,0,0
BRDA:33,4,1,0
BRDA:34,5,0,0
BRDA:34,5,1,0
BRDA:35,6,0,0
BRDA:35,6,1,0
BRF:14
BRH:0
end_of_record
TN:
SF:lib/database/DatabaseManager.js
FN:16,(anonymous_0)
FN:24,(anonymous_1)
FN:61,(anonymous_2)
FN:206,(anonymous_3)
FN:216,(anonymous_4)
FN:226,(anonymous_5)
FN:246,(anonymous_6)
FNF:7
FNH:0
FNDA:0,(anonymous_0)
FNDA:0,(anonymous_1)
FNDA:0,(anonymous_2)
FNDA:0,(anonymous_3)
FNDA:0,(anonymous_4)
FNDA:0,(anonymous_5)
FNDA:0,(anonymous_6)
DA:7,0
DA:8,0
DA:9,0
DA:10,0
DA:12,0
DA:13,0
DA:17,0
DA:18,0
DA:25,0
DA:27,0
DA:28,0
DA:29,0
DA:33,0
DA:38,0
DA:39,0
DA:40,0
DA:41,0
DA:42,0
DA:44,0
DA:47,0
DA:49,0
DA:50,0
DA:53,0
DA:54,0
DA:63,0
DA:82,0
DA:100,0
DA:113,0
DA:131,0
DA:150,0
DA:170,0
DA:200,0
DA:207,0
DA:208,0
DA:210,0
DA:217,0
DA:218,0
DA:219,0
DA:227,0
DA:228,0
DA:231,0
DA:232,0
DA:233,0
DA:234,0
DA:235,0
DA:237,0
DA:243,0
DA:245,0
DA:247,0
DA:248,0
DA:250,0
LF:51
LH:0
BRDA:12,0,0,0
BRDA:12,0,1,0
BRDA:27,1,0,0
BRDA:27,1,1,0
BRDA:34,2,0,0
BRDA:34,2,1,0
BRDA:207,3,0,0
BRDA:207,3,1,0
BRDA:217,4,0,0
BRDA:217,4,1,0
BRDA:227,5,0,0
BRDA:227,5,1,0
BRDA:247,6,0,0
BRDA:247,6,1,0
BRF:14
BRH:0
end_of_record
TN:
SF:lib/domain/entities/AccountProgression.js
FN:9,(anonymous_0)
FN:37,(anonymous_1)
FN:46,(anonymous_2)
FN:87,(anonymous_3)
FN:108,(anonymous_4)
FN:117,(anonymous_5)
FN:146,(anonymous_6)
FN:160,(anonymous_7)
FN:169,(anonymous_8)
FN:187,(anonymous_9)
FN:205,(anonymous_10)
FNF:11
FNH:0
FNDA:0,(anonymous_0)
FNDA:0,(anonymous_1)
FNDA:0,(anonymous_2)
FNDA:0,(anonymous_3)
FNDA:0,(anonymous_4)
FNDA:0,(anonymous_5)
FNDA:0,(anonymous_6)
FNDA:0,(anonymous_7)
FNDA:0,(anonymous_8)
FNDA:0,(anonymous_9)
FNDA:0,(anonymous_10)
DA:21,0
DA:22,0
DA:23,0
DA:24,0
DA:25,0
DA:26,0
DA:27,0
DA:28,0
DA:29,0
DA:30,0
DA:38,0
DA:47,0
DA:48,0
DA:50,0
DA:51,0
DA:54,0
DA:55,0
DA:56,0
DA:57,0
DA:60,0
DA:61,0
DA:64,0
DA:65,0
DA:66,0
DA:70,0
DA:72,0
DA:88,0
DA:89,0
DA:92,0
DA:93,0
DA:96,0
DA:97,0
DA:98,0
DA:100,0
DA:109,0
DA:118,0
DA:119,0
DA:123,0
DA:126,0
DA:127,0
DA:128,0
DA:129,0
DA:130,0
DA:131,0
DA:132,0
DA:134,0
DA:147,0
DA:161,0
DA:162,0
DA:170,0
DA:188,0
DA:206,0
DA:221,0
LF:53
LH:0
BRDA:11,0,0,0
BRDA:12,1,0,0
BRDA:13,2,0,0
BRDA:14,3,0,0
BRDA:15,4,0,0
BRDA:16,5,0,0
BRDA:17,6,0,0
BRDA:18,7,0,0
BRDA:19,8,0,0
BRDA:64,9,0,0
BRDA:64,9,1,0
BRDA:87,10,0,0
BRDA:88,11,0,0
BRDA:88,11,1,0
BRDA:92,12,0,0
BRDA:92,12,1,0
BRDA:117,13,0,0
BRDA:118,14,0,0
BRDA:118,14,1,0
BRDA:214,15,0,0
BRDA:214,15,1,0
BRF:21
BRH:0
end_of_record
TN:
SF:lib/domain/entities/Achievement.js
FN:8,(anonymous_0)
FN:37,(anonymous_1)
FN:74,(anonymous_2)
FNF:3
FNH:0
FNDA:0,(anonymous_0)
FNDA:0,(anonymous_1)
FNDA:0,(anonymous_2)
DA:20,0
DA:21,0
DA:22,0
DA:23,0
DA:24,0
DA:25,0
DA:26,0
DA:27,0
DA:28,0
DA:29,0
DA:38,0
DA:40,0
DA:41,0
DA:43,0
DA:44,0
DA:46,0
DA:47,0
DA:49,0
DA:50,0
DA:52,0
DA:53,0
DA:55,0
DA:56,0
DA:58,0
DA:59,0
DA:61,0
DA:62,0
DA:64,0
DA:65,0
DA:67,0
DA:68,0
DA:71,0
DA:75,0
DA:90,0
LF:34
LH:0
BRDA:14,0,0,0
BRDA:15,1,0,0
BRDA:17,2,0,0
BRDA:18,3,0,0
BRDA:27,4,0,0
BRDA:27,4,1,0
BRDA:40,5,0,0
BRDA:40,5,1,0
BRDA:40,6,0,0
BRDA:40,6,1,0
BRDA:43,7,0,0
BRDA:43,7,1,0
BRDA:43,8,0,0
BRDA:43,8,1,0
BRDA:46,9,0,0
BRDA:46,9,1,0
BRDA:46,10,0,0
BRDA:46,10,1,0
BRDA:49,11,0,0
BRDA:49,11,1,0
BRDA:49,12,0,0
BRDA:49,12,1,0
BRDA:52,13,0,0
BRDA:52,13,1,0
BRDA:52,14,0,0
BRDA:52,14,1,0
BRDA:55,15,0,0
BRDA:55,15,1,0
BRDA:55,16,0,0
BRDA:55,16,1,0
BRDA:58,17,0,0
BRDA:58,17,1,0
BRDA:58,18,0,0
BRDA:58,18,1,0
BRDA:61,19,0,0
BRDA:61,19,1,0
BRDA:61,20,0,0
BRDA:61,20,1,0
BRDA:64,21,0,0
BRDA:64,21,1,0
BRDA:64,22,0,0
BRDA:64,22,1,0
BRDA:67,23,0,0
BRDA:67,23,1,0
BRDA:67,24,0,0
BRDA:67,24,1,0
BRF:46
BRH:0
end_of_record
TN:
SF:lib/domain/entities/GameSession.js
FN:7,(anonymous_0)
FN:28,(anonymous_1)
FN:36,(anonymous_2)
FN:45,(anonymous_3)
FN:53,(anonymous_4)
FN:60,(anonymous_5)
FN:70,(anonymous_6)
FN:80,(anonymous_7)
FN:95,(anonymous_8)
FNF:9
FNH:9
FNDA:31,(anonymous_0)
FNDA:4,(anonymous_1)
FNDA:3,(anonymous_2)
FNDA:3,(anonymous_3)
FNDA:4,(anonymous_4)
FNDA:5,(anonymous_5)
FNDA:3,(anonymous_6)
FNDA:3,(anonymous_7)
FNDA:4,(anonymous_8)
DA:16,31
DA:17,31
DA:18,31
DA:19,31
DA:20,31
DA:21,31
DA:22,31
DA:29,4
DA:30,4
DA:37,3
DA:38,3
DA:39,3
DA:46,3
DA:47,3
DA:54,4
DA:61,5
DA:62,1
DA:64,4
DA:71,3
DA:72,1
DA:74,2
DA:81,3
DA:96,4
DA:108,1
LF:24
LH:24
BRDA:10,0,0,18
BRDA:11,1,0,23
BRDA:12,2,0,26
BRDA:13,3,0,23
BRDA:14,4,0,13
BRDA:54,5,0,4
BRDA:54,5,1,2
BRDA:60,6,0,2
BRDA:61,7,0,1
BRDA:61,7,1,4
BRDA:71,8,0,1
BRDA:71,8,1,2
BRDA:100,9,0,2
BRDA:100,9,1,2
BRDA:103,10,0,1
BRDA:103,10,1,3
BRF:16
BRH:16
end_of_record
TN:
SF:lib/domain/entities/LeaderboardEntry.js
FN:7,(anonymous_0)
FN:32,(anonymous_1)
FN:44,(anonymous_2)
FN:53,(anonymous_3)
FN:66,(anonymous_4)
FN:83,(anonymous_5)
FNF:6
FNH:2
FNDA:8,(anonymous_0)
FNDA:8,(anonymous_1)
FNDA:0,(anonymous_2)
FNDA:0,(anonymous_3)
FNDA:0,(anonymous_4)
FNDA:0,(anonymous_5)
DA:18,8
DA:19,8
DA:20,8
DA:21,8
DA:22,8
DA:23,8
DA:24,8
DA:25,8
DA:26,8
DA:33,8
DA:45,0
DA:46,0
DA:47,0
DA:54,0
DA:55,0
DA:57,0
DA:58,0
DA:60,0
DA:67,0
DA:84,0
DA:98,1
LF:21
LH:11
BRDA:8,0,0,8
BRDA:16,1,0,8
BRDA:54,2,0,0
BRDA:54,2,1,0
BRDA:57,3,0,0
BRDA:57,3,1,0
BRDA:83,4,0,0
BRDA:87,5,0,0
BRDA:87,5,1,0
BRF:9
BRH:2
end_of_record
TN:
SF:lib/domain/entities/PermanentUpgrades.js
FN:7,(anonymous_0)
FN:26,(anonymous_1)
FN:46,(anonymous_2)
FN:60,(anonymous_3)
FN:67,(anonymous_4)
FN:79,(anonymous_5)
FN:91,(anonymous_6)
FN:105,(anonymous_7)
FNF:8
FNH:0
FNDA:0,(anonymous_0)
FNDA:0,(anonymous_1)
FNDA:0,(anonymous_2)
FNDA:0,(anonymous_3)
FNDA:0,(anonymous_4)
FNDA:0,(anonymous_5)
FNDA:0,(anonymous_6)
FNDA:0,(anonymous_7)
DA:15,0
DA:16,0
DA:17,0
DA:18,0
DA:19,0
DA:20,0
DA:27,0
DA:34,0
DA:35,0
DA:36,0
DA:39,0
DA:40,0
DA:47,0
DA:54,0
DA:61,0
DA:68,0
DA:80,0
DA:92,0
DA:106,0
DA:117,0
LF:20
LH:0
BRDA:9,0,0,0
BRDA:10,1,0,0
BRDA:11,2,0,0
BRDA:12,3,0,0
BRDA:13,4,0,0
BRDA:35,5,0,0
BRDA:35,5,1,0
BRDA:54,6,0,0
BRDA:54,6,1,0
BRDA:60,7,0,0
BRF:10
BRH:0
end_of_record
TN:
SF:lib/domain/entities/Player.js
FN:7,(anonymous_0)
FN:34,(anonymous_1)
FN:47,(anonymous_2)
FN:54,(anonymous_3)
FN:66,(anonymous_4)
FN:75,(anonymous_5)
FN:93,(anonymous_6)
FNF:7
FNH:7
FNDA:36,(anonymous_0)
FNDA:5,(anonymous_1)
FNDA:4,(anonymous_2)
FNDA:3,(anonymous_3)
FNDA:4,(anonymous_4)
FNDA:2,(anonymous_5)
FNDA:2,(anonymous_6)
DA:19,36
DA:20,36
DA:21,36
DA:22,36
DA:23,36
DA:24,36
DA:25,36
DA:26,36
DA:27,36
DA:28,36
DA:35,5
DA:36,5
DA:37,5
DA:38,5
DA:39,5
DA:40,5
DA:41,5
DA:48,4
DA:55,3
DA:67,4
DA:76,2
DA:94,2
DA:109,3
LF:23
LH:23
BRDA:10,0,0,25
BRDA:11,1,0,27
BRDA:12,2,0,24
BRDA:13,3,0,25
BRDA:14,4,0,32
BRDA:15,5,0,30
BRDA:16,6,0,33
BRDA:17,7,0,32
BRDA:48,8,0,4
BRDA:48,8,1,3
BRDA:67,9,0,1
BRDA:67,9,1,3
BRF:12
BRH:12
end_of_record
TN:
SF:lib/domain/errors/DomainErrors.js
FN:10,(anonymous_0)
FN:23,(anonymous_1)
FN:33,(anonymous_2)
FN:47,(anonymous_3)
FN:56,(anonymous_4)
FN:65,(anonymous_5)
FN:75,(anonymous_6)
FN:85,(anonymous_7)
FN:95,(anonymous_8)
FN:104,(anonymous_9)
FNF:10
FNH:0
FNDA:0,(anonymous_0)
FNDA:0,(anonymous_1)
FNDA:0,(anonymous_2)
FNDA:0,(anonymous_3)
FNDA:0,(anonymous_4)
FNDA:0,(anonymous_5)
FNDA:0,(anonymous_6)
FNDA:0,(anonymous_7)
FNDA:0,(anonymous_8)
FNDA:0,(anonymous_9)
DA:11,0
DA:12,0
DA:13,0
DA:14,0
DA:15,0
DA:24,0
DA:25,0
DA:34,0
DA:37,0
DA:38,0
DA:39,0
DA:48,0
DA:57,0
DA:66,0
DA:67,0
DA:76,0
DA:77,0
DA:86,0
DA:87,0
DA:96,0
DA:105,0
DA:109,0
LF:22
LH:0
BRDA:10,0,0,0
BRDA:23,1,0,0
BRDA:33,2,0,0
BRDA:34,3,0,0
BRDA:34,3,1,0
BRDA:47,4,0,0
BRDA:56,5,0,0
BRDA:65,6,0,0
BRDA:75,7,0,0
BRDA:75,8,0,0
BRDA:85,9,0,0
BRDA:95,10,0,0
BRF:12
BRH:0
end_of_record
TN:
SF:lib/domain/repositories/ILeaderboardRepository.js
FN:12,(anonymous_0)
FN:21,(anonymous_1)
FN:31,(anonymous_2)
FN:40,(anonymous_3)
FN:49,(anonymous_4)
FN:58,(anonymous_5)
FNF:6
FNH:0
FNDA:0,(anonymous_0)
FNDA:0,(anonymous_1)
FNDA:0,(anonymous_2)
FNDA:0,(anonymous_3)
FNDA:0,(anonymous_4)
FNDA:0,(anonymous_5)
DA:13,0
DA:22,0
DA:32,0
DA:41,0
DA:50,0
DA:59,0
DA:63,0
LF:7
LH:0
BRDA:21,0,0,0
BRDA:31,1,0,0
BRDA:58,2,0,0
BRF:3
BRH:0
end_of_record
TN:
SF:lib/domain/repositories/IPlayerRepository.js
FN:13,(anonymous_0)
FN:22,(anonymous_1)
FN:31,(anonymous_2)
FN:40,(anonymous_3)
FN:49,(anonymous_4)
FN:58,(anonymous_5)
FNF:6
FNH:0
FNDA:0,(anonymous_0)
FNDA:0,(anonymous_1)
FNDA:0,(anonymous_2)
FNDA:0,(anonymous_3)
FNDA:0,(anonymous_4)
FNDA:0,(anonymous_5)
DA:14,0
DA:23,0
DA:32,0
DA:41,0
DA:50,0
DA:59,0
DA:63,0
LF:7
LH:0
BRDA:49,0,0,0
BRF:1
BRH:0
end_of_record
TN:
SF:lib/domain/repositories/ISessionRepository.js
FN:13,(anonymous_0)
FN:22,(anonymous_1)
FN:31,(anonymous_2)
FN:40,(anonymous_3)
FN:49,(anonymous_4)
FN:58,(anonymous_5)
FN:67,(anonymous_6)
FN:76,(anonymous_7)
FNF:8
FNH:0
FNDA:0,(anonymous_0)
FNDA:0,(anonymous_1)
FNDA:0,(anonymous_2)
FNDA:0,(anonymous_3)
FNDA:0,(anonymous_4)
FNDA:0,(anonymous_5)
FNDA:0,(anonymous_6)
FNDA:0,(anonymous_7)
DA:14,0
DA:23,0
DA:32,0
DA:41,0
DA:50,0
DA:59,0
DA:68,0
DA:77,0
DA:81,0
LF:9
LH:0
BRDA:67,0,0,0
BRF:1
BRH:0
end_of_record
TN:
SF:lib/domain/repositories/IUpgradesRepository.js
FN:12,(anonymous_0)
FN:21,(anonymous_1)
FN:30,(anonymous_2)
FN:39,(anonymous_3)
FNF:4
FNH:0
FNDA:0,(anonymous_0)
FNDA:0,(anonymous_1)
FNDA:0,(anonymous_2)
FNDA:0,(anonymous_3)
DA:13,0
DA:22,0
DA:31,0
DA:40,0
DA:44,0
LF:5
LH:0
BRF:0
BRH:0
end_of_record
TN:
SF:lib/infrastructure/Logger.js
FN:26,(anonymous_0)
FN:73,(anonymous_1)
FN:81,(anonymous_2)
FN:82,(anonymous_3)
FN:83,(anonymous_4)
FN:84,(anonymous_5)
FN:85,(anonymous_6)
FN:93,isLevelEnabled
FN:105,(anonymous_8)
FN:106,(anonymous_9)
FN:107,(anonymous_10)
FN:108,(anonymous_11)
FN:115,(anonymous_12)
FN:116,(anonymous_13)
FN:120,(anonymous_14)
FNF:15
FNH:7
FNDA:0,(anonymous_0)
FNDA:14,(anonymous_1)
FNDA:1,(anonymous_2)
FNDA:1,(anonymous_3)
FNDA:12,(anonymous_4)
FNDA:0,(anonymous_5)
FNDA:0,(anonymous_6)
FNDA:0,isLevelEnabled
FNDA:1,(anonymous_8)
FNDA:1,(anonymous_9)
FNDA:12,(anonymous_10)
FNDA:0,(anonymous_11)
FNDA:0,(anonymous_12)
FNDA:0,(anonymous_13)
FNDA:0,(anonymous_14)
DA:7,3
DA:8,3
DA:9,3
DA:11,3
DA:12,0
DA:15,3
DA:17,3
DA:18,3
DA:20,3
DA:21,3
DA:23,0
DA:27,0
DA:28,0
DA:29,0
DA:31,0
DA:36,0
DA:43,0
DA:56,0
DA:57,0
DA:65,0
DA:73,3
DA:74,14
DA:75,14
DA:77,0
DA:79,3
DA:80,3
DA:81,1
DA:82,1
DA:83,12
DA:84,0
DA:85,0
DA:94,0
DA:95,0
DA:96,0
DA:97,0
DA:104,3
DA:105,1
DA:106,1
DA:107,12
DA:109,0
DA:110,0
DA:115,0
DA:116,0
DA:120,0
LF:44
LH:21
BRDA:11,0,0,0
BRDA:11,0,1,3
BRDA:17,1,0,3
BRDA:17,1,1,3
BRDA:17,2,0,0
BRDA:17,2,1,3
BRDA:18,3,0,3
BRDA:18,3,1,3
BRDA:21,4,0,0
BRDA:21,4,1,3
BRDA:28,5,0,0
BRDA:28,5,1,0
BRDA:56,6,0,0
BRDA:56,6,1,0
BRDA:74,7,0,14
BRDA:74,7,1,0
BRDA:74,8,0,14
BRDA:74,8,1,14
BRDA:79,9,0,3
BRDA:79,9,1,0
BRDA:95,10,0,0
BRDA:95,10,1,0
BRDA:96,11,0,0
BRDA:96,11,1,0
BRDA:105,12,0,0
BRDA:106,13,0,0
BRDA:107,14,0,0
BRDA:108,15,0,0
BRDA:109,16,0,0
BRDA:109,16,1,0
BRF:30
BRH:11
end_of_record
TN:
SF:lib/infrastructure/MetricsCollector.js
FN:11,(anonymous_0)
FN:67,(anonymous_1)
FN:77,(anonymous_2)
FN:84,(anonymous_3)
FN:91,(anonymous_4)
FN:98,(anonymous_5)
FN:105,(anonymous_6)
FN:112,(anonymous_7)
FN:119,(anonymous_8)
FN:126,(anonymous_9)
FN:133,(anonymous_10)
FN:140,(anonymous_11)
FN:158,(anonymous_12)
FN:166,(anonymous_13)
FN:173,(anonymous_14)
FN:178,(anonymous_15)
FN:186,(anonymous_16)
FN:192,(anonymous_17)
FN:200,(anonymous_18)
FN:237,(anonymous_19)
FN:247,(anonymous_20)
FN:323,(anonymous_21)
FN:338,(anonymous_22)
FN:356,(anonymous_23)
FNF:24
FNH:0
FNDA:0,(anonymous_0)
FNDA:0,(anonymous_1)
FNDA:0,(anonymous_2)
FNDA:0,(anonymous_3)
FNDA:0,(anonymous_4)
FNDA:0,(anonymous_5)
FNDA:0,(anonymous_6)
FNDA:0,(anonymous_7)
FNDA:0,(anonymous_8)
FNDA:0,(anonymous_9)
FNDA:0,(anonymous_10)
FNDA:0,(anonymous_11)
FNDA:0,(anonymous_12)
FNDA:0,(anonymous_13)
FNDA:0,(anonymous_14)
FNDA:0,(anonymous_15)
FNDA:0,(anonymous_16)
FNDA:0,(anonymous_17)
FNDA:0,(anonymous_18)
FNDA:0,(anonymous_19)
FNDA:0,(anonymous_20)
FNDA:0,(anonymous_21)
FNDA:0,(anonymous_22)
FNDA:0,(anonymous_23)
DA:7,0
DA:8,0
DA:12,0
DA:15,0
DA:56,0
DA:57,0
DA:60,0
DA:61,0
DA:68,0
DA:70,0
DA:71,0
DA:78,0
DA:85,0
DA:92,0
DA:99,0
DA:106,0
DA:113,0
DA:120,0
DA:127,0
DA:134,0
DA:141,0
DA:142,0
DA:143,0
DA:147,0
DA:148,0
DA:149,0
DA:151,0
DA:152,0
DA:153,0
DA:154,0
DA:158,0
DA:159,0
DA:160,0
DA:167,0
DA:174,0
DA:175,0
DA:179,0
DA:180,0
DA:187,0
DA:188,0
DA:191,0
DA:192,0
DA:194,0
DA:201,0
DA:202,0
DA:204,0
DA:238,0
DA:248,0
DA:249,0
DA:252,0
DA:253,0
DA:254,0
DA:256,0
DA:257,0
DA:258,0
DA:260,0
DA:261,0
DA:262,0
DA:265,0
DA:266,0
DA:267,0
DA:269,0
DA:270,0
DA:271,0
DA:273,0
DA:274,0
DA:275,0
DA:278,0
DA:279,0
DA:280,0
DA:282,0
DA:283,0
DA:284,0
DA:286,0
DA:287,0
DA:288,0
DA:290,0
DA:291,0
DA:292,0
DA:295,0
DA:296,0
DA:297,0
DA:299,0
DA:300,0
DA:301,0
DA:304,0
DA:305,0
DA:306,0
DA:308,0
DA:309,0
DA:310,0
DA:313,0
DA:314,0
DA:315,0
DA:317,0
DA:324,0
DA:326,0
DA:339,0
DA:340,0
DA:341,0
DA:342,0
DA:343,0
DA:344,0
DA:345,0
DA:346,0
DA:347,0
DA:348,0
DA:353,0
DA:355,0
DA:357,0
DA:358,0
DA:360,0
LF:112
LH:0
BRDA:68,0,0,0
BRDA:68,0,1,0
BRDA:85,1,0,0
BRDA:85,1,1,0
BRDA:91,2,0,0
BRDA:106,3,0,0
BRDA:106,3,1,0
BRDA:127,4,0,0
BRDA:127,4,1,0
BRDA:133,5,0,0
BRDA:142,6,0,0
BRDA:142,6,1,0
BRDA:151,7,0,0
BRDA:151,7,1,0
BRDA:187,8,0,0
BRDA:187,8,1,0
BRDA:191,9,0,0
BRDA:191,9,1,0
BRDA:357,10,0,0
BRDA:357,10,1,0
BRF:20
BRH:0
end_of_record
TN:
SF:lib/infrastructure/auth/JwtService.js
FN:10,(anonymous_0)
FN:29,(anonymous_1)
FN:38,(anonymous_2)
FN:69,(anonymous_3)
FN:103,(anonymous_4)
FN:118,(anonymous_5)
FN:119,(anonymous_6)
FN:156,(anonymous_7)
FN:157,(anonymous_8)
FNF:9
FNH:0
FNDA:0,(anonymous_0)
FNDA:0,(anonymous_1)
FNDA:0,(anonymous_2)
FNDA:0,(anonymous_3)
FNDA:0,(anonymous_4)
FNDA:0,(anonymous_5)
FNDA:0,(anonymous_6)
FNDA:0,(anonymous_7)
FNDA:0,(anonymous_8)
DA:6,0
DA:7,0
DA:11,0
DA:12,0
DA:13,0
DA:15,0
DA:16,0
DA:21,0
DA:30,0
DA:39,0
DA:40,0
DA:50,0
DA:55,0
DA:57,0
DA:60,0
DA:70,0
DA:71,0
DA:73,0
DA:78,0
DA:80,0
DA:81,0
DA:84,0
DA:85,0
DA:89,0
DA:94,0
DA:104,0
DA:105,0
DA:107,0
DA:110,0
DA:119,0
DA:120,0
DA:122,0
DA:123,0
DA:126,0
DA:129,0
DA:131,0
DA:132,0
DA:135,0
DA:139,0
DA:140,0
DA:142,0
DA:148,0
DA:157,0
DA:158,0
DA:160,0
DA:161,0
DA:166,0
DA:168,0
DA:169,0
DA:174,0
DA:175,0
DA:177,0
DA:178,0
DA:183,0
DA:184,0
DA:186,0
DA:191,0
LF:57
LH:0
BRDA:12,0,0,0
BRDA:12,0,1,0
BRDA:13,1,0,0
BRDA:13,1,1,0
BRDA:15,2,0,0
BRDA:15,2,1,0
BRDA:80,3,0,0
BRDA:80,3,1,0
BRDA:84,4,0,0
BRDA:84,4,1,0
BRDA:122,5,0,0
BRDA:122,5,1,0
BRDA:131,6,0,0
BRDA:131,6,1,0
BRDA:160,7,0,0
BRDA:160,7,1,0
BRDA:168,8,0,0
BRDA:168,8,1,0
BRDA:168,9,0,0
BRDA:168,9,1,0
BRDA:177,10,0,0
BRDA:177,10,1,0
BRF:22
BRH:0
end_of_record
TN:
SF:lib/infrastructure/repositories/SQLiteAchievementRepository.js
FN:12,(anonymous_0)
FN:17,(anonymous_1)
FN:44,(anonymous_2)
FN:47,(anonymous_3)
FN:66,(anonymous_4)
FN:92,(anonymous_5)
FN:95,(anonymous_6)
FN:113,(anonymous_7)
FN:127,(anonymous_8)
FN:141,(anonymous_9)
FNF:10
FNH:0
FNDA:0,(anonymous_0)
FNDA:0,(anonymous_1)
FNDA:0,(anonymous_2)
FNDA:0,(anonymous_3)
FNDA:0,(anonymous_4)
FNDA:0,(anonymous_5)
FNDA:0,(anonymous_6)
FNDA:0,(anonymous_7)
FNDA:0,(anonymous_8)
FNDA:0,(anonymous_9)
DA:7,0
DA:8,0
DA:9,0
DA:13,0
DA:14,0
DA:18,0
DA:45,0
DA:46,0
DA:47,0
DA:61,0
DA:62,0
DA:67,0
DA:68,0
DA:69,0
DA:70,0
DA:73,0
DA:87,0
DA:88,0
DA:93,0
DA:94,0
DA:95,0
DA:108,0
DA:109,0
DA:114,0
DA:115,0
DA:116,0
[...]
DA:330,0
DA:332,0
DA:333,0
DA:334,0
DA:335,0
DA:340,0
DA:342,0
DA:343,0
DA:344,0
DA:345,0
DA:346,0
DA:349,0
DA:350,0
DA:351,0
DA:352,0
DA:354,0
DA:355,0
DA:356,0
DA:358,0
DA:391,0
DA:392,0
DA:393,0
DA:394,0
DA:441,0
DA:442,0
DA:443,0
DA:444,0
DA:445,0
DA:446,0
DA:447,0
DA:448,0
DA:450,0
DA:451,0
DA:490,0
DA:491,0
DA:493,0
DA:494,0
DA:495,0
DA:496,0
DA:500,0
DA:501,0
DA:562,0
DA:563,0
DA:564,0
DA:565,0
DA:566,0
DA:567,0
DA:568,0
DA:569,0
DA:571,0
DA:572,0
DA:604,0
DA:605,0
DA:606,0
DA:607,0
DA:651,0
DA:652,0
DA:653,0
DA:654,0
DA:659,0
DA:660,0
DA:661,0
DA:662,0
DA:667,0
DA:668,0
DA:669,0
DA:670,0
DA:721,0
DA:730,0
LF:149
LH:0
BRDA:54,0,0,0
BRDA:54,0,1,0
BRDA:204,1,0,0
BRDA:204,1,1,0
BRDA:205,2,0,0
BRDA:205,2,1,0
BRDA:207,3,0,0
BRDA:207,3,1,0
BRDA:208,4,0,0
BRDA:208,4,1,0
BRDA:209,5,0,0
BRDA:209,5,1,0
BRDA:211,6,0,0
BRDA:211,6,1,0
BRDA:216,7,0,0
BRDA:216,7,1,0
BRDA:217,8,0,0
BRDA:217,8,1,0
BRDA:218,9,0,0
BRDA:218,9,1,0
BRDA:219,10,0,0
BRDA:219,10,1,0
BRDA:220,11,0,0
BRDA:220,11,1,0
BRDA:221,12,0,0
BRDA:221,12,1,0
BRDA:222,13,0,0
BRDA:222,13,1,0
BRDA:225,14,0,0
BRDA:225,14,1,0
BRDA:226,15,0,0
BRDA:226,15,1,0
BRDA:227,16,0,0
BRDA:227,16,1,0
BRDA:228,17,0,0
BRDA:228,17,1,0
BRDA:229,18,0,0
BRDA:229,18,1,0
BRDA:230,19,0,0
BRDA:230,19,1,0
BRDA:234,20,0,0
BRDA:234,20,1,0
BRDA:277,21,0,0
BRDA:277,21,1,0
BRDA:325,22,0,0
BRDA:330,23,0,0
BRDA:330,23,1,0
BRDA:334,24,0,0
BRDA:334,24,1,0
BRDA:392,25,0,0
BRDA:392,25,1,0
BRDA:491,26,0,0
BRDA:491,26,1,0
BRDA:495,27,0,0
BRDA:495,27,1,0
BRDA:495,28,0,0
BRDA:495,28,1,0
BRDA:567,29,0,0
BRDA:567,29,1,0
BRDA:569,30,0,0
BRDA:569,30,1,0
BRDA:605,31,0,0
BRDA:605,31,1,0
BRDA:653,32,0,0
BRDA:653,32,1,0
BRDA:661,33,0,0
BRDA:661,33,1,0
BRDA:669,34,0,0
BRDA:669,34,1,0
BRF:69
BRH:0
end_of_record
TN:
SF:lib/server/NetworkManager.js
FN:9,(anonymous_0)
FN:28,(anonymous_1)
FN:40,(anonymous_2)
FN:48,(anonymous_3)
FN:72,(anonymous_4)
FN:125,(anonymous_5)
FN:186,(anonymous_6)
FN:241,(anonymous_7)
FN:306,(anonymous_8)
FN:368,(anonymous_9)
FN:385,(anonymous_10)
FN:393,(anonymous_11)
FN:414,(anonymous_12)
FN:423,(anonymous_13)
FN:431,(anonymous_14)
FN:439,(anonymous_15)
FN:444,(anonymous_16)
FN:475,(anonymous_17)
FN:495,(anonymous_18)
FN:505,(anonymous_19)
FN:529,(anonymous_20)
FN:549,(anonymous_21)
FN:565,(anonymous_22)
FN:567,(anonymous_23)
FNF:24
FNH:0
FNDA:0,(anonymous_0)
FNDA:0,(anonymous_1)
FNDA:0,(anonymous_2)
FNDA:0,(anonymous_3)
FNDA:0,(anonymous_4)
FNDA:0,(anonymous_5)
FNDA:0,(anonymous_6)
FNDA:0,(anonymous_7)
FNDA:0,(anonymous_8)
FNDA:0,(anonymous_9)
FNDA:0,(anonymous_10)
FNDA:0,(anonymous_11)
FNDA:0,(anonymous_12)
FNDA:0,(anonymous_13)
FNDA:0,(anonymous_14)
FNDA:0,(anonymous_15)
FNDA:0,(anonymous_16)
FNDA:0,(anonymous_17)
FNDA:0,(anonymous_18)
FNDA:0,(anonymous_19)
FNDA:0,(anonymous_20)
FNDA:0,(anonymous_21)
FNDA:0,(anonymous_22)
FNDA:0,(anonymous_23)
DA:10,0
DA:11,0
DA:12,0
DA:13,0
DA:14,0
DA:17,0
DA:18,0
DA:19,0
DA:22,0
DA:23,0
DA:24,0
DA:25,0
DA:29,0
DA:30,0
DA:33,0
DA:34,0
DA:35,0
DA:36,0
DA:37,0
DA:41,0
DA:42,0
DA:43,0
DA:45,0
DA:49,0
DA:73,0
DA:74,0
DA:76,0
DA:77,0
DA:81,0
DA:82,0
DA:84,0
DA:85,0
DA:89,0
DA:90,0
DA:91,0
DA:92,0
DA:95,0
DA:96,0
DA:97,0
DA:100,0
DA:101,0
DA:102,0
DA:103,0
DA:107,0
DA:111,0
DA:112,0
DA:116,0
DA:126,0
DA:133,0
DA:135,0
DA:136,0
DA:137,0
DA:139,0
DA:140,0
DA:143,0
DA:144,0
DA:145,0
DA:147,0
DA:148,0
DA:153,0
DA:154,0
DA:155,0
DA:160,0
DA:161,0
DA:163,0
DA:164,0
DA:169,0
DA:176,0
DA:187,0
DA:204,0
DA:206,0
DA:207,0
DA:208,0
DA:210,0
DA:211,0
DA:214,0
DA:216,0
DA:219,0
DA:222,0
DA:223,0
DA:226,0
DA:231,0
DA:242,0
DA:246,0
DA:247,0
DA:248,0
DA:252,0
DA:253,0
DA:256,0
DA:259,0
DA:260,0
DA:262,0
DA:279,0
DA:282,0
DA:286,0
DA:289,0
DA:292,0
DA:293,0
DA:297,0
DA:308,0
DA:310,0
DA:311,0
DA:312,0
DA:314,0
DA:315,0
DA:318,0
DA:319,0
DA:324,0
DA:327,0
DA:328,0
DA:330,0
DA:331,0
DA:332,0
DA:333,0
DA:335,0
DA:336,0
DA:340,0
DA:341,0
DA:342,0
DA:343,0
DA:344,0
DA:348,0
DA:349,0
DA:357,0
DA:370,0
DA:371,0
DA:372,0
DA:376,0
DA:377,0
DA:381,0
DA:384,0
DA:385,0
DA:394,0
DA:395,0
DA:397,0
DA:399,0
DA:404,0
DA:405,0
DA:415,0
DA:424,0
DA:432,0
DA:433,0
DA:440,0
DA:441,0
DA:444,0
DA:445,0
DA:448,0
DA:449,0
DA:451,0
DA:453,0
DA:456,0
DA:457,0
DA:463,0
DA:476,0
DA:477,0
DA:479,0
DA:480,0
DA:486,0
DA:489,0
DA:490,0
DA:491,0
DA:495,0
DA:496,0
DA:506,0
DA:508,0
DA:509,0
DA:512,0
DA:513,0
DA:514,0
DA:515,0
DA:517,0
DA:530,0
DA:531,0
DA:532,0
DA:535,0
DA:536,0
DA:537,0
DA:540,0
DA:541,0
DA:551,0
DA:552,0
DA:556,0
DA:557,0
DA:566,0
DA:567,0
DA:571,0
DA:581,0
LF:187
LH:0
BRDA:29,0,0,0
BRDA:29,0,1,0
BRDA:29,1,0,0
BRDA:29,1,1,0
BRDA:73,2,0,0
BRDA:73,2,1,0
BRDA:76,3,0,0
BRDA:76,3,1,0
BRDA:76,4,0,0
BRDA:76,4,1,0
BRDA:76,4,2,0
BRDA:76,4,3,0
BRDA:84,5,0,0
BRDA:84,5,1,0
BRDA:95,6,0,0
BRDA:95,6,1,0
BRDA:95,7,0,0
BRDA:95,7,1,0
BRDA:96,8,0,0
BRDA:96,8,1,0
BRDA:100,9,0,0
BRDA:100,9,1,0
BRDA:102,10,0,0
BRDA:102,10,1,0
BRDA:111,11,0,0
BRDA:111,11,1,0
BRDA:136,12,0,0
BRDA:136,12,1,0
BRDA:137,13,0,0
BRDA:137,13,1,0
BRDA:147,14,0,0
BRDA:147,14,1,0
BRDA:147,15,0,0
BRDA:147,15,1,0
BRDA:154,16,0,0
BRDA:154,16,1,0
BRDA:160,17,0,0
BRDA:160,17,1,0
BRDA:163,18,0,0
BRDA:163,18,1,0
BRDA:214,19,0,0
BRDA:214,19,1,0
BRDA:222,20,0,0
BRDA:222,20,1,0
BRDA:222,21,0,0
BRDA:222,21,1,0
BRDA:247,22,0,0
BRDA:247,22,1,0
BRDA:247,23,0,0
BRDA:247,23,1,0
BRDA:259,24,0,0
BRDA:259,24,1,0
BRDA:292,25,0,0
BRDA:292,25,1,0
BRDA:292,26,0,0
BRDA:292,26,1,0
BRDA:311,27,0,0
BRDA:311,27,1,0
BRDA:312,28,0,0
BRDA:312,28,1,0
BRDA:318,29,0,0
BRDA:318,29,1,0
BRDA:324,30,0,0
BRDA:324,30,1,0
BRDA:324,31,0,0
BRDA:324,31,1,0
BRDA:324,31,2,0
BRDA:335,32,0,0
BRDA:335,32,1,0
BRDA:340,33,0,0
BRDA:340,33,1,0
BRDA:340,34,0,0
BRDA:340,34,1,0
BRDA:341,35,0,0
BRDA:341,35,1,0
BRDA:341,36,0,0
BRDA:341,36,1,0
BRDA:342,37,0,0
BRDA:342,37,1,0
BRDA:342,38,0,0
BRDA:342,38,1,0
BRDA:343,39,0,0
BRDA:343,39,1,0
BRDA:343,40,0,0
BRDA:343,40,1,0
BRDA:348,41,0,0
BRDA:348,41,1,0
BRDA:348,42,0,0
BRDA:348,42,1,0
BRDA:348,42,2,0
BRDA:368,43,0,0
BRDA:370,44,0,0
BRDA:370,44,1,0
BRDA:376,45,0,0
BRDA:376,45,1,0
BRDA:384,46,0,0
BRDA:384,46,1,0
BRDA:397,47,0,0
BRDA:397,47,1,0
BRDA:440,48,0,0
BRDA:440,48,1,0
BRDA:451,49,0,0
BRDA:451,49,1,0
BRDA:451,50,0,0
BRDA:451,50,1,0
BRDA:456,51,0,0
BRDA:456,51,1,0
BRDA:479,52,0,0
BRDA:479,52,1,0
BRDA:490,53,0,0
BRDA:490,53,1,0
BRDA:508,54,0,0
BRDA:508,54,1,0
BRDA:508,55,0,0
BRDA:508,55,1,0
BRDA:530,56,0,0
BRDA:530,56,1,0
BRDA:535,57,0,0
BRDA:535,57,1,0
BRDA:551,58,0,0
BRDA:551,58,1,0
BRDA:556,59,0,0
BRDA:556,59,1,0
BRF:123
BRH:0
end_of_record
TN:
SF:lib/server/PerformanceConfig.js
FN:8,(anonymous_0)
FN:73,(anonymous_1)
FN:80,(anonymous_2)
FN:87,(anonymous_3)
FN:94,(anonymous_4)
FN:101,(anonymous_5)
FN:110,(anonymous_6)
FN:117,(anonymous_7)
FN:131,(anonymous_8)
FN:143,(anonymous_9)
FN:150,(anonymous_10)
FNF:11
FNH:0
FNDA:0,(anonymous_0)
FNDA:0,(anonymous_1)
FNDA:0,(anonymous_2)
FNDA:0,(anonymous_3)
FNDA:0,(anonymous_4)
FNDA:0,(anonymous_5)
FNDA:0,(anonymous_6)
FNDA:0,(anonymous_7)
FNDA:0,(anonymous_8)
FNDA:0,(anonymous_9)
FNDA:0,(anonymous_10)
DA:10,0
DA:13,0
DA:67,0
DA:74,0
DA:81,0
DA:88,0
DA:95,0
DA:103,0
DA:104,0
DA:111,0
DA:118,0
DA:119,0
DA:120,0
DA:121,0
DA:132,0
DA:133,0
DA:134,0
DA:135,0
DA:136,0
DA:137,0
DA:144,0
DA:151,0
DA:155,0
LF:23
LH:0
BRDA:10,0,0,0
BRDA:10,0,1,0
BRDA:67,1,0,0
BRDA:67,1,1,0
BRDA:118,2,0,0
BRDA:118,2,1,0
BRDA:118,3,0,0
BRDA:118,3,1,0
BRF:8
BRH:0
end_of_record
TN:
SF:lib/server/PerformanceIntegration.js
FN:10,(anonymous_0)
FN:25,(anonymous_1)
FN:30,(anonymous_2)
FN:38,(anonymous_3)
FN:48,(anonymous_4)
FN:55,(anonymous_5)
FN:62,(anonymous_6)
FN:69,(anonymous_7)
FN:76,(anonymous_8)
FN:83,(anonymous_9)
FN:90,(anonymous_10)
FN:97,(anonymous_11)
FN:108,(anonymous_12)
FNF:13
FNH:0
FNDA:0,(anonymous_0)
FNDA:0,(anonymous_1)
FNDA:0,(anonymous_2)
FNDA:0,(anonymous_3)
FNDA:0,(anonymous_4)
FNDA:0,(anonymous_5)
FNDA:0,(anonymous_6)
FNDA:0,(anonymous_7)
FNDA:0,(anonymous_8)
FNDA:0,(anonymous_9)
FNDA:0,(anonymous_10)
FNDA:0,(anonymous_11)
FNDA:0,(anonymous_12)
DA:7,0
DA:11,0
DA:12,0
DA:13,0
DA:16,0
DA:19,0
DA:26,0
DA:27,0
DA:30,0
DA:31,0
DA:39,0
DA:40,0
DA:41,0
DA:49,0
DA:56,0
DA:63,0
DA:70,0
DA:77,0
DA:84,0
DA:91,0
DA:98,0
DA:99,0
DA:100,0
DA:109,0
DA:110,0
DA:111,0
DA:115,0
LF:27
LH:0
BRDA:26,0,0,0
BRDA:26,0,1,0
BRDA:40,1,0,0
BRDA:40,1,1,0
BRDA:98,2,0,0
BRDA:98,2,1,0
BRF:6
BRH:0
end_of_record
TN:
SF:lib/server/PlayerManager.js
FN:8,(anonymous_0)
FN:50,(anonymous_1)
FN:113,(anonymous_2)
FN:132,(anonymous_3)
FN:150,(anonymous_4)
FN:206,(anonymous_5)
FN:265,(anonymous_6)
FN:333,(anonymous_7)
FNF:8
FNH:0
FNDA:0,(anonymous_0)
FNDA:0,(anonymous_1)
FNDA:0,(anonymous_2)
FNDA:0,(anonymous_3)
FNDA:0,(anonymous_4)
FNDA:0,(anonymous_5)
FNDA:0,(anonymous_6)
FNDA:0,(anonymous_7)
DA:9,0
DA:10,0
DA:11,0
DA:51,0
DA:52,0
DA:53,0
DA:54,0
DA:55,0
DA:56,0
DA:59,0
DA:114,0
DA:115,0
DA:116,0
DA:119,0
DA:120,0
DA:123,0
DA:124,0
DA:125,0
DA:126,0
DA:128,0
DA:132,0
DA:133,0
DA:136,0
DA:137,0
DA:138,0
DA:139,0
DA:149,0
DA:150,0
DA:151,0
DA:152,0
DA:153,0
DA:154,0
DA:161,0
DA:165,0
DA:207,0
DA:208,0
DA:209,0
DA:266,0
DA:269,0
DA:270,0
DA:271,0
DA:274,0
DA:275,0
DA:276,0
DA:334,0
DA:394,0
LF:46
LH:0
BRDA:51,0,0,0
BRDA:51,0,1,0
BRDA:53,1,0,0
BRDA:53,1,1,0
BRDA:55,2,0,0
BRDA:55,2,1,0
BRDA:119,3,0,0
BRDA:119,3,1,0
BRDA:123,4,0,0
BRDA:123,4,1,0
BRDA:125,5,0,0
BRDA:125,5,1,0
BRDA:133,6,0,0
BRDA:133,6,1,0
BRDA:136,7,0,0
BRDA:136,7,1,0
BRDA:149,8,0,0
BRDA:149,8,1,0
BRDA:151,9,0,0
BRDA:151,9,1,0
BRDA:208,10,0,0
BRDA:208,10,1,0
BRDA:208,11,0,0
BRDA:208,11,1,0
BRDA:274,12,0,0
BRDA:274,12,1,0
BRF:26
BRH:0
end_of_record
TN:
SF:lib/server/ProgressionIntegration.js
FN:11,(anonymous_0)
FN:29,(anonymous_1)
FN:43,(anonymous_2)
FN:68,(anonymous_3)
FN:103,(anonymous_4)
FN:129,(anonymous_5)
FN:147,(anonymous_6)
FN:156,(anonymous_7)
FN:166,(anonymous_8)
FN:175,(anonymous_9)
FNF:10
FNH:0
FNDA:0,(anonymous_0)
FNDA:0,(anonymous_1)
FNDA:0,(anonymous_2)
FNDA:0,(anonymous_3)
FNDA:0,(anonymous_4)
FNDA:0,(anonymous_5)
FNDA:0,(anonymous_6)
FNDA:0,(anonymous_7)
FNDA:0,(anonymous_8)
FNDA:0,(anonymous_9)
DA:7,0
DA:8,0
DA:12,0
DA:13,0
DA:16,0
DA:17,0
DA:19,0
DA:30,0
DA:31,0
DA:32,0
DA:36,0
DA:39,0
DA:41,0
DA:43,0
DA:47,0
DA:48,0
DA:49,0
DA:52,0
DA:54,0
DA:58,0
DA:69,0
DA:70,0
DA:71,0
DA:75,0
DA:76,0
DA:80,0
DA:83,0
DA:89,0
DA:90,0
DA:92,0
DA:101,0
DA:102,0
DA:103,0
DA:108,0
DA:116,0
DA:130,0
DA:131,0
DA:135,0
DA:137,0
DA:148,0
DA:157,0
DA:167,0
DA:176,0
DA:177,0
DA:181,0
LF:45
LH:0
BRDA:31,0,0,0
BRDA:31,0,1,0
BRDA:31,1,0,0
BRDA:31,1,1,0
BRDA:43,2,0,0
BRDA:43,2,1,0
BRDA:48,3,0,0
BRDA:48,3,1,0
BRDA:68,4,0,0
BRDA:70,5,0,0
BRDA:70,5,1,0
BRDA:70,6,0,0
BRDA:70,6,1,0
BRDA:75,7,0,0
BRDA:75,7,1,0
BRDA:75,8,0,0
BRDA:75,8,1,0
BRDA:90,9,0,0
BRDA:90,9,1,0
BRDA:90,10,0,0
BRDA:90,10,1,0
BRDA:90,10,2,0
BRDA:101,11,0,0
BRDA:101,11,1,0
BRDA:101,12,0,0
BRDA:101,12,1,0
BRDA:112,13,0,0
BRDA:112,13,1,0
BRDA:130,14,0,0
BRDA:130,14,1,0
BRDA:130,15,0,0
BRDA:130,15,1,0
BRDA:147,16,0,0
BRDA:177,17,0,0
BRDA:177,17,1,0
BRF:35
BRH:0
end_of_record
TN:
SF:lib/server/QuadtreeWorker.js
FN:12,(anonymous_0)
FNF:1
FNH:0
FNDA:0,(anonymous_0)
DA:8,0
DA:9,0
DA:12,0
DA:13,0
DA:14,0
DA:15,0
DA:18,0
DA:21,0
DA:22,0
DA:23,0
DA:24,0
DA:36,0
DA:37,0
DA:38,0
DA:50,0
DA:60,0
DA:69,0
LF:17
LH:0
BRDA:13,0,0,0
BRDA:13,0,1,0
BRDA:23,1,0,0
BRDA:23,1,1,0
BRF:4
BRH:0
end_of_record
TN:
SF:lib/server/RoomManager.js
FN:8,(anonymous_0)
FN:65,(anonymous_1)
FN:159,(anonymous_2)
FN:221,(anonymous_3)
FN:310,(anonymous_4)
FN:337,(anonymous_5)
FNF:6
FNH:0
FNDA:0,(anonymous_0)
FNDA:0,(anonymous_1)
FNDA:0,(anonymous_2)
FNDA:0,(anonymous_3)
FNDA:0,(anonymous_4)
FNDA:0,(anonymous_5)
DA:9,0
DA:10,0
DA:11,0
DA:66,0
DA:74,0
DA:77,0
DA:78,0
DA:80,0
DA:91,0
DA:101,0
DA:103,0
DA:104,0
DA:105,0
DA:106,0
DA:107,0
DA:108,0
DA:110,0
DA:118,0
DA:160,0
DA:161,0
DA:162,0
DA:164,0
DA:165,0
DA:166,0
DA:170,0
DA:223,0
DA:224,0
DA:225,0
DA:228,0
DA:231,0
DA:232,0
DA:233,0
DA:236,0
DA:237,0
DA:238,0
DA:239,0
DA:240,0
DA:243,0
DA:246,0
DA:248,0
DA:311,0
DA:312,0
DA:316,0
DA:319,0
DA:338,0
DA:339,0
DA:340,0
DA:341,0
DA:342,0
DA:344,0
DA:346,0
DA:347,0
DA:350,0
DA:351,0
DA:352,0
DA:355,0
DA:356,0
DA:357,0
DA:359,0
DA:360,0
DA:362,0
DA:363,0
DA:367,0
DA:369,0
DA:370,0
DA:373,0
DA:374,0
DA:375,0
DA:376,0
DA:377,0
DA:378,0
DA:379,0
DA:380,0
DA:386,0
DA:396,0
LF:75
LH:0
BRDA:223,0,0,0
BRDA:223,0,1,0
BRDA:223,1,0,0
BRDA:223,1,1,0
BRDA:231,2,0,0
BRDA:231,2,1,0
BRDA:312,3,0,0
BRDA:312,3,1,0
BRDA:312,4,0,0
BRDA:312,4,1,0
BRDA:312,4,2,0
BRDA:312,4,3,0
BRDA:355,5,0,0
BRDA:355,5,1,0
BRDA:362,6,0,0
BRDA:362,6,1,0
BRDA:367,7,0,0
BRDA:367,7,1,0
BRDA:378,8,0,0
BRDA:378,8,1,0
BRF:20
BRH:0
end_of_record
TN:
SF:lib/server/SkillEffectsApplicator.js
FN:17,(anonymous_0)
FN:125,(anonymous_1)
FN:144,(anonymous_2)
FN:177,(anonymous_3)
FN:190,(anonymous_4)
FN:204,(anonymous_5)
FN:267,(anonymous_6)
FNF:7
FNH:0
FNDA:0,(anonymous_0)
FNDA:0,(anonymous_1)
FNDA:0,(anonymous_2)
FNDA:0,(anonymous_3)
FNDA:0,(anonymous_4)
FNDA:0,(anonymous_5)
FNDA:0,(anonymous_6)
DA:7,0
DA:18,0
DA:19,0
DA:22,0
DA:24,0
DA:25,0
DA:26,0
DA:29,0
DA:30,0
DA:33,0
DA:34,0
DA:37,0
DA:38,0
DA:41,0
DA:42,0
DA:45,0
DA:46,0
DA:47,0
DA:48,0
DA:52,0
DA:53,0
DA:56,0
DA:57,0
DA:60,0
DA:62,0
DA:65,0
DA:66,0
DA:69,0
DA:70,0
DA:74,0
DA:75,0
DA:78,0
DA:79,0
DA:82,0
DA:83,0
DA:86,0
DA:87,0
DA:90,0
DA:91,0
DA:95,0
DA:96,0
DA:97,0
DA:98,0
DA:101,0
DA:102,0
DA:103,0
DA:106,0
DA:107,0
DA:108,0
DA:112,0
DA:113,0
DA:117,0
DA:118,0
DA:119,0
DA:120,0
DA:123,0
DA:125,0
DA:128,0
DA:130,0
DA:135,0
DA:145,0
DA:146,0
DA:149,0
DA:151,0
DA:152,0
DA:153,0
DA:154,0
DA:159,0
DA:161,0
DA:162,0
DA:163,0
DA:167,0
DA:178,0
DA:179,0
DA:181,0
DA:191,0
DA:192,0
DA:194,0
DA:205,0
DA:206,0
DA:207,0
DA:210,0
DA:211,0
DA:212,0
DA:213,0
DA:217,0
DA:218,0
DA:219,0
DA:220,0
DA:221,0
DA:222,0
DA:223,0
DA:224,0
DA:225,0
DA:231,0
DA:232,0
DA:233,0
DA:234,0
DA:235,0
DA:237,0
DA:238,0
DA:243,0
DA:244,0
DA:245,0
DA:246,0
DA:251,0
DA:252,0
DA:255,0
DA:268,0
DA:269,0
DA:270,0
DA:271,0
DA:275,0
DA:277,0
DA:281,0
LF:115
LH:0
BRDA:18,0,0,0
BRDA:18,0,1,0
BRDA:18,1,0,0
BRDA:18,1,1,0
BRDA:24,2,0,0
BRDA:24,2,1,0
BRDA:29,3,0,0
BRDA:29,3,1,0
BRDA:30,4,0,0
BRDA:30,4,1,0
BRDA:33,5,0,0
BRDA:33,5,1,0
BRDA:34,6,0,0
BRDA:34,6,1,0
BRDA:37,7,0,0
BRDA:37,7,1,0
BRDA:38,8,0,0
BRDA:38,8,1,0
BRDA:41,9,0,0
BRDA:41,9,1,0
BRDA:42,10,0,0
BRDA:42,10,1,0
BRDA:45,11,0,0
BRDA:45,11,1,0
BRDA:48,12,0,0
BRDA:48,12,1,0
BRDA:52,13,0,0
BRDA:52,13,1,0
BRDA:53,14,0,0
BRDA:53,14,1,0
BRDA:56,15,0,0
BRDA:56,15,1,0
BRDA:57,16,0,0
BRDA:57,16,1,0
BRDA:60,17,0,0
BRDA:60,17,1,0
BRDA:62,18,0,0
BRDA:62,18,1,0
BRDA:65,19,0,0
BRDA:65,19,1,0
BRDA:66,20,0,0
BRDA:66,20,1,0
BRDA:69,21,0,0
BRDA:69,21,1,0
BRDA:70,22,0,0
BRDA:70,22,1,0
BRDA:74,23,0,0
BRDA:74,23,1,0
BRDA:75,24,0,0
BRDA:75,24,1,0
BRDA:78,25,0,0
BRDA:78,25,1,0
BRDA:78,26,0,0
BRDA:78,26,1,0
BRDA:82,27,0,0
BRDA:82,27,1,0
BRDA:83,28,0,0
BRDA:83,28,1,0
BRDA:86,29,0,0
BRDA:86,29,1,0
BRDA:87,30,0,0
BRDA:87,30,1,0
BRDA:90,31,0,0
BRDA:90,31,1,0
BRDA:91,32,0,0
BRDA:91,32,1,0
BRDA:95,33,0,0
BRDA:95,33,1,0
BRDA:97,34,0,0
BRDA:97,34,1,0
BRDA:98,35,0,0
BRDA:98,35,1,0
BRDA:101,36,0,0
BRDA:101,36,1,0
BRDA:103,37,0,0
BRDA:103,37,1,0
BRDA:106,38,0,0
BRDA:106,38,1,0
BRDA:112,39,0,0
BRDA:112,39,1,0
BRDA:113,40,0,0
BRDA:113,40,1,0
BRDA:117,41,0,0
BRDA:117,41,1,0
BRDA:125,42,0,0
BRDA:125,42,1,0
BRDA:145,43,0,0
BRDA:145,43,1,0
BRDA:145,44,0,0
BRDA:145,44,1,0
BRDA:151,45,0,0
BRDA:151,45,1,0
BRDA:152,46,0,0
BRDA:152,46,1,0
BRDA:161,47,0,0
BRDA:161,47,1,0
BRDA:178,48,0,0
BRDA:178,48,1,0
BRDA:178,49,0,0
BRDA:178,49,1,0
BRDA:191,50,0,0
BRDA:191,50,1,0
BRDA:191,51,0,0
BRDA:191,51,1,0
BRDA:204,52,0,0
BRDA:210,53,0,0
BRDA:210,53,1,0
BRDA:210,54,0,0
BRDA:210,54,1,0
BRDA:217,55,0,0
BRDA:217,55,1,0
BRDA:217,56,0,0
BRDA:217,56,1,0
BRDA:217,56,2,0
BRDA:219,57,0,0
BRDA:219,57,1,0
BRDA:220,58,0,0
BRDA:220,58,1,0
BRDA:221,59,0,0
BRDA:221,59,1,0
BRDA:231,60,0,0
BRDA:231,60,1,0
BRDA:231,61,0,0
BRDA:231,61,1,0
BRDA:231,61,2,0
BRDA:232,62,0,0
BRDA:232,62,1,0
BRDA:243,63,0,0
BRDA:243,63,1,0
BRDA:243,64,0,0
BRDA:243,64,1,0
BRDA:243,64,2,0
BRDA:245,65,0,0
BRDA:245,65,1,0
BRDA:251,66,0,0
BRDA:251,66,1,0
BRDA:268,67,0,0
BRDA:268,67,1,0
BRDA:268,68,0,0
BRDA:268,68,1,0
BRDA:268,68,2,0
BRF:141
BRH:0
end_of_record
TN:
SF:lib/server/ZombieManager.js
FN:17,(anonymous_0)
FN:51,(anonymous_1)
FN:109,(anonymous_2)
FN:248,(anonymous_3)
FN:364,(anonymous_4)
FN:468,(anonymous_5)
FN:548,(anonymous_6)
FN:651,(anonymous_7)
FN:678,(anonymous_8)
FN:682,(anonymous_9)
FN:717,(anonymous_10)
FN:722,(anonymous_11)
FN:749,(anonymous_12)
FNF:13
FNH:0
FNDA:0,(anonymous_0)
FNDA:0,(anonymous_1)
FNDA:0,(anonymous_2)
FNDA:0,(anonymous_3)
FNDA:0,(anonymous_4)
FNDA:0,(anonymous_5)
FNDA:0,(anonymous_6)
FNDA:0,(anonymous_7)
FNDA:0,(anonymous_8)
FNDA:0,(anonymous_9)
FNDA:0,(anonymous_10)
FNDA:0,(anonymous_11)
FNDA:0,(anonymous_12)
DA:14,0
DA:18,0
DA:19,0
DA:20,0
DA:21,0
DA:22,0
DA:23,0
DA:24,0
DA:52,0
DA:53,0
DA:54,0
DA:55,0
DA:56,0
DA:57,0
DA:58,0
DA:59,0
DA:61,0
DA:111,0
DA:112,0
DA:115,0
DA:116,0
DA:117,0
DA:121,0
DA:122,0
DA:126,0
DA:127,0
DA:129,0
DA:130,0
DA:131,0
DA:132,0
DA:135,0
DA:136,0
DA:137,0
DA:141,0
DA:143,0
DA:147,0
DA:148,0
DA:151,0
DA:153,0
DA:154,0
DA:155,0
DA:156,0
DA:157,0
DA:159,0
DA:203,0
DA:204,0
DA:249,0
DA:250,0
DA:251,0
DA:252,0
DA:255,0
DA:256,0
DA:259,0
DA:260,0
DA:263,0
DA:265,0
DA:272,0
DA:273,0
DA:274,0
DA:275,0
DA:277,0
DA:278,0
DA:279,0
DA:280,0
DA:281,0
DA:285,0
DA:286,0
DA:290,0
DA:293,0
DA:294,0
DA:296,0
DA:297,0
DA:298,0
DA:300,0
DA:318,0
DA:365,0
DA:366,0
DA:367,0
DA:371,0
DA:372,0
DA:376,0
DA:377,0
DA:379,0
DA:380,0
DA:381,0
DA:382,0
DA:383,0
DA:386,0
DA:387,0
DA:389,0
DA:393,0
DA:394,0
DA:397,0
DA:400,0
DA:426,0
DA:469,0
DA:470,0
DA:475,0
DA:476,0
DA:478,0
DA:480,0
DA:481,0
DA:483,0
DA:487,0
DA:489,0
DA:490,0
DA:491,0
DA:493,0
DA:494,0
DA:497,0
DA:550,0
DA:551,0
DA:552,0
DA:555,0
DA:556,0
DA:557,0
DA:558,0
DA:559,0
DA:560,0
DA:563,0
DA:564,0
DA:566,0
DA:568,0
DA:586,0
DA:587,0
DA:588,0
DA:589,0
DA:590,0
DA:591,0
DA:592,0
DA:593,0
DA:594,0
DA:595,0
DA:596,0
DA:597,0
DA:598,0
DA:599,0
DA:600,0
DA:601,0
DA:604,0
DA:605,0
DA:608,0
DA:609,0
DA:652,0
DA:653,0
DA:654,0
DA:679,0
DA:680,0
DA:682,0
DA:683,0
DA:718,0
DA:719,0
DA:722,0
DA:723,0
DA:750,0
DA:751,0
DA:752,0
DA:757,0
LF:158
LH:0
BRDA:17,0,0,0
BRDA:52,1,0,0
BRDA:52,1,1,0
BRDA:54,2,0,0
BRDA:54,2,1,0
BRDA:56,3,0,0
BRDA:56,3,1,0
BRDA:58,4,0,0
BRDA:58,4,1,0
BRDA:115,5,0,0
BRDA:115,5,1,0
BRDA:121,6,0,0
BRDA:121,6,1,0
BRDA:133,7,0,0
BRDA:133,7,1,0
BRDA:135,8,0,0
BRDA:135,8,1,0
BRDA:141,9,0,0
BRDA:141,9,1,0
BRDA:151,10,0,0
BRDA:151,10,1,0
BRDA:156,11,0,0
BRDA:156,11,1,0
BRDA:175,12,0,0
BRDA:175,12,1,0
BRDA:176,13,0,0
BRDA:176,13,1,0
BRDA:177,14,0,0
BRDA:177,14,1,0
BRDA:179,15,0,0
BRDA:179,15,1,0
BRDA:180,16,0,0
BRDA:180,16,1,0
BRDA:181,17,0,0
BRDA:181,17,1,0
BRDA:183,18,0,0
BRDA:183,18,1,0
BRDA:185,19,0,0
BRDA:185,19,1,0
BRDA:186,20,0,0
BRDA:186,20,1,0
BRDA:187,21,0,0
BRDA:187,21,1,0
BRDA:188,22,0,0
BRDA:188,22,1,0
BRDA:189,23,0,0
BRDA:189,23,1,0
BRDA:191,24,0,0
BRDA:191,24,1,0
BRDA:193,25,0,0
BRDA:193,25,1,0
BRDA:194,26,0,0
BRDA:194,26,1,0
BRDA:195,27,0,0
BRDA:195,27,1,0
BRDA:196,28,0,0
BRDA:196,28,1,0
BRDA:198,29,0,0
BRDA:198,29,1,0
BRDA:199,30,0,0
BRDA:199,30,1,0
BRDA:200,31,0,0
BRDA:200,31,1,0
BRDA:250,32,0,0
BRDA:250,32,1,0
BRDA:255,33,0,0
BRDA:255,33,1,0
BRDA:263,34,0,0
BRDA:263,34,1,0
BRDA:277,35,0,0
BRDA:277,35,1,0
BRDA:285,36,0,0
BRDA:285,36,1,0
BRDA:314,37,0,0
BRDA:314,37,1,0
BRDA:366,38,0,0
BRDA:366,38,1,0
BRDA:371,39,0,0
BRDA:371,39,1,0
BRDA:390,40,0,0
BRDA:390,40,1,0
BRDA:393,41,0,0
BRDA:393,41,1,0
BRDA:469,42,0,0
BRDA:469,42,1,0
BRDA:478,43,0,0
BRDA:478,43,1,0
BRDA:480,44,0,0
BRDA:480,44,1,0
BRDA:480,45,0,0
BRDA:480,45,1,0
BRDA:490,46,0,0
BRDA:490,46,1,0
BRDA:493,47,0,0
BRDA:493,47,1,0
BRDA:550,48,0,0
BRDA:550,48,1,0
BRDA:551,49,0,0
BRDA:551,49,1,0
BRDA:586,50,0,0
BRDA:586,50,1,0
BRDA:588,51,0,0
BRDA:588,51,1,0
BRDA:590,52,0,0
BRDA:590,52,1,0
BRDA:592,53,0,0
BRDA:592,53,1,0
BRDA:596,54,0,0
BRDA:596,54,1,0
BRDA:608,55,0,0
BRDA:608,55,1,0
BRDA:679,56,0,0
BRDA:679,56,1,0
BRDA:718,57,0,0
BRDA:718,57,1,0
BRDA:750,58,0,0
BRDA:750,58,1,0
BRF:117
BRH:0
end_of_record
TN:
SF:lib/server/ZombieTypes Extended.js
FNF:0
FNH:0
DA:7,0
DA:1378,0
LF:2
LH:0
BRF:0
BRH:0
end_of_record
